FORUM: 2025/01/30 12:57:17 logs.go:25: Logger created successfully
FORUM: 2025/01/30 12:57:17 parseTemplates.go:12: Attempting to parse templates with pattern:  ./templates/*.html
FORUM: 2025/01/30 12:57:17 parseTemplates.go:24: Templates loaded successfully
FORUM: 2025/01/30 12:57:23 homeHandler.go:13: Handling request for Home page
FORUM: 2025/01/30 12:57:23 homeHandler.go:21: Checking for session token
FORUM: 2025/01/30 12:57:23 homeHandler.go:30: Session token found, verifying...
FORUM: 2025/01/30 12:57:23 session.go:38: SessionCheck: Session is valid for token: 0194b701-8e70-70bb-9d9f-1d450f7e3b32
FORUM: 2025/01/30 12:57:23 homeHandler.go:47: User is logged in: {true aaa false}
FORUM: 2025/01/30 12:57:23 homeHandler.go:48: User successfully logged in: aaa
FORUM: 2025/01/30 12:57:23 homeHandler.go:54: Setting cookie: session_token = 0194b701-8e70-70bb-9d9f-1d450f7e3b32
FORUM: 2025/01/30 12:57:23 getPosts.go:24: Request URL Path: /api/posts
FORUM: 2025/01/30 12:57:23 getPosts.go:56: Fetching posts for page 1
FORUM: 2025/01/30 12:57:23 getPosts.go:134: Executing query: SELECT username, id, title, content, Categories, created_at, likes, dislikes 
              FROM posts 
              ORDER BY created_at DESC 
              LIMIT ? OFFSET ? with limit 10 and offset 0
FORUM: 2025/01/30 12:57:23 getPosts.go:147: Starting to process rows...
FORUM: 2025/01/30 12:57:23 getPosts.go:152: Scanning row for post...
FORUM: 2025/01/30 12:57:23 getPosts.go:159: -3290 seconds ago
FORUM: 2025/01/30 12:57:23 getPosts.go:160: Successfully scanned post with ID: 14
FORUM: 2025/01/30 12:57:23 getPosts.go:163: Fetching comments for post ID: 14
FORUM: 2025/01/30 12:57:23 getPosts.go:170: Successfully fetched comments for post ID: 14, Comments: []
FORUM: 2025/01/30 12:57:23 getPosts.go:172: Appending post with ID: 14 to posts slice
FORUM: 2025/01/30 12:57:23 getPosts.go:152: Scanning row for post...
FORUM: 2025/01/30 12:57:23 getPosts.go:159: -3287 seconds ago
FORUM: 2025/01/30 12:57:23 getPosts.go:160: Successfully scanned post with ID: 13
FORUM: 2025/01/30 12:57:23 getPosts.go:163: Fetching comments for post ID: 13
FORUM: 2025/01/30 12:57:23 getPosts.go:170: Successfully fetched comments for post ID: 13, Comments: []
FORUM: 2025/01/30 12:57:23 getPosts.go:172: Appending post with ID: 13 to posts slice
FORUM: 2025/01/30 12:57:23 getPosts.go:152: Scanning row for post...
FORUM: 2025/01/30 12:57:23 getPosts.go:159: -3285 seconds ago
FORUM: 2025/01/30 12:57:23 getPosts.go:160: Successfully scanned post with ID: 12
FORUM: 2025/01/30 12:57:23 getPosts.go:163: Fetching comments for post ID: 12
FORUM: 2025/01/30 12:57:23 getPosts.go:170: Successfully fetched comments for post ID: 12, Comments: []
FORUM: 2025/01/30 12:57:23 getPosts.go:172: Appending post with ID: 12 to posts slice
FORUM: 2025/01/30 12:57:23 getPosts.go:152: Scanning row for post...
FORUM: 2025/01/30 12:57:23 getPosts.go:159: -3283 seconds ago
FORUM: 2025/01/30 12:57:23 getPosts.go:160: Successfully scanned post with ID: 11
FORUM: 2025/01/30 12:57:23 getPosts.go:163: Fetching comments for post ID: 11
FORUM: 2025/01/30 12:57:23 getPosts.go:170: Successfully fetched comments for post ID: 11, Comments: []
FORUM: 2025/01/30 12:57:23 getPosts.go:172: Appending post with ID: 11 to posts slice
FORUM: 2025/01/30 12:57:23 getPosts.go:152: Scanning row for post...
FORUM: 2025/01/30 12:57:23 getPosts.go:159: -3279 seconds ago
FORUM: 2025/01/30 12:57:23 getPosts.go:160: Successfully scanned post with ID: 10
FORUM: 2025/01/30 12:57:23 getPosts.go:163: Fetching comments for post ID: 10
FORUM: 2025/01/30 12:57:23 getPosts.go:170: Successfully fetched comments for post ID: 10, Comments: []
FORUM: 2025/01/30 12:57:23 getPosts.go:172: Appending post with ID: 10 to posts slice
FORUM: 2025/01/30 12:57:23 getPosts.go:152: Scanning row for post...
FORUM: 2025/01/30 12:57:23 getPosts.go:159: -3275 seconds ago
FORUM: 2025/01/30 12:57:23 getPosts.go:160: Successfully scanned post with ID: 9
FORUM: 2025/01/30 12:57:23 getPosts.go:163: Fetching comments for post ID: 9
FORUM: 2025/01/30 12:57:23 getPosts.go:170: Successfully fetched comments for post ID: 9, Comments: []
FORUM: 2025/01/30 12:57:23 getPosts.go:172: Appending post with ID: 9 to posts slice
FORUM: 2025/01/30 12:57:23 getPosts.go:152: Scanning row for post...
FORUM: 2025/01/30 12:57:23 getPosts.go:159: -3271 seconds ago
FORUM: 2025/01/30 12:57:23 getPosts.go:160: Successfully scanned post with ID: 8
FORUM: 2025/01/30 12:57:23 getPosts.go:163: Fetching comments for post ID: 8
FORUM: 2025/01/30 12:57:23 getPosts.go:170: Successfully fetched comments for post ID: 8, Comments: []
FORUM: 2025/01/30 12:57:23 getPosts.go:172: Appending post with ID: 8 to posts slice
FORUM: 2025/01/30 12:57:23 getPosts.go:152: Scanning row for post...
FORUM: 2025/01/30 12:57:23 getPosts.go:159: -2969 seconds ago
FORUM: 2025/01/30 12:57:23 getPosts.go:160: Successfully scanned post with ID: 7
FORUM: 2025/01/30 12:57:23 getPosts.go:163: Fetching comments for post ID: 7
FORUM: 2025/01/30 12:57:23 getPosts.go:170: Successfully fetched comments for post ID: 7, Comments: []
FORUM: 2025/01/30 12:57:23 getPosts.go:172: Appending post with ID: 7 to posts slice
FORUM: 2025/01/30 12:57:23 getPosts.go:152: Scanning row for post...
FORUM: 2025/01/30 12:57:23 getPosts.go:159: -2655 seconds ago
FORUM: 2025/01/30 12:57:23 getPosts.go:160: Successfully scanned post with ID: 6
FORUM: 2025/01/30 12:57:23 getPosts.go:163: Fetching comments for post ID: 6
FORUM: 2025/01/30 12:57:23 getPosts.go:170: Successfully fetched comments for post ID: 6, Comments: []
FORUM: 2025/01/30 12:57:23 getPosts.go:172: Appending post with ID: 6 to posts slice
FORUM: 2025/01/30 12:57:23 getPosts.go:152: Scanning row for post...
FORUM: 2025/01/30 12:57:23 getPosts.go:159: -2650 seconds ago
FORUM: 2025/01/30 12:57:23 getPosts.go:160: Successfully scanned post with ID: 5
FORUM: 2025/01/30 12:57:23 getPosts.go:163: Fetching comments for post ID: 5
FORUM: 2025/01/30 12:57:23 getPosts.go:170: Successfully fetched comments for post ID: 5, Comments: []
FORUM: 2025/01/30 12:57:23 getPosts.go:172: Appending post with ID: 5 to posts slice
FORUM: 2025/01/30 12:57:23 getPosts.go:182: Finished processing rows. Total posts fetched: 10
FORUM: 2025/01/30 12:57:23 getPosts.go:78: Number of posts returned: 10
FORUM: 2025/01/30 12:57:26 homeHandler.go:13: Handling request for Home page
FORUM: 2025/01/30 12:57:26 homeHandler.go:21: Checking for session token
FORUM: 2025/01/30 12:57:26 homeHandler.go:30: Session token found, verifying...
FORUM: 2025/01/30 12:57:26 session.go:38: SessionCheck: Session is valid for token: 0194b701-8e70-70bb-9d9f-1d450f7e3b32
FORUM: 2025/01/30 12:57:26 homeHandler.go:47: User is logged in: {true aaa false}
FORUM: 2025/01/30 12:57:26 homeHandler.go:48: User successfully logged in: aaa
FORUM: 2025/01/30 12:57:26 homeHandler.go:54: Setting cookie: session_token = 0194b701-8e70-70bb-9d9f-1d450f7e3b32
FORUM: 2025/01/30 12:57:26 getPosts.go:24: Request URL Path: /api/posts
FORUM: 2025/01/30 12:57:26 getPosts.go:56: Fetching posts for page 1
FORUM: 2025/01/30 12:57:26 getPosts.go:134: Executing query: SELECT username, id, title, content, Categories, created_at, likes, dislikes 
              FROM posts 
              ORDER BY created_at DESC 
              LIMIT ? OFFSET ? with limit 10 and offset 0
FORUM: 2025/01/30 12:57:26 getPosts.go:147: Starting to process rows...
FORUM: 2025/01/30 12:57:26 getPosts.go:152: Scanning row for post...
FORUM: 2025/01/30 12:57:26 getPosts.go:159: -3287 seconds ago
FORUM: 2025/01/30 12:57:26 getPosts.go:160: Successfully scanned post with ID: 14
FORUM: 2025/01/30 12:57:26 getPosts.go:163: Fetching comments for post ID: 14
FORUM: 2025/01/30 12:57:26 getPosts.go:170: Successfully fetched comments for post ID: 14, Comments: []
FORUM: 2025/01/30 12:57:26 getPosts.go:172: Appending post with ID: 14 to posts slice
FORUM: 2025/01/30 12:57:26 getPosts.go:152: Scanning row for post...
FORUM: 2025/01/30 12:57:26 getPosts.go:159: -3284 seconds ago
FORUM: 2025/01/30 12:57:26 getPosts.go:160: Successfully scanned post with ID: 13
FORUM: 2025/01/30 12:57:26 getPosts.go:163: Fetching comments for post ID: 13
FORUM: 2025/01/30 12:57:26 getPosts.go:170: Successfully fetched comments for post ID: 13, Comments: []
FORUM: 2025/01/30 12:57:26 getPosts.go:172: Appending post with ID: 13 to posts slice
FORUM: 2025/01/30 12:57:26 getPosts.go:152: Scanning row for post...
FORUM: 2025/01/30 12:57:26 getPosts.go:159: -3282 seconds ago
FORUM: 2025/01/30 12:57:26 getPosts.go:160: Successfully scanned post with ID: 12
FORUM: 2025/01/30 12:57:26 getPosts.go:163: Fetching comments for post ID: 12
FORUM: 2025/01/30 12:57:26 getPosts.go:170: Successfully fetched comments for post ID: 12, Comments: []
FORUM: 2025/01/30 12:57:26 getPosts.go:172: Appending post with ID: 12 to posts slice
FORUM: 2025/01/30 12:57:26 getPosts.go:152: Scanning row for post...
FORUM: 2025/01/30 12:57:26 getPosts.go:159: -3280 seconds ago
FORUM: 2025/01/30 12:57:26 getPosts.go:160: Successfully scanned post with ID: 11
FORUM: 2025/01/30 12:57:26 getPosts.go:163: Fetching comments for post ID: 11
FORUM: 2025/01/30 12:57:26 getPosts.go:170: Successfully fetched comments for post ID: 11, Comments: []
FORUM: 2025/01/30 12:57:26 getPosts.go:172: Appending post with ID: 11 to posts slice
FORUM: 2025/01/30 12:57:26 getPosts.go:152: Scanning row for post...
FORUM: 2025/01/30 12:57:26 getPosts.go:159: -3276 seconds ago
FORUM: 2025/01/30 12:57:26 getPosts.go:160: Successfully scanned post with ID: 10
FORUM: 2025/01/30 12:57:26 getPosts.go:163: Fetching comments for post ID: 10
FORUM: 2025/01/30 12:57:26 getPosts.go:170: Successfully fetched comments for post ID: 10, Comments: []
FORUM: 2025/01/30 12:57:26 getPosts.go:172: Appending post with ID: 10 to posts slice
FORUM: 2025/01/30 12:57:26 getPosts.go:152: Scanning row for post...
FORUM: 2025/01/30 12:57:26 getPosts.go:159: -3272 seconds ago
FORUM: 2025/01/30 12:57:26 getPosts.go:160: Successfully scanned post with ID: 9
FORUM: 2025/01/30 12:57:26 getPosts.go:163: Fetching comments for post ID: 9
FORUM: 2025/01/30 12:57:26 getPosts.go:170: Successfully fetched comments for post ID: 9, Comments: []
FORUM: 2025/01/30 12:57:26 getPosts.go:172: Appending post with ID: 9 to posts slice
FORUM: 2025/01/30 12:57:26 getPosts.go:152: Scanning row for post...
FORUM: 2025/01/30 12:57:26 getPosts.go:159: -3268 seconds ago
FORUM: 2025/01/30 12:57:26 getPosts.go:160: Successfully scanned post with ID: 8
FORUM: 2025/01/30 12:57:26 getPosts.go:163: Fetching comments for post ID: 8
FORUM: 2025/01/30 12:57:26 getPosts.go:170: Successfully fetched comments for post ID: 8, Comments: []
FORUM: 2025/01/30 12:57:26 getPosts.go:172: Appending post with ID: 8 to posts slice
FORUM: 2025/01/30 12:57:26 getPosts.go:152: Scanning row for post...
FORUM: 2025/01/30 12:57:26 getPosts.go:159: -2966 seconds ago
FORUM: 2025/01/30 12:57:26 getPosts.go:160: Successfully scanned post with ID: 7
FORUM: 2025/01/30 12:57:26 getPosts.go:163: Fetching comments for post ID: 7
FORUM: 2025/01/30 12:57:26 getPosts.go:170: Successfully fetched comments for post ID: 7, Comments: []
FORUM: 2025/01/30 12:57:26 getPosts.go:172: Appending post with ID: 7 to posts slice
FORUM: 2025/01/30 12:57:26 getPosts.go:152: Scanning row for post...
FORUM: 2025/01/30 12:57:26 getPosts.go:159: -2652 seconds ago
FORUM: 2025/01/30 12:57:26 getPosts.go:160: Successfully scanned post with ID: 6
FORUM: 2025/01/30 12:57:26 getPosts.go:163: Fetching comments for post ID: 6
FORUM: 2025/01/30 12:57:26 getPosts.go:170: Successfully fetched comments for post ID: 6, Comments: []
FORUM: 2025/01/30 12:57:26 getPosts.go:172: Appending post with ID: 6 to posts slice
FORUM: 2025/01/30 12:57:26 getPosts.go:152: Scanning row for post...
FORUM: 2025/01/30 12:57:26 getPosts.go:159: -2647 seconds ago
FORUM: 2025/01/30 12:57:26 getPosts.go:160: Successfully scanned post with ID: 5
FORUM: 2025/01/30 12:57:26 getPosts.go:163: Fetching comments for post ID: 5
FORUM: 2025/01/30 12:57:26 getPosts.go:170: Successfully fetched comments for post ID: 5, Comments: []
FORUM: 2025/01/30 12:57:26 getPosts.go:172: Appending post with ID: 5 to posts slice
FORUM: 2025/01/30 12:57:26 getPosts.go:182: Finished processing rows. Total posts fetched: 10
FORUM: 2025/01/30 12:57:26 getPosts.go:78: Number of posts returned: 10
FORUM: 2025/01/30 12:57:27 homeHandler.go:13: Handling request for Home page
FORUM: 2025/01/30 12:57:27 homeHandler.go:21: Checking for session token
FORUM: 2025/01/30 12:57:27 homeHandler.go:30: Session token found, verifying...
FORUM: 2025/01/30 12:57:27 session.go:38: SessionCheck: Session is valid for token: 0194b701-8e70-70bb-9d9f-1d450f7e3b32
FORUM: 2025/01/30 12:57:27 homeHandler.go:47: User is logged in: {true aaa false}
FORUM: 2025/01/30 12:57:27 homeHandler.go:48: User successfully logged in: aaa
FORUM: 2025/01/30 12:57:27 homeHandler.go:54: Setting cookie: session_token = 0194b701-8e70-70bb-9d9f-1d450f7e3b32
FORUM: 2025/01/30 12:57:27 getPosts.go:24: Request URL Path: /api/posts
FORUM: 2025/01/30 12:57:27 getPosts.go:56: Fetching posts for page 1
FORUM: 2025/01/30 12:57:27 getPosts.go:134: Executing query: SELECT username, id, title, content, Categories, created_at, likes, dislikes 
              FROM posts 
              ORDER BY created_at DESC 
              LIMIT ? OFFSET ? with limit 10 and offset 0
FORUM: 2025/01/30 12:57:27 getPosts.go:147: Starting to process rows...
FORUM: 2025/01/30 12:57:27 getPosts.go:152: Scanning row for post...
FORUM: 2025/01/30 12:57:27 getPosts.go:159: -3286 seconds ago
FORUM: 2025/01/30 12:57:27 getPosts.go:160: Successfully scanned post with ID: 14
FORUM: 2025/01/30 12:57:27 getPosts.go:163: Fetching comments for post ID: 14
FORUM: 2025/01/30 12:57:27 getPosts.go:170: Successfully fetched comments for post ID: 14, Comments: []
FORUM: 2025/01/30 12:57:27 getPosts.go:172: Appending post with ID: 14 to posts slice
FORUM: 2025/01/30 12:57:27 getPosts.go:152: Scanning row for post...
FORUM: 2025/01/30 12:57:27 getPosts.go:159: -3283 seconds ago
FORUM: 2025/01/30 12:57:27 getPosts.go:160: Successfully scanned post with ID: 13
FORUM: 2025/01/30 12:57:27 getPosts.go:163: Fetching comments for post ID: 13
FORUM: 2025/01/30 12:57:27 getPosts.go:170: Successfully fetched comments for post ID: 13, Comments: []
FORUM: 2025/01/30 12:57:27 getPosts.go:172: Appending post with ID: 13 to posts slice
FORUM: 2025/01/30 12:57:27 getPosts.go:152: Scanning row for post...
FORUM: 2025/01/30 12:57:27 getPosts.go:159: -3281 seconds ago
FORUM: 2025/01/30 12:57:27 getPosts.go:160: Successfully scanned post with ID: 12
FORUM: 2025/01/30 12:57:27 getPosts.go:163: Fetching comments for post ID: 12
FORUM: 2025/01/30 12:57:27 getPosts.go:170: Successfully fetched comments for post ID: 12, Comments: []
FORUM: 2025/01/30 12:57:27 getPosts.go:172: Appending post with ID: 12 to posts slice
FORUM: 2025/01/30 12:57:27 getPosts.go:152: Scanning row for post...
FORUM: 2025/01/30 12:57:27 getPosts.go:159: -3279 seconds ago
FORUM: 2025/01/30 12:57:27 getPosts.go:160: Successfully scanned post with ID: 11
FORUM: 2025/01/30 12:57:27 getPosts.go:163: Fetching comments for post ID: 11
FORUM: 2025/01/30 12:57:27 getPosts.go:170: Successfully fetched comments for post ID: 11, Comments: []
FORUM: 2025/01/30 12:57:27 getPosts.go:172: Appending post with ID: 11 to posts slice
FORUM: 2025/01/30 12:57:27 getPosts.go:152: Scanning row for post...
FORUM: 2025/01/30 12:57:27 getPosts.go:159: -3275 seconds ago
FORUM: 2025/01/30 12:57:27 getPosts.go:160: Successfully scanned post with ID: 10
FORUM: 2025/01/30 12:57:27 getPosts.go:163: Fetching comments for post ID: 10
FORUM: 2025/01/30 12:57:27 getPosts.go:170: Successfully fetched comments for post ID: 10, Comments: []
FORUM: 2025/01/30 12:57:27 getPosts.go:172: Appending post with ID: 10 to posts slice
FORUM: 2025/01/30 12:57:27 getPosts.go:152: Scanning row for post...
FORUM: 2025/01/30 12:57:27 getPosts.go:159: -3271 seconds ago
FORUM: 2025/01/30 12:57:27 getPosts.go:160: Successfully scanned post with ID: 9
FORUM: 2025/01/30 12:57:27 getPosts.go:163: Fetching comments for post ID: 9
FORUM: 2025/01/30 12:57:27 getPosts.go:170: Successfully fetched comments for post ID: 9, Comments: []
FORUM: 2025/01/30 12:57:27 getPosts.go:172: Appending post with ID: 9 to posts slice
FORUM: 2025/01/30 12:57:27 getPosts.go:152: Scanning row for post...
FORUM: 2025/01/30 12:57:27 getPosts.go:159: -3267 seconds ago
FORUM: 2025/01/30 12:57:27 getPosts.go:160: Successfully scanned post with ID: 8
FORUM: 2025/01/30 12:57:27 getPosts.go:163: Fetching comments for post ID: 8
FORUM: 2025/01/30 12:57:27 getPosts.go:170: Successfully fetched comments for post ID: 8, Comments: []
FORUM: 2025/01/30 12:57:27 getPosts.go:172: Appending post with ID: 8 to posts slice
FORUM: 2025/01/30 12:57:27 getPosts.go:152: Scanning row for post...
FORUM: 2025/01/30 12:57:27 getPosts.go:159: -2965 seconds ago
FORUM: 2025/01/30 12:57:27 getPosts.go:160: Successfully scanned post with ID: 7
FORUM: 2025/01/30 12:57:27 getPosts.go:163: Fetching comments for post ID: 7
FORUM: 2025/01/30 12:57:27 getPosts.go:170: Successfully fetched comments for post ID: 7, Comments: []
FORUM: 2025/01/30 12:57:27 getPosts.go:172: Appending post with ID: 7 to posts slice
FORUM: 2025/01/30 12:57:27 getPosts.go:152: Scanning row for post...
FORUM: 2025/01/30 12:57:27 getPosts.go:159: -2651 seconds ago
FORUM: 2025/01/30 12:57:27 getPosts.go:160: Successfully scanned post with ID: 6
FORUM: 2025/01/30 12:57:27 getPosts.go:163: Fetching comments for post ID: 6
FORUM: 2025/01/30 12:57:27 getPosts.go:170: Successfully fetched comments for post ID: 6, Comments: []
FORUM: 2025/01/30 12:57:27 getPosts.go:172: Appending post with ID: 6 to posts slice
FORUM: 2025/01/30 12:57:27 getPosts.go:152: Scanning row for post...
FORUM: 2025/01/30 12:57:27 getPosts.go:159: -2646 seconds ago
FORUM: 2025/01/30 12:57:27 getPosts.go:160: Successfully scanned post with ID: 5
FORUM: 2025/01/30 12:57:27 getPosts.go:163: Fetching comments for post ID: 5
FORUM: 2025/01/30 12:57:27 getPosts.go:170: Successfully fetched comments for post ID: 5, Comments: []
FORUM: 2025/01/30 12:57:27 getPosts.go:172: Appending post with ID: 5 to posts slice
FORUM: 2025/01/30 12:57:27 getPosts.go:182: Finished processing rows. Total posts fetched: 10
FORUM: 2025/01/30 12:57:27 getPosts.go:78: Number of posts returned: 10
FORUM: 2025/01/30 12:57:28 homeHandler.go:13: Handling request for Home page
FORUM: 2025/01/30 12:57:28 homeHandler.go:21: Checking for session token
FORUM: 2025/01/30 12:57:28 homeHandler.go:30: Session token found, verifying...
FORUM: 2025/01/30 12:57:28 session.go:38: SessionCheck: Session is valid for token: 0194b701-8e70-70bb-9d9f-1d450f7e3b32
FORUM: 2025/01/30 12:57:28 homeHandler.go:47: User is logged in: {true aaa false}
FORUM: 2025/01/30 12:57:28 homeHandler.go:48: User successfully logged in: aaa
FORUM: 2025/01/30 12:57:28 homeHandler.go:54: Setting cookie: session_token = 0194b701-8e70-70bb-9d9f-1d450f7e3b32
FORUM: 2025/01/30 12:57:28 getPosts.go:24: Request URL Path: /api/posts
FORUM: 2025/01/30 12:57:28 getPosts.go:56: Fetching posts for page 1
FORUM: 2025/01/30 12:57:28 getPosts.go:134: Executing query: SELECT username, id, title, content, Categories, created_at, likes, dislikes 
              FROM posts 
              ORDER BY created_at DESC 
              LIMIT ? OFFSET ? with limit 10 and offset 0
FORUM: 2025/01/30 12:57:28 getPosts.go:147: Starting to process rows...
FORUM: 2025/01/30 12:57:28 getPosts.go:152: Scanning row for post...
FORUM: 2025/01/30 12:57:28 getPosts.go:159: -3285 seconds ago
FORUM: 2025/01/30 12:57:28 getPosts.go:160: Successfully scanned post with ID: 14
FORUM: 2025/01/30 12:57:28 getPosts.go:163: Fetching comments for post ID: 14
FORUM: 2025/01/30 12:57:28 getPosts.go:170: Successfully fetched comments for post ID: 14, Comments: []
FORUM: 2025/01/30 12:57:28 getPosts.go:172: Appending post with ID: 14 to posts slice
FORUM: 2025/01/30 12:57:28 getPosts.go:152: Scanning row for post...
FORUM: 2025/01/30 12:57:28 getPosts.go:159: -3282 seconds ago
FORUM: 2025/01/30 12:57:28 getPosts.go:160: Successfully scanned post with ID: 13
FORUM: 2025/01/30 12:57:28 getPosts.go:163: Fetching comments for post ID: 13
FORUM: 2025/01/30 12:57:28 getPosts.go:170: Successfully fetched comments for post ID: 13, Comments: []
FORUM: 2025/01/30 12:57:28 getPosts.go:172: Appending post with ID: 13 to posts slice
FORUM: 2025/01/30 12:57:28 getPosts.go:152: Scanning row for post...
FORUM: 2025/01/30 12:57:28 getPosts.go:159: -3280 seconds ago
FORUM: 2025/01/30 12:57:28 getPosts.go:160: Successfully scanned post with ID: 12
FORUM: 2025/01/30 12:57:28 getPosts.go:163: Fetching comments for post ID: 12
FORUM: 2025/01/30 12:57:28 getPosts.go:170: Successfully fetched comments for post ID: 12, Comments: []
FORUM: 2025/01/30 12:57:28 getPosts.go:172: Appending post with ID: 12 to posts slice
FORUM: 2025/01/30 12:57:28 getPosts.go:152: Scanning row for post...
FORUM: 2025/01/30 12:57:28 getPosts.go:159: -3278 seconds ago
FORUM: 2025/01/30 12:57:28 getPosts.go:160: Successfully scanned post with ID: 11
FORUM: 2025/01/30 12:57:28 getPosts.go:163: Fetching comments for post ID: 11
FORUM: 2025/01/30 12:57:28 getPosts.go:170: Successfully fetched comments for post ID: 11, Comments: []
FORUM: 2025/01/30 12:57:28 getPosts.go:172: Appending post with ID: 11 to posts slice
FORUM: 2025/01/30 12:57:28 getPosts.go:152: Scanning row for post...
FORUM: 2025/01/30 12:57:28 getPosts.go:159: -3274 seconds ago
FORUM: 2025/01/30 12:57:28 getPosts.go:160: Successfully scanned post with ID: 10
FORUM: 2025/01/30 12:57:28 getPosts.go:163: Fetching comments for post ID: 10
FORUM: 2025/01/30 12:57:28 getPosts.go:170: Successfully fetched comments for post ID: 10, Comments: []
FORUM: 2025/01/30 12:57:28 getPosts.go:172: Appending post with ID: 10 to posts slice
FORUM: 2025/01/30 12:57:28 getPosts.go:152: Scanning row for post...
FORUM: 2025/01/30 12:57:28 getPosts.go:159: -3270 seconds ago
FORUM: 2025/01/30 12:57:28 getPosts.go:160: Successfully scanned post with ID: 9
FORUM: 2025/01/30 12:57:28 getPosts.go:163: Fetching comments for post ID: 9
FORUM: 2025/01/30 12:57:28 getPosts.go:170: Successfully fetched comments for post ID: 9, Comments: []
FORUM: 2025/01/30 12:57:28 getPosts.go:172: Appending post with ID: 9 to posts slice
FORUM: 2025/01/30 12:57:28 getPosts.go:152: Scanning row for post...
FORUM: 2025/01/30 12:57:28 getPosts.go:159: -3266 seconds ago
FORUM: 2025/01/30 12:57:28 getPosts.go:160: Successfully scanned post with ID: 8
FORUM: 2025/01/30 12:57:28 getPosts.go:163: Fetching comments for post ID: 8
FORUM: 2025/01/30 12:57:28 getPosts.go:170: Successfully fetched comments for post ID: 8, Comments: []
FORUM: 2025/01/30 12:57:28 getPosts.go:172: Appending post with ID: 8 to posts slice
FORUM: 2025/01/30 12:57:28 getPosts.go:152: Scanning row for post...
FORUM: 2025/01/30 12:57:28 getPosts.go:159: -2964 seconds ago
FORUM: 2025/01/30 12:57:28 getPosts.go:160: Successfully scanned post with ID: 7
FORUM: 2025/01/30 12:57:28 getPosts.go:163: Fetching comments for post ID: 7
FORUM: 2025/01/30 12:57:28 getPosts.go:170: Successfully fetched comments for post ID: 7, Comments: []
FORUM: 2025/01/30 12:57:28 getPosts.go:172: Appending post with ID: 7 to posts slice
FORUM: 2025/01/30 12:57:28 getPosts.go:152: Scanning row for post...
FORUM: 2025/01/30 12:57:28 getPosts.go:159: -2650 seconds ago
FORUM: 2025/01/30 12:57:28 getPosts.go:160: Successfully scanned post with ID: 6
FORUM: 2025/01/30 12:57:28 getPosts.go:163: Fetching comments for post ID: 6
FORUM: 2025/01/30 12:57:28 getPosts.go:170: Successfully fetched comments for post ID: 6, Comments: []
FORUM: 2025/01/30 12:57:28 getPosts.go:172: Appending post with ID: 6 to posts slice
FORUM: 2025/01/30 12:57:28 getPosts.go:152: Scanning row for post...
FORUM: 2025/01/30 12:57:28 getPosts.go:159: -2645 seconds ago
FORUM: 2025/01/30 12:57:28 getPosts.go:160: Successfully scanned post with ID: 5
FORUM: 2025/01/30 12:57:28 getPosts.go:163: Fetching comments for post ID: 5
FORUM: 2025/01/30 12:57:28 getPosts.go:170: Successfully fetched comments for post ID: 5, Comments: []
FORUM: 2025/01/30 12:57:28 getPosts.go:172: Appending post with ID: 5 to posts slice
FORUM: 2025/01/30 12:57:28 getPosts.go:182: Finished processing rows. Total posts fetched: 10
FORUM: 2025/01/30 12:57:28 getPosts.go:78: Number of posts returned: 10
FORUM: 2025/01/30 12:57:28 homeHandler.go:13: Handling request for Home page
FORUM: 2025/01/30 12:57:28 homeHandler.go:21: Checking for session token
FORUM: 2025/01/30 12:57:28 homeHandler.go:30: Session token found, verifying...
FORUM: 2025/01/30 12:57:28 session.go:38: SessionCheck: Session is valid for token: 0194b701-8e70-70bb-9d9f-1d450f7e3b32
FORUM: 2025/01/30 12:57:28 homeHandler.go:47: User is logged in: {true aaa false}
FORUM: 2025/01/30 12:57:28 homeHandler.go:48: User successfully logged in: aaa
FORUM: 2025/01/30 12:57:28 homeHandler.go:54: Setting cookie: session_token = 0194b701-8e70-70bb-9d9f-1d450f7e3b32
FORUM: 2025/01/30 12:57:28 getPosts.go:24: Request URL Path: /api/posts
FORUM: 2025/01/30 12:57:28 getPosts.go:56: Fetching posts for page 1
FORUM: 2025/01/30 12:57:28 getPosts.go:134: Executing query: SELECT username, id, title, content, Categories, created_at, likes, dislikes 
              FROM posts 
              ORDER BY created_at DESC 
              LIMIT ? OFFSET ? with limit 10 and offset 0
FORUM: 2025/01/30 12:57:28 getPosts.go:147: Starting to process rows...
FORUM: 2025/01/30 12:57:28 getPosts.go:152: Scanning row for post...
FORUM: 2025/01/30 12:57:28 getPosts.go:159: -3285 seconds ago
FORUM: 2025/01/30 12:57:28 getPosts.go:160: Successfully scanned post with ID: 14
FORUM: 2025/01/30 12:57:28 getPosts.go:163: Fetching comments for post ID: 14
FORUM: 2025/01/30 12:57:28 getPosts.go:170: Successfully fetched comments for post ID: 14, Comments: []
FORUM: 2025/01/30 12:57:28 getPosts.go:172: Appending post with ID: 14 to posts slice
FORUM: 2025/01/30 12:57:28 getPosts.go:152: Scanning row for post...
FORUM: 2025/01/30 12:57:28 getPosts.go:159: -3282 seconds ago
FORUM: 2025/01/30 12:57:28 getPosts.go:160: Successfully scanned post with ID: 13
FORUM: 2025/01/30 12:57:28 getPosts.go:163: Fetching comments for post ID: 13
FORUM: 2025/01/30 12:57:28 getPosts.go:170: Successfully fetched comments for post ID: 13, Comments: []
FORUM: 2025/01/30 12:57:28 getPosts.go:172: Appending post with ID: 13 to posts slice
FORUM: 2025/01/30 12:57:28 getPosts.go:152: Scanning row for post...
FORUM: 2025/01/30 12:57:28 getPosts.go:159: -3280 seconds ago
FORUM: 2025/01/30 12:57:28 getPosts.go:160: Successfully scanned post with ID: 12
FORUM: 2025/01/30 12:57:28 getPosts.go:163: Fetching comments for post ID: 12
FORUM: 2025/01/30 12:57:28 getPosts.go:170: Successfully fetched comments for post ID: 12, Comments: []
FORUM: 2025/01/30 12:57:28 getPosts.go:172: Appending post with ID: 12 to posts slice
FORUM: 2025/01/30 12:57:28 getPosts.go:152: Scanning row for post...
FORUM: 2025/01/30 12:57:28 getPosts.go:159: -3278 seconds ago
FORUM: 2025/01/30 12:57:28 getPosts.go:160: Successfully scanned post with ID: 11
FORUM: 2025/01/30 12:57:28 getPosts.go:163: Fetching comments for post ID: 11
FORUM: 2025/01/30 12:57:28 getPosts.go:170: Successfully fetched comments for post ID: 11, Comments: []
FORUM: 2025/01/30 12:57:28 getPosts.go:172: Appending post with ID: 11 to posts slice
FORUM: 2025/01/30 12:57:28 getPosts.go:152: Scanning row for post...
FORUM: 2025/01/30 12:57:28 getPosts.go:159: -3274 seconds ago
FORUM: 2025/01/30 12:57:28 getPosts.go:160: Successfully scanned post with ID: 10
FORUM: 2025/01/30 12:57:28 getPosts.go:163: Fetching comments for post ID: 10
FORUM: 2025/01/30 12:57:28 getPosts.go:170: Successfully fetched comments for post ID: 10, Comments: []
FORUM: 2025/01/30 12:57:28 getPosts.go:172: Appending post with ID: 10 to posts slice
FORUM: 2025/01/30 12:57:28 getPosts.go:152: Scanning row for post...
FORUM: 2025/01/30 12:57:28 getPosts.go:159: -3270 seconds ago
FORUM: 2025/01/30 12:57:28 getPosts.go:160: Successfully scanned post with ID: 9
FORUM: 2025/01/30 12:57:28 getPosts.go:163: Fetching comments for post ID: 9
FORUM: 2025/01/30 12:57:28 getPosts.go:170: Successfully fetched comments for post ID: 9, Comments: []
FORUM: 2025/01/30 12:57:28 getPosts.go:172: Appending post with ID: 9 to posts slice
FORUM: 2025/01/30 12:57:28 getPosts.go:152: Scanning row for post...
FORUM: 2025/01/30 12:57:28 getPosts.go:159: -3266 seconds ago
FORUM: 2025/01/30 12:57:28 getPosts.go:160: Successfully scanned post with ID: 8
FORUM: 2025/01/30 12:57:28 getPosts.go:163: Fetching comments for post ID: 8
FORUM: 2025/01/30 12:57:28 getPosts.go:170: Successfully fetched comments for post ID: 8, Comments: []
FORUM: 2025/01/30 12:57:28 getPosts.go:172: Appending post with ID: 8 to posts slice
FORUM: 2025/01/30 12:57:28 getPosts.go:152: Scanning row for post...
FORUM: 2025/01/30 12:57:28 getPosts.go:159: -2964 seconds ago
FORUM: 2025/01/30 12:57:28 getPosts.go:160: Successfully scanned post with ID: 7
FORUM: 2025/01/30 12:57:28 getPosts.go:163: Fetching comments for post ID: 7
FORUM: 2025/01/30 12:57:28 getPosts.go:170: Successfully fetched comments for post ID: 7, Comments: []
FORUM: 2025/01/30 12:57:28 getPosts.go:172: Appending post with ID: 7 to posts slice
FORUM: 2025/01/30 12:57:28 getPosts.go:152: Scanning row for post...
FORUM: 2025/01/30 12:57:28 getPosts.go:159: -2650 seconds ago
FORUM: 2025/01/30 12:57:28 getPosts.go:160: Successfully scanned post with ID: 6
FORUM: 2025/01/30 12:57:28 getPosts.go:163: Fetching comments for post ID: 6
FORUM: 2025/01/30 12:57:28 getPosts.go:170: Successfully fetched comments for post ID: 6, Comments: []
FORUM: 2025/01/30 12:57:28 getPosts.go:172: Appending post with ID: 6 to posts slice
FORUM: 2025/01/30 12:57:28 getPosts.go:152: Scanning row for post...
FORUM: 2025/01/30 12:57:28 getPosts.go:159: -2645 seconds ago
FORUM: 2025/01/30 12:57:28 getPosts.go:160: Successfully scanned post with ID: 5
FORUM: 2025/01/30 12:57:28 getPosts.go:163: Fetching comments for post ID: 5
FORUM: 2025/01/30 12:57:28 getPosts.go:170: Successfully fetched comments for post ID: 5, Comments: []
FORUM: 2025/01/30 12:57:28 getPosts.go:172: Appending post with ID: 5 to posts slice
FORUM: 2025/01/30 12:57:28 getPosts.go:182: Finished processing rows. Total posts fetched: 10
FORUM: 2025/01/30 12:57:28 getPosts.go:78: Number of posts returned: 10
FORUM: 2025/01/30 12:57:33 getPosts.go:24: Request URL Path: /api/posts/2
FORUM: 2025/01/30 12:57:33 getPosts.go:28: Requested Page: 2
