FORUM: 2025/01/30 12:55:08 logs.go:25: Logger created successfully
FORUM: 2025/01/30 12:55:08 parseTemplates.go:12: Attempting to parse templates with pattern:  ./templates/*.html
FORUM: 2025/01/30 12:55:08 parseTemplates.go:24: Templates loaded successfully
FORUM: 2025/01/30 12:55:11 homeHandler.go:13: Handling request for Home page
FORUM: 2025/01/30 12:55:11 homeHandler.go:21: Checking for session token
FORUM: 2025/01/30 12:55:11 homeHandler.go:30: Session token found, verifying...
FORUM: 2025/01/30 12:55:11 session.go:38: SessionCheck: Session is valid for token: 0194b701-8e70-70bb-9d9f-1d450f7e3b32
FORUM: 2025/01/30 12:55:11 homeHandler.go:47: User is logged in: {true aaa false}
FORUM: 2025/01/30 12:55:11 homeHandler.go:48: User successfully logged in: aaa
FORUM: 2025/01/30 12:55:11 homeHandler.go:54: Setting cookie: session_token = 0194b701-8e70-70bb-9d9f-1d450f7e3b32
FORUM: 2025/01/30 12:55:11 getPosts.go:24: Request URL Path: /api/posts
FORUM: 2025/01/30 12:55:11 getPosts.go:56: Fetching posts for page 1
FORUM: 2025/01/30 12:55:11 getPosts.go:134: Executing query: SELECT username, id, title, content, Categories, created_at, likes, dislikes 
              FROM posts 
              ORDER BY created_at DESC 
              LIMIT ? OFFSET ? with limit 10 and offset 0
FORUM: 2025/01/30 12:55:11 getPosts.go:147: Starting to process rows...
FORUM: 2025/01/30 12:55:11 getPosts.go:152: Scanning row for post...
FORUM: 2025/01/30 12:55:11 getPosts.go:159: -3422 seconds ago
FORUM: 2025/01/30 12:55:11 getPosts.go:160: Successfully scanned post with ID: 14
FORUM: 2025/01/30 12:55:11 getPosts.go:163: Fetching comments for post ID: 14
FORUM: 2025/01/30 12:55:11 getPosts.go:170: Successfully fetched comments for post ID: 14, Comments: []
FORUM: 2025/01/30 12:55:11 getPosts.go:172: Appending post with ID: 14 to posts slice
FORUM: 2025/01/30 12:55:11 getPosts.go:152: Scanning row for post...
FORUM: 2025/01/30 12:55:11 getPosts.go:159: -3419 seconds ago
FORUM: 2025/01/30 12:55:11 getPosts.go:160: Successfully scanned post with ID: 13
FORUM: 2025/01/30 12:55:11 getPosts.go:163: Fetching comments for post ID: 13
FORUM: 2025/01/30 12:55:11 getPosts.go:170: Successfully fetched comments for post ID: 13, Comments: []
FORUM: 2025/01/30 12:55:11 getPosts.go:172: Appending post with ID: 13 to posts slice
FORUM: 2025/01/30 12:55:11 getPosts.go:152: Scanning row for post...
FORUM: 2025/01/30 12:55:11 getPosts.go:159: -3417 seconds ago
FORUM: 2025/01/30 12:55:11 getPosts.go:160: Successfully scanned post with ID: 12
FORUM: 2025/01/30 12:55:11 getPosts.go:163: Fetching comments for post ID: 12
FORUM: 2025/01/30 12:55:11 getPosts.go:170: Successfully fetched comments for post ID: 12, Comments: []
FORUM: 2025/01/30 12:55:11 getPosts.go:172: Appending post with ID: 12 to posts slice
FORUM: 2025/01/30 12:55:11 getPosts.go:152: Scanning row for post...
FORUM: 2025/01/30 12:55:11 getPosts.go:159: -3415 seconds ago
FORUM: 2025/01/30 12:55:11 getPosts.go:160: Successfully scanned post with ID: 11
FORUM: 2025/01/30 12:55:11 getPosts.go:163: Fetching comments for post ID: 11
FORUM: 2025/01/30 12:55:11 getPosts.go:170: Successfully fetched comments for post ID: 11, Comments: []
FORUM: 2025/01/30 12:55:11 getPosts.go:172: Appending post with ID: 11 to posts slice
FORUM: 2025/01/30 12:55:11 getPosts.go:152: Scanning row for post...
FORUM: 2025/01/30 12:55:11 getPosts.go:159: -3411 seconds ago
FORUM: 2025/01/30 12:55:11 getPosts.go:160: Successfully scanned post with ID: 10
FORUM: 2025/01/30 12:55:11 getPosts.go:163: Fetching comments for post ID: 10
FORUM: 2025/01/30 12:55:11 getPosts.go:170: Successfully fetched comments for post ID: 10, Comments: []
FORUM: 2025/01/30 12:55:11 getPosts.go:172: Appending post with ID: 10 to posts slice
FORUM: 2025/01/30 12:55:11 getPosts.go:152: Scanning row for post...
FORUM: 2025/01/30 12:55:11 getPosts.go:159: -3407 seconds ago
FORUM: 2025/01/30 12:55:11 getPosts.go:160: Successfully scanned post with ID: 9
FORUM: 2025/01/30 12:55:11 getPosts.go:163: Fetching comments for post ID: 9
FORUM: 2025/01/30 12:55:11 getPosts.go:170: Successfully fetched comments for post ID: 9, Comments: []
FORUM: 2025/01/30 12:55:11 getPosts.go:172: Appending post with ID: 9 to posts slice
FORUM: 2025/01/30 12:55:11 getPosts.go:152: Scanning row for post...
FORUM: 2025/01/30 12:55:11 getPosts.go:159: -3403 seconds ago
FORUM: 2025/01/30 12:55:11 getPosts.go:160: Successfully scanned post with ID: 8
FORUM: 2025/01/30 12:55:11 getPosts.go:163: Fetching comments for post ID: 8
FORUM: 2025/01/30 12:55:11 getPosts.go:170: Successfully fetched comments for post ID: 8, Comments: []
FORUM: 2025/01/30 12:55:11 getPosts.go:172: Appending post with ID: 8 to posts slice
FORUM: 2025/01/30 12:55:11 getPosts.go:152: Scanning row for post...
FORUM: 2025/01/30 12:55:11 getPosts.go:159: -3101 seconds ago
FORUM: 2025/01/30 12:55:11 getPosts.go:160: Successfully scanned post with ID: 7
FORUM: 2025/01/30 12:55:11 getPosts.go:163: Fetching comments for post ID: 7
FORUM: 2025/01/30 12:55:11 getPosts.go:170: Successfully fetched comments for post ID: 7, Comments: []
FORUM: 2025/01/30 12:55:11 getPosts.go:172: Appending post with ID: 7 to posts slice
FORUM: 2025/01/30 12:55:11 getPosts.go:152: Scanning row for post...
FORUM: 2025/01/30 12:55:11 getPosts.go:159: -2787 seconds ago
FORUM: 2025/01/30 12:55:11 getPosts.go:160: Successfully scanned post with ID: 6
FORUM: 2025/01/30 12:55:11 getPosts.go:163: Fetching comments for post ID: 6
FORUM: 2025/01/30 12:55:11 getPosts.go:170: Successfully fetched comments for post ID: 6, Comments: []
FORUM: 2025/01/30 12:55:11 getPosts.go:172: Appending post with ID: 6 to posts slice
FORUM: 2025/01/30 12:55:11 getPosts.go:152: Scanning row for post...
FORUM: 2025/01/30 12:55:11 getPosts.go:159: -2782 seconds ago
FORUM: 2025/01/30 12:55:11 getPosts.go:160: Successfully scanned post with ID: 5
FORUM: 2025/01/30 12:55:11 getPosts.go:163: Fetching comments for post ID: 5
FORUM: 2025/01/30 12:55:11 getPosts.go:170: Successfully fetched comments for post ID: 5, Comments: []
FORUM: 2025/01/30 12:55:11 getPosts.go:172: Appending post with ID: 5 to posts slice
FORUM: 2025/01/30 12:55:11 getPosts.go:182: Finished processing rows. Total posts fetched: 10
FORUM: 2025/01/30 12:55:11 getPosts.go:78: Number of posts returned: 10
FORUM: 2025/01/30 12:55:16 getPosts.go:24: Request URL Path: /api/posts/2
FORUM: 2025/01/30 12:55:16 getPosts.go:28: Requested Page: 2
FORUM: 2025/01/30 12:55:24 getPosts.go:24: Request URL Path: /api/posts/3
FORUM: 2025/01/30 12:55:24 getPosts.go:28: Requested Page: 3
