FORUM: 2025/01/30 12:48:50 logs.go:25: Logger created successfully
FORUM: 2025/01/30 12:48:50 parseTemplates.go:12: Attempting to parse templates with pattern:  ./templates/*.html
FORUM: 2025/01/30 12:48:50 parseTemplates.go:24: Templates loaded successfully
FORUM: 2025/01/30 12:49:21 homeHandler.go:13: Handling request for Home page
FORUM: 2025/01/30 12:49:21 homeHandler.go:21: Checking for session token
FORUM: 2025/01/30 12:49:21 homeHandler.go:30: Session token found, verifying...
FORUM: 2025/01/30 12:49:21 session.go:38: SessionCheck: Session is valid for token: 0194b701-8e70-70bb-9d9f-1d450f7e3b32
FORUM: 2025/01/30 12:49:21 homeHandler.go:47: User is logged in: {true aaa false}
FORUM: 2025/01/30 12:49:21 homeHandler.go:48: User successfully logged in: aaa
FORUM: 2025/01/30 12:49:21 homeHandler.go:54: Setting cookie: session_token = 0194b701-8e70-70bb-9d9f-1d450f7e3b32
FORUM: 2025/01/30 12:49:21 getPosts.go:24: Request URL Path: /api/posts
FORUM: 2025/01/30 12:49:21 getPosts.go:56: Fetching posts for page 1
FORUM: 2025/01/30 12:49:21 getPosts.go:134: Executing query: SELECT username, id, title, content, Categories, created_at, likes, dislikes 
              FROM posts 
              ORDER BY created_at DESC 
              LIMIT ? OFFSET ? with limit 10 and offset 0
FORUM: 2025/01/30 12:49:21 getPosts.go:147: Starting to process rows...
FORUM: 2025/01/30 12:49:21 getPosts.go:152: Scanning row for post...
FORUM: 2025/01/30 12:49:21 getPosts.go:159: -3451 seconds ago
FORUM: 2025/01/30 12:49:21 getPosts.go:160: Successfully scanned post with ID: 7
FORUM: 2025/01/30 12:49:21 getPosts.go:163: Fetching comments for post ID: 7
FORUM: 2025/01/30 12:49:21 getPosts.go:170: Successfully fetched comments for post ID: 7, Comments: []
FORUM: 2025/01/30 12:49:21 getPosts.go:172: Appending post with ID: 7 to posts slice
FORUM: 2025/01/30 12:49:21 getPosts.go:152: Scanning row for post...
FORUM: 2025/01/30 12:49:21 getPosts.go:159: -3137 seconds ago
FORUM: 2025/01/30 12:49:21 getPosts.go:160: Successfully scanned post with ID: 6
FORUM: 2025/01/30 12:49:21 getPosts.go:163: Fetching comments for post ID: 6
FORUM: 2025/01/30 12:49:21 getPosts.go:170: Successfully fetched comments for post ID: 6, Comments: []
FORUM: 2025/01/30 12:49:21 getPosts.go:172: Appending post with ID: 6 to posts slice
FORUM: 2025/01/30 12:49:21 getPosts.go:152: Scanning row for post...
FORUM: 2025/01/30 12:49:21 getPosts.go:159: -3132 seconds ago
FORUM: 2025/01/30 12:49:21 getPosts.go:160: Successfully scanned post with ID: 5
FORUM: 2025/01/30 12:49:21 getPosts.go:163: Fetching comments for post ID: 5
FORUM: 2025/01/30 12:49:21 getPosts.go:170: Successfully fetched comments for post ID: 5, Comments: []
FORUM: 2025/01/30 12:49:21 getPosts.go:172: Appending post with ID: 5 to posts slice
FORUM: 2025/01/30 12:49:21 getPosts.go:152: Scanning row for post...
FORUM: 2025/01/30 12:49:21 getPosts.go:159: -3128 seconds ago
FORUM: 2025/01/30 12:49:21 getPosts.go:160: Successfully scanned post with ID: 4
FORUM: 2025/01/30 12:49:21 getPosts.go:163: Fetching comments for post ID: 4
FORUM: 2025/01/30 12:49:21 getPosts.go:170: Successfully fetched comments for post ID: 4, Comments: []
FORUM: 2025/01/30 12:49:21 getPosts.go:172: Appending post with ID: 4 to posts slice
FORUM: 2025/01/30 12:49:21 getPosts.go:152: Scanning row for post...
FORUM: 2025/01/30 12:49:21 getPosts.go:159: -3124 seconds ago
FORUM: 2025/01/30 12:49:21 getPosts.go:160: Successfully scanned post with ID: 3
FORUM: 2025/01/30 12:49:21 getPosts.go:163: Fetching comments for post ID: 3
FORUM: 2025/01/30 12:49:21 getPosts.go:170: Successfully fetched comments for post ID: 3, Comments: []
FORUM: 2025/01/30 12:49:21 getPosts.go:172: Appending post with ID: 3 to posts slice
FORUM: 2025/01/30 12:49:21 getPosts.go:152: Scanning row for post...
FORUM: 2025/01/30 12:49:21 getPosts.go:159: -3119 seconds ago
FORUM: 2025/01/30 12:49:21 getPosts.go:160: Successfully scanned post with ID: 2
FORUM: 2025/01/30 12:49:21 getPosts.go:163: Fetching comments for post ID: 2
FORUM: 2025/01/30 12:49:21 getPosts.go:170: Successfully fetched comments for post ID: 2, Comments: []
FORUM: 2025/01/30 12:49:21 getPosts.go:172: Appending post with ID: 2 to posts slice
FORUM: 2025/01/30 12:49:21 getPosts.go:152: Scanning row for post...
FORUM: 2025/01/30 12:49:21 getPosts.go:159: -2967 seconds ago
FORUM: 2025/01/30 12:49:21 getPosts.go:160: Successfully scanned post with ID: 1
FORUM: 2025/01/30 12:49:21 getPosts.go:163: Fetching comments for post ID: 1
FORUM: 2025/01/30 12:49:21 getPosts.go:170: Successfully fetched comments for post ID: 1, Comments: []
FORUM: 2025/01/30 12:49:21 getPosts.go:172: Appending post with ID: 1 to posts slice
FORUM: 2025/01/30 12:49:21 getPosts.go:182: Finished processing rows. Total posts fetched: 7
FORUM: 2025/01/30 12:49:21 getPosts.go:78: Number of posts returned: 7
FORUM: 2025/01/30 12:49:22 homeHandler.go:13: Handling request for Home page
FORUM: 2025/01/30 12:49:22 homeHandler.go:21: Checking for session token
FORUM: 2025/01/30 12:49:22 homeHandler.go:30: Session token found, verifying...
FORUM: 2025/01/30 12:49:22 session.go:38: SessionCheck: Session is valid for token: 0194b701-8e70-70bb-9d9f-1d450f7e3b32
FORUM: 2025/01/30 12:49:22 homeHandler.go:47: User is logged in: {true aaa false}
FORUM: 2025/01/30 12:49:22 homeHandler.go:48: User successfully logged in: aaa
FORUM: 2025/01/30 12:49:22 homeHandler.go:54: Setting cookie: session_token = 0194b701-8e70-70bb-9d9f-1d450f7e3b32
FORUM: 2025/01/30 12:49:22 getPosts.go:24: Request URL Path: /api/posts
FORUM: 2025/01/30 12:49:22 getPosts.go:56: Fetching posts for page 1
FORUM: 2025/01/30 12:49:22 getPosts.go:134: Executing query: SELECT username, id, title, content, Categories, created_at, likes, dislikes 
              FROM posts 
              ORDER BY created_at DESC 
              LIMIT ? OFFSET ? with limit 10 and offset 0
FORUM: 2025/01/30 12:49:22 getPosts.go:147: Starting to process rows...
FORUM: 2025/01/30 12:49:22 getPosts.go:152: Scanning row for post...
FORUM: 2025/01/30 12:49:22 getPosts.go:159: -3450 seconds ago
FORUM: 2025/01/30 12:49:22 getPosts.go:160: Successfully scanned post with ID: 7
FORUM: 2025/01/30 12:49:22 getPosts.go:163: Fetching comments for post ID: 7
FORUM: 2025/01/30 12:49:22 getPosts.go:170: Successfully fetched comments for post ID: 7, Comments: []
FORUM: 2025/01/30 12:49:22 getPosts.go:172: Appending post with ID: 7 to posts slice
FORUM: 2025/01/30 12:49:22 getPosts.go:152: Scanning row for post...
FORUM: 2025/01/30 12:49:22 getPosts.go:159: -3136 seconds ago
FORUM: 2025/01/30 12:49:22 getPosts.go:160: Successfully scanned post with ID: 6
FORUM: 2025/01/30 12:49:22 getPosts.go:163: Fetching comments for post ID: 6
FORUM: 2025/01/30 12:49:22 getPosts.go:170: Successfully fetched comments for post ID: 6, Comments: []
FORUM: 2025/01/30 12:49:22 getPosts.go:172: Appending post with ID: 6 to posts slice
FORUM: 2025/01/30 12:49:22 getPosts.go:152: Scanning row for post...
FORUM: 2025/01/30 12:49:22 getPosts.go:159: -3131 seconds ago
FORUM: 2025/01/30 12:49:22 getPosts.go:160: Successfully scanned post with ID: 5
FORUM: 2025/01/30 12:49:22 getPosts.go:163: Fetching comments for post ID: 5
FORUM: 2025/01/30 12:49:22 getPosts.go:170: Successfully fetched comments for post ID: 5, Comments: []
FORUM: 2025/01/30 12:49:22 getPosts.go:172: Appending post with ID: 5 to posts slice
FORUM: 2025/01/30 12:49:22 getPosts.go:152: Scanning row for post...
FORUM: 2025/01/30 12:49:22 getPosts.go:159: -3127 seconds ago
FORUM: 2025/01/30 12:49:22 getPosts.go:160: Successfully scanned post with ID: 4
FORUM: 2025/01/30 12:49:22 getPosts.go:163: Fetching comments for post ID: 4
FORUM: 2025/01/30 12:49:22 getPosts.go:170: Successfully fetched comments for post ID: 4, Comments: []
FORUM: 2025/01/30 12:49:22 getPosts.go:172: Appending post with ID: 4 to posts slice
FORUM: 2025/01/30 12:49:22 getPosts.go:152: Scanning row for post...
FORUM: 2025/01/30 12:49:22 getPosts.go:159: -3123 seconds ago
FORUM: 2025/01/30 12:49:22 getPosts.go:160: Successfully scanned post with ID: 3
FORUM: 2025/01/30 12:49:22 getPosts.go:163: Fetching comments for post ID: 3
FORUM: 2025/01/30 12:49:22 getPosts.go:170: Successfully fetched comments for post ID: 3, Comments: []
FORUM: 2025/01/30 12:49:22 getPosts.go:172: Appending post with ID: 3 to posts slice
FORUM: 2025/01/30 12:49:22 getPosts.go:152: Scanning row for post...
FORUM: 2025/01/30 12:49:22 getPosts.go:159: -3118 seconds ago
FORUM: 2025/01/30 12:49:22 getPosts.go:160: Successfully scanned post with ID: 2
FORUM: 2025/01/30 12:49:22 getPosts.go:163: Fetching comments for post ID: 2
FORUM: 2025/01/30 12:49:22 getPosts.go:170: Successfully fetched comments for post ID: 2, Comments: []
FORUM: 2025/01/30 12:49:22 getPosts.go:172: Appending post with ID: 2 to posts slice
FORUM: 2025/01/30 12:49:22 getPosts.go:152: Scanning row for post...
FORUM: 2025/01/30 12:49:22 getPosts.go:159: -2966 seconds ago
FORUM: 2025/01/30 12:49:22 getPosts.go:160: Successfully scanned post with ID: 1
FORUM: 2025/01/30 12:49:22 getPosts.go:163: Fetching comments for post ID: 1
FORUM: 2025/01/30 12:49:22 getPosts.go:170: Successfully fetched comments for post ID: 1, Comments: []
FORUM: 2025/01/30 12:49:22 getPosts.go:172: Appending post with ID: 1 to posts slice
FORUM: 2025/01/30 12:49:22 getPosts.go:182: Finished processing rows. Total posts fetched: 7
FORUM: 2025/01/30 12:49:22 getPosts.go:78: Number of posts returned: 7
FORUM: 2025/01/30 12:49:22 homeHandler.go:13: Handling request for Home page
FORUM: 2025/01/30 12:49:22 homeHandler.go:21: Checking for session token
FORUM: 2025/01/30 12:49:22 homeHandler.go:30: Session token found, verifying...
FORUM: 2025/01/30 12:49:22 session.go:38: SessionCheck: Session is valid for token: 0194b701-8e70-70bb-9d9f-1d450f7e3b32
FORUM: 2025/01/30 12:49:22 homeHandler.go:47: User is logged in: {true aaa false}
FORUM: 2025/01/30 12:49:22 homeHandler.go:48: User successfully logged in: aaa
FORUM: 2025/01/30 12:49:22 homeHandler.go:54: Setting cookie: session_token = 0194b701-8e70-70bb-9d9f-1d450f7e3b32
FORUM: 2025/01/30 12:49:22 getPosts.go:24: Request URL Path: /api/posts
FORUM: 2025/01/30 12:49:22 getPosts.go:56: Fetching posts for page 1
FORUM: 2025/01/30 12:49:22 getPosts.go:134: Executing query: SELECT username, id, title, content, Categories, created_at, likes, dislikes 
              FROM posts 
              ORDER BY created_at DESC 
              LIMIT ? OFFSET ? with limit 10 and offset 0
FORUM: 2025/01/30 12:49:22 getPosts.go:147: Starting to process rows...
FORUM: 2025/01/30 12:49:22 getPosts.go:152: Scanning row for post...
FORUM: 2025/01/30 12:49:22 getPosts.go:159: -3450 seconds ago
FORUM: 2025/01/30 12:49:22 getPosts.go:160: Successfully scanned post with ID: 7
FORUM: 2025/01/30 12:49:22 getPosts.go:163: Fetching comments for post ID: 7
FORUM: 2025/01/30 12:49:22 getPosts.go:170: Successfully fetched comments for post ID: 7, Comments: []
FORUM: 2025/01/30 12:49:22 getPosts.go:172: Appending post with ID: 7 to posts slice
FORUM: 2025/01/30 12:49:22 getPosts.go:152: Scanning row for post...
FORUM: 2025/01/30 12:49:22 getPosts.go:159: -3136 seconds ago
FORUM: 2025/01/30 12:49:22 getPosts.go:160: Successfully scanned post with ID: 6
FORUM: 2025/01/30 12:49:22 getPosts.go:163: Fetching comments for post ID: 6
FORUM: 2025/01/30 12:49:22 getPosts.go:170: Successfully fetched comments for post ID: 6, Comments: []
FORUM: 2025/01/30 12:49:22 getPosts.go:172: Appending post with ID: 6 to posts slice
FORUM: 2025/01/30 12:49:22 getPosts.go:152: Scanning row for post...
FORUM: 2025/01/30 12:49:22 getPosts.go:159: -3131 seconds ago
FORUM: 2025/01/30 12:49:22 getPosts.go:160: Successfully scanned post with ID: 5
FORUM: 2025/01/30 12:49:22 getPosts.go:163: Fetching comments for post ID: 5
FORUM: 2025/01/30 12:49:22 getPosts.go:170: Successfully fetched comments for post ID: 5, Comments: []
FORUM: 2025/01/30 12:49:22 getPosts.go:172: Appending post with ID: 5 to posts slice
FORUM: 2025/01/30 12:49:22 getPosts.go:152: Scanning row for post...
FORUM: 2025/01/30 12:49:22 getPosts.go:159: -3127 seconds ago
FORUM: 2025/01/30 12:49:22 getPosts.go:160: Successfully scanned post with ID: 4
FORUM: 2025/01/30 12:49:22 getPosts.go:163: Fetching comments for post ID: 4
FORUM: 2025/01/30 12:49:22 getPosts.go:170: Successfully fetched comments for post ID: 4, Comments: []
FORUM: 2025/01/30 12:49:22 getPosts.go:172: Appending post with ID: 4 to posts slice
FORUM: 2025/01/30 12:49:22 getPosts.go:152: Scanning row for post...
FORUM: 2025/01/30 12:49:22 getPosts.go:159: -3123 seconds ago
FORUM: 2025/01/30 12:49:22 getPosts.go:160: Successfully scanned post with ID: 3
FORUM: 2025/01/30 12:49:22 getPosts.go:163: Fetching comments for post ID: 3
FORUM: 2025/01/30 12:49:22 getPosts.go:170: Successfully fetched comments for post ID: 3, Comments: []
FORUM: 2025/01/30 12:49:22 getPosts.go:172: Appending post with ID: 3 to posts slice
FORUM: 2025/01/30 12:49:22 getPosts.go:152: Scanning row for post...
FORUM: 2025/01/30 12:49:22 getPosts.go:159: -3118 seconds ago
FORUM: 2025/01/30 12:49:22 getPosts.go:160: Successfully scanned post with ID: 2
FORUM: 2025/01/30 12:49:22 getPosts.go:163: Fetching comments for post ID: 2
FORUM: 2025/01/30 12:49:22 getPosts.go:170: Successfully fetched comments for post ID: 2, Comments: []
FORUM: 2025/01/30 12:49:22 getPosts.go:172: Appending post with ID: 2 to posts slice
FORUM: 2025/01/30 12:49:22 getPosts.go:152: Scanning row for post...
FORUM: 2025/01/30 12:49:22 getPosts.go:159: -2966 seconds ago
FORUM: 2025/01/30 12:49:22 getPosts.go:160: Successfully scanned post with ID: 1
FORUM: 2025/01/30 12:49:22 getPosts.go:163: Fetching comments for post ID: 1
FORUM: 2025/01/30 12:49:22 getPosts.go:170: Successfully fetched comments for post ID: 1, Comments: []
FORUM: 2025/01/30 12:49:22 getPosts.go:172: Appending post with ID: 1 to posts slice
FORUM: 2025/01/30 12:49:22 getPosts.go:182: Finished processing rows. Total posts fetched: 7
FORUM: 2025/01/30 12:49:22 getPosts.go:78: Number of posts returned: 7
FORUM: 2025/01/30 12:49:23 homeHandler.go:13: Handling request for Home page
FORUM: 2025/01/30 12:49:23 homeHandler.go:21: Checking for session token
FORUM: 2025/01/30 12:49:23 homeHandler.go:30: Session token found, verifying...
FORUM: 2025/01/30 12:49:23 session.go:38: SessionCheck: Session is valid for token: 0194b701-8e70-70bb-9d9f-1d450f7e3b32
FORUM: 2025/01/30 12:49:23 homeHandler.go:47: User is logged in: {true aaa false}
FORUM: 2025/01/30 12:49:23 homeHandler.go:48: User successfully logged in: aaa
FORUM: 2025/01/30 12:49:23 homeHandler.go:54: Setting cookie: session_token = 0194b701-8e70-70bb-9d9f-1d450f7e3b32
FORUM: 2025/01/30 12:49:23 getPosts.go:24: Request URL Path: /api/posts
FORUM: 2025/01/30 12:49:23 getPosts.go:56: Fetching posts for page 1
FORUM: 2025/01/30 12:49:23 getPosts.go:134: Executing query: SELECT username, id, title, content, Categories, created_at, likes, dislikes 
              FROM posts 
              ORDER BY created_at DESC 
              LIMIT ? OFFSET ? with limit 10 and offset 0
FORUM: 2025/01/30 12:49:23 getPosts.go:147: Starting to process rows...
FORUM: 2025/01/30 12:49:23 getPosts.go:152: Scanning row for post...
FORUM: 2025/01/30 12:49:23 getPosts.go:159: -3449 seconds ago
FORUM: 2025/01/30 12:49:23 getPosts.go:160: Successfully scanned post with ID: 7
FORUM: 2025/01/30 12:49:23 getPosts.go:163: Fetching comments for post ID: 7
FORUM: 2025/01/30 12:49:23 getPosts.go:170: Successfully fetched comments for post ID: 7, Comments: []
FORUM: 2025/01/30 12:49:23 getPosts.go:172: Appending post with ID: 7 to posts slice
FORUM: 2025/01/30 12:49:23 getPosts.go:152: Scanning row for post...
FORUM: 2025/01/30 12:49:23 getPosts.go:159: -3135 seconds ago
FORUM: 2025/01/30 12:49:23 getPosts.go:160: Successfully scanned post with ID: 6
FORUM: 2025/01/30 12:49:23 getPosts.go:163: Fetching comments for post ID: 6
FORUM: 2025/01/30 12:49:23 getPosts.go:170: Successfully fetched comments for post ID: 6, Comments: []
FORUM: 2025/01/30 12:49:23 getPosts.go:172: Appending post with ID: 6 to posts slice
FORUM: 2025/01/30 12:49:23 getPosts.go:152: Scanning row for post...
FORUM: 2025/01/30 12:49:23 getPosts.go:159: -3130 seconds ago
FORUM: 2025/01/30 12:49:23 getPosts.go:160: Successfully scanned post with ID: 5
FORUM: 2025/01/30 12:49:23 getPosts.go:163: Fetching comments for post ID: 5
FORUM: 2025/01/30 12:49:23 getPosts.go:170: Successfully fetched comments for post ID: 5, Comments: []
FORUM: 2025/01/30 12:49:23 getPosts.go:172: Appending post with ID: 5 to posts slice
FORUM: 2025/01/30 12:49:23 getPosts.go:152: Scanning row for post...
FORUM: 2025/01/30 12:49:23 getPosts.go:159: -3126 seconds ago
FORUM: 2025/01/30 12:49:23 getPosts.go:160: Successfully scanned post with ID: 4
FORUM: 2025/01/30 12:49:23 getPosts.go:163: Fetching comments for post ID: 4
FORUM: 2025/01/30 12:49:23 getPosts.go:170: Successfully fetched comments for post ID: 4, Comments: []
FORUM: 2025/01/30 12:49:23 getPosts.go:172: Appending post with ID: 4 to posts slice
FORUM: 2025/01/30 12:49:23 getPosts.go:152: Scanning row for post...
FORUM: 2025/01/30 12:49:23 getPosts.go:159: -3122 seconds ago
FORUM: 2025/01/30 12:49:23 getPosts.go:160: Successfully scanned post with ID: 3
FORUM: 2025/01/30 12:49:23 getPosts.go:163: Fetching comments for post ID: 3
FORUM: 2025/01/30 12:49:23 getPosts.go:170: Successfully fetched comments for post ID: 3, Comments: []
FORUM: 2025/01/30 12:49:23 getPosts.go:172: Appending post with ID: 3 to posts slice
FORUM: 2025/01/30 12:49:23 getPosts.go:152: Scanning row for post...
FORUM: 2025/01/30 12:49:23 getPosts.go:159: -3117 seconds ago
FORUM: 2025/01/30 12:49:23 getPosts.go:160: Successfully scanned post with ID: 2
FORUM: 2025/01/30 12:49:23 getPosts.go:163: Fetching comments for post ID: 2
FORUM: 2025/01/30 12:49:23 getPosts.go:170: Successfully fetched comments for post ID: 2, Comments: []
FORUM: 2025/01/30 12:49:23 getPosts.go:172: Appending post with ID: 2 to posts slice
FORUM: 2025/01/30 12:49:23 getPosts.go:152: Scanning row for post...
FORUM: 2025/01/30 12:49:23 getPosts.go:159: -2965 seconds ago
FORUM: 2025/01/30 12:49:23 getPosts.go:160: Successfully scanned post with ID: 1
FORUM: 2025/01/30 12:49:23 getPosts.go:163: Fetching comments for post ID: 1
FORUM: 2025/01/30 12:49:23 getPosts.go:170: Successfully fetched comments for post ID: 1, Comments: []
FORUM: 2025/01/30 12:49:23 getPosts.go:172: Appending post with ID: 1 to posts slice
FORUM: 2025/01/30 12:49:23 getPosts.go:182: Finished processing rows. Total posts fetched: 7
FORUM: 2025/01/30 12:49:23 getPosts.go:78: Number of posts returned: 7
FORUM: 2025/01/30 12:49:23 homeHandler.go:13: Handling request for Home page
FORUM: 2025/01/30 12:49:23 homeHandler.go:21: Checking for session token
FORUM: 2025/01/30 12:49:23 homeHandler.go:30: Session token found, verifying...
FORUM: 2025/01/30 12:49:23 session.go:38: SessionCheck: Session is valid for token: 0194b701-8e70-70bb-9d9f-1d450f7e3b32
FORUM: 2025/01/30 12:49:23 homeHandler.go:47: User is logged in: {true aaa false}
FORUM: 2025/01/30 12:49:23 homeHandler.go:48: User successfully logged in: aaa
FORUM: 2025/01/30 12:49:23 homeHandler.go:54: Setting cookie: session_token = 0194b701-8e70-70bb-9d9f-1d450f7e3b32
FORUM: 2025/01/30 12:49:23 getPosts.go:24: Request URL Path: /api/posts
FORUM: 2025/01/30 12:49:23 getPosts.go:56: Fetching posts for page 1
FORUM: 2025/01/30 12:49:23 getPosts.go:134: Executing query: SELECT username, id, title, content, Categories, created_at, likes, dislikes 
              FROM posts 
              ORDER BY created_at DESC 
              LIMIT ? OFFSET ? with limit 10 and offset 0
FORUM: 2025/01/30 12:49:23 getPosts.go:147: Starting to process rows...
FORUM: 2025/01/30 12:49:23 getPosts.go:152: Scanning row for post...
FORUM: 2025/01/30 12:49:23 getPosts.go:159: -3449 seconds ago
FORUM: 2025/01/30 12:49:23 getPosts.go:160: Successfully scanned post with ID: 7
FORUM: 2025/01/30 12:49:23 getPosts.go:163: Fetching comments for post ID: 7
FORUM: 2025/01/30 12:49:23 getPosts.go:170: Successfully fetched comments for post ID: 7, Comments: []
FORUM: 2025/01/30 12:49:23 getPosts.go:172: Appending post with ID: 7 to posts slice
FORUM: 2025/01/30 12:49:23 getPosts.go:152: Scanning row for post...
FORUM: 2025/01/30 12:49:23 getPosts.go:159: -3135 seconds ago
FORUM: 2025/01/30 12:49:23 getPosts.go:160: Successfully scanned post with ID: 6
FORUM: 2025/01/30 12:49:23 getPosts.go:163: Fetching comments for post ID: 6
FORUM: 2025/01/30 12:49:23 getPosts.go:170: Successfully fetched comments for post ID: 6, Comments: []
FORUM: 2025/01/30 12:49:23 getPosts.go:172: Appending post with ID: 6 to posts slice
FORUM: 2025/01/30 12:49:23 getPosts.go:152: Scanning row for post...
FORUM: 2025/01/30 12:49:23 getPosts.go:159: -3130 seconds ago
FORUM: 2025/01/30 12:49:23 getPosts.go:160: Successfully scanned post with ID: 5
FORUM: 2025/01/30 12:49:23 getPosts.go:163: Fetching comments for post ID: 5
FORUM: 2025/01/30 12:49:23 getPosts.go:170: Successfully fetched comments for post ID: 5, Comments: []
FORUM: 2025/01/30 12:49:23 getPosts.go:172: Appending post with ID: 5 to posts slice
FORUM: 2025/01/30 12:49:23 getPosts.go:152: Scanning row for post...
FORUM: 2025/01/30 12:49:23 getPosts.go:159: -3126 seconds ago
FORUM: 2025/01/30 12:49:23 getPosts.go:160: Successfully scanned post with ID: 4
FORUM: 2025/01/30 12:49:23 getPosts.go:163: Fetching comments for post ID: 4
FORUM: 2025/01/30 12:49:23 getPosts.go:170: Successfully fetched comments for post ID: 4, Comments: []
FORUM: 2025/01/30 12:49:23 getPosts.go:172: Appending post with ID: 4 to posts slice
FORUM: 2025/01/30 12:49:23 getPosts.go:152: Scanning row for post...
FORUM: 2025/01/30 12:49:23 getPosts.go:159: -3122 seconds ago
FORUM: 2025/01/30 12:49:23 getPosts.go:160: Successfully scanned post with ID: 3
FORUM: 2025/01/30 12:49:23 getPosts.go:163: Fetching comments for post ID: 3
FORUM: 2025/01/30 12:49:23 getPosts.go:170: Successfully fetched comments for post ID: 3, Comments: []
FORUM: 2025/01/30 12:49:23 getPosts.go:172: Appending post with ID: 3 to posts slice
FORUM: 2025/01/30 12:49:23 getPosts.go:152: Scanning row for post...
FORUM: 2025/01/30 12:49:23 getPosts.go:159: -3117 seconds ago
FORUM: 2025/01/30 12:49:23 getPosts.go:160: Successfully scanned post with ID: 2
FORUM: 2025/01/30 12:49:23 getPosts.go:163: Fetching comments for post ID: 2
FORUM: 2025/01/30 12:49:23 getPosts.go:170: Successfully fetched comments for post ID: 2, Comments: []
FORUM: 2025/01/30 12:49:23 getPosts.go:172: Appending post with ID: 2 to posts slice
FORUM: 2025/01/30 12:49:23 getPosts.go:152: Scanning row for post...
FORUM: 2025/01/30 12:49:23 getPosts.go:159: -2965 seconds ago
FORUM: 2025/01/30 12:49:23 getPosts.go:160: Successfully scanned post with ID: 1
FORUM: 2025/01/30 12:49:23 getPosts.go:163: Fetching comments for post ID: 1
FORUM: 2025/01/30 12:49:23 getPosts.go:170: Successfully fetched comments for post ID: 1, Comments: []
FORUM: 2025/01/30 12:49:23 getPosts.go:172: Appending post with ID: 1 to posts slice
FORUM: 2025/01/30 12:49:23 getPosts.go:182: Finished processing rows. Total posts fetched: 7
FORUM: 2025/01/30 12:49:23 getPosts.go:78: Number of posts returned: 7
FORUM: 2025/01/30 12:49:23 homeHandler.go:13: Handling request for Home page
FORUM: 2025/01/30 12:49:23 homeHandler.go:21: Checking for session token
FORUM: 2025/01/30 12:49:23 homeHandler.go:30: Session token found, verifying...
FORUM: 2025/01/30 12:49:23 session.go:38: SessionCheck: Session is valid for token: 0194b701-8e70-70bb-9d9f-1d450f7e3b32
FORUM: 2025/01/30 12:49:23 homeHandler.go:47: User is logged in: {true aaa false}
FORUM: 2025/01/30 12:49:23 homeHandler.go:48: User successfully logged in: aaa
FORUM: 2025/01/30 12:49:23 homeHandler.go:54: Setting cookie: session_token = 0194b701-8e70-70bb-9d9f-1d450f7e3b32
FORUM: 2025/01/30 12:49:23 rateLimiter.go:36: IP:  ::1  Exceed the request limit!!
