FORUM: 2025/01/29 13:18:53 logs.go:25: Logger created successfully
FORUM: 2025/01/29 13:18:53 parseTemplates.go:12: Attempting to parse templates with pattern:  ./templates/*.html
FORUM: 2025/01/29 13:18:53 parseTemplates.go:24: Templates loaded successfully
FORUM: 2025/01/29 13:19:00 homeHandler.go:13: Handling request for Home page
FORUM: 2025/01/29 13:19:00 homeHandler.go:21: Checking for session token
FORUM: 2025/01/29 13:19:00 homeHandler.go:30: Session token found, verifying...
FORUM: 2025/01/29 13:19:00 session.go:38: SessionCheck: Session is valid for token: 0194b1b5-a2ca-7eee-81d0-5c9a33dca617
FORUM: 2025/01/29 13:19:00 homeHandler.go:47: User is logged in: {true aaa false}
FORUM: 2025/01/29 13:19:00 homeHandler.go:48: User successfully logged in: aaa
FORUM: 2025/01/29 13:19:00 homeHandler.go:54: Setting cookie: session_token = 0194b1b5-a2ca-7eee-81d0-5c9a33dca617
FORUM: 2025/01/29 13:19:00 getPosts.go:23: Request URL Path: /api/posts
FORUM: 2025/01/29 13:19:00 getPosts.go:55: Fetching posts for page 1
FORUM: 2025/01/29 13:19:00 getPosts.go:133: Executing query: SELECT username, id, title, content, Categories, created_at, likes, dislikes 
              FROM posts 
              ORDER BY created_at DESC 
              LIMIT ? OFFSET ? with limit 10 and offset 0
FORUM: 2025/01/29 13:19:00 getPosts.go:146: Starting to process rows...
FORUM: 2025/01/29 13:19:00 getPosts.go:151: Scanning row for post...
FORUM: 2025/01/29 13:19:00 getPosts.go:158: Successfully scanned post with ID: 9
FORUM: 2025/01/29 13:19:00 getPosts.go:161: Fetching comments for post ID: 9
FORUM: 2025/01/29 13:19:00 getPosts.go:168: Successfully fetched comments for post ID: 9, Comments: [{13 5gh4j5gh5jgh4j64gh6j46gh4j6g4hj64gh6j4g6hj46 aaa 0 2025-01-29T12:59:56Z 0 0} {12 ryutyujtyj654ty65j6gy6j4 aaa 0 2025-01-29T12:59:52Z 0 0} {11 fdfdfethtyjtuk aaa 0 2025-01-29T12:59:48Z 0 0} {10 dfdfdfff aaa 0 2025-01-29T12:59:47Z 0 0} {9 dffdfd aaa 0 2025-01-29T12:59:45Z 0 0} {1 gjtj aaa 0 2025-01-29T12:17:02Z 1 0}]
FORUM: 2025/01/29 13:19:00 getPosts.go:170: Appending post with ID: 9 to posts slice
FORUM: 2025/01/29 13:19:00 getPosts.go:151: Scanning row for post...
FORUM: 2025/01/29 13:19:00 getPosts.go:158: Successfully scanned post with ID: 8
FORUM: 2025/01/29 13:19:00 getPosts.go:161: Fetching comments for post ID: 8
FORUM: 2025/01/29 13:19:00 getPosts.go:168: Successfully fetched comments for post ID: 8, Comments: [{2 eerrr aaa 0 2025-01-29T12:24:56Z 0 0}]
FORUM: 2025/01/29 13:19:00 getPosts.go:170: Appending post with ID: 8 to posts slice
FORUM: 2025/01/29 13:19:00 getPosts.go:151: Scanning row for post...
FORUM: 2025/01/29 13:19:00 getPosts.go:158: Successfully scanned post with ID: 7
FORUM: 2025/01/29 13:19:00 getPosts.go:161: Fetching comments for post ID: 7
FORUM: 2025/01/29 13:19:00 getPosts.go:168: Successfully fetched comments for post ID: 7, Comments: [{4 xzzxxz aaa 0 2025-01-29T12:44:00Z 0 0}]
FORUM: 2025/01/29 13:19:00 getPosts.go:170: Appending post with ID: 7 to posts slice
FORUM: 2025/01/29 13:19:00 getPosts.go:151: Scanning row for post...
FORUM: 2025/01/29 13:19:00 getPosts.go:158: Successfully scanned post with ID: 6
FORUM: 2025/01/29 13:19:00 getPosts.go:161: Fetching comments for post ID: 6
FORUM: 2025/01/29 13:19:00 getPosts.go:168: Successfully fetched comments for post ID: 6, Comments: [{8 524gh5fg9h6fg6h4f6gh46f4gh64fgh64fg6h46fg4h6f4g aaa 0 2025-01-29T12:54:42Z 0 0} {7 utiuiiilkfdbfnghj2f3g46h4fg aaa 0 2025-01-29T12:54:38Z 0 0} {6 tyruyjhjhk aaa 0 2025-01-29T12:54:33Z 0 0} {5 dfgdfgdfg aaa 0 2025-01-29T12:54:30Z 0 0} {3 gdfgfggf aaa 0 2025-01-29T12:32:43Z 0 0}]
FORUM: 2025/01/29 13:19:00 getPosts.go:170: Appending post with ID: 6 to posts slice
FORUM: 2025/01/29 13:19:00 getPosts.go:151: Scanning row for post...
FORUM: 2025/01/29 13:19:00 getPosts.go:158: Successfully scanned post with ID: 5
FORUM: 2025/01/29 13:19:00 getPosts.go:161: Fetching comments for post ID: 5
FORUM: 2025/01/29 13:19:00 getPosts.go:168: Successfully fetched comments for post ID: 5, Comments: []
FORUM: 2025/01/29 13:19:00 getPosts.go:170: Appending post with ID: 5 to posts slice
FORUM: 2025/01/29 13:19:00 getPosts.go:151: Scanning row for post...
FORUM: 2025/01/29 13:19:00 getPosts.go:158: Successfully scanned post with ID: 4
FORUM: 2025/01/29 13:19:00 getPosts.go:161: Fetching comments for post ID: 4
FORUM: 2025/01/29 13:19:00 getPosts.go:168: Successfully fetched comments for post ID: 4, Comments: []
FORUM: 2025/01/29 13:19:00 getPosts.go:170: Appending post with ID: 4 to posts slice
FORUM: 2025/01/29 13:19:00 getPosts.go:151: Scanning row for post...
FORUM: 2025/01/29 13:19:00 getPosts.go:158: Successfully scanned post with ID: 3
FORUM: 2025/01/29 13:19:00 getPosts.go:161: Fetching comments for post ID: 3
FORUM: 2025/01/29 13:19:00 getPosts.go:168: Successfully fetched comments for post ID: 3, Comments: []
FORUM: 2025/01/29 13:19:00 getPosts.go:170: Appending post with ID: 3 to posts slice
FORUM: 2025/01/29 13:19:00 getPosts.go:151: Scanning row for post...
FORUM: 2025/01/29 13:19:00 getPosts.go:158: Successfully scanned post with ID: 2
FORUM: 2025/01/29 13:19:00 getPosts.go:161: Fetching comments for post ID: 2
FORUM: 2025/01/29 13:19:00 getPosts.go:168: Successfully fetched comments for post ID: 2, Comments: []
FORUM: 2025/01/29 13:19:00 getPosts.go:170: Appending post with ID: 2 to posts slice
FORUM: 2025/01/29 13:19:00 getPosts.go:180: Finished processing rows. Total posts fetched: 8
FORUM: 2025/01/29 13:19:00 getPosts.go:77: Number of posts returned: 8
FORUM: 2025/01/29 13:19:04 homeHandler.go:13: Handling request for Home page
FORUM: 2025/01/29 13:19:04 homeHandler.go:21: Checking for session token
FORUM: 2025/01/29 13:19:04 homeHandler.go:30: Session token found, verifying...
FORUM: 2025/01/29 13:19:04 session.go:38: SessionCheck: Session is valid for token: 0194b1b5-a2ca-7eee-81d0-5c9a33dca617
FORUM: 2025/01/29 13:19:04 homeHandler.go:47: User is logged in: {true aaa false}
FORUM: 2025/01/29 13:19:04 homeHandler.go:48: User successfully logged in: aaa
FORUM: 2025/01/29 13:19:04 homeHandler.go:54: Setting cookie: session_token = 0194b1b5-a2ca-7eee-81d0-5c9a33dca617
FORUM: 2025/01/29 13:19:04 getPosts.go:23: Request URL Path: /api/posts
FORUM: 2025/01/29 13:19:04 getPosts.go:55: Fetching posts for page 1
FORUM: 2025/01/29 13:19:04 getPosts.go:133: Executing query: SELECT username, id, title, content, Categories, created_at, likes, dislikes 
              FROM posts 
              ORDER BY created_at DESC 
              LIMIT ? OFFSET ? with limit 10 and offset 0
FORUM: 2025/01/29 13:19:04 getPosts.go:146: Starting to process rows...
FORUM: 2025/01/29 13:19:04 getPosts.go:151: Scanning row for post...
FORUM: 2025/01/29 13:19:04 getPosts.go:158: Successfully scanned post with ID: 9
FORUM: 2025/01/29 13:19:04 getPosts.go:161: Fetching comments for post ID: 9
FORUM: 2025/01/29 13:19:04 getPosts.go:168: Successfully fetched comments for post ID: 9, Comments: [{13 5gh4j5gh5jgh4j64gh6j46gh4j6g4hj64gh6j4g6hj46 aaa 0 2025-01-29T12:59:56Z 0 0} {12 ryutyujtyj654ty65j6gy6j4 aaa 0 2025-01-29T12:59:52Z 0 0} {11 fdfdfethtyjtuk aaa 0 2025-01-29T12:59:48Z 0 0} {10 dfdfdfff aaa 0 2025-01-29T12:59:47Z 0 0} {9 dffdfd aaa 0 2025-01-29T12:59:45Z 0 0} {1 gjtj aaa 0 2025-01-29T12:17:02Z 1 0}]
FORUM: 2025/01/29 13:19:04 getPosts.go:170: Appending post with ID: 9 to posts slice
FORUM: 2025/01/29 13:19:04 getPosts.go:151: Scanning row for post...
FORUM: 2025/01/29 13:19:04 getPosts.go:158: Successfully scanned post with ID: 8
FORUM: 2025/01/29 13:19:04 getPosts.go:161: Fetching comments for post ID: 8
FORUM: 2025/01/29 13:19:04 getPosts.go:168: Successfully fetched comments for post ID: 8, Comments: [{2 eerrr aaa 0 2025-01-29T12:24:56Z 0 0}]
FORUM: 2025/01/29 13:19:04 getPosts.go:170: Appending post with ID: 8 to posts slice
FORUM: 2025/01/29 13:19:04 getPosts.go:151: Scanning row for post...
FORUM: 2025/01/29 13:19:04 getPosts.go:158: Successfully scanned post with ID: 7
FORUM: 2025/01/29 13:19:04 getPosts.go:161: Fetching comments for post ID: 7
FORUM: 2025/01/29 13:19:04 getPosts.go:168: Successfully fetched comments for post ID: 7, Comments: [{4 xzzxxz aaa 0 2025-01-29T12:44:00Z 0 0}]
FORUM: 2025/01/29 13:19:04 getPosts.go:170: Appending post with ID: 7 to posts slice
FORUM: 2025/01/29 13:19:04 getPosts.go:151: Scanning row for post...
FORUM: 2025/01/29 13:19:04 getPosts.go:158: Successfully scanned post with ID: 6
FORUM: 2025/01/29 13:19:04 getPosts.go:161: Fetching comments for post ID: 6
FORUM: 2025/01/29 13:19:04 getPosts.go:168: Successfully fetched comments for post ID: 6, Comments: [{8 524gh5fg9h6fg6h4f6gh46f4gh64fgh64fg6h46fg4h6f4g aaa 0 2025-01-29T12:54:42Z 0 0} {7 utiuiiilkfdbfnghj2f3g46h4fg aaa 0 2025-01-29T12:54:38Z 0 0} {6 tyruyjhjhk aaa 0 2025-01-29T12:54:33Z 0 0} {5 dfgdfgdfg aaa 0 2025-01-29T12:54:30Z 0 0} {3 gdfgfggf aaa 0 2025-01-29T12:32:43Z 0 0}]
FORUM: 2025/01/29 13:19:04 getPosts.go:170: Appending post with ID: 6 to posts slice
FORUM: 2025/01/29 13:19:04 getPosts.go:151: Scanning row for post...
FORUM: 2025/01/29 13:19:04 getPosts.go:158: Successfully scanned post with ID: 5
FORUM: 2025/01/29 13:19:04 getPosts.go:161: Fetching comments for post ID: 5
FORUM: 2025/01/29 13:19:04 getPosts.go:168: Successfully fetched comments for post ID: 5, Comments: []
FORUM: 2025/01/29 13:19:04 getPosts.go:170: Appending post with ID: 5 to posts slice
FORUM: 2025/01/29 13:19:04 getPosts.go:151: Scanning row for post...
FORUM: 2025/01/29 13:19:04 getPosts.go:158: Successfully scanned post with ID: 4
FORUM: 2025/01/29 13:19:04 getPosts.go:161: Fetching comments for post ID: 4
FORUM: 2025/01/29 13:19:04 getPosts.go:168: Successfully fetched comments for post ID: 4, Comments: []
FORUM: 2025/01/29 13:19:04 getPosts.go:170: Appending post with ID: 4 to posts slice
FORUM: 2025/01/29 13:19:04 getPosts.go:151: Scanning row for post...
FORUM: 2025/01/29 13:19:04 getPosts.go:158: Successfully scanned post with ID: 3
FORUM: 2025/01/29 13:19:04 getPosts.go:161: Fetching comments for post ID: 3
FORUM: 2025/01/29 13:19:04 getPosts.go:168: Successfully fetched comments for post ID: 3, Comments: []
FORUM: 2025/01/29 13:19:04 getPosts.go:170: Appending post with ID: 3 to posts slice
FORUM: 2025/01/29 13:19:04 getPosts.go:151: Scanning row for post...
FORUM: 2025/01/29 13:19:04 getPosts.go:158: Successfully scanned post with ID: 2
FORUM: 2025/01/29 13:19:04 getPosts.go:161: Fetching comments for post ID: 2
FORUM: 2025/01/29 13:19:04 getPosts.go:168: Successfully fetched comments for post ID: 2, Comments: []
FORUM: 2025/01/29 13:19:04 getPosts.go:170: Appending post with ID: 2 to posts slice
FORUM: 2025/01/29 13:19:04 getPosts.go:180: Finished processing rows. Total posts fetched: 8
FORUM: 2025/01/29 13:19:04 getPosts.go:77: Number of posts returned: 8
FORUM: 2025/01/29 13:19:05 homeHandler.go:13: Handling request for Home page
FORUM: 2025/01/29 13:19:05 homeHandler.go:21: Checking for session token
FORUM: 2025/01/29 13:19:05 homeHandler.go:30: Session token found, verifying...
FORUM: 2025/01/29 13:19:05 session.go:38: SessionCheck: Session is valid for token: 0194b1b5-a2ca-7eee-81d0-5c9a33dca617
FORUM: 2025/01/29 13:19:05 homeHandler.go:47: User is logged in: {true aaa false}
FORUM: 2025/01/29 13:19:05 homeHandler.go:48: User successfully logged in: aaa
FORUM: 2025/01/29 13:19:05 homeHandler.go:54: Setting cookie: session_token = 0194b1b5-a2ca-7eee-81d0-5c9a33dca617
FORUM: 2025/01/29 13:19:05 getPosts.go:23: Request URL Path: /api/posts
FORUM: 2025/01/29 13:19:05 getPosts.go:55: Fetching posts for page 1
FORUM: 2025/01/29 13:19:05 getPosts.go:133: Executing query: SELECT username, id, title, content, Categories, created_at, likes, dislikes 
              FROM posts 
              ORDER BY created_at DESC 
              LIMIT ? OFFSET ? with limit 10 and offset 0
FORUM: 2025/01/29 13:19:05 getPosts.go:146: Starting to process rows...
FORUM: 2025/01/29 13:19:05 getPosts.go:151: Scanning row for post...
FORUM: 2025/01/29 13:19:05 getPosts.go:158: Successfully scanned post with ID: 9
FORUM: 2025/01/29 13:19:05 getPosts.go:161: Fetching comments for post ID: 9
FORUM: 2025/01/29 13:19:05 getPosts.go:168: Successfully fetched comments for post ID: 9, Comments: [{13 5gh4j5gh5jgh4j64gh6j46gh4j6g4hj64gh6j4g6hj46 aaa 0 2025-01-29T12:59:56Z 0 0} {12 ryutyujtyj654ty65j6gy6j4 aaa 0 2025-01-29T12:59:52Z 0 0} {11 fdfdfethtyjtuk aaa 0 2025-01-29T12:59:48Z 0 0} {10 dfdfdfff aaa 0 2025-01-29T12:59:47Z 0 0} {9 dffdfd aaa 0 2025-01-29T12:59:45Z 0 0} {1 gjtj aaa 0 2025-01-29T12:17:02Z 1 0}]
FORUM: 2025/01/29 13:19:05 getPosts.go:170: Appending post with ID: 9 to posts slice
FORUM: 2025/01/29 13:19:05 getPosts.go:151: Scanning row for post...
FORUM: 2025/01/29 13:19:05 getPosts.go:158: Successfully scanned post with ID: 8
FORUM: 2025/01/29 13:19:05 getPosts.go:161: Fetching comments for post ID: 8
FORUM: 2025/01/29 13:19:05 getPosts.go:168: Successfully fetched comments for post ID: 8, Comments: [{2 eerrr aaa 0 2025-01-29T12:24:56Z 0 0}]
FORUM: 2025/01/29 13:19:05 getPosts.go:170: Appending post with ID: 8 to posts slice
FORUM: 2025/01/29 13:19:05 getPosts.go:151: Scanning row for post...
FORUM: 2025/01/29 13:19:05 getPosts.go:158: Successfully scanned post with ID: 7
FORUM: 2025/01/29 13:19:05 getPosts.go:161: Fetching comments for post ID: 7
FORUM: 2025/01/29 13:19:05 getPosts.go:168: Successfully fetched comments for post ID: 7, Comments: [{4 xzzxxz aaa 0 2025-01-29T12:44:00Z 0 0}]
FORUM: 2025/01/29 13:19:05 getPosts.go:170: Appending post with ID: 7 to posts slice
FORUM: 2025/01/29 13:19:05 getPosts.go:151: Scanning row for post...
FORUM: 2025/01/29 13:19:05 getPosts.go:158: Successfully scanned post with ID: 6
FORUM: 2025/01/29 13:19:05 getPosts.go:161: Fetching comments for post ID: 6
FORUM: 2025/01/29 13:19:05 getPosts.go:168: Successfully fetched comments for post ID: 6, Comments: [{8 524gh5fg9h6fg6h4f6gh46f4gh64fgh64fg6h46fg4h6f4g aaa 0 2025-01-29T12:54:42Z 0 0} {7 utiuiiilkfdbfnghj2f3g46h4fg aaa 0 2025-01-29T12:54:38Z 0 0} {6 tyruyjhjhk aaa 0 2025-01-29T12:54:33Z 0 0} {5 dfgdfgdfg aaa 0 2025-01-29T12:54:30Z 0 0} {3 gdfgfggf aaa 0 2025-01-29T12:32:43Z 0 0}]
FORUM: 2025/01/29 13:19:05 getPosts.go:170: Appending post with ID: 6 to posts slice
FORUM: 2025/01/29 13:19:05 getPosts.go:151: Scanning row for post...
FORUM: 2025/01/29 13:19:05 getPosts.go:158: Successfully scanned post with ID: 5
FORUM: 2025/01/29 13:19:05 getPosts.go:161: Fetching comments for post ID: 5
FORUM: 2025/01/29 13:19:05 getPosts.go:168: Successfully fetched comments for post ID: 5, Comments: []
FORUM: 2025/01/29 13:19:05 getPosts.go:170: Appending post with ID: 5 to posts slice
FORUM: 2025/01/29 13:19:05 getPosts.go:151: Scanning row for post...
FORUM: 2025/01/29 13:19:05 getPosts.go:158: Successfully scanned post with ID: 4
FORUM: 2025/01/29 13:19:05 getPosts.go:161: Fetching comments for post ID: 4
FORUM: 2025/01/29 13:19:05 getPosts.go:168: Successfully fetched comments for post ID: 4, Comments: []
FORUM: 2025/01/29 13:19:05 getPosts.go:170: Appending post with ID: 4 to posts slice
FORUM: 2025/01/29 13:19:05 getPosts.go:151: Scanning row for post...
FORUM: 2025/01/29 13:19:05 getPosts.go:158: Successfully scanned post with ID: 3
FORUM: 2025/01/29 13:19:05 getPosts.go:161: Fetching comments for post ID: 3
FORUM: 2025/01/29 13:19:05 getPosts.go:168: Successfully fetched comments for post ID: 3, Comments: []
FORUM: 2025/01/29 13:19:05 getPosts.go:170: Appending post with ID: 3 to posts slice
FORUM: 2025/01/29 13:19:05 getPosts.go:151: Scanning row for post...
FORUM: 2025/01/29 13:19:05 getPosts.go:158: Successfully scanned post with ID: 2
FORUM: 2025/01/29 13:19:05 getPosts.go:161: Fetching comments for post ID: 2
FORUM: 2025/01/29 13:19:05 getPosts.go:168: Successfully fetched comments for post ID: 2, Comments: []
FORUM: 2025/01/29 13:19:05 getPosts.go:170: Appending post with ID: 2 to posts slice
FORUM: 2025/01/29 13:19:05 getPosts.go:180: Finished processing rows. Total posts fetched: 8
FORUM: 2025/01/29 13:19:05 getPosts.go:77: Number of posts returned: 8
FORUM: 2025/01/29 13:19:05 homeHandler.go:13: Handling request for Home page
FORUM: 2025/01/29 13:19:05 homeHandler.go:21: Checking for session token
FORUM: 2025/01/29 13:19:05 homeHandler.go:30: Session token found, verifying...
FORUM: 2025/01/29 13:19:05 session.go:38: SessionCheck: Session is valid for token: 0194b1b5-a2ca-7eee-81d0-5c9a33dca617
FORUM: 2025/01/29 13:19:05 homeHandler.go:47: User is logged in: {true aaa false}
FORUM: 2025/01/29 13:19:05 homeHandler.go:48: User successfully logged in: aaa
FORUM: 2025/01/29 13:19:05 homeHandler.go:54: Setting cookie: session_token = 0194b1b5-a2ca-7eee-81d0-5c9a33dca617
FORUM: 2025/01/29 13:19:05 getPosts.go:23: Request URL Path: /api/posts
FORUM: 2025/01/29 13:19:05 getPosts.go:55: Fetching posts for page 1
FORUM: 2025/01/29 13:19:05 getPosts.go:133: Executing query: SELECT username, id, title, content, Categories, created_at, likes, dislikes 
              FROM posts 
              ORDER BY created_at DESC 
              LIMIT ? OFFSET ? with limit 10 and offset 0
FORUM: 2025/01/29 13:19:05 getPosts.go:146: Starting to process rows...
FORUM: 2025/01/29 13:19:05 getPosts.go:151: Scanning row for post...
FORUM: 2025/01/29 13:19:05 getPosts.go:158: Successfully scanned post with ID: 9
FORUM: 2025/01/29 13:19:05 getPosts.go:161: Fetching comments for post ID: 9
FORUM: 2025/01/29 13:19:05 getPosts.go:168: Successfully fetched comments for post ID: 9, Comments: [{13 5gh4j5gh5jgh4j64gh6j46gh4j6g4hj64gh6j4g6hj46 aaa 0 2025-01-29T12:59:56Z 0 0} {12 ryutyujtyj654ty65j6gy6j4 aaa 0 2025-01-29T12:59:52Z 0 0} {11 fdfdfethtyjtuk aaa 0 2025-01-29T12:59:48Z 0 0} {10 dfdfdfff aaa 0 2025-01-29T12:59:47Z 0 0} {9 dffdfd aaa 0 2025-01-29T12:59:45Z 0 0} {1 gjtj aaa 0 2025-01-29T12:17:02Z 1 0}]
FORUM: 2025/01/29 13:19:05 getPosts.go:170: Appending post with ID: 9 to posts slice
FORUM: 2025/01/29 13:19:05 getPosts.go:151: Scanning row for post...
FORUM: 2025/01/29 13:19:05 getPosts.go:158: Successfully scanned post with ID: 8
FORUM: 2025/01/29 13:19:05 getPosts.go:161: Fetching comments for post ID: 8
FORUM: 2025/01/29 13:19:05 getPosts.go:168: Successfully fetched comments for post ID: 8, Comments: [{2 eerrr aaa 0 2025-01-29T12:24:56Z 0 0}]
FORUM: 2025/01/29 13:19:05 getPosts.go:170: Appending post with ID: 8 to posts slice
FORUM: 2025/01/29 13:19:05 getPosts.go:151: Scanning row for post...
FORUM: 2025/01/29 13:19:05 getPosts.go:158: Successfully scanned post with ID: 7
FORUM: 2025/01/29 13:19:05 getPosts.go:161: Fetching comments for post ID: 7
FORUM: 2025/01/29 13:19:05 getPosts.go:168: Successfully fetched comments for post ID: 7, Comments: [{4 xzzxxz aaa 0 2025-01-29T12:44:00Z 0 0}]
FORUM: 2025/01/29 13:19:05 getPosts.go:170: Appending post with ID: 7 to posts slice
FORUM: 2025/01/29 13:19:05 getPosts.go:151: Scanning row for post...
FORUM: 2025/01/29 13:19:05 getPosts.go:158: Successfully scanned post with ID: 6
FORUM: 2025/01/29 13:19:05 getPosts.go:161: Fetching comments for post ID: 6
FORUM: 2025/01/29 13:19:05 getPosts.go:168: Successfully fetched comments for post ID: 6, Comments: [{8 524gh5fg9h6fg6h4f6gh46f4gh64fgh64fg6h46fg4h6f4g aaa 0 2025-01-29T12:54:42Z 0 0} {7 utiuiiilkfdbfnghj2f3g46h4fg aaa 0 2025-01-29T12:54:38Z 0 0} {6 tyruyjhjhk aaa 0 2025-01-29T12:54:33Z 0 0} {5 dfgdfgdfg aaa 0 2025-01-29T12:54:30Z 0 0} {3 gdfgfggf aaa 0 2025-01-29T12:32:43Z 0 0}]
FORUM: 2025/01/29 13:19:05 getPosts.go:170: Appending post with ID: 6 to posts slice
FORUM: 2025/01/29 13:19:05 getPosts.go:151: Scanning row for post...
FORUM: 2025/01/29 13:19:05 getPosts.go:158: Successfully scanned post with ID: 5
FORUM: 2025/01/29 13:19:05 getPosts.go:161: Fetching comments for post ID: 5
FORUM: 2025/01/29 13:19:05 getPosts.go:168: Successfully fetched comments for post ID: 5, Comments: []
FORUM: 2025/01/29 13:19:05 getPosts.go:170: Appending post with ID: 5 to posts slice
FORUM: 2025/01/29 13:19:05 getPosts.go:151: Scanning row for post...
FORUM: 2025/01/29 13:19:05 getPosts.go:158: Successfully scanned post with ID: 4
FORUM: 2025/01/29 13:19:05 getPosts.go:161: Fetching comments for post ID: 4
FORUM: 2025/01/29 13:19:05 getPosts.go:168: Successfully fetched comments for post ID: 4, Comments: []
FORUM: 2025/01/29 13:19:05 getPosts.go:170: Appending post with ID: 4 to posts slice
FORUM: 2025/01/29 13:19:05 getPosts.go:151: Scanning row for post...
FORUM: 2025/01/29 13:19:05 getPosts.go:158: Successfully scanned post with ID: 3
FORUM: 2025/01/29 13:19:05 getPosts.go:161: Fetching comments for post ID: 3
FORUM: 2025/01/29 13:19:05 getPosts.go:168: Successfully fetched comments for post ID: 3, Comments: []
FORUM: 2025/01/29 13:19:05 getPosts.go:170: Appending post with ID: 3 to posts slice
FORUM: 2025/01/29 13:19:05 getPosts.go:151: Scanning row for post...
FORUM: 2025/01/29 13:19:05 getPosts.go:158: Successfully scanned post with ID: 2
FORUM: 2025/01/29 13:19:05 getPosts.go:161: Fetching comments for post ID: 2
FORUM: 2025/01/29 13:19:05 getPosts.go:168: Successfully fetched comments for post ID: 2, Comments: []
FORUM: 2025/01/29 13:19:05 getPosts.go:170: Appending post with ID: 2 to posts slice
FORUM: 2025/01/29 13:19:05 getPosts.go:180: Finished processing rows. Total posts fetched: 8
FORUM: 2025/01/29 13:19:05 getPosts.go:77: Number of posts returned: 8
FORUM: 2025/01/29 13:19:06 homeHandler.go:13: Handling request for Home page
FORUM: 2025/01/29 13:19:06 homeHandler.go:21: Checking for session token
FORUM: 2025/01/29 13:19:06 homeHandler.go:30: Session token found, verifying...
FORUM: 2025/01/29 13:19:06 session.go:38: SessionCheck: Session is valid for token: 0194b1b5-a2ca-7eee-81d0-5c9a33dca617
FORUM: 2025/01/29 13:19:06 homeHandler.go:47: User is logged in: {true aaa false}
FORUM: 2025/01/29 13:19:06 homeHandler.go:48: User successfully logged in: aaa
FORUM: 2025/01/29 13:19:06 homeHandler.go:54: Setting cookie: session_token = 0194b1b5-a2ca-7eee-81d0-5c9a33dca617
FORUM: 2025/01/29 13:19:06 getPosts.go:23: Request URL Path: /api/posts
FORUM: 2025/01/29 13:19:06 getPosts.go:55: Fetching posts for page 1
FORUM: 2025/01/29 13:19:06 getPosts.go:133: Executing query: SELECT username, id, title, content, Categories, created_at, likes, dislikes 
              FROM posts 
              ORDER BY created_at DESC 
              LIMIT ? OFFSET ? with limit 10 and offset 0
FORUM: 2025/01/29 13:19:06 getPosts.go:146: Starting to process rows...
FORUM: 2025/01/29 13:19:06 getPosts.go:151: Scanning row for post...
FORUM: 2025/01/29 13:19:06 getPosts.go:158: Successfully scanned post with ID: 9
FORUM: 2025/01/29 13:19:06 getPosts.go:161: Fetching comments for post ID: 9
FORUM: 2025/01/29 13:19:06 getPosts.go:168: Successfully fetched comments for post ID: 9, Comments: [{13 5gh4j5gh5jgh4j64gh6j46gh4j6g4hj64gh6j4g6hj46 aaa 0 2025-01-29T12:59:56Z 0 0} {12 ryutyujtyj654ty65j6gy6j4 aaa 0 2025-01-29T12:59:52Z 0 0} {11 fdfdfethtyjtuk aaa 0 2025-01-29T12:59:48Z 0 0} {10 dfdfdfff aaa 0 2025-01-29T12:59:47Z 0 0} {9 dffdfd aaa 0 2025-01-29T12:59:45Z 0 0} {1 gjtj aaa 0 2025-01-29T12:17:02Z 1 0}]
FORUM: 2025/01/29 13:19:06 getPosts.go:170: Appending post with ID: 9 to posts slice
FORUM: 2025/01/29 13:19:06 getPosts.go:151: Scanning row for post...
FORUM: 2025/01/29 13:19:06 getPosts.go:158: Successfully scanned post with ID: 8
FORUM: 2025/01/29 13:19:06 getPosts.go:161: Fetching comments for post ID: 8
FORUM: 2025/01/29 13:19:06 getPosts.go:168: Successfully fetched comments for post ID: 8, Comments: [{2 eerrr aaa 0 2025-01-29T12:24:56Z 0 0}]
FORUM: 2025/01/29 13:19:06 getPosts.go:170: Appending post with ID: 8 to posts slice
FORUM: 2025/01/29 13:19:06 getPosts.go:151: Scanning row for post...
FORUM: 2025/01/29 13:19:06 getPosts.go:158: Successfully scanned post with ID: 7
FORUM: 2025/01/29 13:19:06 getPosts.go:161: Fetching comments for post ID: 7
FORUM: 2025/01/29 13:19:06 getPosts.go:168: Successfully fetched comments for post ID: 7, Comments: [{4 xzzxxz aaa 0 2025-01-29T12:44:00Z 0 0}]
FORUM: 2025/01/29 13:19:06 getPosts.go:170: Appending post with ID: 7 to posts slice
FORUM: 2025/01/29 13:19:06 getPosts.go:151: Scanning row for post...
FORUM: 2025/01/29 13:19:06 getPosts.go:158: Successfully scanned post with ID: 6
FORUM: 2025/01/29 13:19:06 getPosts.go:161: Fetching comments for post ID: 6
FORUM: 2025/01/29 13:19:06 getPosts.go:168: Successfully fetched comments for post ID: 6, Comments: [{8 524gh5fg9h6fg6h4f6gh46f4gh64fgh64fg6h46fg4h6f4g aaa 0 2025-01-29T12:54:42Z 0 0} {7 utiuiiilkfdbfnghj2f3g46h4fg aaa 0 2025-01-29T12:54:38Z 0 0} {6 tyruyjhjhk aaa 0 2025-01-29T12:54:33Z 0 0} {5 dfgdfgdfg aaa 0 2025-01-29T12:54:30Z 0 0} {3 gdfgfggf aaa 0 2025-01-29T12:32:43Z 0 0}]
FORUM: 2025/01/29 13:19:06 getPosts.go:170: Appending post with ID: 6 to posts slice
FORUM: 2025/01/29 13:19:06 getPosts.go:151: Scanning row for post...
FORUM: 2025/01/29 13:19:06 getPosts.go:158: Successfully scanned post with ID: 5
FORUM: 2025/01/29 13:19:06 getPosts.go:161: Fetching comments for post ID: 5
FORUM: 2025/01/29 13:19:06 getPosts.go:168: Successfully fetched comments for post ID: 5, Comments: []
FORUM: 2025/01/29 13:19:06 getPosts.go:170: Appending post with ID: 5 to posts slice
FORUM: 2025/01/29 13:19:06 getPosts.go:151: Scanning row for post...
FORUM: 2025/01/29 13:19:06 getPosts.go:158: Successfully scanned post with ID: 4
FORUM: 2025/01/29 13:19:06 getPosts.go:161: Fetching comments for post ID: 4
FORUM: 2025/01/29 13:19:06 getPosts.go:168: Successfully fetched comments for post ID: 4, Comments: []
FORUM: 2025/01/29 13:19:06 getPosts.go:170: Appending post with ID: 4 to posts slice
FORUM: 2025/01/29 13:19:06 getPosts.go:151: Scanning row for post...
FORUM: 2025/01/29 13:19:06 getPosts.go:158: Successfully scanned post with ID: 3
FORUM: 2025/01/29 13:19:06 getPosts.go:161: Fetching comments for post ID: 3
FORUM: 2025/01/29 13:19:06 getPosts.go:168: Successfully fetched comments for post ID: 3, Comments: []
FORUM: 2025/01/29 13:19:06 getPosts.go:170: Appending post with ID: 3 to posts slice
FORUM: 2025/01/29 13:19:06 getPosts.go:151: Scanning row for post...
FORUM: 2025/01/29 13:19:06 getPosts.go:158: Successfully scanned post with ID: 2
FORUM: 2025/01/29 13:19:06 getPosts.go:161: Fetching comments for post ID: 2
FORUM: 2025/01/29 13:19:06 getPosts.go:168: Successfully fetched comments for post ID: 2, Comments: []
FORUM: 2025/01/29 13:19:06 getPosts.go:170: Appending post with ID: 2 to posts slice
FORUM: 2025/01/29 13:19:06 getPosts.go:180: Finished processing rows. Total posts fetched: 8
FORUM: 2025/01/29 13:19:06 getPosts.go:77: Number of posts returned: 8
FORUM: 2025/01/29 13:19:07 getPosts.go:23: Request URL Path: /api/posts/created
FORUM: 2025/01/29 13:19:07 getPosts.go:27: Requested Page: created
FORUM: 2025/01/29 13:19:07 fetch_Created_Posts.go:18: Fetching posts created by user 'aaa'. Executing query: 
		SELECT username, id, title, content, Categories, created_at, likes, dislikes
		FROM posts
		WHERE username = ?
		ORDER BY created_at DESC
	
FORUM: 2025/01/29 13:19:07 getPosts.go:146: Starting to process rows...
FORUM: 2025/01/29 13:19:07 getPosts.go:151: Scanning row for post...
FORUM: 2025/01/29 13:19:07 getPosts.go:158: Successfully scanned post with ID: 9
FORUM: 2025/01/29 13:19:07 getPosts.go:161: Fetching comments for post ID: 9
FORUM: 2025/01/29 13:19:07 getPosts.go:168: Successfully fetched comments for post ID: 9, Comments: [{13 5gh4j5gh5jgh4j64gh6j46gh4j6g4hj64gh6j4g6hj46 aaa 0 2025-01-29T12:59:56Z 0 0} {12 ryutyujtyj654ty65j6gy6j4 aaa 0 2025-01-29T12:59:52Z 0 0} {11 fdfdfethtyjtuk aaa 0 2025-01-29T12:59:48Z 0 0} {10 dfdfdfff aaa 0 2025-01-29T12:59:47Z 0 0} {9 dffdfd aaa 0 2025-01-29T12:59:45Z 0 0} {1 gjtj aaa 0 2025-01-29T12:17:02Z 1 0}]
FORUM: 2025/01/29 13:19:07 getPosts.go:170: Appending post with ID: 9 to posts slice
FORUM: 2025/01/29 13:19:07 getPosts.go:151: Scanning row for post...
FORUM: 2025/01/29 13:19:07 getPosts.go:158: Successfully scanned post with ID: 8
FORUM: 2025/01/29 13:19:07 getPosts.go:161: Fetching comments for post ID: 8
FORUM: 2025/01/29 13:19:07 getPosts.go:168: Successfully fetched comments for post ID: 8, Comments: [{2 eerrr aaa 0 2025-01-29T12:24:56Z 0 0}]
FORUM: 2025/01/29 13:19:07 getPosts.go:170: Appending post with ID: 8 to posts slice
FORUM: 2025/01/29 13:19:07 getPosts.go:151: Scanning row for post...
FORUM: 2025/01/29 13:19:07 getPosts.go:158: Successfully scanned post with ID: 7
FORUM: 2025/01/29 13:19:07 getPosts.go:161: Fetching comments for post ID: 7
FORUM: 2025/01/29 13:19:07 getPosts.go:168: Successfully fetched comments for post ID: 7, Comments: [{4 xzzxxz aaa 0 2025-01-29T12:44:00Z 0 0}]
FORUM: 2025/01/29 13:19:07 getPosts.go:170: Appending post with ID: 7 to posts slice
FORUM: 2025/01/29 13:19:07 getPosts.go:151: Scanning row for post...
FORUM: 2025/01/29 13:19:07 getPosts.go:158: Successfully scanned post with ID: 6
FORUM: 2025/01/29 13:19:07 getPosts.go:161: Fetching comments for post ID: 6
FORUM: 2025/01/29 13:19:07 getPosts.go:168: Successfully fetched comments for post ID: 6, Comments: [{8 524gh5fg9h6fg6h4f6gh46f4gh64fgh64fg6h46fg4h6f4g aaa 0 2025-01-29T12:54:42Z 0 0} {7 utiuiiilkfdbfnghj2f3g46h4fg aaa 0 2025-01-29T12:54:38Z 0 0} {6 tyruyjhjhk aaa 0 2025-01-29T12:54:33Z 0 0} {5 dfgdfgdfg aaa 0 2025-01-29T12:54:30Z 0 0} {3 gdfgfggf aaa 0 2025-01-29T12:32:43Z 0 0}]
FORUM: 2025/01/29 13:19:07 getPosts.go:170: Appending post with ID: 6 to posts slice
FORUM: 2025/01/29 13:19:07 getPosts.go:151: Scanning row for post...
FORUM: 2025/01/29 13:19:07 getPosts.go:158: Successfully scanned post with ID: 5
FORUM: 2025/01/29 13:19:07 getPosts.go:161: Fetching comments for post ID: 5
FORUM: 2025/01/29 13:19:07 getPosts.go:168: Successfully fetched comments for post ID: 5, Comments: []
FORUM: 2025/01/29 13:19:07 getPosts.go:170: Appending post with ID: 5 to posts slice
FORUM: 2025/01/29 13:19:07 getPosts.go:151: Scanning row for post...
FORUM: 2025/01/29 13:19:07 getPosts.go:158: Successfully scanned post with ID: 4
FORUM: 2025/01/29 13:19:07 getPosts.go:161: Fetching comments for post ID: 4
FORUM: 2025/01/29 13:19:07 getPosts.go:168: Successfully fetched comments for post ID: 4, Comments: []
FORUM: 2025/01/29 13:19:07 getPosts.go:170: Appending post with ID: 4 to posts slice
FORUM: 2025/01/29 13:19:07 getPosts.go:151: Scanning row for post...
FORUM: 2025/01/29 13:19:07 getPosts.go:158: Successfully scanned post with ID: 3
FORUM: 2025/01/29 13:19:07 getPosts.go:161: Fetching comments for post ID: 3
FORUM: 2025/01/29 13:19:07 getPosts.go:168: Successfully fetched comments for post ID: 3, Comments: []
FORUM: 2025/01/29 13:19:07 getPosts.go:170: Appending post with ID: 3 to posts slice
FORUM: 2025/01/29 13:19:07 getPosts.go:151: Scanning row for post...
FORUM: 2025/01/29 13:19:07 getPosts.go:158: Successfully scanned post with ID: 2
FORUM: 2025/01/29 13:19:07 getPosts.go:161: Fetching comments for post ID: 2
FORUM: 2025/01/29 13:19:07 getPosts.go:168: Successfully fetched comments for post ID: 2, Comments: []
FORUM: 2025/01/29 13:19:07 getPosts.go:170: Appending post with ID: 2 to posts slice
FORUM: 2025/01/29 13:19:07 getPosts.go:180: Finished processing rows. Total posts fetched: 8
FORUM: 2025/01/29 13:19:07 fetch_Created_Posts.go:29: Successfully fetched posts created by user 'aaa'
FORUM: 2025/01/29 13:19:07 getPosts.go:77: Number of posts returned: 8
FORUM: 2025/01/29 13:19:08 rateLimiter.go:36: IP:  ::1  Exceed the request limit!!
FORUM: 2025/01/29 13:19:08 rateLimiter.go:36: IP:  ::1  Exceed the request limit!!
FORUM: 2025/01/29 13:19:09 rateLimiter.go:36: IP:  ::1  Exceed the request limit!!
FORUM: 2025/01/29 13:21:05 getPosts.go:23: Request URL Path: /api/posts/created
FORUM: 2025/01/29 13:21:05 getPosts.go:27: Requested Page: created
FORUM: 2025/01/29 13:21:05 fetch_Created_Posts.go:18: Fetching posts created by user 'aaa'. Executing query: 
		SELECT username, id, title, content, Categories, created_at, likes, dislikes
		FROM posts
		WHERE username = ?
		ORDER BY created_at DESC
	
FORUM: 2025/01/29 13:21:05 getPosts.go:146: Starting to process rows...
FORUM: 2025/01/29 13:21:05 getPosts.go:151: Scanning row for post...
FORUM: 2025/01/29 13:21:05 getPosts.go:158: Successfully scanned post with ID: 9
FORUM: 2025/01/29 13:21:05 getPosts.go:161: Fetching comments for post ID: 9
FORUM: 2025/01/29 13:21:05 getPosts.go:168: Successfully fetched comments for post ID: 9, Comments: [{13 5gh4j5gh5jgh4j64gh6j46gh4j6g4hj64gh6j4g6hj46 aaa 0 2025-01-29T12:59:56Z 0 0} {12 ryutyujtyj654ty65j6gy6j4 aaa 0 2025-01-29T12:59:52Z 0 0} {11 fdfdfethtyjtuk aaa 0 2025-01-29T12:59:48Z 0 0} {10 dfdfdfff aaa 0 2025-01-29T12:59:47Z 0 0} {9 dffdfd aaa 0 2025-01-29T12:59:45Z 0 0} {1 gjtj aaa 0 2025-01-29T12:17:02Z 1 0}]
FORUM: 2025/01/29 13:21:05 getPosts.go:170: Appending post with ID: 9 to posts slice
FORUM: 2025/01/29 13:21:05 getPosts.go:151: Scanning row for post...
FORUM: 2025/01/29 13:21:05 getPosts.go:158: Successfully scanned post with ID: 8
FORUM: 2025/01/29 13:21:05 getPosts.go:161: Fetching comments for post ID: 8
FORUM: 2025/01/29 13:21:05 getPosts.go:168: Successfully fetched comments for post ID: 8, Comments: [{2 eerrr aaa 0 2025-01-29T12:24:56Z 0 0}]
FORUM: 2025/01/29 13:21:05 getPosts.go:170: Appending post with ID: 8 to posts slice
FORUM: 2025/01/29 13:21:05 getPosts.go:151: Scanning row for post...
FORUM: 2025/01/29 13:21:05 getPosts.go:158: Successfully scanned post with ID: 7
FORUM: 2025/01/29 13:21:05 getPosts.go:161: Fetching comments for post ID: 7
FORUM: 2025/01/29 13:21:05 getPosts.go:168: Successfully fetched comments for post ID: 7, Comments: [{4 xzzxxz aaa 0 2025-01-29T12:44:00Z 0 0}]
FORUM: 2025/01/29 13:21:05 getPosts.go:170: Appending post with ID: 7 to posts slice
FORUM: 2025/01/29 13:21:05 getPosts.go:151: Scanning row for post...
FORUM: 2025/01/29 13:21:05 getPosts.go:158: Successfully scanned post with ID: 6
FORUM: 2025/01/29 13:21:05 getPosts.go:161: Fetching comments for post ID: 6
FORUM: 2025/01/29 13:21:05 getPosts.go:168: Successfully fetched comments for post ID: 6, Comments: [{8 524gh5fg9h6fg6h4f6gh46f4gh64fgh64fg6h46fg4h6f4g aaa 0 2025-01-29T12:54:42Z 0 0} {7 utiuiiilkfdbfnghj2f3g46h4fg aaa 0 2025-01-29T12:54:38Z 0 0} {6 tyruyjhjhk aaa 0 2025-01-29T12:54:33Z 0 0} {5 dfgdfgdfg aaa 0 2025-01-29T12:54:30Z 0 0} {3 gdfgfggf aaa 0 2025-01-29T12:32:43Z 0 0}]
FORUM: 2025/01/29 13:21:05 getPosts.go:170: Appending post with ID: 6 to posts slice
FORUM: 2025/01/29 13:21:05 getPosts.go:151: Scanning row for post...
FORUM: 2025/01/29 13:21:05 getPosts.go:158: Successfully scanned post with ID: 5
FORUM: 2025/01/29 13:21:05 getPosts.go:161: Fetching comments for post ID: 5
FORUM: 2025/01/29 13:21:05 getPosts.go:168: Successfully fetched comments for post ID: 5, Comments: []
FORUM: 2025/01/29 13:21:05 getPosts.go:170: Appending post with ID: 5 to posts slice
FORUM: 2025/01/29 13:21:05 getPosts.go:151: Scanning row for post...
FORUM: 2025/01/29 13:21:05 getPosts.go:158: Successfully scanned post with ID: 4
FORUM: 2025/01/29 13:21:05 getPosts.go:161: Fetching comments for post ID: 4
FORUM: 2025/01/29 13:21:05 getPosts.go:168: Successfully fetched comments for post ID: 4, Comments: []
FORUM: 2025/01/29 13:21:05 getPosts.go:170: Appending post with ID: 4 to posts slice
FORUM: 2025/01/29 13:21:05 getPosts.go:151: Scanning row for post...
FORUM: 2025/01/29 13:21:05 getPosts.go:158: Successfully scanned post with ID: 3
FORUM: 2025/01/29 13:21:05 getPosts.go:161: Fetching comments for post ID: 3
FORUM: 2025/01/29 13:21:05 getPosts.go:168: Successfully fetched comments for post ID: 3, Comments: []
FORUM: 2025/01/29 13:21:05 getPosts.go:170: Appending post with ID: 3 to posts slice
FORUM: 2025/01/29 13:21:05 getPosts.go:151: Scanning row for post...
FORUM: 2025/01/29 13:21:05 getPosts.go:158: Successfully scanned post with ID: 2
FORUM: 2025/01/29 13:21:05 getPosts.go:161: Fetching comments for post ID: 2
FORUM: 2025/01/29 13:21:05 getPosts.go:168: Successfully fetched comments for post ID: 2, Comments: []
FORUM: 2025/01/29 13:21:05 getPosts.go:170: Appending post with ID: 2 to posts slice
FORUM: 2025/01/29 13:21:05 getPosts.go:180: Finished processing rows. Total posts fetched: 8
FORUM: 2025/01/29 13:21:05 fetch_Created_Posts.go:29: Successfully fetched posts created by user 'aaa'
FORUM: 2025/01/29 13:21:05 getPosts.go:77: Number of posts returned: 8
FORUM: 2025/01/29 13:21:07 getPosts.go:23: Request URL Path: /api/posts/liked
FORUM: 2025/01/29 13:21:07 getPosts.go:27: Requested Page: liked
FORUM: 2025/01/29 13:21:07 fetch_Created_Posts.go:48: Fetching posts liked by user 'aaa'. Executing query: 
		SELECT posts.username, 
    		posts.id AS post_id, 
    		posts.title, 
    		posts.content, 
    		posts.Categories, 
    		posts.created_at, 
    		posts.likes, 
    		posts.dislikes
		FROM posts
		JOIN user_interactions ON posts.id = user_interactions.item_id
		WHERE posts.username = ? AND user_interactions.item_type = "post" AND user_interactions.action = "like"
		ORDER BY posts.created_at DESC
	
FORUM: 2025/01/29 13:21:07 getPosts.go:146: Starting to process rows...
FORUM: 2025/01/29 13:21:07 getPosts.go:180: Finished processing rows. Total posts fetched: 0
FORUM: 2025/01/29 13:21:07 fetch_Created_Posts.go:59: Successfully fetched posts liked by user 'aaa'
FORUM: 2025/01/29 13:21:08 getPosts.go:23: Request URL Path: /api/posts/liked
FORUM: 2025/01/29 13:21:08 getPosts.go:27: Requested Page: liked
FORUM: 2025/01/29 13:21:08 fetch_Created_Posts.go:48: Fetching posts liked by user 'aaa'. Executing query: 
		SELECT posts.username, 
    		posts.id AS post_id, 
    		posts.title, 
    		posts.content, 
    		posts.Categories, 
    		posts.created_at, 
    		posts.likes, 
    		posts.dislikes
		FROM posts
		JOIN user_interactions ON posts.id = user_interactions.item_id
		WHERE posts.username = ? AND user_interactions.item_type = "post" AND user_interactions.action = "like"
		ORDER BY posts.created_at DESC
	
FORUM: 2025/01/29 13:21:08 getPosts.go:146: Starting to process rows...
FORUM: 2025/01/29 13:21:08 getPosts.go:180: Finished processing rows. Total posts fetched: 0
FORUM: 2025/01/29 13:21:08 fetch_Created_Posts.go:59: Successfully fetched posts liked by user 'aaa'
FORUM: 2025/01/29 13:21:10 getPosts.go:23: Request URL Path: /api/posts/liked
FORUM: 2025/01/29 13:21:10 getPosts.go:27: Requested Page: liked
FORUM: 2025/01/29 13:21:10 fetch_Created_Posts.go:48: Fetching posts liked by user 'aaa'. Executing query: 
		SELECT posts.username, 
    		posts.id AS post_id, 
    		posts.title, 
    		posts.content, 
    		posts.Categories, 
    		posts.created_at, 
    		posts.likes, 
    		posts.dislikes
		FROM posts
		JOIN user_interactions ON posts.id = user_interactions.item_id
		WHERE posts.username = ? AND user_interactions.item_type = "post" AND user_interactions.action = "like"
		ORDER BY posts.created_at DESC
	
FORUM: 2025/01/29 13:21:10 getPosts.go:146: Starting to process rows...
FORUM: 2025/01/29 13:21:10 getPosts.go:180: Finished processing rows. Total posts fetched: 0
FORUM: 2025/01/29 13:21:10 fetch_Created_Posts.go:59: Successfully fetched posts liked by user 'aaa'
FORUM: 2025/01/29 13:21:11 getPosts.go:23: Request URL Path: /api/posts/created
FORUM: 2025/01/29 13:21:11 getPosts.go:27: Requested Page: created
FORUM: 2025/01/29 13:21:11 fetch_Created_Posts.go:18: Fetching posts created by user 'aaa'. Executing query: 
		SELECT username, id, title, content, Categories, created_at, likes, dislikes
		FROM posts
		WHERE username = ?
		ORDER BY created_at DESC
	
FORUM: 2025/01/29 13:21:11 getPosts.go:146: Starting to process rows...
FORUM: 2025/01/29 13:21:11 getPosts.go:151: Scanning row for post...
FORUM: 2025/01/29 13:21:11 getPosts.go:158: Successfully scanned post with ID: 9
FORUM: 2025/01/29 13:21:11 getPosts.go:161: Fetching comments for post ID: 9
FORUM: 2025/01/29 13:21:11 getPosts.go:168: Successfully fetched comments for post ID: 9, Comments: [{13 5gh4j5gh5jgh4j64gh6j46gh4j6g4hj64gh6j4g6hj46 aaa 0 2025-01-29T12:59:56Z 0 0} {12 ryutyujtyj654ty65j6gy6j4 aaa 0 2025-01-29T12:59:52Z 0 0} {11 fdfdfethtyjtuk aaa 0 2025-01-29T12:59:48Z 0 0} {10 dfdfdfff aaa 0 2025-01-29T12:59:47Z 0 0} {9 dffdfd aaa 0 2025-01-29T12:59:45Z 0 0} {1 gjtj aaa 0 2025-01-29T12:17:02Z 1 0}]
FORUM: 2025/01/29 13:21:11 getPosts.go:170: Appending post with ID: 9 to posts slice
FORUM: 2025/01/29 13:21:11 getPosts.go:151: Scanning row for post...
FORUM: 2025/01/29 13:21:11 getPosts.go:158: Successfully scanned post with ID: 8
FORUM: 2025/01/29 13:21:11 getPosts.go:161: Fetching comments for post ID: 8
FORUM: 2025/01/29 13:21:11 getPosts.go:168: Successfully fetched comments for post ID: 8, Comments: [{2 eerrr aaa 0 2025-01-29T12:24:56Z 0 0}]
FORUM: 2025/01/29 13:21:11 getPosts.go:170: Appending post with ID: 8 to posts slice
FORUM: 2025/01/29 13:21:11 getPosts.go:151: Scanning row for post...
FORUM: 2025/01/29 13:21:11 getPosts.go:158: Successfully scanned post with ID: 7
FORUM: 2025/01/29 13:21:11 getPosts.go:161: Fetching comments for post ID: 7
FORUM: 2025/01/29 13:21:11 getPosts.go:168: Successfully fetched comments for post ID: 7, Comments: [{4 xzzxxz aaa 0 2025-01-29T12:44:00Z 0 0}]
FORUM: 2025/01/29 13:21:11 getPosts.go:170: Appending post with ID: 7 to posts slice
FORUM: 2025/01/29 13:21:11 getPosts.go:151: Scanning row for post...
FORUM: 2025/01/29 13:21:11 getPosts.go:158: Successfully scanned post with ID: 6
FORUM: 2025/01/29 13:21:11 getPosts.go:161: Fetching comments for post ID: 6
FORUM: 2025/01/29 13:21:11 getPosts.go:168: Successfully fetched comments for post ID: 6, Comments: [{8 524gh5fg9h6fg6h4f6gh46f4gh64fgh64fg6h46fg4h6f4g aaa 0 2025-01-29T12:54:42Z 0 0} {7 utiuiiilkfdbfnghj2f3g46h4fg aaa 0 2025-01-29T12:54:38Z 0 0} {6 tyruyjhjhk aaa 0 2025-01-29T12:54:33Z 0 0} {5 dfgdfgdfg aaa 0 2025-01-29T12:54:30Z 0 0} {3 gdfgfggf aaa 0 2025-01-29T12:32:43Z 0 0}]
FORUM: 2025/01/29 13:21:11 getPosts.go:170: Appending post with ID: 6 to posts slice
FORUM: 2025/01/29 13:21:11 getPosts.go:151: Scanning row for post...
FORUM: 2025/01/29 13:21:11 getPosts.go:158: Successfully scanned post with ID: 5
FORUM: 2025/01/29 13:21:11 getPosts.go:161: Fetching comments for post ID: 5
FORUM: 2025/01/29 13:21:11 getPosts.go:168: Successfully fetched comments for post ID: 5, Comments: []
FORUM: 2025/01/29 13:21:11 getPosts.go:170: Appending post with ID: 5 to posts slice
FORUM: 2025/01/29 13:21:11 getPosts.go:151: Scanning row for post...
FORUM: 2025/01/29 13:21:11 getPosts.go:158: Successfully scanned post with ID: 4
FORUM: 2025/01/29 13:21:11 getPosts.go:161: Fetching comments for post ID: 4
FORUM: 2025/01/29 13:21:11 getPosts.go:168: Successfully fetched comments for post ID: 4, Comments: []
FORUM: 2025/01/29 13:21:11 getPosts.go:170: Appending post with ID: 4 to posts slice
FORUM: 2025/01/29 13:21:11 getPosts.go:151: Scanning row for post...
FORUM: 2025/01/29 13:21:11 getPosts.go:158: Successfully scanned post with ID: 3
FORUM: 2025/01/29 13:21:11 getPosts.go:161: Fetching comments for post ID: 3
FORUM: 2025/01/29 13:21:11 getPosts.go:168: Successfully fetched comments for post ID: 3, Comments: []
FORUM: 2025/01/29 13:21:11 getPosts.go:170: Appending post with ID: 3 to posts slice
FORUM: 2025/01/29 13:21:11 getPosts.go:151: Scanning row for post...
FORUM: 2025/01/29 13:21:11 getPosts.go:158: Successfully scanned post with ID: 2
FORUM: 2025/01/29 13:21:11 getPosts.go:161: Fetching comments for post ID: 2
FORUM: 2025/01/29 13:21:11 getPosts.go:168: Successfully fetched comments for post ID: 2, Comments: []
FORUM: 2025/01/29 13:21:11 getPosts.go:170: Appending post with ID: 2 to posts slice
FORUM: 2025/01/29 13:21:11 getPosts.go:180: Finished processing rows. Total posts fetched: 8
FORUM: 2025/01/29 13:21:11 fetch_Created_Posts.go:29: Successfully fetched posts created by user 'aaa'
FORUM: 2025/01/29 13:21:11 getPosts.go:77: Number of posts returned: 8
FORUM: 2025/01/29 13:21:13 rateLimiter.go:36: IP:  ::1  Exceed the request limit!!
FORUM: 2025/01/29 13:21:13 getPosts.go:23: Request URL Path: /api/posts/1
FORUM: 2025/01/29 13:21:13 getPosts.go:27: Requested Page: 1
FORUM: 2025/01/29 13:21:17 getPosts.go:23: Request URL Path: /api/posts/1/categories=General
FORUM: 2025/01/29 13:21:17 getPosts.go:27: Requested Page: 1
FORUM: 2025/01/29 13:21:17 getPosts.go:40: Categories found in URL: [General]
FORUM: 2025/01/29 13:21:17 getPosts.go:44: Fetching posts by categories: [General] for page 1
FORUM: 2025/01/29 13:21:17 getPosts.go:89: Category Found: General
FORUM: 2025/01/29 13:21:17 getPosts.go:110: Params:  [%General% 10 0]
FORUM: 2025/01/29 13:21:17 getPosts.go:112: Executing query: 
		SELECT username, id, title, content, Categories, created_at, likes, dislikes 
		FROM posts 
		WHERE Categories LIKE ?
		ORDER BY created_at DESC 
		LIMIT ? OFFSET ? with categories: [General], limit: 10, offset: 0
FORUM: 2025/01/29 13:21:17 getPosts.go:146: Starting to process rows...
FORUM: 2025/01/29 13:21:17 getPosts.go:151: Scanning row for post...
FORUM: 2025/01/29 13:21:17 getPosts.go:158: Successfully scanned post with ID: 9
FORUM: 2025/01/29 13:21:17 getPosts.go:161: Fetching comments for post ID: 9
FORUM: 2025/01/29 13:21:17 getPosts.go:168: Successfully fetched comments for post ID: 9, Comments: [{13 5gh4j5gh5jgh4j64gh6j46gh4j6g4hj64gh6j4g6hj46 aaa 0 2025-01-29T12:59:56Z 0 0} {12 ryutyujtyj654ty65j6gy6j4 aaa 0 2025-01-29T12:59:52Z 0 0} {11 fdfdfethtyjtuk aaa 0 2025-01-29T12:59:48Z 0 0} {10 dfdfdfff aaa 0 2025-01-29T12:59:47Z 0 0} {9 dffdfd aaa 0 2025-01-29T12:59:45Z 0 0} {1 gjtj aaa 0 2025-01-29T12:17:02Z 1 0}]
FORUM: 2025/01/29 13:21:17 getPosts.go:170: Appending post with ID: 9 to posts slice
FORUM: 2025/01/29 13:21:17 getPosts.go:151: Scanning row for post...
FORUM: 2025/01/29 13:21:17 getPosts.go:158: Successfully scanned post with ID: 4
FORUM: 2025/01/29 13:21:17 getPosts.go:161: Fetching comments for post ID: 4
FORUM: 2025/01/29 13:21:17 getPosts.go:168: Successfully fetched comments for post ID: 4, Comments: []
FORUM: 2025/01/29 13:21:17 getPosts.go:170: Appending post with ID: 4 to posts slice
FORUM: 2025/01/29 13:21:17 getPosts.go:180: Finished processing rows. Total posts fetched: 2
FORUM: 2025/01/29 13:21:17 getPosts.go:77: Number of posts returned: 2
FORUM: 2025/01/29 13:21:19 getPosts.go:23: Request URL Path: /api/posts/1
FORUM: 2025/01/29 13:21:19 getPosts.go:27: Requested Page: 1
FORUM: 2025/01/29 13:21:33 homeHandler.go:13: Handling request for Home page
FORUM: 2025/01/29 13:21:33 homeHandler.go:21: Checking for session token
FORUM: 2025/01/29 13:21:33 homeHandler.go:30: Session token found, verifying...
FORUM: 2025/01/29 13:21:33 session.go:38: SessionCheck: Session is valid for token: 0194b1b5-a2ca-7eee-81d0-5c9a33dca617
FORUM: 2025/01/29 13:21:33 homeHandler.go:47: User is logged in: {true aaa false}
FORUM: 2025/01/29 13:21:33 homeHandler.go:48: User successfully logged in: aaa
FORUM: 2025/01/29 13:21:33 homeHandler.go:54: Setting cookie: session_token = 0194b1b5-a2ca-7eee-81d0-5c9a33dca617
FORUM: 2025/01/29 13:21:33 getPosts.go:23: Request URL Path: /api/posts
FORUM: 2025/01/29 13:21:33 getPosts.go:55: Fetching posts for page 1
FORUM: 2025/01/29 13:21:33 getPosts.go:133: Executing query: SELECT username, id, title, content, Categories, created_at, likes, dislikes 
              FROM posts 
              ORDER BY created_at DESC 
              LIMIT ? OFFSET ? with limit 10 and offset 0
FORUM: 2025/01/29 13:21:33 getPosts.go:146: Starting to process rows...
FORUM: 2025/01/29 13:21:33 getPosts.go:151: Scanning row for post...
FORUM: 2025/01/29 13:21:33 getPosts.go:158: Successfully scanned post with ID: 9
FORUM: 2025/01/29 13:21:33 getPosts.go:161: Fetching comments for post ID: 9
FORUM: 2025/01/29 13:21:33 getPosts.go:168: Successfully fetched comments for post ID: 9, Comments: [{13 5gh4j5gh5jgh4j64gh6j46gh4j6g4hj64gh6j4g6hj46 aaa 0 2025-01-29T12:59:56Z 0 0} {12 ryutyujtyj654ty65j6gy6j4 aaa 0 2025-01-29T12:59:52Z 0 0} {11 fdfdfethtyjtuk aaa 0 2025-01-29T12:59:48Z 0 0} {10 dfdfdfff aaa 0 2025-01-29T12:59:47Z 0 0} {9 dffdfd aaa 0 2025-01-29T12:59:45Z 0 0} {1 gjtj aaa 0 2025-01-29T12:17:02Z 1 0}]
FORUM: 2025/01/29 13:21:33 getPosts.go:170: Appending post with ID: 9 to posts slice
FORUM: 2025/01/29 13:21:33 getPosts.go:151: Scanning row for post...
FORUM: 2025/01/29 13:21:33 getPosts.go:158: Successfully scanned post with ID: 8
FORUM: 2025/01/29 13:21:33 getPosts.go:161: Fetching comments for post ID: 8
FORUM: 2025/01/29 13:21:33 getPosts.go:168: Successfully fetched comments for post ID: 8, Comments: [{2 eerrr aaa 0 2025-01-29T12:24:56Z 0 0}]
FORUM: 2025/01/29 13:21:33 getPosts.go:170: Appending post with ID: 8 to posts slice
FORUM: 2025/01/29 13:21:33 getPosts.go:151: Scanning row for post...
FORUM: 2025/01/29 13:21:33 getPosts.go:158: Successfully scanned post with ID: 7
FORUM: 2025/01/29 13:21:33 getPosts.go:161: Fetching comments for post ID: 7
FORUM: 2025/01/29 13:21:33 getPosts.go:168: Successfully fetched comments for post ID: 7, Comments: [{4 xzzxxz aaa 0 2025-01-29T12:44:00Z 0 0}]
FORUM: 2025/01/29 13:21:33 getPosts.go:170: Appending post with ID: 7 to posts slice
FORUM: 2025/01/29 13:21:33 getPosts.go:151: Scanning row for post...
FORUM: 2025/01/29 13:21:33 getPosts.go:158: Successfully scanned post with ID: 6
FORUM: 2025/01/29 13:21:33 getPosts.go:161: Fetching comments for post ID: 6
FORUM: 2025/01/29 13:21:33 getPosts.go:168: Successfully fetched comments for post ID: 6, Comments: [{8 524gh5fg9h6fg6h4f6gh46f4gh64fgh64fg6h46fg4h6f4g aaa 0 2025-01-29T12:54:42Z 0 0} {7 utiuiiilkfdbfnghj2f3g46h4fg aaa 0 2025-01-29T12:54:38Z 0 0} {6 tyruyjhjhk aaa 0 2025-01-29T12:54:33Z 0 0} {5 dfgdfgdfg aaa 0 2025-01-29T12:54:30Z 0 0} {3 gdfgfggf aaa 0 2025-01-29T12:32:43Z 0 0}]
FORUM: 2025/01/29 13:21:33 getPosts.go:170: Appending post with ID: 6 to posts slice
FORUM: 2025/01/29 13:21:33 getPosts.go:151: Scanning row for post...
FORUM: 2025/01/29 13:21:33 getPosts.go:158: Successfully scanned post with ID: 5
FORUM: 2025/01/29 13:21:33 getPosts.go:161: Fetching comments for post ID: 5
FORUM: 2025/01/29 13:21:33 getPosts.go:168: Successfully fetched comments for post ID: 5, Comments: []
FORUM: 2025/01/29 13:21:33 getPosts.go:170: Appending post with ID: 5 to posts slice
FORUM: 2025/01/29 13:21:33 getPosts.go:151: Scanning row for post...
FORUM: 2025/01/29 13:21:33 getPosts.go:158: Successfully scanned post with ID: 4
FORUM: 2025/01/29 13:21:33 getPosts.go:161: Fetching comments for post ID: 4
FORUM: 2025/01/29 13:21:33 getPosts.go:168: Successfully fetched comments for post ID: 4, Comments: []
FORUM: 2025/01/29 13:21:33 getPosts.go:170: Appending post with ID: 4 to posts slice
FORUM: 2025/01/29 13:21:33 getPosts.go:151: Scanning row for post...
FORUM: 2025/01/29 13:21:33 getPosts.go:158: Successfully scanned post with ID: 3
FORUM: 2025/01/29 13:21:33 getPosts.go:161: Fetching comments for post ID: 3
FORUM: 2025/01/29 13:21:33 getPosts.go:168: Successfully fetched comments for post ID: 3, Comments: []
FORUM: 2025/01/29 13:21:33 getPosts.go:170: Appending post with ID: 3 to posts slice
FORUM: 2025/01/29 13:21:33 getPosts.go:151: Scanning row for post...
FORUM: 2025/01/29 13:21:33 getPosts.go:158: Successfully scanned post with ID: 2
FORUM: 2025/01/29 13:21:33 getPosts.go:161: Fetching comments for post ID: 2
FORUM: 2025/01/29 13:21:33 getPosts.go:168: Successfully fetched comments for post ID: 2, Comments: []
FORUM: 2025/01/29 13:21:33 getPosts.go:170: Appending post with ID: 2 to posts slice
FORUM: 2025/01/29 13:21:33 getPosts.go:180: Finished processing rows. Total posts fetched: 8
FORUM: 2025/01/29 13:21:33 getPosts.go:77: Number of posts returned: 8
FORUM: 2025/01/29 13:21:55 getPosts.go:23: Request URL Path: /api/posts/2
FORUM: 2025/01/29 13:21:55 getPosts.go:27: Requested Page: 2
FORUM: 2025/01/29 13:21:56 getPosts.go:23: Request URL Path: /api/posts/3
FORUM: 2025/01/29 13:21:56 getPosts.go:27: Requested Page: 3
FORUM: 2025/01/29 13:21:59 getPosts.go:23: Request URL Path: /api/posts/4
FORUM: 2025/01/29 13:21:59 getPosts.go:27: Requested Page: 4
FORUM: 2025/01/29 13:22:00 getPosts.go:23: Request URL Path: /api/posts/5
FORUM: 2025/01/29 13:22:00 getPosts.go:27: Requested Page: 5
FORUM: 2025/01/29 13:22:01 getPosts.go:23: Request URL Path: /api/posts/6
FORUM: 2025/01/29 13:22:01 getPosts.go:27: Requested Page: 6
FORUM: 2025/01/29 13:22:01 rateLimiter.go:36: IP:  ::1  Exceed the request limit!!
FORUM: 2025/01/29 13:22:03 homeHandler.go:13: Handling request for Home page
FORUM: 2025/01/29 13:22:03 homeHandler.go:21: Checking for session token
FORUM: 2025/01/29 13:22:03 homeHandler.go:30: Session token found, verifying...
FORUM: 2025/01/29 13:22:03 session.go:38: SessionCheck: Session is valid for token: 0194b1b5-a2ca-7eee-81d0-5c9a33dca617
FORUM: 2025/01/29 13:22:03 homeHandler.go:47: User is logged in: {true aaa false}
FORUM: 2025/01/29 13:22:03 homeHandler.go:48: User successfully logged in: aaa
FORUM: 2025/01/29 13:22:03 homeHandler.go:54: Setting cookie: session_token = 0194b1b5-a2ca-7eee-81d0-5c9a33dca617
FORUM: 2025/01/29 13:22:04 getPosts.go:23: Request URL Path: /api/posts
FORUM: 2025/01/29 13:22:04 getPosts.go:55: Fetching posts for page 1
FORUM: 2025/01/29 13:22:04 getPosts.go:133: Executing query: SELECT username, id, title, content, Categories, created_at, likes, dislikes 
              FROM posts 
              ORDER BY created_at DESC 
              LIMIT ? OFFSET ? with limit 10 and offset 0
FORUM: 2025/01/29 13:22:04 getPosts.go:146: Starting to process rows...
FORUM: 2025/01/29 13:22:04 getPosts.go:151: Scanning row for post...
FORUM: 2025/01/29 13:22:04 getPosts.go:158: Successfully scanned post with ID: 9
FORUM: 2025/01/29 13:22:04 getPosts.go:161: Fetching comments for post ID: 9
FORUM: 2025/01/29 13:22:04 getPosts.go:168: Successfully fetched comments for post ID: 9, Comments: [{13 5gh4j5gh5jgh4j64gh6j46gh4j6g4hj64gh6j4g6hj46 aaa 0 2025-01-29T12:59:56Z 0 0} {12 ryutyujtyj654ty65j6gy6j4 aaa 0 2025-01-29T12:59:52Z 0 0} {11 fdfdfethtyjtuk aaa 0 2025-01-29T12:59:48Z 0 0} {10 dfdfdfff aaa 0 2025-01-29T12:59:47Z 0 0} {9 dffdfd aaa 0 2025-01-29T12:59:45Z 0 0} {1 gjtj aaa 0 2025-01-29T12:17:02Z 1 0}]
FORUM: 2025/01/29 13:22:04 getPosts.go:170: Appending post with ID: 9 to posts slice
FORUM: 2025/01/29 13:22:04 getPosts.go:151: Scanning row for post...
FORUM: 2025/01/29 13:22:04 getPosts.go:158: Successfully scanned post with ID: 8
FORUM: 2025/01/29 13:22:04 getPosts.go:161: Fetching comments for post ID: 8
FORUM: 2025/01/29 13:22:04 getPosts.go:168: Successfully fetched comments for post ID: 8, Comments: [{2 eerrr aaa 0 2025-01-29T12:24:56Z 0 0}]
FORUM: 2025/01/29 13:22:04 getPosts.go:170: Appending post with ID: 8 to posts slice
FORUM: 2025/01/29 13:22:04 getPosts.go:151: Scanning row for post...
FORUM: 2025/01/29 13:22:04 getPosts.go:158: Successfully scanned post with ID: 7
FORUM: 2025/01/29 13:22:04 getPosts.go:161: Fetching comments for post ID: 7
FORUM: 2025/01/29 13:22:04 getPosts.go:168: Successfully fetched comments for post ID: 7, Comments: [{4 xzzxxz aaa 0 2025-01-29T12:44:00Z 0 0}]
FORUM: 2025/01/29 13:22:04 getPosts.go:170: Appending post with ID: 7 to posts slice
FORUM: 2025/01/29 13:22:04 getPosts.go:151: Scanning row for post...
FORUM: 2025/01/29 13:22:04 getPosts.go:158: Successfully scanned post with ID: 6
FORUM: 2025/01/29 13:22:04 getPosts.go:161: Fetching comments for post ID: 6
FORUM: 2025/01/29 13:22:04 getPosts.go:168: Successfully fetched comments for post ID: 6, Comments: [{8 524gh5fg9h6fg6h4f6gh46f4gh64fgh64fg6h46fg4h6f4g aaa 0 2025-01-29T12:54:42Z 0 0} {7 utiuiiilkfdbfnghj2f3g46h4fg aaa 0 2025-01-29T12:54:38Z 0 0} {6 tyruyjhjhk aaa 0 2025-01-29T12:54:33Z 0 0} {5 dfgdfgdfg aaa 0 2025-01-29T12:54:30Z 0 0} {3 gdfgfggf aaa 0 2025-01-29T12:32:43Z 0 0}]
FORUM: 2025/01/29 13:22:04 getPosts.go:170: Appending post with ID: 6 to posts slice
FORUM: 2025/01/29 13:22:04 getPosts.go:151: Scanning row for post...
FORUM: 2025/01/29 13:22:04 getPosts.go:158: Successfully scanned post with ID: 5
FORUM: 2025/01/29 13:22:04 getPosts.go:161: Fetching comments for post ID: 5
FORUM: 2025/01/29 13:22:04 getPosts.go:168: Successfully fetched comments for post ID: 5, Comments: []
FORUM: 2025/01/29 13:22:04 getPosts.go:170: Appending post with ID: 5 to posts slice
FORUM: 2025/01/29 13:22:04 getPosts.go:151: Scanning row for post...
FORUM: 2025/01/29 13:22:04 getPosts.go:158: Successfully scanned post with ID: 4
FORUM: 2025/01/29 13:22:04 getPosts.go:161: Fetching comments for post ID: 4
FORUM: 2025/01/29 13:22:04 getPosts.go:168: Successfully fetched comments for post ID: 4, Comments: []
FORUM: 2025/01/29 13:22:04 getPosts.go:170: Appending post with ID: 4 to posts slice
FORUM: 2025/01/29 13:22:04 getPosts.go:151: Scanning row for post...
FORUM: 2025/01/29 13:22:04 getPosts.go:158: Successfully scanned post with ID: 3
FORUM: 2025/01/29 13:22:04 getPosts.go:161: Fetching comments for post ID: 3
FORUM: 2025/01/29 13:22:04 getPosts.go:168: Successfully fetched comments for post ID: 3, Comments: []
FORUM: 2025/01/29 13:22:04 getPosts.go:170: Appending post with ID: 3 to posts slice
FORUM: 2025/01/29 13:22:04 getPosts.go:151: Scanning row for post...
FORUM: 2025/01/29 13:22:04 getPosts.go:158: Successfully scanned post with ID: 2
FORUM: 2025/01/29 13:22:04 getPosts.go:161: Fetching comments for post ID: 2
FORUM: 2025/01/29 13:22:04 getPosts.go:168: Successfully fetched comments for post ID: 2, Comments: []
FORUM: 2025/01/29 13:22:04 getPosts.go:170: Appending post with ID: 2 to posts slice
FORUM: 2025/01/29 13:22:04 getPosts.go:180: Finished processing rows. Total posts fetched: 8
FORUM: 2025/01/29 13:22:04 getPosts.go:77: Number of posts returned: 8
FORUM: 2025/01/29 13:22:09 getPosts.go:23: Request URL Path: /api/posts/2
FORUM: 2025/01/29 13:22:09 getPosts.go:27: Requested Page: 2
