FORUM: 2025/01/30 12:15:23 logs.go:25: Logger created successfully
FORUM: 2025/01/30 12:15:23 parseTemplates.go:12: Attempting to parse templates with pattern:  ./templates/*.html
FORUM: 2025/01/30 12:15:23 parseTemplates.go:24: Templates loaded successfully
FORUM: 2025/01/30 12:15:38 getPosts.go:23: Request URL Path: /api/posts/1/categories=Education
FORUM: 2025/01/30 12:15:38 getPosts.go:27: Requested Page: 1
FORUM: 2025/01/30 12:15:38 getPosts.go:40: Categories found in URL: [Education]
FORUM: 2025/01/30 12:15:38 getPosts.go:44: Fetching posts by categories: [Education] for page 1
FORUM: 2025/01/30 12:15:38 getPosts.go:89: Category Found: Education
FORUM: 2025/01/30 12:15:38 getPosts.go:110: Params:  [%Education% 10 0]
FORUM: 2025/01/30 12:15:38 getPosts.go:112: Executing query: 
		SELECT username, id, title, content, Categories, created_at, likes, dislikes 
		FROM posts 
		WHERE Categories LIKE ?
		ORDER BY created_at DESC 
		LIMIT ? OFFSET ? with categories: [Education], limit: 10, offset: 0
FORUM: 2025/01/30 12:15:38 getPosts.go:146: Starting to process rows...
FORUM: 2025/01/30 12:15:38 getPosts.go:151: Scanning row for post...
FORUM: 2025/01/30 12:15:38 getPosts.go:158: Successfully scanned post with ID: 2
FORUM: 2025/01/30 12:15:38 getPosts.go:161: Fetching comments for post ID: 2
FORUM: 2025/01/30 12:15:38 getPosts.go:168: Successfully fetched comments for post ID: 2, Comments: [{2 fgsdgsdfgsdgsdgdssssssssssssssssssssssssssssssssssssssssssssssssssssssssssssssssssssssssssssssss aaa 0 2025-01-30T12:07:03Z 0 0} {1 sdsdfsd aaa 0 2025-01-30T11:52:11Z 0 0}]
FORUM: 2025/01/30 12:15:38 getPosts.go:170: Appending post with ID: 2 to posts slice
FORUM: 2025/01/30 12:15:38 getPosts.go:180: Finished processing rows. Total posts fetched: 1
FORUM: 2025/01/30 12:15:38 getPosts.go:77: Number of posts returned: 1
FORUM: 2025/01/30 12:15:40 getPosts.go:23: Request URL Path: /api/posts/1
FORUM: 2025/01/30 12:15:40 getPosts.go:27: Requested Page: 1
FORUM: 2025/01/30 12:15:45 homeHandler.go:13: Handling request for Home page
FORUM: 2025/01/30 12:15:45 homeHandler.go:21: Checking for session token
FORUM: 2025/01/30 12:15:45 homeHandler.go:30: Session token found, verifying...
FORUM: 2025/01/30 12:15:45 session.go:38: SessionCheck: Session is valid for token: 0194b6d4-cb98-7218-b063-a472e6c7e9f5
FORUM: 2025/01/30 12:15:45 homeHandler.go:47: User is logged in: {true aaa false}
FORUM: 2025/01/30 12:15:45 homeHandler.go:48: User successfully logged in: aaa
FORUM: 2025/01/30 12:15:45 homeHandler.go:54: Setting cookie: session_token = 0194b6d4-cb98-7218-b063-a472e6c7e9f5
FORUM: 2025/01/30 12:15:45 getPosts.go:23: Request URL Path: /api/posts
FORUM: 2025/01/30 12:15:45 getPosts.go:55: Fetching posts for page 1
FORUM: 2025/01/30 12:15:45 getPosts.go:133: Executing query: SELECT username, id, title, content, Categories, created_at, likes, dislikes 
              FROM posts 
              ORDER BY created_at DESC 
              LIMIT ? OFFSET ? with limit 10 and offset 0
FORUM: 2025/01/30 12:15:45 getPosts.go:146: Starting to process rows...
FORUM: 2025/01/30 12:15:45 getPosts.go:151: Scanning row for post...
FORUM: 2025/01/30 12:15:45 getPosts.go:158: Successfully scanned post with ID: 3
FORUM: 2025/01/30 12:15:45 getPosts.go:161: Fetching comments for post ID: 3
FORUM: 2025/01/30 12:15:45 getPosts.go:168: Successfully fetched comments for post ID: 3, Comments: []
FORUM: 2025/01/30 12:15:45 getPosts.go:170: Appending post with ID: 3 to posts slice
FORUM: 2025/01/30 12:15:45 getPosts.go:151: Scanning row for post...
FORUM: 2025/01/30 12:15:45 getPosts.go:158: Successfully scanned post with ID: 2
FORUM: 2025/01/30 12:15:45 getPosts.go:161: Fetching comments for post ID: 2
FORUM: 2025/01/30 12:15:45 getPosts.go:168: Successfully fetched comments for post ID: 2, Comments: [{2 fgsdgsdfgsdgsdgdssssssssssssssssssssssssssssssssssssssssssssssssssssssssssssssssssssssssssssssss aaa 0 2025-01-30T12:07:03Z 0 0} {1 sdsdfsd aaa 0 2025-01-30T11:52:11Z 0 0}]
FORUM: 2025/01/30 12:15:45 getPosts.go:170: Appending post with ID: 2 to posts slice
FORUM: 2025/01/30 12:15:45 getPosts.go:180: Finished processing rows. Total posts fetched: 2
FORUM: 2025/01/30 12:15:45 getPosts.go:77: Number of posts returned: 2
