FORUM: 2025/01/30 11:54:14 logs.go:25: Logger created successfully
FORUM: 2025/01/30 11:54:14 parseTemplates.go:12: Attempting to parse templates with pattern:  ./templates/*.html
FORUM: 2025/01/30 11:54:14 parseTemplates.go:24: Templates loaded successfully
FORUM: 2025/01/30 11:54:20 homeHandler.go:13: Handling request for Home page
FORUM: 2025/01/30 11:54:20 homeHandler.go:21: Checking for session token
FORUM: 2025/01/30 11:54:20 homeHandler.go:30: Session token found, verifying...
FORUM: 2025/01/30 11:54:20 session.go:38: SessionCheck: Session is valid for token: 0194b6d4-cb98-7218-b063-a472e6c7e9f5
FORUM: 2025/01/30 11:54:20 homeHandler.go:47: User is logged in: {true aaa false}
FORUM: 2025/01/30 11:54:20 homeHandler.go:48: User successfully logged in: aaa
FORUM: 2025/01/30 11:54:20 homeHandler.go:54: Setting cookie: session_token = 0194b6d4-cb98-7218-b063-a472e6c7e9f5
FORUM: 2025/01/30 11:54:20 getPosts.go:23: Request URL Path: /api/posts
FORUM: 2025/01/30 11:54:20 getPosts.go:55: Fetching posts for page 1
FORUM: 2025/01/30 11:54:20 getPosts.go:133: Executing query: SELECT username, id, title, content, Categories, created_at, likes, dislikes 
              FROM posts 
              ORDER BY created_at DESC 
              LIMIT ? OFFSET ? with limit 10 and offset 0
FORUM: 2025/01/30 11:54:20 getPosts.go:146: Starting to process rows...
FORUM: 2025/01/30 11:54:20 getPosts.go:151: Scanning row for post...
FORUM: 2025/01/30 11:54:20 getPosts.go:158: Successfully scanned post with ID: 3
FORUM: 2025/01/30 11:54:20 getPosts.go:161: Fetching comments for post ID: 3
FORUM: 2025/01/30 11:54:20 getPosts.go:168: Successfully fetched comments for post ID: 3, Comments: []
FORUM: 2025/01/30 11:54:20 getPosts.go:170: Appending post with ID: 3 to posts slice
FORUM: 2025/01/30 11:54:20 getPosts.go:151: Scanning row for post...
FORUM: 2025/01/30 11:54:20 getPosts.go:158: Successfully scanned post with ID: 2
FORUM: 2025/01/30 11:54:20 getPosts.go:161: Fetching comments for post ID: 2
FORUM: 2025/01/30 11:54:20 getPosts.go:168: Successfully fetched comments for post ID: 2, Comments: [{1 sdsdfsd aaa 0 2025-01-30T11:52:11Z 0 0}]
FORUM: 2025/01/30 11:54:20 getPosts.go:170: Appending post with ID: 2 to posts slice
FORUM: 2025/01/30 11:54:20 getPosts.go:180: Finished processing rows. Total posts fetched: 2
FORUM: 2025/01/30 11:54:20 getPosts.go:77: Number of posts returned: 2
FORUM: 2025/01/30 11:54:49 homeHandler.go:13: Handling request for Home page
FORUM: 2025/01/30 11:54:49 homeHandler.go:21: Checking for session token
FORUM: 2025/01/30 11:54:49 homeHandler.go:30: Session token found, verifying...
FORUM: 2025/01/30 11:54:49 session.go:38: SessionCheck: Session is valid for token: 0194b6d4-cb98-7218-b063-a472e6c7e9f5
FORUM: 2025/01/30 11:54:49 homeHandler.go:47: User is logged in: {true aaa false}
FORUM: 2025/01/30 11:54:49 homeHandler.go:48: User successfully logged in: aaa
FORUM: 2025/01/30 11:54:49 homeHandler.go:54: Setting cookie: session_token = 0194b6d4-cb98-7218-b063-a472e6c7e9f5
FORUM: 2025/01/30 11:54:49 getPosts.go:23: Request URL Path: /api/posts
FORUM: 2025/01/30 11:54:49 getPosts.go:55: Fetching posts for page 1
FORUM: 2025/01/30 11:54:49 getPosts.go:133: Executing query: SELECT username, id, title, content, Categories, created_at, likes, dislikes 
              FROM posts 
              ORDER BY created_at DESC 
              LIMIT ? OFFSET ? with limit 10 and offset 0
FORUM: 2025/01/30 11:54:49 getPosts.go:146: Starting to process rows...
FORUM: 2025/01/30 11:54:49 getPosts.go:151: Scanning row for post...
FORUM: 2025/01/30 11:54:49 getPosts.go:158: Successfully scanned post with ID: 3
FORUM: 2025/01/30 11:54:49 getPosts.go:161: Fetching comments for post ID: 3
FORUM: 2025/01/30 11:54:49 getPosts.go:168: Successfully fetched comments for post ID: 3, Comments: []
FORUM: 2025/01/30 11:54:49 getPosts.go:170: Appending post with ID: 3 to posts slice
FORUM: 2025/01/30 11:54:49 getPosts.go:151: Scanning row for post...
FORUM: 2025/01/30 11:54:49 getPosts.go:158: Successfully scanned post with ID: 2
FORUM: 2025/01/30 11:54:49 getPosts.go:161: Fetching comments for post ID: 2
FORUM: 2025/01/30 11:54:49 getPosts.go:168: Successfully fetched comments for post ID: 2, Comments: [{1 sdsdfsd aaa 0 2025-01-30T11:52:11Z 0 0}]
FORUM: 2025/01/30 11:54:49 getPosts.go:170: Appending post with ID: 2 to posts slice
FORUM: 2025/01/30 11:54:49 getPosts.go:180: Finished processing rows. Total posts fetched: 2
FORUM: 2025/01/30 11:54:49 getPosts.go:77: Number of posts returned: 2
FORUM: 2025/01/30 11:54:57 homeHandler.go:13: Handling request for Home page
FORUM: 2025/01/30 11:54:57 homeHandler.go:21: Checking for session token
FORUM: 2025/01/30 11:54:57 homeHandler.go:30: Session token found, verifying...
FORUM: 2025/01/30 11:54:57 session.go:38: SessionCheck: Session is valid for token: 0194b6d4-cb98-7218-b063-a472e6c7e9f5
FORUM: 2025/01/30 11:54:57 homeHandler.go:47: User is logged in: {true aaa false}
FORUM: 2025/01/30 11:54:57 homeHandler.go:48: User successfully logged in: aaa
FORUM: 2025/01/30 11:54:57 homeHandler.go:54: Setting cookie: session_token = 0194b6d4-cb98-7218-b063-a472e6c7e9f5
FORUM: 2025/01/30 11:54:57 getPosts.go:23: Request URL Path: /api/posts
FORUM: 2025/01/30 11:54:57 getPosts.go:55: Fetching posts for page 1
FORUM: 2025/01/30 11:54:57 getPosts.go:133: Executing query: SELECT username, id, title, content, Categories, created_at, likes, dislikes 
              FROM posts 
              ORDER BY created_at DESC 
              LIMIT ? OFFSET ? with limit 10 and offset 0
FORUM: 2025/01/30 11:54:57 getPosts.go:146: Starting to process rows...
FORUM: 2025/01/30 11:54:57 getPosts.go:151: Scanning row for post...
FORUM: 2025/01/30 11:54:57 getPosts.go:158: Successfully scanned post with ID: 3
FORUM: 2025/01/30 11:54:57 getPosts.go:161: Fetching comments for post ID: 3
FORUM: 2025/01/30 11:54:57 getPosts.go:168: Successfully fetched comments for post ID: 3, Comments: []
FORUM: 2025/01/30 11:54:57 getPosts.go:170: Appending post with ID: 3 to posts slice
FORUM: 2025/01/30 11:54:57 getPosts.go:151: Scanning row for post...
FORUM: 2025/01/30 11:54:57 getPosts.go:158: Successfully scanned post with ID: 2
FORUM: 2025/01/30 11:54:57 getPosts.go:161: Fetching comments for post ID: 2
FORUM: 2025/01/30 11:54:57 getPosts.go:168: Successfully fetched comments for post ID: 2, Comments: [{1 sdsdfsd aaa 0 2025-01-30T11:52:11Z 0 0}]
FORUM: 2025/01/30 11:54:57 getPosts.go:170: Appending post with ID: 2 to posts slice
FORUM: 2025/01/30 11:54:57 getPosts.go:180: Finished processing rows. Total posts fetched: 2
FORUM: 2025/01/30 11:54:57 getPosts.go:77: Number of posts returned: 2
FORUM: 2025/01/30 11:54:59 homeHandler.go:13: Handling request for Home page
FORUM: 2025/01/30 11:54:59 homeHandler.go:21: Checking for session token
FORUM: 2025/01/30 11:54:59 homeHandler.go:30: Session token found, verifying...
FORUM: 2025/01/30 11:54:59 session.go:38: SessionCheck: Session is valid for token: 0194b6d4-cb98-7218-b063-a472e6c7e9f5
FORUM: 2025/01/30 11:54:59 homeHandler.go:47: User is logged in: {true aaa false}
FORUM: 2025/01/30 11:54:59 homeHandler.go:48: User successfully logged in: aaa
FORUM: 2025/01/30 11:54:59 homeHandler.go:54: Setting cookie: session_token = 0194b6d4-cb98-7218-b063-a472e6c7e9f5
FORUM: 2025/01/30 11:54:59 getPosts.go:23: Request URL Path: /api/posts
FORUM: 2025/01/30 11:54:59 getPosts.go:55: Fetching posts for page 1
FORUM: 2025/01/30 11:54:59 getPosts.go:133: Executing query: SELECT username, id, title, content, Categories, created_at, likes, dislikes 
              FROM posts 
              ORDER BY created_at DESC 
              LIMIT ? OFFSET ? with limit 10 and offset 0
FORUM: 2025/01/30 11:54:59 getPosts.go:146: Starting to process rows...
FORUM: 2025/01/30 11:54:59 getPosts.go:151: Scanning row for post...
FORUM: 2025/01/30 11:54:59 getPosts.go:158: Successfully scanned post with ID: 3
FORUM: 2025/01/30 11:54:59 getPosts.go:161: Fetching comments for post ID: 3
FORUM: 2025/01/30 11:54:59 getPosts.go:168: Successfully fetched comments for post ID: 3, Comments: []
FORUM: 2025/01/30 11:54:59 getPosts.go:170: Appending post with ID: 3 to posts slice
FORUM: 2025/01/30 11:54:59 getPosts.go:151: Scanning row for post...
FORUM: 2025/01/30 11:54:59 getPosts.go:158: Successfully scanned post with ID: 2
FORUM: 2025/01/30 11:54:59 getPosts.go:161: Fetching comments for post ID: 2
FORUM: 2025/01/30 11:54:59 getPosts.go:168: Successfully fetched comments for post ID: 2, Comments: [{1 sdsdfsd aaa 0 2025-01-30T11:52:11Z 0 0}]
FORUM: 2025/01/30 11:54:59 getPosts.go:170: Appending post with ID: 2 to posts slice
FORUM: 2025/01/30 11:54:59 getPosts.go:180: Finished processing rows. Total posts fetched: 2
FORUM: 2025/01/30 11:54:59 getPosts.go:77: Number of posts returned: 2
FORUM: 2025/01/30 11:55:00 homeHandler.go:13: Handling request for Home page
FORUM: 2025/01/30 11:55:00 homeHandler.go:21: Checking for session token
FORUM: 2025/01/30 11:55:00 homeHandler.go:30: Session token found, verifying...
FORUM: 2025/01/30 11:55:00 session.go:38: SessionCheck: Session is valid for token: 0194b6d4-cb98-7218-b063-a472e6c7e9f5
FORUM: 2025/01/30 11:55:00 homeHandler.go:47: User is logged in: {true aaa false}
FORUM: 2025/01/30 11:55:00 homeHandler.go:48: User successfully logged in: aaa
FORUM: 2025/01/30 11:55:00 homeHandler.go:54: Setting cookie: session_token = 0194b6d4-cb98-7218-b063-a472e6c7e9f5
FORUM: 2025/01/30 11:55:00 getPosts.go:23: Request URL Path: /api/posts
FORUM: 2025/01/30 11:55:00 getPosts.go:55: Fetching posts for page 1
FORUM: 2025/01/30 11:55:00 getPosts.go:133: Executing query: SELECT username, id, title, content, Categories, created_at, likes, dislikes 
              FROM posts 
              ORDER BY created_at DESC 
              LIMIT ? OFFSET ? with limit 10 and offset 0
FORUM: 2025/01/30 11:55:00 getPosts.go:146: Starting to process rows...
FORUM: 2025/01/30 11:55:00 getPosts.go:151: Scanning row for post...
FORUM: 2025/01/30 11:55:00 getPosts.go:158: Successfully scanned post with ID: 3
FORUM: 2025/01/30 11:55:00 getPosts.go:161: Fetching comments for post ID: 3
FORUM: 2025/01/30 11:55:00 getPosts.go:168: Successfully fetched comments for post ID: 3, Comments: []
FORUM: 2025/01/30 11:55:00 getPosts.go:170: Appending post with ID: 3 to posts slice
FORUM: 2025/01/30 11:55:00 getPosts.go:151: Scanning row for post...
FORUM: 2025/01/30 11:55:00 getPosts.go:158: Successfully scanned post with ID: 2
FORUM: 2025/01/30 11:55:00 getPosts.go:161: Fetching comments for post ID: 2
FORUM: 2025/01/30 11:55:00 getPosts.go:168: Successfully fetched comments for post ID: 2, Comments: [{1 sdsdfsd aaa 0 2025-01-30T11:52:11Z 0 0}]
FORUM: 2025/01/30 11:55:00 getPosts.go:170: Appending post with ID: 2 to posts slice
FORUM: 2025/01/30 11:55:00 getPosts.go:180: Finished processing rows. Total posts fetched: 2
FORUM: 2025/01/30 11:55:00 getPosts.go:77: Number of posts returned: 2
FORUM: 2025/01/30 11:55:10 homeHandler.go:13: Handling request for Home page
FORUM: 2025/01/30 11:55:10 homeHandler.go:21: Checking for session token
FORUM: 2025/01/30 11:55:10 homeHandler.go:30: Session token found, verifying...
FORUM: 2025/01/30 11:55:10 session.go:38: SessionCheck: Session is valid for token: 0194b6d4-cb98-7218-b063-a472e6c7e9f5
FORUM: 2025/01/30 11:55:10 homeHandler.go:47: User is logged in: {true aaa false}
FORUM: 2025/01/30 11:55:10 homeHandler.go:48: User successfully logged in: aaa
FORUM: 2025/01/30 11:55:10 homeHandler.go:54: Setting cookie: session_token = 0194b6d4-cb98-7218-b063-a472e6c7e9f5
FORUM: 2025/01/30 11:55:10 getPosts.go:23: Request URL Path: /api/posts
FORUM: 2025/01/30 11:55:10 getPosts.go:55: Fetching posts for page 1
FORUM: 2025/01/30 11:55:10 getPosts.go:133: Executing query: SELECT username, id, title, content, Categories, created_at, likes, dislikes 
              FROM posts 
              ORDER BY created_at DESC 
              LIMIT ? OFFSET ? with limit 10 and offset 0
FORUM: 2025/01/30 11:55:10 getPosts.go:146: Starting to process rows...
FORUM: 2025/01/30 11:55:10 getPosts.go:151: Scanning row for post...
FORUM: 2025/01/30 11:55:10 getPosts.go:158: Successfully scanned post with ID: 3
FORUM: 2025/01/30 11:55:10 getPosts.go:161: Fetching comments for post ID: 3
FORUM: 2025/01/30 11:55:10 getPosts.go:168: Successfully fetched comments for post ID: 3, Comments: []
FORUM: 2025/01/30 11:55:10 getPosts.go:170: Appending post with ID: 3 to posts slice
FORUM: 2025/01/30 11:55:10 getPosts.go:151: Scanning row for post...
FORUM: 2025/01/30 11:55:10 getPosts.go:158: Successfully scanned post with ID: 2
FORUM: 2025/01/30 11:55:10 getPosts.go:161: Fetching comments for post ID: 2
FORUM: 2025/01/30 11:55:10 getPosts.go:168: Successfully fetched comments for post ID: 2, Comments: [{1 sdsdfsd aaa 0 2025-01-30T11:52:11Z 0 0}]
FORUM: 2025/01/30 11:55:10 getPosts.go:170: Appending post with ID: 2 to posts slice
FORUM: 2025/01/30 11:55:10 getPosts.go:180: Finished processing rows. Total posts fetched: 2
FORUM: 2025/01/30 11:55:10 getPosts.go:77: Number of posts returned: 2
FORUM: 2025/01/30 11:55:11 homeHandler.go:13: Handling request for Home page
FORUM: 2025/01/30 11:55:11 homeHandler.go:21: Checking for session token
FORUM: 2025/01/30 11:55:11 homeHandler.go:30: Session token found, verifying...
FORUM: 2025/01/30 11:55:11 session.go:38: SessionCheck: Session is valid for token: 0194b6d4-cb98-7218-b063-a472e6c7e9f5
FORUM: 2025/01/30 11:55:11 homeHandler.go:47: User is logged in: {true aaa false}
FORUM: 2025/01/30 11:55:11 homeHandler.go:48: User successfully logged in: aaa
FORUM: 2025/01/30 11:55:11 homeHandler.go:54: Setting cookie: session_token = 0194b6d4-cb98-7218-b063-a472e6c7e9f5
FORUM: 2025/01/30 11:55:11 getPosts.go:23: Request URL Path: /api/posts
FORUM: 2025/01/30 11:55:11 getPosts.go:55: Fetching posts for page 1
FORUM: 2025/01/30 11:55:11 getPosts.go:133: Executing query: SELECT username, id, title, content, Categories, created_at, likes, dislikes 
              FROM posts 
              ORDER BY created_at DESC 
              LIMIT ? OFFSET ? with limit 10 and offset 0
FORUM: 2025/01/30 11:55:11 getPosts.go:146: Starting to process rows...
FORUM: 2025/01/30 11:55:11 getPosts.go:151: Scanning row for post...
FORUM: 2025/01/30 11:55:11 getPosts.go:158: Successfully scanned post with ID: 3
FORUM: 2025/01/30 11:55:11 getPosts.go:161: Fetching comments for post ID: 3
FORUM: 2025/01/30 11:55:11 getPosts.go:168: Successfully fetched comments for post ID: 3, Comments: []
FORUM: 2025/01/30 11:55:11 getPosts.go:170: Appending post with ID: 3 to posts slice
FORUM: 2025/01/30 11:55:11 getPosts.go:151: Scanning row for post...
FORUM: 2025/01/30 11:55:11 getPosts.go:158: Successfully scanned post with ID: 2
FORUM: 2025/01/30 11:55:11 getPosts.go:161: Fetching comments for post ID: 2
FORUM: 2025/01/30 11:55:11 getPosts.go:168: Successfully fetched comments for post ID: 2, Comments: [{1 sdsdfsd aaa 0 2025-01-30T11:52:11Z 0 0}]
FORUM: 2025/01/30 11:55:11 getPosts.go:170: Appending post with ID: 2 to posts slice
FORUM: 2025/01/30 11:55:11 getPosts.go:180: Finished processing rows. Total posts fetched: 2
FORUM: 2025/01/30 11:55:11 getPosts.go:77: Number of posts returned: 2
FORUM: 2025/01/30 11:55:12 homeHandler.go:13: Handling request for Home page
FORUM: 2025/01/30 11:55:12 homeHandler.go:21: Checking for session token
FORUM: 2025/01/30 11:55:12 homeHandler.go:30: Session token found, verifying...
FORUM: 2025/01/30 11:55:12 session.go:38: SessionCheck: Session is valid for token: 0194b6d4-cb98-7218-b063-a472e6c7e9f5
FORUM: 2025/01/30 11:55:12 homeHandler.go:47: User is logged in: {true aaa false}
FORUM: 2025/01/30 11:55:12 homeHandler.go:48: User successfully logged in: aaa
FORUM: 2025/01/30 11:55:12 homeHandler.go:54: Setting cookie: session_token = 0194b6d4-cb98-7218-b063-a472e6c7e9f5
FORUM: 2025/01/30 11:55:12 getPosts.go:23: Request URL Path: /api/posts
FORUM: 2025/01/30 11:55:12 getPosts.go:55: Fetching posts for page 1
FORUM: 2025/01/30 11:55:12 getPosts.go:133: Executing query: SELECT username, id, title, content, Categories, created_at, likes, dislikes 
              FROM posts 
              ORDER BY created_at DESC 
              LIMIT ? OFFSET ? with limit 10 and offset 0
FORUM: 2025/01/30 11:55:12 getPosts.go:146: Starting to process rows...
FORUM: 2025/01/30 11:55:12 getPosts.go:151: Scanning row for post...
FORUM: 2025/01/30 11:55:12 getPosts.go:158: Successfully scanned post with ID: 3
FORUM: 2025/01/30 11:55:12 getPosts.go:161: Fetching comments for post ID: 3
FORUM: 2025/01/30 11:55:12 getPosts.go:168: Successfully fetched comments for post ID: 3, Comments: []
FORUM: 2025/01/30 11:55:12 getPosts.go:170: Appending post with ID: 3 to posts slice
FORUM: 2025/01/30 11:55:12 getPosts.go:151: Scanning row for post...
FORUM: 2025/01/30 11:55:12 getPosts.go:158: Successfully scanned post with ID: 2
FORUM: 2025/01/30 11:55:12 getPosts.go:161: Fetching comments for post ID: 2
FORUM: 2025/01/30 11:55:12 getPosts.go:168: Successfully fetched comments for post ID: 2, Comments: [{1 sdsdfsd aaa 0 2025-01-30T11:52:11Z 0 0}]
FORUM: 2025/01/30 11:55:12 getPosts.go:170: Appending post with ID: 2 to posts slice
FORUM: 2025/01/30 11:55:12 getPosts.go:180: Finished processing rows. Total posts fetched: 2
FORUM: 2025/01/30 11:55:12 getPosts.go:77: Number of posts returned: 2
FORUM: 2025/01/30 11:55:12 homeHandler.go:13: Handling request for Home page
FORUM: 2025/01/30 11:55:12 homeHandler.go:21: Checking for session token
FORUM: 2025/01/30 11:55:12 homeHandler.go:30: Session token found, verifying...
FORUM: 2025/01/30 11:55:12 session.go:38: SessionCheck: Session is valid for token: 0194b6d4-cb98-7218-b063-a472e6c7e9f5
FORUM: 2025/01/30 11:55:12 homeHandler.go:47: User is logged in: {true aaa false}
FORUM: 2025/01/30 11:55:12 homeHandler.go:48: User successfully logged in: aaa
FORUM: 2025/01/30 11:55:12 homeHandler.go:54: Setting cookie: session_token = 0194b6d4-cb98-7218-b063-a472e6c7e9f5
FORUM: 2025/01/30 11:55:12 getPosts.go:23: Request URL Path: /api/posts
FORUM: 2025/01/30 11:55:12 getPosts.go:55: Fetching posts for page 1
FORUM: 2025/01/30 11:55:12 getPosts.go:133: Executing query: SELECT username, id, title, content, Categories, created_at, likes, dislikes 
              FROM posts 
              ORDER BY created_at DESC 
              LIMIT ? OFFSET ? with limit 10 and offset 0
FORUM: 2025/01/30 11:55:12 getPosts.go:146: Starting to process rows...
FORUM: 2025/01/30 11:55:12 getPosts.go:151: Scanning row for post...
FORUM: 2025/01/30 11:55:12 getPosts.go:158: Successfully scanned post with ID: 3
FORUM: 2025/01/30 11:55:12 getPosts.go:161: Fetching comments for post ID: 3
FORUM: 2025/01/30 11:55:12 getPosts.go:168: Successfully fetched comments for post ID: 3, Comments: []
FORUM: 2025/01/30 11:55:12 getPosts.go:170: Appending post with ID: 3 to posts slice
FORUM: 2025/01/30 11:55:12 getPosts.go:151: Scanning row for post...
FORUM: 2025/01/30 11:55:12 getPosts.go:158: Successfully scanned post with ID: 2
FORUM: 2025/01/30 11:55:12 getPosts.go:161: Fetching comments for post ID: 2
FORUM: 2025/01/30 11:55:12 getPosts.go:168: Successfully fetched comments for post ID: 2, Comments: [{1 sdsdfsd aaa 0 2025-01-30T11:52:11Z 0 0}]
FORUM: 2025/01/30 11:55:12 getPosts.go:170: Appending post with ID: 2 to posts slice
FORUM: 2025/01/30 11:55:12 getPosts.go:180: Finished processing rows. Total posts fetched: 2
FORUM: 2025/01/30 11:55:12 getPosts.go:77: Number of posts returned: 2
FORUM: 2025/01/30 11:55:25 homeHandler.go:13: Handling request for Home page
FORUM: 2025/01/30 11:55:25 homeHandler.go:21: Checking for session token
FORUM: 2025/01/30 11:55:25 homeHandler.go:30: Session token found, verifying...
FORUM: 2025/01/30 11:55:25 session.go:38: SessionCheck: Session is valid for token: 0194b6d4-cb98-7218-b063-a472e6c7e9f5
FORUM: 2025/01/30 11:55:25 homeHandler.go:47: User is logged in: {true aaa false}
FORUM: 2025/01/30 11:55:25 homeHandler.go:48: User successfully logged in: aaa
FORUM: 2025/01/30 11:55:25 homeHandler.go:54: Setting cookie: session_token = 0194b6d4-cb98-7218-b063-a472e6c7e9f5
FORUM: 2025/01/30 11:55:26 getPosts.go:23: Request URL Path: /api/posts
FORUM: 2025/01/30 11:55:26 getPosts.go:55: Fetching posts for page 1
FORUM: 2025/01/30 11:55:26 getPosts.go:133: Executing query: SELECT username, id, title, content, Categories, created_at, likes, dislikes 
              FROM posts 
              ORDER BY created_at DESC 
              LIMIT ? OFFSET ? with limit 10 and offset 0
FORUM: 2025/01/30 11:55:26 getPosts.go:146: Starting to process rows...
FORUM: 2025/01/30 11:55:26 getPosts.go:151: Scanning row for post...
FORUM: 2025/01/30 11:55:26 getPosts.go:158: Successfully scanned post with ID: 3
FORUM: 2025/01/30 11:55:26 getPosts.go:161: Fetching comments for post ID: 3
FORUM: 2025/01/30 11:55:26 getPosts.go:168: Successfully fetched comments for post ID: 3, Comments: []
FORUM: 2025/01/30 11:55:26 getPosts.go:170: Appending post with ID: 3 to posts slice
FORUM: 2025/01/30 11:55:26 getPosts.go:151: Scanning row for post...
FORUM: 2025/01/30 11:55:26 getPosts.go:158: Successfully scanned post with ID: 2
FORUM: 2025/01/30 11:55:26 getPosts.go:161: Fetching comments for post ID: 2
FORUM: 2025/01/30 11:55:26 getPosts.go:168: Successfully fetched comments for post ID: 2, Comments: [{1 sdsdfsd aaa 0 2025-01-30T11:52:11Z 0 0}]
FORUM: 2025/01/30 11:55:26 getPosts.go:170: Appending post with ID: 2 to posts slice
FORUM: 2025/01/30 11:55:26 getPosts.go:180: Finished processing rows. Total posts fetched: 2
FORUM: 2025/01/30 11:55:26 getPosts.go:77: Number of posts returned: 2
FORUM: 2025/01/30 11:57:22 homeHandler.go:13: Handling request for Home page
FORUM: 2025/01/30 11:57:22 homeHandler.go:21: Checking for session token
FORUM: 2025/01/30 11:57:22 homeHandler.go:30: Session token found, verifying...
FORUM: 2025/01/30 11:57:22 session.go:38: SessionCheck: Session is valid for token: 0194b6d4-cb98-7218-b063-a472e6c7e9f5
FORUM: 2025/01/30 11:57:22 homeHandler.go:47: User is logged in: {true aaa false}
FORUM: 2025/01/30 11:57:22 homeHandler.go:48: User successfully logged in: aaa
FORUM: 2025/01/30 11:57:22 homeHandler.go:54: Setting cookie: session_token = 0194b6d4-cb98-7218-b063-a472e6c7e9f5
FORUM: 2025/01/30 11:57:22 getPosts.go:23: Request URL Path: /api/posts
FORUM: 2025/01/30 11:57:22 getPosts.go:55: Fetching posts for page 1
FORUM: 2025/01/30 11:57:22 getPosts.go:133: Executing query: SELECT username, id, title, content, Categories, created_at, likes, dislikes 
              FROM posts 
              ORDER BY created_at DESC 
              LIMIT ? OFFSET ? with limit 10 and offset 0
FORUM: 2025/01/30 11:57:22 getPosts.go:146: Starting to process rows...
FORUM: 2025/01/30 11:57:22 getPosts.go:151: Scanning row for post...
FORUM: 2025/01/30 11:57:22 getPosts.go:158: Successfully scanned post with ID: 3
FORUM: 2025/01/30 11:57:22 getPosts.go:161: Fetching comments for post ID: 3
FORUM: 2025/01/30 11:57:22 getPosts.go:168: Successfully fetched comments for post ID: 3, Comments: []
FORUM: 2025/01/30 11:57:22 getPosts.go:170: Appending post with ID: 3 to posts slice
FORUM: 2025/01/30 11:57:22 getPosts.go:151: Scanning row for post...
FORUM: 2025/01/30 11:57:22 getPosts.go:158: Successfully scanned post with ID: 2
FORUM: 2025/01/30 11:57:22 getPosts.go:161: Fetching comments for post ID: 2
FORUM: 2025/01/30 11:57:22 getPosts.go:168: Successfully fetched comments for post ID: 2, Comments: [{1 sdsdfsd aaa 0 2025-01-30T11:52:11Z 0 0}]
FORUM: 2025/01/30 11:57:22 getPosts.go:170: Appending post with ID: 2 to posts slice
FORUM: 2025/01/30 11:57:22 getPosts.go:180: Finished processing rows. Total posts fetched: 2
FORUM: 2025/01/30 11:57:22 getPosts.go:77: Number of posts returned: 2
FORUM: 2025/01/30 11:58:34 homeHandler.go:13: Handling request for Home page
FORUM: 2025/01/30 11:58:34 homeHandler.go:21: Checking for session token
FORUM: 2025/01/30 11:58:34 homeHandler.go:30: Session token found, verifying...
FORUM: 2025/01/30 11:58:34 session.go:38: SessionCheck: Session is valid for token: 0194b6d4-cb98-7218-b063-a472e6c7e9f5
FORUM: 2025/01/30 11:58:34 homeHandler.go:47: User is logged in: {true aaa false}
FORUM: 2025/01/30 11:58:34 homeHandler.go:48: User successfully logged in: aaa
FORUM: 2025/01/30 11:58:34 homeHandler.go:54: Setting cookie: session_token = 0194b6d4-cb98-7218-b063-a472e6c7e9f5
FORUM: 2025/01/30 11:58:34 getPosts.go:23: Request URL Path: /api/posts
FORUM: 2025/01/30 11:58:34 getPosts.go:55: Fetching posts for page 1
FORUM: 2025/01/30 11:58:34 getPosts.go:133: Executing query: SELECT username, id, title, content, Categories, created_at, likes, dislikes 
              FROM posts 
              ORDER BY created_at DESC 
              LIMIT ? OFFSET ? with limit 10 and offset 0
FORUM: 2025/01/30 11:58:34 getPosts.go:146: Starting to process rows...
FORUM: 2025/01/30 11:58:34 getPosts.go:151: Scanning row for post...
FORUM: 2025/01/30 11:58:34 getPosts.go:158: Successfully scanned post with ID: 3
FORUM: 2025/01/30 11:58:34 getPosts.go:161: Fetching comments for post ID: 3
FORUM: 2025/01/30 11:58:34 getPosts.go:168: Successfully fetched comments for post ID: 3, Comments: []
FORUM: 2025/01/30 11:58:34 getPosts.go:170: Appending post with ID: 3 to posts slice
FORUM: 2025/01/30 11:58:34 getPosts.go:151: Scanning row for post...
FORUM: 2025/01/30 11:58:34 getPosts.go:158: Successfully scanned post with ID: 2
FORUM: 2025/01/30 11:58:34 getPosts.go:161: Fetching comments for post ID: 2
FORUM: 2025/01/30 11:58:34 getPosts.go:168: Successfully fetched comments for post ID: 2, Comments: [{1 sdsdfsd aaa 0 2025-01-30T11:52:11Z 0 0}]
FORUM: 2025/01/30 11:58:34 getPosts.go:170: Appending post with ID: 2 to posts slice
FORUM: 2025/01/30 11:58:34 getPosts.go:180: Finished processing rows. Total posts fetched: 2
FORUM: 2025/01/30 11:58:34 getPosts.go:77: Number of posts returned: 2
FORUM: 2025/01/30 11:58:34 homeHandler.go:13: Handling request for Home page
FORUM: 2025/01/30 11:58:34 homeHandler.go:21: Checking for session token
FORUM: 2025/01/30 11:58:34 homeHandler.go:30: Session token found, verifying...
FORUM: 2025/01/30 11:58:34 session.go:38: SessionCheck: Session is valid for token: 0194b6d4-cb98-7218-b063-a472e6c7e9f5
FORUM: 2025/01/30 11:58:34 homeHandler.go:47: User is logged in: {true aaa false}
FORUM: 2025/01/30 11:58:34 homeHandler.go:48: User successfully logged in: aaa
FORUM: 2025/01/30 11:58:34 homeHandler.go:54: Setting cookie: session_token = 0194b6d4-cb98-7218-b063-a472e6c7e9f5
FORUM: 2025/01/30 11:58:34 getPosts.go:23: Request URL Path: /api/posts
FORUM: 2025/01/30 11:58:34 getPosts.go:55: Fetching posts for page 1
FORUM: 2025/01/30 11:58:34 getPosts.go:133: Executing query: SELECT username, id, title, content, Categories, created_at, likes, dislikes 
              FROM posts 
              ORDER BY created_at DESC 
              LIMIT ? OFFSET ? with limit 10 and offset 0
FORUM: 2025/01/30 11:58:34 getPosts.go:146: Starting to process rows...
FORUM: 2025/01/30 11:58:34 getPosts.go:151: Scanning row for post...
FORUM: 2025/01/30 11:58:34 getPosts.go:158: Successfully scanned post with ID: 3
FORUM: 2025/01/30 11:58:34 getPosts.go:161: Fetching comments for post ID: 3
FORUM: 2025/01/30 11:58:34 getPosts.go:168: Successfully fetched comments for post ID: 3, Comments: []
FORUM: 2025/01/30 11:58:34 getPosts.go:170: Appending post with ID: 3 to posts slice
FORUM: 2025/01/30 11:58:34 getPosts.go:151: Scanning row for post...
FORUM: 2025/01/30 11:58:34 getPosts.go:158: Successfully scanned post with ID: 2
FORUM: 2025/01/30 11:58:34 getPosts.go:161: Fetching comments for post ID: 2
FORUM: 2025/01/30 11:58:34 getPosts.go:168: Successfully fetched comments for post ID: 2, Comments: [{1 sdsdfsd aaa 0 2025-01-30T11:52:11Z 0 0}]
FORUM: 2025/01/30 11:58:34 getPosts.go:170: Appending post with ID: 2 to posts slice
FORUM: 2025/01/30 11:58:34 getPosts.go:180: Finished processing rows. Total posts fetched: 2
FORUM: 2025/01/30 11:58:34 getPosts.go:77: Number of posts returned: 2
FORUM: 2025/01/30 11:58:34 homeHandler.go:13: Handling request for Home page
FORUM: 2025/01/30 11:58:34 homeHandler.go:21: Checking for session token
FORUM: 2025/01/30 11:58:34 homeHandler.go:30: Session token found, verifying...
FORUM: 2025/01/30 11:58:34 session.go:38: SessionCheck: Session is valid for token: 0194b6d4-cb98-7218-b063-a472e6c7e9f5
FORUM: 2025/01/30 11:58:34 homeHandler.go:47: User is logged in: {true aaa false}
FORUM: 2025/01/30 11:58:34 homeHandler.go:48: User successfully logged in: aaa
FORUM: 2025/01/30 11:58:34 homeHandler.go:54: Setting cookie: session_token = 0194b6d4-cb98-7218-b063-a472e6c7e9f5
FORUM: 2025/01/30 11:58:34 getPosts.go:23: Request URL Path: /api/posts
FORUM: 2025/01/30 11:58:34 getPosts.go:55: Fetching posts for page 1
FORUM: 2025/01/30 11:58:34 getPosts.go:133: Executing query: SELECT username, id, title, content, Categories, created_at, likes, dislikes 
              FROM posts 
              ORDER BY created_at DESC 
              LIMIT ? OFFSET ? with limit 10 and offset 0
FORUM: 2025/01/30 11:58:34 getPosts.go:146: Starting to process rows...
FORUM: 2025/01/30 11:58:34 getPosts.go:151: Scanning row for post...
FORUM: 2025/01/30 11:58:34 getPosts.go:158: Successfully scanned post with ID: 3
FORUM: 2025/01/30 11:58:34 getPosts.go:161: Fetching comments for post ID: 3
FORUM: 2025/01/30 11:58:34 getPosts.go:168: Successfully fetched comments for post ID: 3, Comments: []
FORUM: 2025/01/30 11:58:34 getPosts.go:170: Appending post with ID: 3 to posts slice
FORUM: 2025/01/30 11:58:34 getPosts.go:151: Scanning row for post...
FORUM: 2025/01/30 11:58:34 getPosts.go:158: Successfully scanned post with ID: 2
FORUM: 2025/01/30 11:58:34 getPosts.go:161: Fetching comments for post ID: 2
FORUM: 2025/01/30 11:58:34 getPosts.go:168: Successfully fetched comments for post ID: 2, Comments: [{1 sdsdfsd aaa 0 2025-01-30T11:52:11Z 0 0}]
FORUM: 2025/01/30 11:58:34 getPosts.go:170: Appending post with ID: 2 to posts slice
FORUM: 2025/01/30 11:58:34 getPosts.go:180: Finished processing rows. Total posts fetched: 2
FORUM: 2025/01/30 11:58:34 getPosts.go:77: Number of posts returned: 2
FORUM: 2025/01/30 11:58:35 homeHandler.go:13: Handling request for Home page
FORUM: 2025/01/30 11:58:35 homeHandler.go:21: Checking for session token
FORUM: 2025/01/30 11:58:35 homeHandler.go:30: Session token found, verifying...
FORUM: 2025/01/30 11:58:35 session.go:38: SessionCheck: Session is valid for token: 0194b6d4-cb98-7218-b063-a472e6c7e9f5
FORUM: 2025/01/30 11:58:35 homeHandler.go:47: User is logged in: {true aaa false}
FORUM: 2025/01/30 11:58:35 homeHandler.go:48: User successfully logged in: aaa
FORUM: 2025/01/30 11:58:35 homeHandler.go:54: Setting cookie: session_token = 0194b6d4-cb98-7218-b063-a472e6c7e9f5
FORUM: 2025/01/30 11:58:35 getPosts.go:23: Request URL Path: /api/posts
FORUM: 2025/01/30 11:58:35 getPosts.go:55: Fetching posts for page 1
FORUM: 2025/01/30 11:58:35 getPosts.go:133: Executing query: SELECT username, id, title, content, Categories, created_at, likes, dislikes 
              FROM posts 
              ORDER BY created_at DESC 
              LIMIT ? OFFSET ? with limit 10 and offset 0
FORUM: 2025/01/30 11:58:35 getPosts.go:146: Starting to process rows...
FORUM: 2025/01/30 11:58:35 getPosts.go:151: Scanning row for post...
FORUM: 2025/01/30 11:58:35 getPosts.go:158: Successfully scanned post with ID: 3
FORUM: 2025/01/30 11:58:35 getPosts.go:161: Fetching comments for post ID: 3
FORUM: 2025/01/30 11:58:35 getPosts.go:168: Successfully fetched comments for post ID: 3, Comments: []
FORUM: 2025/01/30 11:58:35 getPosts.go:170: Appending post with ID: 3 to posts slice
FORUM: 2025/01/30 11:58:35 getPosts.go:151: Scanning row for post...
FORUM: 2025/01/30 11:58:35 getPosts.go:158: Successfully scanned post with ID: 2
FORUM: 2025/01/30 11:58:35 getPosts.go:161: Fetching comments for post ID: 2
FORUM: 2025/01/30 11:58:35 getPosts.go:168: Successfully fetched comments for post ID: 2, Comments: [{1 sdsdfsd aaa 0 2025-01-30T11:52:11Z 0 0}]
FORUM: 2025/01/30 11:58:35 getPosts.go:170: Appending post with ID: 2 to posts slice
FORUM: 2025/01/30 11:58:35 getPosts.go:180: Finished processing rows. Total posts fetched: 2
FORUM: 2025/01/30 11:58:35 getPosts.go:77: Number of posts returned: 2
FORUM: 2025/01/30 11:58:36 homeHandler.go:13: Handling request for Home page
FORUM: 2025/01/30 11:58:36 homeHandler.go:21: Checking for session token
FORUM: 2025/01/30 11:58:36 homeHandler.go:30: Session token found, verifying...
FORUM: 2025/01/30 11:58:36 session.go:38: SessionCheck: Session is valid for token: 0194b6d4-cb98-7218-b063-a472e6c7e9f5
FORUM: 2025/01/30 11:58:36 homeHandler.go:47: User is logged in: {true aaa false}
FORUM: 2025/01/30 11:58:36 homeHandler.go:48: User successfully logged in: aaa
FORUM: 2025/01/30 11:58:36 homeHandler.go:54: Setting cookie: session_token = 0194b6d4-cb98-7218-b063-a472e6c7e9f5
FORUM: 2025/01/30 11:58:36 getPosts.go:23: Request URL Path: /api/posts
FORUM: 2025/01/30 11:58:36 getPosts.go:55: Fetching posts for page 1
FORUM: 2025/01/30 11:58:36 getPosts.go:133: Executing query: SELECT username, id, title, content, Categories, created_at, likes, dislikes 
              FROM posts 
              ORDER BY created_at DESC 
              LIMIT ? OFFSET ? with limit 10 and offset 0
FORUM: 2025/01/30 11:58:36 getPosts.go:146: Starting to process rows...
FORUM: 2025/01/30 11:58:36 getPosts.go:151: Scanning row for post...
FORUM: 2025/01/30 11:58:36 getPosts.go:158: Successfully scanned post with ID: 3
FORUM: 2025/01/30 11:58:36 getPosts.go:161: Fetching comments for post ID: 3
FORUM: 2025/01/30 11:58:36 getPosts.go:168: Successfully fetched comments for post ID: 3, Comments: []
FORUM: 2025/01/30 11:58:36 getPosts.go:170: Appending post with ID: 3 to posts slice
FORUM: 2025/01/30 11:58:36 getPosts.go:151: Scanning row for post...
FORUM: 2025/01/30 11:58:36 getPosts.go:158: Successfully scanned post with ID: 2
FORUM: 2025/01/30 11:58:36 getPosts.go:161: Fetching comments for post ID: 2
FORUM: 2025/01/30 11:58:36 getPosts.go:168: Successfully fetched comments for post ID: 2, Comments: [{1 sdsdfsd aaa 0 2025-01-30T11:52:11Z 0 0}]
FORUM: 2025/01/30 11:58:36 getPosts.go:170: Appending post with ID: 2 to posts slice
FORUM: 2025/01/30 11:58:36 getPosts.go:180: Finished processing rows. Total posts fetched: 2
FORUM: 2025/01/30 11:58:36 getPosts.go:77: Number of posts returned: 2
FORUM: 2025/01/30 11:58:37 homeHandler.go:13: Handling request for Home page
FORUM: 2025/01/30 11:58:37 homeHandler.go:21: Checking for session token
FORUM: 2025/01/30 11:58:37 homeHandler.go:30: Session token found, verifying...
FORUM: 2025/01/30 11:58:37 session.go:38: SessionCheck: Session is valid for token: 0194b6d4-cb98-7218-b063-a472e6c7e9f5
FORUM: 2025/01/30 11:58:37 homeHandler.go:47: User is logged in: {true aaa false}
FORUM: 2025/01/30 11:58:37 homeHandler.go:48: User successfully logged in: aaa
FORUM: 2025/01/30 11:58:37 homeHandler.go:54: Setting cookie: session_token = 0194b6d4-cb98-7218-b063-a472e6c7e9f5
FORUM: 2025/01/30 11:58:37 homeHandler.go:13: Handling request for Home page
FORUM: 2025/01/30 11:58:37 homeHandler.go:21: Checking for session token
FORUM: 2025/01/30 11:58:37 homeHandler.go:30: Session token found, verifying...
FORUM: 2025/01/30 11:58:37 session.go:38: SessionCheck: Session is valid for token: 0194b6d4-cb98-7218-b063-a472e6c7e9f5
FORUM: 2025/01/30 11:58:37 homeHandler.go:47: User is logged in: {true aaa false}
FORUM: 2025/01/30 11:58:37 homeHandler.go:48: User successfully logged in: aaa
FORUM: 2025/01/30 11:58:37 homeHandler.go:54: Setting cookie: session_token = 0194b6d4-cb98-7218-b063-a472e6c7e9f5
FORUM: 2025/01/30 11:58:37 getPosts.go:23: Request URL Path: /api/posts
FORUM: 2025/01/30 11:58:37 getPosts.go:55: Fetching posts for page 1
FORUM: 2025/01/30 11:58:37 getPosts.go:133: Executing query: SELECT username, id, title, content, Categories, created_at, likes, dislikes 
              FROM posts 
              ORDER BY created_at DESC 
              LIMIT ? OFFSET ? with limit 10 and offset 0
FORUM: 2025/01/30 11:58:37 getPosts.go:146: Starting to process rows...
FORUM: 2025/01/30 11:58:37 getPosts.go:151: Scanning row for post...
FORUM: 2025/01/30 11:58:37 getPosts.go:158: Successfully scanned post with ID: 3
FORUM: 2025/01/30 11:58:37 getPosts.go:161: Fetching comments for post ID: 3
FORUM: 2025/01/30 11:58:37 getPosts.go:168: Successfully fetched comments for post ID: 3, Comments: []
FORUM: 2025/01/30 11:58:37 getPosts.go:170: Appending post with ID: 3 to posts slice
FORUM: 2025/01/30 11:58:37 getPosts.go:151: Scanning row for post...
FORUM: 2025/01/30 11:58:37 getPosts.go:158: Successfully scanned post with ID: 2
FORUM: 2025/01/30 11:58:37 getPosts.go:161: Fetching comments for post ID: 2
FORUM: 2025/01/30 11:58:37 getPosts.go:168: Successfully fetched comments for post ID: 2, Comments: [{1 sdsdfsd aaa 0 2025-01-30T11:52:11Z 0 0}]
FORUM: 2025/01/30 11:58:37 getPosts.go:170: Appending post with ID: 2 to posts slice
FORUM: 2025/01/30 11:58:37 getPosts.go:180: Finished processing rows. Total posts fetched: 2
FORUM: 2025/01/30 11:58:37 getPosts.go:77: Number of posts returned: 2
FORUM: 2025/01/30 11:58:37 homeHandler.go:13: Handling request for Home page
FORUM: 2025/01/30 11:58:37 homeHandler.go:21: Checking for session token
FORUM: 2025/01/30 11:58:37 homeHandler.go:30: Session token found, verifying...
FORUM: 2025/01/30 11:58:37 session.go:38: SessionCheck: Session is valid for token: 0194b6d4-cb98-7218-b063-a472e6c7e9f5
FORUM: 2025/01/30 11:58:37 homeHandler.go:47: User is logged in: {true aaa false}
FORUM: 2025/01/30 11:58:37 homeHandler.go:48: User successfully logged in: aaa
FORUM: 2025/01/30 11:58:37 homeHandler.go:54: Setting cookie: session_token = 0194b6d4-cb98-7218-b063-a472e6c7e9f5
FORUM: 2025/01/30 11:58:37 getPosts.go:23: Request URL Path: /api/posts
FORUM: 2025/01/30 11:58:37 getPosts.go:55: Fetching posts for page 1
FORUM: 2025/01/30 11:58:37 getPosts.go:133: Executing query: SELECT username, id, title, content, Categories, created_at, likes, dislikes 
              FROM posts 
              ORDER BY created_at DESC 
              LIMIT ? OFFSET ? with limit 10 and offset 0
FORUM: 2025/01/30 11:58:37 getPosts.go:146: Starting to process rows...
FORUM: 2025/01/30 11:58:37 getPosts.go:151: Scanning row for post...
FORUM: 2025/01/30 11:58:37 getPosts.go:158: Successfully scanned post with ID: 3
FORUM: 2025/01/30 11:58:37 getPosts.go:161: Fetching comments for post ID: 3
FORUM: 2025/01/30 11:58:37 getPosts.go:168: Successfully fetched comments for post ID: 3, Comments: []
FORUM: 2025/01/30 11:58:37 getPosts.go:170: Appending post with ID: 3 to posts slice
FORUM: 2025/01/30 11:58:37 getPosts.go:151: Scanning row for post...
FORUM: 2025/01/30 11:58:37 getPosts.go:158: Successfully scanned post with ID: 2
FORUM: 2025/01/30 11:58:37 getPosts.go:161: Fetching comments for post ID: 2
FORUM: 2025/01/30 11:58:37 getPosts.go:168: Successfully fetched comments for post ID: 2, Comments: [{1 sdsdfsd aaa 0 2025-01-30T11:52:11Z 0 0}]
FORUM: 2025/01/30 11:58:37 getPosts.go:170: Appending post with ID: 2 to posts slice
FORUM: 2025/01/30 11:58:37 getPosts.go:180: Finished processing rows. Total posts fetched: 2
FORUM: 2025/01/30 11:58:37 getPosts.go:77: Number of posts returned: 2
FORUM: 2025/01/30 11:58:37 homeHandler.go:13: Handling request for Home page
FORUM: 2025/01/30 11:58:37 homeHandler.go:21: Checking for session token
FORUM: 2025/01/30 11:58:37 homeHandler.go:30: Session token found, verifying...
FORUM: 2025/01/30 11:58:37 session.go:38: SessionCheck: Session is valid for token: 0194b6d4-cb98-7218-b063-a472e6c7e9f5
FORUM: 2025/01/30 11:58:37 homeHandler.go:47: User is logged in: {true aaa false}
FORUM: 2025/01/30 11:58:37 homeHandler.go:48: User successfully logged in: aaa
FORUM: 2025/01/30 11:58:37 homeHandler.go:54: Setting cookie: session_token = 0194b6d4-cb98-7218-b063-a472e6c7e9f5
FORUM: 2025/01/30 11:58:37 getPosts.go:23: Request URL Path: /api/posts
FORUM: 2025/01/30 11:58:37 getPosts.go:55: Fetching posts for page 1
FORUM: 2025/01/30 11:58:37 getPosts.go:133: Executing query: SELECT username, id, title, content, Categories, created_at, likes, dislikes 
              FROM posts 
              ORDER BY created_at DESC 
              LIMIT ? OFFSET ? with limit 10 and offset 0
FORUM: 2025/01/30 11:58:37 getPosts.go:146: Starting to process rows...
FORUM: 2025/01/30 11:58:37 getPosts.go:151: Scanning row for post...
FORUM: 2025/01/30 11:58:37 getPosts.go:158: Successfully scanned post with ID: 3
FORUM: 2025/01/30 11:58:37 getPosts.go:161: Fetching comments for post ID: 3
FORUM: 2025/01/30 11:58:37 getPosts.go:168: Successfully fetched comments for post ID: 3, Comments: []
FORUM: 2025/01/30 11:58:37 getPosts.go:170: Appending post with ID: 3 to posts slice
FORUM: 2025/01/30 11:58:37 getPosts.go:151: Scanning row for post...
FORUM: 2025/01/30 11:58:37 getPosts.go:158: Successfully scanned post with ID: 2
FORUM: 2025/01/30 11:58:37 getPosts.go:161: Fetching comments for post ID: 2
FORUM: 2025/01/30 11:58:37 getPosts.go:168: Successfully fetched comments for post ID: 2, Comments: [{1 sdsdfsd aaa 0 2025-01-30T11:52:11Z 0 0}]
FORUM: 2025/01/30 11:58:37 getPosts.go:170: Appending post with ID: 2 to posts slice
FORUM: 2025/01/30 11:58:37 getPosts.go:180: Finished processing rows. Total posts fetched: 2
FORUM: 2025/01/30 11:58:37 getPosts.go:77: Number of posts returned: 2
FORUM: 2025/01/30 11:58:37 homeHandler.go:13: Handling request for Home page
FORUM: 2025/01/30 11:58:37 homeHandler.go:21: Checking for session token
FORUM: 2025/01/30 11:58:37 homeHandler.go:30: Session token found, verifying...
FORUM: 2025/01/30 11:58:37 session.go:38: SessionCheck: Session is valid for token: 0194b6d4-cb98-7218-b063-a472e6c7e9f5
FORUM: 2025/01/30 11:58:37 homeHandler.go:47: User is logged in: {true aaa false}
FORUM: 2025/01/30 11:58:37 homeHandler.go:48: User successfully logged in: aaa
FORUM: 2025/01/30 11:58:37 homeHandler.go:54: Setting cookie: session_token = 0194b6d4-cb98-7218-b063-a472e6c7e9f5
FORUM: 2025/01/30 11:58:37 rateLimiter.go:36: IP:  ::1  Exceed the request limit!!
FORUM: 2025/01/30 11:58:37 homeHandler.go:13: Handling request for Home page
FORUM: 2025/01/30 11:58:37 homeHandler.go:21: Checking for session token
FORUM: 2025/01/30 11:58:37 homeHandler.go:30: Session token found, verifying...
FORUM: 2025/01/30 11:58:37 session.go:38: SessionCheck: Session is valid for token: 0194b6d4-cb98-7218-b063-a472e6c7e9f5
FORUM: 2025/01/30 11:58:37 homeHandler.go:47: User is logged in: {true aaa false}
FORUM: 2025/01/30 11:58:37 homeHandler.go:48: User successfully logged in: aaa
FORUM: 2025/01/30 11:58:37 homeHandler.go:54: Setting cookie: session_token = 0194b6d4-cb98-7218-b063-a472e6c7e9f5
FORUM: 2025/01/30 11:58:37 rateLimiter.go:36: IP:  ::1  Exceed the request limit!!
FORUM: 2025/01/30 11:58:38 homeHandler.go:13: Handling request for Home page
FORUM: 2025/01/30 11:58:38 homeHandler.go:21: Checking for session token
FORUM: 2025/01/30 11:58:38 homeHandler.go:30: Session token found, verifying...
FORUM: 2025/01/30 11:58:38 session.go:38: SessionCheck: Session is valid for token: 0194b6d4-cb98-7218-b063-a472e6c7e9f5
FORUM: 2025/01/30 11:58:38 homeHandler.go:47: User is logged in: {true aaa false}
FORUM: 2025/01/30 11:58:38 homeHandler.go:48: User successfully logged in: aaa
FORUM: 2025/01/30 11:58:38 homeHandler.go:54: Setting cookie: session_token = 0194b6d4-cb98-7218-b063-a472e6c7e9f5
FORUM: 2025/01/30 11:58:38 rateLimiter.go:36: IP:  ::1  Exceed the request limit!!
