FORUM: 2025/01/30 11:10:47 logs.go:25: Logger created successfully
FORUM: 2025/01/30 11:10:47 parseTemplates.go:12: Attempting to parse templates with pattern:  ./templates/*.html
FORUM: 2025/01/30 11:10:47 parseTemplates.go:24: Templates loaded successfully
FORUM: 2025/01/30 11:10:47 homeHandler.go:13: Handling request for Home page
FORUM: 2025/01/30 11:10:47 homeHandler.go:21: Checking for session token
FORUM: 2025/01/30 11:10:47 homeHandler.go:30: Session token found, verifying...
FORUM: 2025/01/30 11:10:47 session.go:38: SessionCheck: Session is valid for token: 0194b6a4-cf2a-796d-b926-225b802f23be
FORUM: 2025/01/30 11:10:47 homeHandler.go:47: User is logged in: {true hello false}
FORUM: 2025/01/30 11:10:47 homeHandler.go:48: User successfully logged in: hello
FORUM: 2025/01/30 11:10:47 homeHandler.go:54: Setting cookie: session_token = 0194b6a4-cf2a-796d-b926-225b802f23be
FORUM: 2025/01/30 11:10:47 getPosts.go:23: Request URL Path: /api/posts
FORUM: 2025/01/30 11:10:47 getPosts.go:55: Fetching posts for page 1
FORUM: 2025/01/30 11:10:47 getPosts.go:133: Executing query: SELECT username, id, title, content, Categories, created_at, likes, dislikes 
              FROM posts 
              ORDER BY created_at DESC 
              LIMIT ? OFFSET ? with limit 10 and offset 0
FORUM: 2025/01/30 11:10:47 getPosts.go:146: Starting to process rows...
FORUM: 2025/01/30 11:10:47 getPosts.go:151: Scanning row for post...
FORUM: 2025/01/30 11:10:47 getPosts.go:158: Successfully scanned post with ID: 1
FORUM: 2025/01/30 11:10:47 getPosts.go:161: Fetching comments for post ID: 1
FORUM: 2025/01/30 11:10:47 getPosts.go:168: Successfully fetched comments for post ID: 1, Comments: [{1 dgdfgdfgd hello 0 2025-01-30T11:01:12Z 0 0}]
FORUM: 2025/01/30 11:10:47 getPosts.go:170: Appending post with ID: 1 to posts slice
FORUM: 2025/01/30 11:10:47 getPosts.go:180: Finished processing rows. Total posts fetched: 1
FORUM: 2025/01/30 11:10:47 getPosts.go:77: Number of posts returned: 1
FORUM: 2025/01/30 11:11:24 homeHandler.go:13: Handling request for Home page
FORUM: 2025/01/30 11:11:24 homeHandler.go:21: Checking for session token
FORUM: 2025/01/30 11:11:24 homeHandler.go:30: Session token found, verifying...
FORUM: 2025/01/30 11:11:24 session.go:38: SessionCheck: Session is valid for token: 0194b6a4-cf2a-796d-b926-225b802f23be
FORUM: 2025/01/30 11:11:24 homeHandler.go:47: User is logged in: {true hello false}
FORUM: 2025/01/30 11:11:24 homeHandler.go:48: User successfully logged in: hello
FORUM: 2025/01/30 11:11:24 homeHandler.go:54: Setting cookie: session_token = 0194b6a4-cf2a-796d-b926-225b802f23be
FORUM: 2025/01/30 11:11:24 getPosts.go:23: Request URL Path: /api/posts
FORUM: 2025/01/30 11:11:24 getPosts.go:55: Fetching posts for page 1
FORUM: 2025/01/30 11:11:24 getPosts.go:133: Executing query: SELECT username, id, title, content, Categories, created_at, likes, dislikes 
              FROM posts 
              ORDER BY created_at DESC 
              LIMIT ? OFFSET ? with limit 10 and offset 0
FORUM: 2025/01/30 11:11:24 getPosts.go:146: Starting to process rows...
FORUM: 2025/01/30 11:11:24 getPosts.go:151: Scanning row for post...
FORUM: 2025/01/30 11:11:24 getPosts.go:158: Successfully scanned post with ID: 1
FORUM: 2025/01/30 11:11:24 getPosts.go:161: Fetching comments for post ID: 1
FORUM: 2025/01/30 11:11:24 getPosts.go:168: Successfully fetched comments for post ID: 1, Comments: [{1 dgdfgdfgd hello 0 2025-01-30T11:01:12Z 0 0}]
FORUM: 2025/01/30 11:11:24 getPosts.go:170: Appending post with ID: 1 to posts slice
FORUM: 2025/01/30 11:11:24 getPosts.go:180: Finished processing rows. Total posts fetched: 1
FORUM: 2025/01/30 11:11:24 getPosts.go:77: Number of posts returned: 1
