FORUM: 2025/01/30 15:15:39 logs.go:25: Logger created successfully
FORUM: 2025/01/30 15:15:39 parseTemplates.go:12: Attempting to parse templates with pattern:  ./templates/*.html
FORUM: 2025/01/30 15:15:39 parseTemplates.go:24: Templates loaded successfully
FORUM: 2025/01/30 15:15:56 homeHandler.go:13: Handling request for Home page
FORUM: 2025/01/30 15:15:56 homeHandler.go:21: Checking for session token
FORUM: 2025/01/30 15:15:56 homeHandler.go:24: No session token found, user not logged in
FORUM: 2025/01/30 15:15:56 homeHandler.go:54: Setting cookie: session_token = 
FORUM: 2025/01/30 15:15:56 getPosts.go:23: Request URL Path: /api/posts
FORUM: 2025/01/30 15:15:56 getPosts.go:55: Fetching posts for page 1
FORUM: 2025/01/30 15:15:56 getPosts.go:133: Executing query: SELECT username, id, title, content, Categories, created_at, likes, dislikes 
              FROM posts 
              ORDER BY created_at DESC 
              LIMIT ? OFFSET ? with limit 10 and offset 0
FORUM: 2025/01/30 15:15:56 getPosts.go:146: Starting to process rows...
FORUM: 2025/01/30 15:15:56 getPosts.go:151: Scanning row for post...
FORUM: 2025/01/30 15:15:56 getPosts.go:158: Successfully scanned post with ID: 26
FORUM: 2025/01/30 15:15:56 getPosts.go:161: Fetching comments for post ID: 26
FORUM: 2025/01/30 15:15:56 getPosts.go:168: Successfully fetched comments for post ID: 26, Comments: []
FORUM: 2025/01/30 15:15:56 getPosts.go:170: Appending post with ID: 26 to posts slice
FORUM: 2025/01/30 15:15:56 getPosts.go:151: Scanning row for post...
FORUM: 2025/01/30 15:15:56 getPosts.go:158: Successfully scanned post with ID: 25
FORUM: 2025/01/30 15:15:56 getPosts.go:161: Fetching comments for post ID: 25
FORUM: 2025/01/30 15:15:56 getPosts.go:168: Successfully fetched comments for post ID: 25, Comments: []
FORUM: 2025/01/30 15:15:56 getPosts.go:170: Appending post with ID: 25 to posts slice
FORUM: 2025/01/30 15:15:56 getPosts.go:151: Scanning row for post...
FORUM: 2025/01/30 15:15:56 getPosts.go:158: Successfully scanned post with ID: 24
FORUM: 2025/01/30 15:15:56 getPosts.go:161: Fetching comments for post ID: 24
FORUM: 2025/01/30 15:15:56 getPosts.go:168: Successfully fetched comments for post ID: 24, Comments: []
FORUM: 2025/01/30 15:15:56 getPosts.go:170: Appending post with ID: 24 to posts slice
FORUM: 2025/01/30 15:15:56 getPosts.go:151: Scanning row for post...
FORUM: 2025/01/30 15:15:56 getPosts.go:158: Successfully scanned post with ID: 23
FORUM: 2025/01/30 15:15:56 getPosts.go:161: Fetching comments for post ID: 23
FORUM: 2025/01/30 15:15:56 getPosts.go:168: Successfully fetched comments for post ID: 23, Comments: []
FORUM: 2025/01/30 15:15:56 getPosts.go:170: Appending post with ID: 23 to posts slice
FORUM: 2025/01/30 15:15:56 getPosts.go:151: Scanning row for post...
FORUM: 2025/01/30 15:15:56 getPosts.go:158: Successfully scanned post with ID: 22
FORUM: 2025/01/30 15:15:56 getPosts.go:161: Fetching comments for post ID: 22
FORUM: 2025/01/30 15:15:56 getPosts.go:168: Successfully fetched comments for post ID: 22, Comments: []
FORUM: 2025/01/30 15:15:56 getPosts.go:170: Appending post with ID: 22 to posts slice
FORUM: 2025/01/30 15:15:56 getPosts.go:151: Scanning row for post...
FORUM: 2025/01/30 15:15:56 getPosts.go:158: Successfully scanned post with ID: 21
FORUM: 2025/01/30 15:15:56 getPosts.go:161: Fetching comments for post ID: 21
FORUM: 2025/01/30 15:15:56 getPosts.go:168: Successfully fetched comments for post ID: 21, Comments: []
FORUM: 2025/01/30 15:15:56 getPosts.go:170: Appending post with ID: 21 to posts slice
FORUM: 2025/01/30 15:15:56 getPosts.go:151: Scanning row for post...
FORUM: 2025/01/30 15:15:56 getPosts.go:158: Successfully scanned post with ID: 20
FORUM: 2025/01/30 15:15:56 getPosts.go:161: Fetching comments for post ID: 20
FORUM: 2025/01/30 15:15:56 getPosts.go:168: Successfully fetched comments for post ID: 20, Comments: []
FORUM: 2025/01/30 15:15:56 getPosts.go:170: Appending post with ID: 20 to posts slice
FORUM: 2025/01/30 15:15:56 getPosts.go:151: Scanning row for post...
FORUM: 2025/01/30 15:15:56 getPosts.go:158: Successfully scanned post with ID: 19
FORUM: 2025/01/30 15:15:56 getPosts.go:161: Fetching comments for post ID: 19
FORUM: 2025/01/30 15:15:56 getPosts.go:168: Successfully fetched comments for post ID: 19, Comments: []
FORUM: 2025/01/30 15:15:56 getPosts.go:170: Appending post with ID: 19 to posts slice
FORUM: 2025/01/30 15:15:56 getPosts.go:151: Scanning row for post...
FORUM: 2025/01/30 15:15:56 getPosts.go:158: Successfully scanned post with ID: 18
FORUM: 2025/01/30 15:15:56 getPosts.go:161: Fetching comments for post ID: 18
FORUM: 2025/01/30 15:15:56 getPosts.go:168: Successfully fetched comments for post ID: 18, Comments: []
FORUM: 2025/01/30 15:15:56 getPosts.go:170: Appending post with ID: 18 to posts slice
FORUM: 2025/01/30 15:15:56 getPosts.go:151: Scanning row for post...
FORUM: 2025/01/30 15:15:56 getPosts.go:158: Successfully scanned post with ID: 17
FORUM: 2025/01/30 15:15:56 getPosts.go:161: Fetching comments for post ID: 17
FORUM: 2025/01/30 15:15:56 getPosts.go:168: Successfully fetched comments for post ID: 17, Comments: []
FORUM: 2025/01/30 15:15:56 getPosts.go:170: Appending post with ID: 17 to posts slice
FORUM: 2025/01/30 15:15:56 getPosts.go:180: Finished processing rows. Total posts fetched: 10
FORUM: 2025/01/30 15:15:56 getPosts.go:77: Number of posts returned: 10
FORUM: 2025/01/30 15:16:02 getPosts.go:23: Request URL Path: /api/posts/1/categories=General
FORUM: 2025/01/30 15:16:02 getPosts.go:27: Requested Page: 1
FORUM: 2025/01/30 15:16:02 getPosts.go:40: Categories found in URL: [General]
FORUM: 2025/01/30 15:16:02 getPosts.go:44: Fetching posts by categories: [General] for page 1
FORUM: 2025/01/30 15:16:02 getPosts.go:89: Category Found: General
FORUM: 2025/01/30 15:16:02 getPosts.go:110: Params:  [%General% 10 0]
FORUM: 2025/01/30 15:16:02 getPosts.go:112: Executing query: 
		SELECT username, id, title, content, Categories, created_at, likes, dislikes 
		FROM posts 
		WHERE Categories LIKE ?
		ORDER BY created_at DESC 
		LIMIT ? OFFSET ? with categories: [General], limit: 10, offset: 0
FORUM: 2025/01/30 15:16:02 getPosts.go:146: Starting to process rows...
FORUM: 2025/01/30 15:16:02 getPosts.go:151: Scanning row for post...
FORUM: 2025/01/30 15:16:02 getPosts.go:158: Successfully scanned post with ID: 7
FORUM: 2025/01/30 15:16:02 getPosts.go:161: Fetching comments for post ID: 7
FORUM: 2025/01/30 15:16:02 getPosts.go:168: Successfully fetched comments for post ID: 7, Comments: []
FORUM: 2025/01/30 15:16:02 getPosts.go:170: Appending post with ID: 7 to posts slice
FORUM: 2025/01/30 15:16:02 getPosts.go:151: Scanning row for post...
FORUM: 2025/01/30 15:16:02 getPosts.go:158: Successfully scanned post with ID: 2
FORUM: 2025/01/30 15:16:02 getPosts.go:161: Fetching comments for post ID: 2
FORUM: 2025/01/30 15:16:02 getPosts.go:168: Successfully fetched comments for post ID: 2, Comments: []
FORUM: 2025/01/30 15:16:02 getPosts.go:170: Appending post with ID: 2 to posts slice
FORUM: 2025/01/30 15:16:02 getPosts.go:180: Finished processing rows. Total posts fetched: 2
FORUM: 2025/01/30 15:16:02 getPosts.go:77: Number of posts returned: 2
FORUM: 2025/01/30 15:16:08 getPosts.go:23: Request URL Path: /api/posts/2/categories=General
FORUM: 2025/01/30 15:16:08 getPosts.go:27: Requested Page: 2
FORUM: 2025/01/30 15:16:08 getPosts.go:40: Categories found in URL: [General]
FORUM: 2025/01/30 15:16:08 getPosts.go:44: Fetching posts by categories: [General] for page 2
FORUM: 2025/01/30 15:16:08 getPosts.go:89: Category Found: General
FORUM: 2025/01/30 15:16:08 getPosts.go:110: Params:  [%General% 10 10]
FORUM: 2025/01/30 15:16:08 getPosts.go:112: Executing query: 
		SELECT username, id, title, content, Categories, created_at, likes, dislikes 
		FROM posts 
		WHERE Categories LIKE ?
		ORDER BY created_at DESC 
		LIMIT ? OFFSET ? with categories: [General], limit: 10, offset: 10
FORUM: 2025/01/30 15:16:08 getPosts.go:146: Starting to process rows...
FORUM: 2025/01/30 15:16:08 getPosts.go:180: Finished processing rows. Total posts fetched: 0
FORUM: 2025/01/30 15:16:09 getPosts.go:23: Request URL Path: /api/posts/3/categories=General
FORUM: 2025/01/30 15:16:09 getPosts.go:27: Requested Page: 3
FORUM: 2025/01/30 15:16:09 getPosts.go:40: Categories found in URL: [General]
FORUM: 2025/01/30 15:16:09 getPosts.go:44: Fetching posts by categories: [General] for page 3
FORUM: 2025/01/30 15:16:09 getPosts.go:89: Category Found: General
FORUM: 2025/01/30 15:16:09 getPosts.go:110: Params:  [%General% 10 20]
FORUM: 2025/01/30 15:16:09 getPosts.go:112: Executing query: 
		SELECT username, id, title, content, Categories, created_at, likes, dislikes 
		FROM posts 
		WHERE Categories LIKE ?
		ORDER BY created_at DESC 
		LIMIT ? OFFSET ? with categories: [General], limit: 10, offset: 20
FORUM: 2025/01/30 15:16:09 getPosts.go:146: Starting to process rows...
FORUM: 2025/01/30 15:16:09 getPosts.go:180: Finished processing rows. Total posts fetched: 0
FORUM: 2025/01/30 15:16:10 getPosts.go:23: Request URL Path: /api/posts/1
FORUM: 2025/01/30 15:16:10 getPosts.go:27: Requested Page: 1
FORUM: 2025/01/30 15:16:10 getPosts.go:55: Fetching posts for page 1
FORUM: 2025/01/30 15:16:10 getPosts.go:133: Executing query: SELECT username, id, title, content, Categories, created_at, likes, dislikes 
              FROM posts 
              ORDER BY created_at DESC 
              LIMIT ? OFFSET ? with limit 10 and offset 0
FORUM: 2025/01/30 15:16:10 getPosts.go:146: Starting to process rows...
FORUM: 2025/01/30 15:16:10 getPosts.go:151: Scanning row for post...
FORUM: 2025/01/30 15:16:10 getPosts.go:158: Successfully scanned post with ID: 26
FORUM: 2025/01/30 15:16:10 getPosts.go:161: Fetching comments for post ID: 26
FORUM: 2025/01/30 15:16:10 getPosts.go:168: Successfully fetched comments for post ID: 26, Comments: []
FORUM: 2025/01/30 15:16:10 getPosts.go:170: Appending post with ID: 26 to posts slice
FORUM: 2025/01/30 15:16:10 getPosts.go:151: Scanning row for post...
FORUM: 2025/01/30 15:16:10 getPosts.go:158: Successfully scanned post with ID: 25
FORUM: 2025/01/30 15:16:10 getPosts.go:161: Fetching comments for post ID: 25
FORUM: 2025/01/30 15:16:10 getPosts.go:168: Successfully fetched comments for post ID: 25, Comments: []
FORUM: 2025/01/30 15:16:10 getPosts.go:170: Appending post with ID: 25 to posts slice
FORUM: 2025/01/30 15:16:10 getPosts.go:151: Scanning row for post...
FORUM: 2025/01/30 15:16:10 getPosts.go:158: Successfully scanned post with ID: 24
FORUM: 2025/01/30 15:16:10 getPosts.go:161: Fetching comments for post ID: 24
FORUM: 2025/01/30 15:16:10 getPosts.go:168: Successfully fetched comments for post ID: 24, Comments: []
FORUM: 2025/01/30 15:16:10 getPosts.go:170: Appending post with ID: 24 to posts slice
FORUM: 2025/01/30 15:16:10 getPosts.go:151: Scanning row for post...
FORUM: 2025/01/30 15:16:10 getPosts.go:158: Successfully scanned post with ID: 23
FORUM: 2025/01/30 15:16:10 getPosts.go:161: Fetching comments for post ID: 23
FORUM: 2025/01/30 15:16:10 getPosts.go:168: Successfully fetched comments for post ID: 23, Comments: []
FORUM: 2025/01/30 15:16:10 getPosts.go:170: Appending post with ID: 23 to posts slice
FORUM: 2025/01/30 15:16:10 getPosts.go:151: Scanning row for post...
FORUM: 2025/01/30 15:16:10 getPosts.go:158: Successfully scanned post with ID: 22
FORUM: 2025/01/30 15:16:10 getPosts.go:161: Fetching comments for post ID: 22
FORUM: 2025/01/30 15:16:10 getPosts.go:168: Successfully fetched comments for post ID: 22, Comments: []
FORUM: 2025/01/30 15:16:10 getPosts.go:170: Appending post with ID: 22 to posts slice
FORUM: 2025/01/30 15:16:10 getPosts.go:151: Scanning row for post...
FORUM: 2025/01/30 15:16:10 getPosts.go:158: Successfully scanned post with ID: 21
FORUM: 2025/01/30 15:16:10 getPosts.go:161: Fetching comments for post ID: 21
FORUM: 2025/01/30 15:16:10 getPosts.go:168: Successfully fetched comments for post ID: 21, Comments: []
FORUM: 2025/01/30 15:16:10 getPosts.go:170: Appending post with ID: 21 to posts slice
FORUM: 2025/01/30 15:16:10 getPosts.go:151: Scanning row for post...
FORUM: 2025/01/30 15:16:10 getPosts.go:158: Successfully scanned post with ID: 20
FORUM: 2025/01/30 15:16:10 getPosts.go:161: Fetching comments for post ID: 20
FORUM: 2025/01/30 15:16:10 getPosts.go:168: Successfully fetched comments for post ID: 20, Comments: []
FORUM: 2025/01/30 15:16:10 getPosts.go:170: Appending post with ID: 20 to posts slice
FORUM: 2025/01/30 15:16:10 getPosts.go:151: Scanning row for post...
FORUM: 2025/01/30 15:16:10 getPosts.go:158: Successfully scanned post with ID: 19
FORUM: 2025/01/30 15:16:10 getPosts.go:161: Fetching comments for post ID: 19
FORUM: 2025/01/30 15:16:10 getPosts.go:168: Successfully fetched comments for post ID: 19, Comments: []
FORUM: 2025/01/30 15:16:10 getPosts.go:170: Appending post with ID: 19 to posts slice
FORUM: 2025/01/30 15:16:10 getPosts.go:151: Scanning row for post...
FORUM: 2025/01/30 15:16:10 getPosts.go:158: Successfully scanned post with ID: 18
FORUM: 2025/01/30 15:16:10 getPosts.go:161: Fetching comments for post ID: 18
FORUM: 2025/01/30 15:16:10 getPosts.go:168: Successfully fetched comments for post ID: 18, Comments: []
FORUM: 2025/01/30 15:16:10 getPosts.go:170: Appending post with ID: 18 to posts slice
FORUM: 2025/01/30 15:16:10 getPosts.go:151: Scanning row for post...
FORUM: 2025/01/30 15:16:10 getPosts.go:158: Successfully scanned post with ID: 17
FORUM: 2025/01/30 15:16:10 getPosts.go:161: Fetching comments for post ID: 17
FORUM: 2025/01/30 15:16:10 getPosts.go:168: Successfully fetched comments for post ID: 17, Comments: []
FORUM: 2025/01/30 15:16:10 getPosts.go:170: Appending post with ID: 17 to posts slice
FORUM: 2025/01/30 15:16:10 getPosts.go:180: Finished processing rows. Total posts fetched: 10
FORUM: 2025/01/30 15:16:10 getPosts.go:77: Number of posts returned: 10
FORUM: 2025/01/30 15:16:17 getPosts.go:23: Request URL Path: /api/posts/1/categories=Tech
FORUM: 2025/01/30 15:16:17 getPosts.go:27: Requested Page: 1
FORUM: 2025/01/30 15:16:17 getPosts.go:40: Categories found in URL: [Tech]
FORUM: 2025/01/30 15:16:17 getPosts.go:44: Fetching posts by categories: [Tech] for page 1
FORUM: 2025/01/30 15:16:17 getPosts.go:89: Category Found: Tech
FORUM: 2025/01/30 15:16:17 getPosts.go:110: Params:  [%Tech% 10 0]
FORUM: 2025/01/30 15:16:17 getPosts.go:112: Executing query: 
		SELECT username, id, title, content, Categories, created_at, likes, dislikes 
		FROM posts 
		WHERE Categories LIKE ?
		ORDER BY created_at DESC 
		LIMIT ? OFFSET ? with categories: [Tech], limit: 10, offset: 0
FORUM: 2025/01/30 15:16:17 getPosts.go:146: Starting to process rows...
FORUM: 2025/01/30 15:16:17 getPosts.go:151: Scanning row for post...
FORUM: 2025/01/30 15:16:17 getPosts.go:158: Successfully scanned post with ID: 7
FORUM: 2025/01/30 15:16:17 getPosts.go:161: Fetching comments for post ID: 7
FORUM: 2025/01/30 15:16:17 getPosts.go:168: Successfully fetched comments for post ID: 7, Comments: []
FORUM: 2025/01/30 15:16:17 getPosts.go:170: Appending post with ID: 7 to posts slice
FORUM: 2025/01/30 15:16:17 getPosts.go:151: Scanning row for post...
FORUM: 2025/01/30 15:16:17 getPosts.go:158: Successfully scanned post with ID: 3
FORUM: 2025/01/30 15:16:17 getPosts.go:161: Fetching comments for post ID: 3
FORUM: 2025/01/30 15:16:17 getPosts.go:168: Successfully fetched comments for post ID: 3, Comments: []
FORUM: 2025/01/30 15:16:17 getPosts.go:170: Appending post with ID: 3 to posts slice
FORUM: 2025/01/30 15:16:17 getPosts.go:180: Finished processing rows. Total posts fetched: 2
FORUM: 2025/01/30 15:16:17 getPosts.go:77: Number of posts returned: 2
FORUM: 2025/01/30 15:16:20 getPosts.go:23: Request URL Path: /api/posts/1
FORUM: 2025/01/30 15:16:20 getPosts.go:27: Requested Page: 1
FORUM: 2025/01/30 15:16:20 getPosts.go:55: Fetching posts for page 1
FORUM: 2025/01/30 15:16:20 getPosts.go:133: Executing query: SELECT username, id, title, content, Categories, created_at, likes, dislikes 
              FROM posts 
              ORDER BY created_at DESC 
              LIMIT ? OFFSET ? with limit 10 and offset 0
FORUM: 2025/01/30 15:16:20 getPosts.go:146: Starting to process rows...
FORUM: 2025/01/30 15:16:20 getPosts.go:151: Scanning row for post...
FORUM: 2025/01/30 15:16:20 getPosts.go:158: Successfully scanned post with ID: 26
FORUM: 2025/01/30 15:16:20 getPosts.go:161: Fetching comments for post ID: 26
FORUM: 2025/01/30 15:16:20 getPosts.go:168: Successfully fetched comments for post ID: 26, Comments: []
FORUM: 2025/01/30 15:16:20 getPosts.go:170: Appending post with ID: 26 to posts slice
FORUM: 2025/01/30 15:16:20 getPosts.go:151: Scanning row for post...
FORUM: 2025/01/30 15:16:20 getPosts.go:158: Successfully scanned post with ID: 25
FORUM: 2025/01/30 15:16:20 getPosts.go:161: Fetching comments for post ID: 25
FORUM: 2025/01/30 15:16:20 getPosts.go:168: Successfully fetched comments for post ID: 25, Comments: []
FORUM: 2025/01/30 15:16:20 getPosts.go:170: Appending post with ID: 25 to posts slice
FORUM: 2025/01/30 15:16:20 getPosts.go:151: Scanning row for post...
FORUM: 2025/01/30 15:16:20 getPosts.go:158: Successfully scanned post with ID: 24
FORUM: 2025/01/30 15:16:20 getPosts.go:161: Fetching comments for post ID: 24
FORUM: 2025/01/30 15:16:20 getPosts.go:168: Successfully fetched comments for post ID: 24, Comments: []
FORUM: 2025/01/30 15:16:20 getPosts.go:170: Appending post with ID: 24 to posts slice
FORUM: 2025/01/30 15:16:20 getPosts.go:151: Scanning row for post...
FORUM: 2025/01/30 15:16:20 getPosts.go:158: Successfully scanned post with ID: 23
FORUM: 2025/01/30 15:16:20 getPosts.go:161: Fetching comments for post ID: 23
FORUM: 2025/01/30 15:16:20 getPosts.go:168: Successfully fetched comments for post ID: 23, Comments: []
FORUM: 2025/01/30 15:16:20 getPosts.go:170: Appending post with ID: 23 to posts slice
FORUM: 2025/01/30 15:16:20 getPosts.go:151: Scanning row for post...
FORUM: 2025/01/30 15:16:20 getPosts.go:158: Successfully scanned post with ID: 22
FORUM: 2025/01/30 15:16:20 getPosts.go:161: Fetching comments for post ID: 22
FORUM: 2025/01/30 15:16:20 getPosts.go:168: Successfully fetched comments for post ID: 22, Comments: []
FORUM: 2025/01/30 15:16:20 getPosts.go:170: Appending post with ID: 22 to posts slice
FORUM: 2025/01/30 15:16:20 getPosts.go:151: Scanning row for post...
FORUM: 2025/01/30 15:16:20 getPosts.go:158: Successfully scanned post with ID: 21
FORUM: 2025/01/30 15:16:20 getPosts.go:161: Fetching comments for post ID: 21
FORUM: 2025/01/30 15:16:20 getPosts.go:168: Successfully fetched comments for post ID: 21, Comments: []
FORUM: 2025/01/30 15:16:20 getPosts.go:170: Appending post with ID: 21 to posts slice
FORUM: 2025/01/30 15:16:20 getPosts.go:151: Scanning row for post...
FORUM: 2025/01/30 15:16:20 getPosts.go:158: Successfully scanned post with ID: 20
FORUM: 2025/01/30 15:16:20 getPosts.go:161: Fetching comments for post ID: 20
FORUM: 2025/01/30 15:16:20 getPosts.go:168: Successfully fetched comments for post ID: 20, Comments: []
FORUM: 2025/01/30 15:16:20 getPosts.go:170: Appending post with ID: 20 to posts slice
FORUM: 2025/01/30 15:16:20 getPosts.go:151: Scanning row for post...
FORUM: 2025/01/30 15:16:20 getPosts.go:158: Successfully scanned post with ID: 19
FORUM: 2025/01/30 15:16:20 getPosts.go:161: Fetching comments for post ID: 19
FORUM: 2025/01/30 15:16:20 getPosts.go:168: Successfully fetched comments for post ID: 19, Comments: []
FORUM: 2025/01/30 15:16:20 getPosts.go:170: Appending post with ID: 19 to posts slice
FORUM: 2025/01/30 15:16:20 getPosts.go:151: Scanning row for post...
FORUM: 2025/01/30 15:16:20 getPosts.go:158: Successfully scanned post with ID: 18
FORUM: 2025/01/30 15:16:20 getPosts.go:161: Fetching comments for post ID: 18
FORUM: 2025/01/30 15:16:20 getPosts.go:168: Successfully fetched comments for post ID: 18, Comments: []
FORUM: 2025/01/30 15:16:20 getPosts.go:170: Appending post with ID: 18 to posts slice
FORUM: 2025/01/30 15:16:20 getPosts.go:151: Scanning row for post...
FORUM: 2025/01/30 15:16:20 getPosts.go:158: Successfully scanned post with ID: 17
FORUM: 2025/01/30 15:16:20 getPosts.go:161: Fetching comments for post ID: 17
FORUM: 2025/01/30 15:16:20 getPosts.go:168: Successfully fetched comments for post ID: 17, Comments: []
FORUM: 2025/01/30 15:16:20 getPosts.go:170: Appending post with ID: 17 to posts slice
FORUM: 2025/01/30 15:16:20 getPosts.go:180: Finished processing rows. Total posts fetched: 10
FORUM: 2025/01/30 15:16:20 getPosts.go:77: Number of posts returned: 10
FORUM: 2025/01/30 15:16:21 getPosts.go:23: Request URL Path: /api/posts/1/categories=Sports
FORUM: 2025/01/30 15:16:21 getPosts.go:27: Requested Page: 1
FORUM: 2025/01/30 15:16:21 getPosts.go:40: Categories found in URL: [Sports]
FORUM: 2025/01/30 15:16:21 getPosts.go:44: Fetching posts by categories: [Sports] for page 1
FORUM: 2025/01/30 15:16:21 getPosts.go:89: Category Found: Sports
FORUM: 2025/01/30 15:16:21 getPosts.go:110: Params:  [%Sports% 10 0]
FORUM: 2025/01/30 15:16:21 getPosts.go:112: Executing query: 
		SELECT username, id, title, content, Categories, created_at, likes, dislikes 
		FROM posts 
		WHERE Categories LIKE ?
		ORDER BY created_at DESC 
		LIMIT ? OFFSET ? with categories: [Sports], limit: 10, offset: 0
FORUM: 2025/01/30 15:16:21 getPosts.go:146: Starting to process rows...
FORUM: 2025/01/30 15:16:21 getPosts.go:151: Scanning row for post...
FORUM: 2025/01/30 15:16:21 getPosts.go:158: Successfully scanned post with ID: 26
FORUM: 2025/01/30 15:16:21 getPosts.go:161: Fetching comments for post ID: 26
FORUM: 2025/01/30 15:16:21 getPosts.go:168: Successfully fetched comments for post ID: 26, Comments: []
FORUM: 2025/01/30 15:16:21 getPosts.go:170: Appending post with ID: 26 to posts slice
FORUM: 2025/01/30 15:16:21 getPosts.go:151: Scanning row for post...
FORUM: 2025/01/30 15:16:21 getPosts.go:158: Successfully scanned post with ID: 25
FORUM: 2025/01/30 15:16:21 getPosts.go:161: Fetching comments for post ID: 25
FORUM: 2025/01/30 15:16:21 getPosts.go:168: Successfully fetched comments for post ID: 25, Comments: []
FORUM: 2025/01/30 15:16:21 getPosts.go:170: Appending post with ID: 25 to posts slice
FORUM: 2025/01/30 15:16:21 getPosts.go:151: Scanning row for post...
FORUM: 2025/01/30 15:16:21 getPosts.go:158: Successfully scanned post with ID: 24
FORUM: 2025/01/30 15:16:21 getPosts.go:161: Fetching comments for post ID: 24
FORUM: 2025/01/30 15:16:21 getPosts.go:168: Successfully fetched comments for post ID: 24, Comments: []
FORUM: 2025/01/30 15:16:21 getPosts.go:170: Appending post with ID: 24 to posts slice
FORUM: 2025/01/30 15:16:21 getPosts.go:151: Scanning row for post...
FORUM: 2025/01/30 15:16:21 getPosts.go:158: Successfully scanned post with ID: 23
FORUM: 2025/01/30 15:16:21 getPosts.go:161: Fetching comments for post ID: 23
FORUM: 2025/01/30 15:16:21 getPosts.go:168: Successfully fetched comments for post ID: 23, Comments: []
FORUM: 2025/01/30 15:16:21 getPosts.go:170: Appending post with ID: 23 to posts slice
FORUM: 2025/01/30 15:16:21 getPosts.go:151: Scanning row for post...
FORUM: 2025/01/30 15:16:21 getPosts.go:158: Successfully scanned post with ID: 22
FORUM: 2025/01/30 15:16:21 getPosts.go:161: Fetching comments for post ID: 22
FORUM: 2025/01/30 15:16:21 getPosts.go:168: Successfully fetched comments for post ID: 22, Comments: []
FORUM: 2025/01/30 15:16:21 getPosts.go:170: Appending post with ID: 22 to posts slice
FORUM: 2025/01/30 15:16:21 getPosts.go:151: Scanning row for post...
FORUM: 2025/01/30 15:16:21 getPosts.go:158: Successfully scanned post with ID: 21
FORUM: 2025/01/30 15:16:21 getPosts.go:161: Fetching comments for post ID: 21
FORUM: 2025/01/30 15:16:21 getPosts.go:168: Successfully fetched comments for post ID: 21, Comments: []
FORUM: 2025/01/30 15:16:21 getPosts.go:170: Appending post with ID: 21 to posts slice
FORUM: 2025/01/30 15:16:21 getPosts.go:151: Scanning row for post...
FORUM: 2025/01/30 15:16:21 getPosts.go:158: Successfully scanned post with ID: 20
FORUM: 2025/01/30 15:16:21 getPosts.go:161: Fetching comments for post ID: 20
FORUM: 2025/01/30 15:16:21 getPosts.go:168: Successfully fetched comments for post ID: 20, Comments: []
FORUM: 2025/01/30 15:16:21 getPosts.go:170: Appending post with ID: 20 to posts slice
FORUM: 2025/01/30 15:16:21 getPosts.go:151: Scanning row for post...
FORUM: 2025/01/30 15:16:21 getPosts.go:158: Successfully scanned post with ID: 19
FORUM: 2025/01/30 15:16:21 getPosts.go:161: Fetching comments for post ID: 19
FORUM: 2025/01/30 15:16:21 getPosts.go:168: Successfully fetched comments for post ID: 19, Comments: []
FORUM: 2025/01/30 15:16:21 getPosts.go:170: Appending post with ID: 19 to posts slice
FORUM: 2025/01/30 15:16:21 getPosts.go:151: Scanning row for post...
FORUM: 2025/01/30 15:16:21 getPosts.go:158: Successfully scanned post with ID: 18
FORUM: 2025/01/30 15:16:21 getPosts.go:161: Fetching comments for post ID: 18
FORUM: 2025/01/30 15:16:21 getPosts.go:168: Successfully fetched comments for post ID: 18, Comments: []
FORUM: 2025/01/30 15:16:21 getPosts.go:170: Appending post with ID: 18 to posts slice
FORUM: 2025/01/30 15:16:21 getPosts.go:151: Scanning row for post...
FORUM: 2025/01/30 15:16:21 getPosts.go:158: Successfully scanned post with ID: 17
FORUM: 2025/01/30 15:16:21 getPosts.go:161: Fetching comments for post ID: 17
FORUM: 2025/01/30 15:16:21 getPosts.go:168: Successfully fetched comments for post ID: 17, Comments: []
FORUM: 2025/01/30 15:16:21 getPosts.go:170: Appending post with ID: 17 to posts slice
FORUM: 2025/01/30 15:16:21 getPosts.go:180: Finished processing rows. Total posts fetched: 10
FORUM: 2025/01/30 15:16:21 getPosts.go:77: Number of posts returned: 10
FORUM: 2025/01/30 15:16:22 getPosts.go:23: Request URL Path: /api/posts/1
FORUM: 2025/01/30 15:16:22 getPosts.go:27: Requested Page: 1
FORUM: 2025/01/30 15:16:22 getPosts.go:55: Fetching posts for page 1
FORUM: 2025/01/30 15:16:22 getPosts.go:133: Executing query: SELECT username, id, title, content, Categories, created_at, likes, dislikes 
              FROM posts 
              ORDER BY created_at DESC 
              LIMIT ? OFFSET ? with limit 10 and offset 0
FORUM: 2025/01/30 15:16:22 getPosts.go:146: Starting to process rows...
FORUM: 2025/01/30 15:16:22 getPosts.go:151: Scanning row for post...
FORUM: 2025/01/30 15:16:22 getPosts.go:158: Successfully scanned post with ID: 26
FORUM: 2025/01/30 15:16:22 getPosts.go:161: Fetching comments for post ID: 26
FORUM: 2025/01/30 15:16:22 getPosts.go:168: Successfully fetched comments for post ID: 26, Comments: []
FORUM: 2025/01/30 15:16:22 getPosts.go:170: Appending post with ID: 26 to posts slice
FORUM: 2025/01/30 15:16:22 getPosts.go:151: Scanning row for post...
FORUM: 2025/01/30 15:16:22 getPosts.go:158: Successfully scanned post with ID: 25
FORUM: 2025/01/30 15:16:22 getPosts.go:161: Fetching comments for post ID: 25
FORUM: 2025/01/30 15:16:22 getPosts.go:168: Successfully fetched comments for post ID: 25, Comments: []
FORUM: 2025/01/30 15:16:22 getPosts.go:170: Appending post with ID: 25 to posts slice
FORUM: 2025/01/30 15:16:22 getPosts.go:151: Scanning row for post...
FORUM: 2025/01/30 15:16:22 getPosts.go:158: Successfully scanned post with ID: 24
FORUM: 2025/01/30 15:16:22 getPosts.go:161: Fetching comments for post ID: 24
FORUM: 2025/01/30 15:16:22 getPosts.go:168: Successfully fetched comments for post ID: 24, Comments: []
FORUM: 2025/01/30 15:16:22 getPosts.go:170: Appending post with ID: 24 to posts slice
FORUM: 2025/01/30 15:16:22 getPosts.go:151: Scanning row for post...
FORUM: 2025/01/30 15:16:22 getPosts.go:158: Successfully scanned post with ID: 23
FORUM: 2025/01/30 15:16:22 getPosts.go:161: Fetching comments for post ID: 23
FORUM: 2025/01/30 15:16:22 getPosts.go:168: Successfully fetched comments for post ID: 23, Comments: []
FORUM: 2025/01/30 15:16:22 getPosts.go:170: Appending post with ID: 23 to posts slice
FORUM: 2025/01/30 15:16:22 getPosts.go:151: Scanning row for post...
FORUM: 2025/01/30 15:16:22 getPosts.go:158: Successfully scanned post with ID: 22
FORUM: 2025/01/30 15:16:22 getPosts.go:161: Fetching comments for post ID: 22
FORUM: 2025/01/30 15:16:22 getPosts.go:168: Successfully fetched comments for post ID: 22, Comments: []
FORUM: 2025/01/30 15:16:22 getPosts.go:170: Appending post with ID: 22 to posts slice
FORUM: 2025/01/30 15:16:22 getPosts.go:151: Scanning row for post...
FORUM: 2025/01/30 15:16:22 getPosts.go:158: Successfully scanned post with ID: 21
FORUM: 2025/01/30 15:16:22 getPosts.go:161: Fetching comments for post ID: 21
FORUM: 2025/01/30 15:16:22 getPosts.go:168: Successfully fetched comments for post ID: 21, Comments: []
FORUM: 2025/01/30 15:16:22 getPosts.go:170: Appending post with ID: 21 to posts slice
FORUM: 2025/01/30 15:16:22 getPosts.go:151: Scanning row for post...
FORUM: 2025/01/30 15:16:22 getPosts.go:158: Successfully scanned post with ID: 20
FORUM: 2025/01/30 15:16:22 getPosts.go:161: Fetching comments for post ID: 20
FORUM: 2025/01/30 15:16:22 getPosts.go:168: Successfully fetched comments for post ID: 20, Comments: []
FORUM: 2025/01/30 15:16:22 getPosts.go:170: Appending post with ID: 20 to posts slice
FORUM: 2025/01/30 15:16:22 getPosts.go:151: Scanning row for post...
FORUM: 2025/01/30 15:16:22 getPosts.go:158: Successfully scanned post with ID: 19
FORUM: 2025/01/30 15:16:22 getPosts.go:161: Fetching comments for post ID: 19
FORUM: 2025/01/30 15:16:22 getPosts.go:168: Successfully fetched comments for post ID: 19, Comments: []
FORUM: 2025/01/30 15:16:22 getPosts.go:170: Appending post with ID: 19 to posts slice
FORUM: 2025/01/30 15:16:22 getPosts.go:151: Scanning row for post...
FORUM: 2025/01/30 15:16:22 getPosts.go:158: Successfully scanned post with ID: 18
FORUM: 2025/01/30 15:16:22 getPosts.go:161: Fetching comments for post ID: 18
FORUM: 2025/01/30 15:16:22 getPosts.go:168: Successfully fetched comments for post ID: 18, Comments: []
FORUM: 2025/01/30 15:16:22 getPosts.go:170: Appending post with ID: 18 to posts slice
FORUM: 2025/01/30 15:16:22 getPosts.go:151: Scanning row for post...
FORUM: 2025/01/30 15:16:22 getPosts.go:158: Successfully scanned post with ID: 17
FORUM: 2025/01/30 15:16:22 getPosts.go:161: Fetching comments for post ID: 17
FORUM: 2025/01/30 15:16:22 getPosts.go:168: Successfully fetched comments for post ID: 17, Comments: []
FORUM: 2025/01/30 15:16:22 getPosts.go:170: Appending post with ID: 17 to posts slice
FORUM: 2025/01/30 15:16:22 getPosts.go:180: Finished processing rows. Total posts fetched: 10
FORUM: 2025/01/30 15:16:22 getPosts.go:77: Number of posts returned: 10
FORUM: 2025/01/30 15:16:22 getPosts.go:23: Request URL Path: /api/posts/1/categories=Health
FORUM: 2025/01/30 15:16:22 getPosts.go:27: Requested Page: 1
FORUM: 2025/01/30 15:16:22 getPosts.go:40: Categories found in URL: [Health]
FORUM: 2025/01/30 15:16:22 getPosts.go:44: Fetching posts by categories: [Health] for page 1
FORUM: 2025/01/30 15:16:22 getPosts.go:89: Category Found: Health
FORUM: 2025/01/30 15:16:22 getPosts.go:110: Params:  [%Health% 10 0]
FORUM: 2025/01/30 15:16:22 getPosts.go:112: Executing query: 
		SELECT username, id, title, content, Categories, created_at, likes, dislikes 
		FROM posts 
		WHERE Categories LIKE ?
		ORDER BY created_at DESC 
		LIMIT ? OFFSET ? with categories: [Health], limit: 10, offset: 0
FORUM: 2025/01/30 15:16:22 getPosts.go:146: Starting to process rows...
FORUM: 2025/01/30 15:16:22 getPosts.go:151: Scanning row for post...
FORUM: 2025/01/30 15:16:22 getPosts.go:158: Successfully scanned post with ID: 4
FORUM: 2025/01/30 15:16:22 getPosts.go:161: Fetching comments for post ID: 4
FORUM: 2025/01/30 15:16:22 getPosts.go:168: Successfully fetched comments for post ID: 4, Comments: []
FORUM: 2025/01/30 15:16:22 getPosts.go:170: Appending post with ID: 4 to posts slice
FORUM: 2025/01/30 15:16:22 getPosts.go:180: Finished processing rows. Total posts fetched: 1
FORUM: 2025/01/30 15:16:22 getPosts.go:77: Number of posts returned: 1
FORUM: 2025/01/30 15:16:28 getPosts.go:23: Request URL Path: /api/posts/1
FORUM: 2025/01/30 15:16:28 getPosts.go:27: Requested Page: 1
FORUM: 2025/01/30 15:16:28 getPosts.go:55: Fetching posts for page 1
FORUM: 2025/01/30 15:16:28 getPosts.go:133: Executing query: SELECT username, id, title, content, Categories, created_at, likes, dislikes 
              FROM posts 
              ORDER BY created_at DESC 
              LIMIT ? OFFSET ? with limit 10 and offset 0
FORUM: 2025/01/30 15:16:28 getPosts.go:146: Starting to process rows...
FORUM: 2025/01/30 15:16:28 getPosts.go:151: Scanning row for post...
FORUM: 2025/01/30 15:16:28 getPosts.go:158: Successfully scanned post with ID: 26
FORUM: 2025/01/30 15:16:28 getPosts.go:161: Fetching comments for post ID: 26
FORUM: 2025/01/30 15:16:28 getPosts.go:168: Successfully fetched comments for post ID: 26, Comments: []
FORUM: 2025/01/30 15:16:28 getPosts.go:170: Appending post with ID: 26 to posts slice
FORUM: 2025/01/30 15:16:28 getPosts.go:151: Scanning row for post...
FORUM: 2025/01/30 15:16:28 getPosts.go:158: Successfully scanned post with ID: 25
FORUM: 2025/01/30 15:16:28 getPosts.go:161: Fetching comments for post ID: 25
FORUM: 2025/01/30 15:16:28 getPosts.go:168: Successfully fetched comments for post ID: 25, Comments: []
FORUM: 2025/01/30 15:16:28 getPosts.go:170: Appending post with ID: 25 to posts slice
FORUM: 2025/01/30 15:16:28 getPosts.go:151: Scanning row for post...
FORUM: 2025/01/30 15:16:28 getPosts.go:158: Successfully scanned post with ID: 24
FORUM: 2025/01/30 15:16:28 getPosts.go:161: Fetching comments for post ID: 24
FORUM: 2025/01/30 15:16:28 getPosts.go:168: Successfully fetched comments for post ID: 24, Comments: []
FORUM: 2025/01/30 15:16:28 getPosts.go:170: Appending post with ID: 24 to posts slice
FORUM: 2025/01/30 15:16:28 getPosts.go:151: Scanning row for post...
FORUM: 2025/01/30 15:16:28 getPosts.go:158: Successfully scanned post with ID: 23
FORUM: 2025/01/30 15:16:28 getPosts.go:161: Fetching comments for post ID: 23
FORUM: 2025/01/30 15:16:28 getPosts.go:168: Successfully fetched comments for post ID: 23, Comments: []
FORUM: 2025/01/30 15:16:28 getPosts.go:170: Appending post with ID: 23 to posts slice
FORUM: 2025/01/30 15:16:28 getPosts.go:151: Scanning row for post...
FORUM: 2025/01/30 15:16:28 getPosts.go:158: Successfully scanned post with ID: 22
FORUM: 2025/01/30 15:16:28 getPosts.go:161: Fetching comments for post ID: 22
FORUM: 2025/01/30 15:16:28 getPosts.go:168: Successfully fetched comments for post ID: 22, Comments: []
FORUM: 2025/01/30 15:16:28 getPosts.go:170: Appending post with ID: 22 to posts slice
FORUM: 2025/01/30 15:16:28 getPosts.go:151: Scanning row for post...
FORUM: 2025/01/30 15:16:28 getPosts.go:158: Successfully scanned post with ID: 21
FORUM: 2025/01/30 15:16:28 getPosts.go:161: Fetching comments for post ID: 21
FORUM: 2025/01/30 15:16:28 getPosts.go:168: Successfully fetched comments for post ID: 21, Comments: []
FORUM: 2025/01/30 15:16:28 getPosts.go:170: Appending post with ID: 21 to posts slice
FORUM: 2025/01/30 15:16:28 getPosts.go:151: Scanning row for post...
FORUM: 2025/01/30 15:16:28 getPosts.go:158: Successfully scanned post with ID: 20
FORUM: 2025/01/30 15:16:28 getPosts.go:161: Fetching comments for post ID: 20
FORUM: 2025/01/30 15:16:28 getPosts.go:168: Successfully fetched comments for post ID: 20, Comments: []
FORUM: 2025/01/30 15:16:28 getPosts.go:170: Appending post with ID: 20 to posts slice
FORUM: 2025/01/30 15:16:28 getPosts.go:151: Scanning row for post...
FORUM: 2025/01/30 15:16:28 getPosts.go:158: Successfully scanned post with ID: 19
FORUM: 2025/01/30 15:16:28 getPosts.go:161: Fetching comments for post ID: 19
FORUM: 2025/01/30 15:16:28 getPosts.go:168: Successfully fetched comments for post ID: 19, Comments: []
FORUM: 2025/01/30 15:16:28 getPosts.go:170: Appending post with ID: 19 to posts slice
FORUM: 2025/01/30 15:16:28 getPosts.go:151: Scanning row for post...
FORUM: 2025/01/30 15:16:28 getPosts.go:158: Successfully scanned post with ID: 18
FORUM: 2025/01/30 15:16:28 getPosts.go:161: Fetching comments for post ID: 18
FORUM: 2025/01/30 15:16:28 getPosts.go:168: Successfully fetched comments for post ID: 18, Comments: []
FORUM: 2025/01/30 15:16:28 getPosts.go:170: Appending post with ID: 18 to posts slice
FORUM: 2025/01/30 15:16:28 getPosts.go:151: Scanning row for post...
FORUM: 2025/01/30 15:16:28 getPosts.go:158: Successfully scanned post with ID: 17
FORUM: 2025/01/30 15:16:28 getPosts.go:161: Fetching comments for post ID: 17
FORUM: 2025/01/30 15:16:28 getPosts.go:168: Successfully fetched comments for post ID: 17, Comments: []
FORUM: 2025/01/30 15:16:28 getPosts.go:170: Appending post with ID: 17 to posts slice
FORUM: 2025/01/30 15:16:28 getPosts.go:180: Finished processing rows. Total posts fetched: 10
FORUM: 2025/01/30 15:16:28 getPosts.go:77: Number of posts returned: 10
FORUM: 2025/01/30 15:16:30 getPosts.go:23: Request URL Path: /api/posts/1/categories=Education
FORUM: 2025/01/30 15:16:30 getPosts.go:27: Requested Page: 1
FORUM: 2025/01/30 15:16:30 getPosts.go:40: Categories found in URL: [Education]
FORUM: 2025/01/30 15:16:30 getPosts.go:44: Fetching posts by categories: [Education] for page 1
FORUM: 2025/01/30 15:16:30 getPosts.go:89: Category Found: Education
FORUM: 2025/01/30 15:16:30 getPosts.go:110: Params:  [%Education% 10 0]
FORUM: 2025/01/30 15:16:30 getPosts.go:112: Executing query: 
		SELECT username, id, title, content, Categories, created_at, likes, dislikes 
		FROM posts 
		WHERE Categories LIKE ?
		ORDER BY created_at DESC 
		LIMIT ? OFFSET ? with categories: [Education], limit: 10, offset: 0
FORUM: 2025/01/30 15:16:30 getPosts.go:146: Starting to process rows...
FORUM: 2025/01/30 15:16:30 getPosts.go:151: Scanning row for post...
FORUM: 2025/01/30 15:16:30 getPosts.go:158: Successfully scanned post with ID: 6
FORUM: 2025/01/30 15:16:30 getPosts.go:161: Fetching comments for post ID: 6
FORUM: 2025/01/30 15:16:30 getPosts.go:168: Successfully fetched comments for post ID: 6, Comments: []
FORUM: 2025/01/30 15:16:30 getPosts.go:170: Appending post with ID: 6 to posts slice
FORUM: 2025/01/30 15:16:30 getPosts.go:180: Finished processing rows. Total posts fetched: 1
FORUM: 2025/01/30 15:16:30 getPosts.go:77: Number of posts returned: 1
FORUM: 2025/01/30 15:16:32 getPosts.go:23: Request URL Path: /api/posts/1
FORUM: 2025/01/30 15:16:32 getPosts.go:27: Requested Page: 1
FORUM: 2025/01/30 15:16:32 getPosts.go:55: Fetching posts for page 1
FORUM: 2025/01/30 15:16:32 getPosts.go:133: Executing query: SELECT username, id, title, content, Categories, created_at, likes, dislikes 
              FROM posts 
              ORDER BY created_at DESC 
              LIMIT ? OFFSET ? with limit 10 and offset 0
FORUM: 2025/01/30 15:16:32 getPosts.go:146: Starting to process rows...
FORUM: 2025/01/30 15:16:32 getPosts.go:151: Scanning row for post...
FORUM: 2025/01/30 15:16:32 getPosts.go:158: Successfully scanned post with ID: 26
FORUM: 2025/01/30 15:16:32 getPosts.go:161: Fetching comments for post ID: 26
FORUM: 2025/01/30 15:16:32 getPosts.go:168: Successfully fetched comments for post ID: 26, Comments: []
FORUM: 2025/01/30 15:16:32 getPosts.go:170: Appending post with ID: 26 to posts slice
FORUM: 2025/01/30 15:16:32 getPosts.go:151: Scanning row for post...
FORUM: 2025/01/30 15:16:32 getPosts.go:158: Successfully scanned post with ID: 25
FORUM: 2025/01/30 15:16:32 getPosts.go:161: Fetching comments for post ID: 25
FORUM: 2025/01/30 15:16:32 getPosts.go:168: Successfully fetched comments for post ID: 25, Comments: []
FORUM: 2025/01/30 15:16:32 getPosts.go:170: Appending post with ID: 25 to posts slice
FORUM: 2025/01/30 15:16:32 getPosts.go:151: Scanning row for post...
FORUM: 2025/01/30 15:16:32 getPosts.go:158: Successfully scanned post with ID: 24
FORUM: 2025/01/30 15:16:32 getPosts.go:161: Fetching comments for post ID: 24
FORUM: 2025/01/30 15:16:32 getPosts.go:168: Successfully fetched comments for post ID: 24, Comments: []
FORUM: 2025/01/30 15:16:32 getPosts.go:170: Appending post with ID: 24 to posts slice
FORUM: 2025/01/30 15:16:32 getPosts.go:151: Scanning row for post...
FORUM: 2025/01/30 15:16:32 getPosts.go:158: Successfully scanned post with ID: 23
FORUM: 2025/01/30 15:16:32 getPosts.go:161: Fetching comments for post ID: 23
FORUM: 2025/01/30 15:16:32 getPosts.go:168: Successfully fetched comments for post ID: 23, Comments: []
FORUM: 2025/01/30 15:16:32 getPosts.go:170: Appending post with ID: 23 to posts slice
FORUM: 2025/01/30 15:16:32 getPosts.go:151: Scanning row for post...
FORUM: 2025/01/30 15:16:32 getPosts.go:158: Successfully scanned post with ID: 22
FORUM: 2025/01/30 15:16:32 getPosts.go:161: Fetching comments for post ID: 22
FORUM: 2025/01/30 15:16:32 getPosts.go:168: Successfully fetched comments for post ID: 22, Comments: []
FORUM: 2025/01/30 15:16:32 getPosts.go:170: Appending post with ID: 22 to posts slice
FORUM: 2025/01/30 15:16:32 getPosts.go:151: Scanning row for post...
FORUM: 2025/01/30 15:16:32 getPosts.go:158: Successfully scanned post with ID: 21
FORUM: 2025/01/30 15:16:32 getPosts.go:161: Fetching comments for post ID: 21
FORUM: 2025/01/30 15:16:32 getPosts.go:168: Successfully fetched comments for post ID: 21, Comments: []
FORUM: 2025/01/30 15:16:32 getPosts.go:170: Appending post with ID: 21 to posts slice
FORUM: 2025/01/30 15:16:32 getPosts.go:151: Scanning row for post...
FORUM: 2025/01/30 15:16:32 getPosts.go:158: Successfully scanned post with ID: 20
FORUM: 2025/01/30 15:16:32 getPosts.go:161: Fetching comments for post ID: 20
FORUM: 2025/01/30 15:16:32 getPosts.go:168: Successfully fetched comments for post ID: 20, Comments: []
FORUM: 2025/01/30 15:16:32 getPosts.go:170: Appending post with ID: 20 to posts slice
FORUM: 2025/01/30 15:16:32 getPosts.go:151: Scanning row for post...
FORUM: 2025/01/30 15:16:32 getPosts.go:158: Successfully scanned post with ID: 19
FORUM: 2025/01/30 15:16:32 getPosts.go:161: Fetching comments for post ID: 19
FORUM: 2025/01/30 15:16:32 getPosts.go:168: Successfully fetched comments for post ID: 19, Comments: []
FORUM: 2025/01/30 15:16:32 getPosts.go:170: Appending post with ID: 19 to posts slice
FORUM: 2025/01/30 15:16:32 getPosts.go:151: Scanning row for post...
FORUM: 2025/01/30 15:16:32 getPosts.go:158: Successfully scanned post with ID: 18
FORUM: 2025/01/30 15:16:32 getPosts.go:161: Fetching comments for post ID: 18
FORUM: 2025/01/30 15:16:32 getPosts.go:168: Successfully fetched comments for post ID: 18, Comments: []
FORUM: 2025/01/30 15:16:32 getPosts.go:170: Appending post with ID: 18 to posts slice
FORUM: 2025/01/30 15:16:32 getPosts.go:151: Scanning row for post...
FORUM: 2025/01/30 15:16:32 getPosts.go:158: Successfully scanned post with ID: 17
FORUM: 2025/01/30 15:16:32 getPosts.go:161: Fetching comments for post ID: 17
FORUM: 2025/01/30 15:16:32 getPosts.go:168: Successfully fetched comments for post ID: 17, Comments: []
FORUM: 2025/01/30 15:16:32 getPosts.go:170: Appending post with ID: 17 to posts slice
FORUM: 2025/01/30 15:16:32 getPosts.go:180: Finished processing rows. Total posts fetched: 10
FORUM: 2025/01/30 15:16:32 getPosts.go:77: Number of posts returned: 10
FORUM: 2025/01/30 15:16:33 getPosts.go:23: Request URL Path: /api/posts/1/categories=Sports
FORUM: 2025/01/30 15:16:33 getPosts.go:27: Requested Page: 1
FORUM: 2025/01/30 15:16:33 getPosts.go:40: Categories found in URL: [Sports]
FORUM: 2025/01/30 15:16:33 getPosts.go:44: Fetching posts by categories: [Sports] for page 1
FORUM: 2025/01/30 15:16:33 getPosts.go:89: Category Found: Sports
FORUM: 2025/01/30 15:16:33 getPosts.go:110: Params:  [%Sports% 10 0]
FORUM: 2025/01/30 15:16:33 getPosts.go:112: Executing query: 
		SELECT username, id, title, content, Categories, created_at, likes, dislikes 
		FROM posts 
		WHERE Categories LIKE ?
		ORDER BY created_at DESC 
		LIMIT ? OFFSET ? with categories: [Sports], limit: 10, offset: 0
FORUM: 2025/01/30 15:16:33 getPosts.go:146: Starting to process rows...
FORUM: 2025/01/30 15:16:33 getPosts.go:151: Scanning row for post...
FORUM: 2025/01/30 15:16:33 getPosts.go:158: Successfully scanned post with ID: 26
FORUM: 2025/01/30 15:16:33 getPosts.go:161: Fetching comments for post ID: 26
FORUM: 2025/01/30 15:16:33 getPosts.go:168: Successfully fetched comments for post ID: 26, Comments: []
FORUM: 2025/01/30 15:16:33 getPosts.go:170: Appending post with ID: 26 to posts slice
FORUM: 2025/01/30 15:16:33 getPosts.go:151: Scanning row for post...
FORUM: 2025/01/30 15:16:33 getPosts.go:158: Successfully scanned post with ID: 25
FORUM: 2025/01/30 15:16:33 getPosts.go:161: Fetching comments for post ID: 25
FORUM: 2025/01/30 15:16:33 getPosts.go:168: Successfully fetched comments for post ID: 25, Comments: []
FORUM: 2025/01/30 15:16:33 getPosts.go:170: Appending post with ID: 25 to posts slice
FORUM: 2025/01/30 15:16:33 getPosts.go:151: Scanning row for post...
FORUM: 2025/01/30 15:16:33 getPosts.go:158: Successfully scanned post with ID: 24
FORUM: 2025/01/30 15:16:33 getPosts.go:161: Fetching comments for post ID: 24
FORUM: 2025/01/30 15:16:33 getPosts.go:168: Successfully fetched comments for post ID: 24, Comments: []
FORUM: 2025/01/30 15:16:33 getPosts.go:170: Appending post with ID: 24 to posts slice
FORUM: 2025/01/30 15:16:33 getPosts.go:151: Scanning row for post...
FORUM: 2025/01/30 15:16:33 getPosts.go:158: Successfully scanned post with ID: 23
FORUM: 2025/01/30 15:16:33 getPosts.go:161: Fetching comments for post ID: 23
FORUM: 2025/01/30 15:16:33 getPosts.go:168: Successfully fetched comments for post ID: 23, Comments: []
FORUM: 2025/01/30 15:16:33 getPosts.go:170: Appending post with ID: 23 to posts slice
FORUM: 2025/01/30 15:16:33 getPosts.go:151: Scanning row for post...
FORUM: 2025/01/30 15:16:33 getPosts.go:158: Successfully scanned post with ID: 22
FORUM: 2025/01/30 15:16:33 getPosts.go:161: Fetching comments for post ID: 22
FORUM: 2025/01/30 15:16:33 getPosts.go:168: Successfully fetched comments for post ID: 22, Comments: []
FORUM: 2025/01/30 15:16:33 getPosts.go:170: Appending post with ID: 22 to posts slice
FORUM: 2025/01/30 15:16:33 getPosts.go:151: Scanning row for post...
FORUM: 2025/01/30 15:16:33 getPosts.go:158: Successfully scanned post with ID: 21
FORUM: 2025/01/30 15:16:33 getPosts.go:161: Fetching comments for post ID: 21
FORUM: 2025/01/30 15:16:33 getPosts.go:168: Successfully fetched comments for post ID: 21, Comments: []
FORUM: 2025/01/30 15:16:33 getPosts.go:170: Appending post with ID: 21 to posts slice
FORUM: 2025/01/30 15:16:33 getPosts.go:151: Scanning row for post...
FORUM: 2025/01/30 15:16:33 getPosts.go:158: Successfully scanned post with ID: 20
FORUM: 2025/01/30 15:16:33 getPosts.go:161: Fetching comments for post ID: 20
FORUM: 2025/01/30 15:16:33 getPosts.go:168: Successfully fetched comments for post ID: 20, Comments: []
FORUM: 2025/01/30 15:16:33 getPosts.go:170: Appending post with ID: 20 to posts slice
FORUM: 2025/01/30 15:16:33 getPosts.go:151: Scanning row for post...
FORUM: 2025/01/30 15:16:33 getPosts.go:158: Successfully scanned post with ID: 19
FORUM: 2025/01/30 15:16:33 getPosts.go:161: Fetching comments for post ID: 19
FORUM: 2025/01/30 15:16:33 getPosts.go:168: Successfully fetched comments for post ID: 19, Comments: []
FORUM: 2025/01/30 15:16:33 getPosts.go:170: Appending post with ID: 19 to posts slice
FORUM: 2025/01/30 15:16:33 getPosts.go:151: Scanning row for post...
FORUM: 2025/01/30 15:16:33 getPosts.go:158: Successfully scanned post with ID: 18
FORUM: 2025/01/30 15:16:33 getPosts.go:161: Fetching comments for post ID: 18
FORUM: 2025/01/30 15:16:33 getPosts.go:168: Successfully fetched comments for post ID: 18, Comments: []
FORUM: 2025/01/30 15:16:33 getPosts.go:170: Appending post with ID: 18 to posts slice
FORUM: 2025/01/30 15:16:33 getPosts.go:151: Scanning row for post...
FORUM: 2025/01/30 15:16:33 getPosts.go:158: Successfully scanned post with ID: 17
FORUM: 2025/01/30 15:16:33 getPosts.go:161: Fetching comments for post ID: 17
FORUM: 2025/01/30 15:16:33 getPosts.go:168: Successfully fetched comments for post ID: 17, Comments: []
FORUM: 2025/01/30 15:16:33 getPosts.go:170: Appending post with ID: 17 to posts slice
FORUM: 2025/01/30 15:16:33 getPosts.go:180: Finished processing rows. Total posts fetched: 10
FORUM: 2025/01/30 15:16:33 getPosts.go:77: Number of posts returned: 10
FORUM: 2025/01/30 15:16:36 getPosts.go:23: Request URL Path: /api/posts/1
FORUM: 2025/01/30 15:16:36 getPosts.go:27: Requested Page: 1
FORUM: 2025/01/30 15:16:36 getPosts.go:55: Fetching posts for page 1
FORUM: 2025/01/30 15:16:36 getPosts.go:133: Executing query: SELECT username, id, title, content, Categories, created_at, likes, dislikes 
              FROM posts 
              ORDER BY created_at DESC 
              LIMIT ? OFFSET ? with limit 10 and offset 0
FORUM: 2025/01/30 15:16:36 getPosts.go:146: Starting to process rows...
FORUM: 2025/01/30 15:16:36 getPosts.go:151: Scanning row for post...
FORUM: 2025/01/30 15:16:36 getPosts.go:158: Successfully scanned post with ID: 26
FORUM: 2025/01/30 15:16:36 getPosts.go:161: Fetching comments for post ID: 26
FORUM: 2025/01/30 15:16:36 getPosts.go:168: Successfully fetched comments for post ID: 26, Comments: []
FORUM: 2025/01/30 15:16:36 getPosts.go:170: Appending post with ID: 26 to posts slice
FORUM: 2025/01/30 15:16:36 getPosts.go:151: Scanning row for post...
FORUM: 2025/01/30 15:16:36 getPosts.go:158: Successfully scanned post with ID: 25
FORUM: 2025/01/30 15:16:36 getPosts.go:161: Fetching comments for post ID: 25
FORUM: 2025/01/30 15:16:36 getPosts.go:168: Successfully fetched comments for post ID: 25, Comments: []
FORUM: 2025/01/30 15:16:36 getPosts.go:170: Appending post with ID: 25 to posts slice
FORUM: 2025/01/30 15:16:36 getPosts.go:151: Scanning row for post...
FORUM: 2025/01/30 15:16:36 getPosts.go:158: Successfully scanned post with ID: 24
FORUM: 2025/01/30 15:16:36 getPosts.go:161: Fetching comments for post ID: 24
FORUM: 2025/01/30 15:16:36 getPosts.go:168: Successfully fetched comments for post ID: 24, Comments: []
FORUM: 2025/01/30 15:16:36 getPosts.go:170: Appending post with ID: 24 to posts slice
FORUM: 2025/01/30 15:16:36 getPosts.go:151: Scanning row for post...
FORUM: 2025/01/30 15:16:36 getPosts.go:158: Successfully scanned post with ID: 23
FORUM: 2025/01/30 15:16:36 getPosts.go:161: Fetching comments for post ID: 23
FORUM: 2025/01/30 15:16:36 getPosts.go:168: Successfully fetched comments for post ID: 23, Comments: []
FORUM: 2025/01/30 15:16:36 getPosts.go:170: Appending post with ID: 23 to posts slice
FORUM: 2025/01/30 15:16:36 getPosts.go:151: Scanning row for post...
FORUM: 2025/01/30 15:16:36 getPosts.go:158: Successfully scanned post with ID: 22
FORUM: 2025/01/30 15:16:36 getPosts.go:161: Fetching comments for post ID: 22
FORUM: 2025/01/30 15:16:36 getPosts.go:168: Successfully fetched comments for post ID: 22, Comments: []
FORUM: 2025/01/30 15:16:36 getPosts.go:170: Appending post with ID: 22 to posts slice
FORUM: 2025/01/30 15:16:36 getPosts.go:151: Scanning row for post...
FORUM: 2025/01/30 15:16:36 getPosts.go:158: Successfully scanned post with ID: 21
FORUM: 2025/01/30 15:16:36 getPosts.go:161: Fetching comments for post ID: 21
FORUM: 2025/01/30 15:16:36 getPosts.go:168: Successfully fetched comments for post ID: 21, Comments: []
FORUM: 2025/01/30 15:16:36 getPosts.go:170: Appending post with ID: 21 to posts slice
FORUM: 2025/01/30 15:16:36 getPosts.go:151: Scanning row for post...
FORUM: 2025/01/30 15:16:36 getPosts.go:158: Successfully scanned post with ID: 20
FORUM: 2025/01/30 15:16:36 getPosts.go:161: Fetching comments for post ID: 20
FORUM: 2025/01/30 15:16:36 getPosts.go:168: Successfully fetched comments for post ID: 20, Comments: []
FORUM: 2025/01/30 15:16:36 getPosts.go:170: Appending post with ID: 20 to posts slice
FORUM: 2025/01/30 15:16:36 getPosts.go:151: Scanning row for post...
FORUM: 2025/01/30 15:16:36 getPosts.go:158: Successfully scanned post with ID: 19
FORUM: 2025/01/30 15:16:36 getPosts.go:161: Fetching comments for post ID: 19
FORUM: 2025/01/30 15:16:36 getPosts.go:168: Successfully fetched comments for post ID: 19, Comments: []
FORUM: 2025/01/30 15:16:36 getPosts.go:170: Appending post with ID: 19 to posts slice
FORUM: 2025/01/30 15:16:36 getPosts.go:151: Scanning row for post...
FORUM: 2025/01/30 15:16:36 getPosts.go:158: Successfully scanned post with ID: 18
FORUM: 2025/01/30 15:16:36 getPosts.go:161: Fetching comments for post ID: 18
FORUM: 2025/01/30 15:16:36 getPosts.go:168: Successfully fetched comments for post ID: 18, Comments: []
FORUM: 2025/01/30 15:16:36 getPosts.go:170: Appending post with ID: 18 to posts slice
FORUM: 2025/01/30 15:16:36 getPosts.go:151: Scanning row for post...
FORUM: 2025/01/30 15:16:36 getPosts.go:158: Successfully scanned post with ID: 17
FORUM: 2025/01/30 15:16:36 getPosts.go:161: Fetching comments for post ID: 17
FORUM: 2025/01/30 15:16:36 getPosts.go:168: Successfully fetched comments for post ID: 17, Comments: []
FORUM: 2025/01/30 15:16:36 getPosts.go:170: Appending post with ID: 17 to posts slice
FORUM: 2025/01/30 15:16:36 getPosts.go:180: Finished processing rows. Total posts fetched: 10
FORUM: 2025/01/30 15:16:36 getPosts.go:77: Number of posts returned: 10
FORUM: 2025/01/30 15:16:42 getPosts.go:23: Request URL Path: /api/posts/1/categories=Tech
FORUM: 2025/01/30 15:16:42 getPosts.go:27: Requested Page: 1
FORUM: 2025/01/30 15:16:42 getPosts.go:40: Categories found in URL: [Tech]
FORUM: 2025/01/30 15:16:42 getPosts.go:44: Fetching posts by categories: [Tech] for page 1
FORUM: 2025/01/30 15:16:42 getPosts.go:89: Category Found: Tech
FORUM: 2025/01/30 15:16:42 getPosts.go:110: Params:  [%Tech% 10 0]
FORUM: 2025/01/30 15:16:42 getPosts.go:112: Executing query: 
		SELECT username, id, title, content, Categories, created_at, likes, dislikes 
		FROM posts 
		WHERE Categories LIKE ?
		ORDER BY created_at DESC 
		LIMIT ? OFFSET ? with categories: [Tech], limit: 10, offset: 0
FORUM: 2025/01/30 15:16:42 getPosts.go:146: Starting to process rows...
FORUM: 2025/01/30 15:16:42 getPosts.go:151: Scanning row for post...
FORUM: 2025/01/30 15:16:42 getPosts.go:158: Successfully scanned post with ID: 7
FORUM: 2025/01/30 15:16:42 getPosts.go:161: Fetching comments for post ID: 7
FORUM: 2025/01/30 15:16:42 getPosts.go:168: Successfully fetched comments for post ID: 7, Comments: []
FORUM: 2025/01/30 15:16:42 getPosts.go:170: Appending post with ID: 7 to posts slice
FORUM: 2025/01/30 15:16:42 getPosts.go:151: Scanning row for post...
FORUM: 2025/01/30 15:16:42 getPosts.go:158: Successfully scanned post with ID: 3
FORUM: 2025/01/30 15:16:42 getPosts.go:161: Fetching comments for post ID: 3
FORUM: 2025/01/30 15:16:42 getPosts.go:168: Successfully fetched comments for post ID: 3, Comments: []
FORUM: 2025/01/30 15:16:42 getPosts.go:170: Appending post with ID: 3 to posts slice
FORUM: 2025/01/30 15:16:42 getPosts.go:180: Finished processing rows. Total posts fetched: 2
FORUM: 2025/01/30 15:16:42 getPosts.go:77: Number of posts returned: 2
FORUM: 2025/01/30 15:16:43 getPosts.go:23: Request URL Path: /api/posts/1
FORUM: 2025/01/30 15:16:43 getPosts.go:27: Requested Page: 1
FORUM: 2025/01/30 15:16:43 getPosts.go:55: Fetching posts for page 1
FORUM: 2025/01/30 15:16:43 getPosts.go:133: Executing query: SELECT username, id, title, content, Categories, created_at, likes, dislikes 
              FROM posts 
              ORDER BY created_at DESC 
              LIMIT ? OFFSET ? with limit 10 and offset 0
FORUM: 2025/01/30 15:16:43 getPosts.go:146: Starting to process rows...
FORUM: 2025/01/30 15:16:43 getPosts.go:151: Scanning row for post...
FORUM: 2025/01/30 15:16:43 getPosts.go:158: Successfully scanned post with ID: 26
FORUM: 2025/01/30 15:16:43 getPosts.go:161: Fetching comments for post ID: 26
FORUM: 2025/01/30 15:16:43 getPosts.go:168: Successfully fetched comments for post ID: 26, Comments: []
FORUM: 2025/01/30 15:16:43 getPosts.go:170: Appending post with ID: 26 to posts slice
FORUM: 2025/01/30 15:16:43 getPosts.go:151: Scanning row for post...
FORUM: 2025/01/30 15:16:43 getPosts.go:158: Successfully scanned post with ID: 25
FORUM: 2025/01/30 15:16:43 getPosts.go:161: Fetching comments for post ID: 25
FORUM: 2025/01/30 15:16:43 getPosts.go:168: Successfully fetched comments for post ID: 25, Comments: []
FORUM: 2025/01/30 15:16:43 getPosts.go:170: Appending post with ID: 25 to posts slice
FORUM: 2025/01/30 15:16:43 getPosts.go:151: Scanning row for post...
FORUM: 2025/01/30 15:16:43 getPosts.go:158: Successfully scanned post with ID: 24
FORUM: 2025/01/30 15:16:43 getPosts.go:161: Fetching comments for post ID: 24
FORUM: 2025/01/30 15:16:43 getPosts.go:168: Successfully fetched comments for post ID: 24, Comments: []
FORUM: 2025/01/30 15:16:43 getPosts.go:170: Appending post with ID: 24 to posts slice
FORUM: 2025/01/30 15:16:43 getPosts.go:151: Scanning row for post...
FORUM: 2025/01/30 15:16:43 getPosts.go:158: Successfully scanned post with ID: 23
FORUM: 2025/01/30 15:16:43 getPosts.go:161: Fetching comments for post ID: 23
FORUM: 2025/01/30 15:16:43 getPosts.go:168: Successfully fetched comments for post ID: 23, Comments: []
FORUM: 2025/01/30 15:16:43 getPosts.go:170: Appending post with ID: 23 to posts slice
FORUM: 2025/01/30 15:16:43 getPosts.go:151: Scanning row for post...
FORUM: 2025/01/30 15:16:43 getPosts.go:158: Successfully scanned post with ID: 22
FORUM: 2025/01/30 15:16:43 getPosts.go:161: Fetching comments for post ID: 22
FORUM: 2025/01/30 15:16:43 getPosts.go:168: Successfully fetched comments for post ID: 22, Comments: []
FORUM: 2025/01/30 15:16:43 getPosts.go:170: Appending post with ID: 22 to posts slice
FORUM: 2025/01/30 15:16:43 getPosts.go:151: Scanning row for post...
FORUM: 2025/01/30 15:16:43 getPosts.go:158: Successfully scanned post with ID: 21
FORUM: 2025/01/30 15:16:43 getPosts.go:161: Fetching comments for post ID: 21
FORUM: 2025/01/30 15:16:43 getPosts.go:168: Successfully fetched comments for post ID: 21, Comments: []
FORUM: 2025/01/30 15:16:43 getPosts.go:170: Appending post with ID: 21 to posts slice
FORUM: 2025/01/30 15:16:43 getPosts.go:151: Scanning row for post...
FORUM: 2025/01/30 15:16:43 getPosts.go:158: Successfully scanned post with ID: 20
FORUM: 2025/01/30 15:16:43 getPosts.go:161: Fetching comments for post ID: 20
FORUM: 2025/01/30 15:16:43 getPosts.go:168: Successfully fetched comments for post ID: 20, Comments: []
FORUM: 2025/01/30 15:16:43 getPosts.go:170: Appending post with ID: 20 to posts slice
FORUM: 2025/01/30 15:16:43 getPosts.go:151: Scanning row for post...
FORUM: 2025/01/30 15:16:43 getPosts.go:158: Successfully scanned post with ID: 19
FORUM: 2025/01/30 15:16:43 getPosts.go:161: Fetching comments for post ID: 19
FORUM: 2025/01/30 15:16:43 getPosts.go:168: Successfully fetched comments for post ID: 19, Comments: []
FORUM: 2025/01/30 15:16:43 getPosts.go:170: Appending post with ID: 19 to posts slice
FORUM: 2025/01/30 15:16:43 getPosts.go:151: Scanning row for post...
FORUM: 2025/01/30 15:16:43 getPosts.go:158: Successfully scanned post with ID: 18
FORUM: 2025/01/30 15:16:43 getPosts.go:161: Fetching comments for post ID: 18
FORUM: 2025/01/30 15:16:43 getPosts.go:168: Successfully fetched comments for post ID: 18, Comments: []
FORUM: 2025/01/30 15:16:43 getPosts.go:170: Appending post with ID: 18 to posts slice
FORUM: 2025/01/30 15:16:43 getPosts.go:151: Scanning row for post...
FORUM: 2025/01/30 15:16:43 getPosts.go:158: Successfully scanned post with ID: 17
FORUM: 2025/01/30 15:16:43 getPosts.go:161: Fetching comments for post ID: 17
FORUM: 2025/01/30 15:16:43 getPosts.go:168: Successfully fetched comments for post ID: 17, Comments: []
FORUM: 2025/01/30 15:16:43 getPosts.go:170: Appending post with ID: 17 to posts slice
FORUM: 2025/01/30 15:16:43 getPosts.go:180: Finished processing rows. Total posts fetched: 10
FORUM: 2025/01/30 15:16:43 getPosts.go:77: Number of posts returned: 10
