FORUM: 2025/01/30 12:35:14 logs.go:25: Logger created successfully
FORUM: 2025/01/30 12:35:14 parseTemplates.go:12: Attempting to parse templates with pattern:  ./templates/*.html
FORUM: 2025/01/30 12:35:14 parseTemplates.go:24: Templates loaded successfully
FORUM: 2025/01/30 12:35:17 homeHandler.go:13: Handling request for Home page
FORUM: 2025/01/30 12:35:17 homeHandler.go:21: Checking for session token
FORUM: 2025/01/30 12:35:17 homeHandler.go:30: Session token found, verifying...
FORUM: 2025/01/30 12:35:17 session.go:38: SessionCheck: Session is valid for token: 0194b6d4-cb98-7218-b063-a472e6c7e9f5
FORUM: 2025/01/30 12:35:17 homeHandler.go:47: User is logged in: {true aaa false}
FORUM: 2025/01/30 12:35:17 homeHandler.go:48: User successfully logged in: aaa
FORUM: 2025/01/30 12:35:17 homeHandler.go:54: Setting cookie: session_token = 0194b6d4-cb98-7218-b063-a472e6c7e9f5
FORUM: 2025/01/30 12:35:17 getPosts.go:24: Request URL Path: /api/posts
FORUM: 2025/01/30 12:35:17 getPosts.go:56: Fetching posts for page 1
FORUM: 2025/01/30 12:35:17 getPosts.go:134: Executing query: SELECT username, id, title, content, Categories, created_at, likes, dislikes 
              FROM posts 
              ORDER BY created_at DESC 
              LIMIT ? OFFSET ? with limit 10 and offset 0
FORUM: 2025/01/30 12:35:17 getPosts.go:147: Starting to process rows...
FORUM: 2025/01/30 12:35:17 getPosts.go:152: Scanning row for post...
FORUM: 2025/01/30 12:35:17 getPosts.go:159: -3558 seconds ago
FORUM: 2025/01/30 12:35:17 getPosts.go:160: Successfully scanned post with ID: 6
FORUM: 2025/01/30 12:35:17 getPosts.go:163: Fetching comments for post ID: 6
FORUM: 2025/01/30 12:35:17 getPosts.go:170: Successfully fetched comments for post ID: 6, Comments: []
FORUM: 2025/01/30 12:35:17 getPosts.go:172: Appending post with ID: 6 to posts slice
FORUM: 2025/01/30 12:35:17 getPosts.go:152: Scanning row for post...
FORUM: 2025/01/30 12:35:17 getPosts.go:159: -3509 seconds ago
FORUM: 2025/01/30 12:35:17 getPosts.go:160: Successfully scanned post with ID: 5
FORUM: 2025/01/30 12:35:17 getPosts.go:163: Fetching comments for post ID: 5
FORUM: 2025/01/30 12:35:17 getPosts.go:170: Successfully fetched comments for post ID: 5, Comments: []
FORUM: 2025/01/30 12:35:17 getPosts.go:172: Appending post with ID: 5 to posts slice
FORUM: 2025/01/30 12:35:17 getPosts.go:152: Scanning row for post...
FORUM: 2025/01/30 12:35:17 getPosts.go:159: -2718 seconds ago
FORUM: 2025/01/30 12:35:17 getPosts.go:160: Successfully scanned post with ID: 4
FORUM: 2025/01/30 12:35:17 getPosts.go:163: Fetching comments for post ID: 4
FORUM: 2025/01/30 12:35:17 getPosts.go:170: Successfully fetched comments for post ID: 4, Comments: []
FORUM: 2025/01/30 12:35:17 getPosts.go:172: Appending post with ID: 4 to posts slice
FORUM: 2025/01/30 12:35:17 getPosts.go:152: Scanning row for post...
FORUM: 2025/01/30 12:35:17 getPosts.go:159: -999 seconds ago
FORUM: 2025/01/30 12:35:17 getPosts.go:160: Successfully scanned post with ID: 3
FORUM: 2025/01/30 12:35:17 getPosts.go:163: Fetching comments for post ID: 3
FORUM: 2025/01/30 12:35:17 getPosts.go:170: Successfully fetched comments for post ID: 3, Comments: []
FORUM: 2025/01/30 12:35:17 getPosts.go:172: Appending post with ID: 3 to posts slice
FORUM: 2025/01/30 12:35:17 getPosts.go:152: Scanning row for post...
FORUM: 2025/01/30 12:35:17 getPosts.go:159: -983 seconds ago
FORUM: 2025/01/30 12:35:17 getPosts.go:160: Successfully scanned post with ID: 2
FORUM: 2025/01/30 12:35:17 getPosts.go:163: Fetching comments for post ID: 2
FORUM: 2025/01/30 12:35:17 getPosts.go:170: Successfully fetched comments for post ID: 2, Comments: [{2 fgsdgsdfgsdgsdgdssssssssssssssssssssssssssssssssssssssssssssssssssssssssssssssssssssssssssssssss aaa 0 2025-01-30T12:07:03Z 0 0} {1 sdsdfsd aaa 0 2025-01-30T11:52:11Z 0 0}]
FORUM: 2025/01/30 12:35:17 getPosts.go:172: Appending post with ID: 2 to posts slice
FORUM: 2025/01/30 12:35:17 getPosts.go:182: Finished processing rows. Total posts fetched: 5
FORUM: 2025/01/30 12:35:17 getPosts.go:78: Number of posts returned: 5
FORUM: 2025/01/30 12:35:19 homeHandler.go:13: Handling request for Home page
FORUM: 2025/01/30 12:35:19 homeHandler.go:21: Checking for session token
FORUM: 2025/01/30 12:35:19 homeHandler.go:30: Session token found, verifying...
FORUM: 2025/01/30 12:35:19 session.go:38: SessionCheck: Session is valid for token: 0194b6d4-cb98-7218-b063-a472e6c7e9f5
FORUM: 2025/01/30 12:35:19 homeHandler.go:47: User is logged in: {true aaa false}
FORUM: 2025/01/30 12:35:19 homeHandler.go:48: User successfully logged in: aaa
FORUM: 2025/01/30 12:35:19 homeHandler.go:54: Setting cookie: session_token = 0194b6d4-cb98-7218-b063-a472e6c7e9f5
FORUM: 2025/01/30 12:35:19 getPosts.go:24: Request URL Path: /api/posts
FORUM: 2025/01/30 12:35:19 getPosts.go:56: Fetching posts for page 1
FORUM: 2025/01/30 12:35:19 getPosts.go:134: Executing query: SELECT username, id, title, content, Categories, created_at, likes, dislikes 
              FROM posts 
              ORDER BY created_at DESC 
              LIMIT ? OFFSET ? with limit 10 and offset 0
FORUM: 2025/01/30 12:35:19 getPosts.go:147: Starting to process rows...
FORUM: 2025/01/30 12:35:19 getPosts.go:152: Scanning row for post...
FORUM: 2025/01/30 12:35:19 getPosts.go:159: -3556 seconds ago
FORUM: 2025/01/30 12:35:19 getPosts.go:160: Successfully scanned post with ID: 6
FORUM: 2025/01/30 12:35:19 getPosts.go:163: Fetching comments for post ID: 6
FORUM: 2025/01/30 12:35:19 getPosts.go:170: Successfully fetched comments for post ID: 6, Comments: []
FORUM: 2025/01/30 12:35:19 getPosts.go:172: Appending post with ID: 6 to posts slice
FORUM: 2025/01/30 12:35:19 getPosts.go:152: Scanning row for post...
FORUM: 2025/01/30 12:35:19 getPosts.go:159: -3507 seconds ago
FORUM: 2025/01/30 12:35:19 getPosts.go:160: Successfully scanned post with ID: 5
FORUM: 2025/01/30 12:35:19 getPosts.go:163: Fetching comments for post ID: 5
FORUM: 2025/01/30 12:35:19 getPosts.go:170: Successfully fetched comments for post ID: 5, Comments: []
FORUM: 2025/01/30 12:35:19 getPosts.go:172: Appending post with ID: 5 to posts slice
FORUM: 2025/01/30 12:35:19 getPosts.go:152: Scanning row for post...
FORUM: 2025/01/30 12:35:19 getPosts.go:159: -2716 seconds ago
FORUM: 2025/01/30 12:35:19 getPosts.go:160: Successfully scanned post with ID: 4
FORUM: 2025/01/30 12:35:19 getPosts.go:163: Fetching comments for post ID: 4
FORUM: 2025/01/30 12:35:19 getPosts.go:170: Successfully fetched comments for post ID: 4, Comments: []
FORUM: 2025/01/30 12:35:19 getPosts.go:172: Appending post with ID: 4 to posts slice
FORUM: 2025/01/30 12:35:19 getPosts.go:152: Scanning row for post...
FORUM: 2025/01/30 12:35:19 getPosts.go:159: -997 seconds ago
FORUM: 2025/01/30 12:35:19 getPosts.go:160: Successfully scanned post with ID: 3
FORUM: 2025/01/30 12:35:19 getPosts.go:163: Fetching comments for post ID: 3
FORUM: 2025/01/30 12:35:19 getPosts.go:170: Successfully fetched comments for post ID: 3, Comments: []
FORUM: 2025/01/30 12:35:19 getPosts.go:172: Appending post with ID: 3 to posts slice
FORUM: 2025/01/30 12:35:19 getPosts.go:152: Scanning row for post...
FORUM: 2025/01/30 12:35:19 getPosts.go:159: -981 seconds ago
FORUM: 2025/01/30 12:35:19 getPosts.go:160: Successfully scanned post with ID: 2
FORUM: 2025/01/30 12:35:19 getPosts.go:163: Fetching comments for post ID: 2
FORUM: 2025/01/30 12:35:19 getPosts.go:170: Successfully fetched comments for post ID: 2, Comments: [{2 fgsdgsdfgsdgsdgdssssssssssssssssssssssssssssssssssssssssssssssssssssssssssssssssssssssssssssssss aaa 0 2025-01-30T12:07:03Z 0 0} {1 sdsdfsd aaa 0 2025-01-30T11:52:11Z 0 0}]
FORUM: 2025/01/30 12:35:19 getPosts.go:172: Appending post with ID: 2 to posts slice
FORUM: 2025/01/30 12:35:19 getPosts.go:182: Finished processing rows. Total posts fetched: 5
FORUM: 2025/01/30 12:35:19 getPosts.go:78: Number of posts returned: 5
FORUM: 2025/01/30 12:35:20 homeHandler.go:13: Handling request for Home page
FORUM: 2025/01/30 12:35:20 homeHandler.go:21: Checking for session token
FORUM: 2025/01/30 12:35:20 homeHandler.go:30: Session token found, verifying...
FORUM: 2025/01/30 12:35:20 session.go:38: SessionCheck: Session is valid for token: 0194b6d4-cb98-7218-b063-a472e6c7e9f5
FORUM: 2025/01/30 12:35:20 homeHandler.go:47: User is logged in: {true aaa false}
FORUM: 2025/01/30 12:35:20 homeHandler.go:48: User successfully logged in: aaa
FORUM: 2025/01/30 12:35:20 homeHandler.go:54: Setting cookie: session_token = 0194b6d4-cb98-7218-b063-a472e6c7e9f5
FORUM: 2025/01/30 12:35:20 getPosts.go:24: Request URL Path: /api/posts
FORUM: 2025/01/30 12:35:20 getPosts.go:56: Fetching posts for page 1
FORUM: 2025/01/30 12:35:20 getPosts.go:134: Executing query: SELECT username, id, title, content, Categories, created_at, likes, dislikes 
              FROM posts 
              ORDER BY created_at DESC 
              LIMIT ? OFFSET ? with limit 10 and offset 0
FORUM: 2025/01/30 12:35:20 getPosts.go:147: Starting to process rows...
FORUM: 2025/01/30 12:35:20 getPosts.go:152: Scanning row for post...
FORUM: 2025/01/30 12:35:20 getPosts.go:159: -3555 seconds ago
FORUM: 2025/01/30 12:35:20 getPosts.go:160: Successfully scanned post with ID: 6
FORUM: 2025/01/30 12:35:20 getPosts.go:163: Fetching comments for post ID: 6
FORUM: 2025/01/30 12:35:20 getPosts.go:170: Successfully fetched comments for post ID: 6, Comments: []
FORUM: 2025/01/30 12:35:20 getPosts.go:172: Appending post with ID: 6 to posts slice
FORUM: 2025/01/30 12:35:20 getPosts.go:152: Scanning row for post...
FORUM: 2025/01/30 12:35:20 getPosts.go:159: -3506 seconds ago
FORUM: 2025/01/30 12:35:20 getPosts.go:160: Successfully scanned post with ID: 5
FORUM: 2025/01/30 12:35:20 getPosts.go:163: Fetching comments for post ID: 5
FORUM: 2025/01/30 12:35:20 getPosts.go:170: Successfully fetched comments for post ID: 5, Comments: []
FORUM: 2025/01/30 12:35:20 getPosts.go:172: Appending post with ID: 5 to posts slice
FORUM: 2025/01/30 12:35:20 getPosts.go:152: Scanning row for post...
FORUM: 2025/01/30 12:35:20 getPosts.go:159: -2715 seconds ago
FORUM: 2025/01/30 12:35:20 getPosts.go:160: Successfully scanned post with ID: 4
FORUM: 2025/01/30 12:35:20 getPosts.go:163: Fetching comments for post ID: 4
FORUM: 2025/01/30 12:35:20 getPosts.go:170: Successfully fetched comments for post ID: 4, Comments: []
FORUM: 2025/01/30 12:35:20 getPosts.go:172: Appending post with ID: 4 to posts slice
FORUM: 2025/01/30 12:35:20 getPosts.go:152: Scanning row for post...
FORUM: 2025/01/30 12:35:20 getPosts.go:159: -996 seconds ago
FORUM: 2025/01/30 12:35:20 getPosts.go:160: Successfully scanned post with ID: 3
FORUM: 2025/01/30 12:35:20 getPosts.go:163: Fetching comments for post ID: 3
FORUM: 2025/01/30 12:35:20 getPosts.go:170: Successfully fetched comments for post ID: 3, Comments: []
FORUM: 2025/01/30 12:35:20 getPosts.go:172: Appending post with ID: 3 to posts slice
FORUM: 2025/01/30 12:35:20 getPosts.go:152: Scanning row for post...
FORUM: 2025/01/30 12:35:20 getPosts.go:159: -980 seconds ago
FORUM: 2025/01/30 12:35:20 getPosts.go:160: Successfully scanned post with ID: 2
FORUM: 2025/01/30 12:35:20 getPosts.go:163: Fetching comments for post ID: 2
FORUM: 2025/01/30 12:35:20 getPosts.go:170: Successfully fetched comments for post ID: 2, Comments: [{2 fgsdgsdfgsdgsdgdssssssssssssssssssssssssssssssssssssssssssssssssssssssssssssssssssssssssssssssss aaa 0 2025-01-30T12:07:03Z 0 0} {1 sdsdfsd aaa 0 2025-01-30T11:52:11Z 0 0}]
FORUM: 2025/01/30 12:35:20 getPosts.go:172: Appending post with ID: 2 to posts slice
FORUM: 2025/01/30 12:35:20 getPosts.go:182: Finished processing rows. Total posts fetched: 5
FORUM: 2025/01/30 12:35:20 getPosts.go:78: Number of posts returned: 5
FORUM: 2025/01/30 12:35:20 homeHandler.go:13: Handling request for Home page
FORUM: 2025/01/30 12:35:20 homeHandler.go:21: Checking for session token
FORUM: 2025/01/30 12:35:20 homeHandler.go:30: Session token found, verifying...
FORUM: 2025/01/30 12:35:20 session.go:38: SessionCheck: Session is valid for token: 0194b6d4-cb98-7218-b063-a472e6c7e9f5
FORUM: 2025/01/30 12:35:20 homeHandler.go:47: User is logged in: {true aaa false}
FORUM: 2025/01/30 12:35:20 homeHandler.go:48: User successfully logged in: aaa
FORUM: 2025/01/30 12:35:20 homeHandler.go:54: Setting cookie: session_token = 0194b6d4-cb98-7218-b063-a472e6c7e9f5
FORUM: 2025/01/30 12:35:20 getPosts.go:24: Request URL Path: /api/posts
FORUM: 2025/01/30 12:35:20 getPosts.go:56: Fetching posts for page 1
FORUM: 2025/01/30 12:35:20 getPosts.go:134: Executing query: SELECT username, id, title, content, Categories, created_at, likes, dislikes 
              FROM posts 
              ORDER BY created_at DESC 
              LIMIT ? OFFSET ? with limit 10 and offset 0
FORUM: 2025/01/30 12:35:20 getPosts.go:147: Starting to process rows...
FORUM: 2025/01/30 12:35:20 getPosts.go:152: Scanning row for post...
FORUM: 2025/01/30 12:35:20 getPosts.go:159: -3555 seconds ago
FORUM: 2025/01/30 12:35:20 getPosts.go:160: Successfully scanned post with ID: 6
FORUM: 2025/01/30 12:35:20 getPosts.go:163: Fetching comments for post ID: 6
FORUM: 2025/01/30 12:35:20 getPosts.go:170: Successfully fetched comments for post ID: 6, Comments: []
FORUM: 2025/01/30 12:35:20 getPosts.go:172: Appending post with ID: 6 to posts slice
FORUM: 2025/01/30 12:35:20 getPosts.go:152: Scanning row for post...
FORUM: 2025/01/30 12:35:20 getPosts.go:159: -3506 seconds ago
FORUM: 2025/01/30 12:35:20 getPosts.go:160: Successfully scanned post with ID: 5
FORUM: 2025/01/30 12:35:20 getPosts.go:163: Fetching comments for post ID: 5
FORUM: 2025/01/30 12:35:20 getPosts.go:170: Successfully fetched comments for post ID: 5, Comments: []
FORUM: 2025/01/30 12:35:20 getPosts.go:172: Appending post with ID: 5 to posts slice
FORUM: 2025/01/30 12:35:20 getPosts.go:152: Scanning row for post...
FORUM: 2025/01/30 12:35:20 getPosts.go:159: -2715 seconds ago
FORUM: 2025/01/30 12:35:20 getPosts.go:160: Successfully scanned post with ID: 4
FORUM: 2025/01/30 12:35:20 getPosts.go:163: Fetching comments for post ID: 4
FORUM: 2025/01/30 12:35:20 getPosts.go:170: Successfully fetched comments for post ID: 4, Comments: []
FORUM: 2025/01/30 12:35:20 getPosts.go:172: Appending post with ID: 4 to posts slice
FORUM: 2025/01/30 12:35:20 getPosts.go:152: Scanning row for post...
FORUM: 2025/01/30 12:35:20 getPosts.go:159: -996 seconds ago
FORUM: 2025/01/30 12:35:20 getPosts.go:160: Successfully scanned post with ID: 3
FORUM: 2025/01/30 12:35:20 getPosts.go:163: Fetching comments for post ID: 3
FORUM: 2025/01/30 12:35:20 getPosts.go:170: Successfully fetched comments for post ID: 3, Comments: []
FORUM: 2025/01/30 12:35:20 getPosts.go:172: Appending post with ID: 3 to posts slice
FORUM: 2025/01/30 12:35:20 getPosts.go:152: Scanning row for post...
FORUM: 2025/01/30 12:35:20 getPosts.go:159: -980 seconds ago
FORUM: 2025/01/30 12:35:20 getPosts.go:160: Successfully scanned post with ID: 2
FORUM: 2025/01/30 12:35:20 getPosts.go:163: Fetching comments for post ID: 2
FORUM: 2025/01/30 12:35:20 getPosts.go:170: Successfully fetched comments for post ID: 2, Comments: [{2 fgsdgsdfgsdgsdgdssssssssssssssssssssssssssssssssssssssssssssssssssssssssssssssssssssssssssssssss aaa 0 2025-01-30T12:07:03Z 0 0} {1 sdsdfsd aaa 0 2025-01-30T11:52:11Z 0 0}]
FORUM: 2025/01/30 12:35:20 getPosts.go:172: Appending post with ID: 2 to posts slice
FORUM: 2025/01/30 12:35:20 getPosts.go:182: Finished processing rows. Total posts fetched: 5
FORUM: 2025/01/30 12:35:20 getPosts.go:78: Number of posts returned: 5
FORUM: 2025/01/30 12:35:20 homeHandler.go:13: Handling request for Home page
FORUM: 2025/01/30 12:35:20 homeHandler.go:21: Checking for session token
FORUM: 2025/01/30 12:35:20 homeHandler.go:30: Session token found, verifying...
FORUM: 2025/01/30 12:35:20 session.go:38: SessionCheck: Session is valid for token: 0194b6d4-cb98-7218-b063-a472e6c7e9f5
FORUM: 2025/01/30 12:35:20 homeHandler.go:47: User is logged in: {true aaa false}
FORUM: 2025/01/30 12:35:20 homeHandler.go:48: User successfully logged in: aaa
FORUM: 2025/01/30 12:35:20 homeHandler.go:54: Setting cookie: session_token = 0194b6d4-cb98-7218-b063-a472e6c7e9f5
FORUM: 2025/01/30 12:35:20 getPosts.go:24: Request URL Path: /api/posts
FORUM: 2025/01/30 12:35:20 getPosts.go:56: Fetching posts for page 1
FORUM: 2025/01/30 12:35:20 getPosts.go:134: Executing query: SELECT username, id, title, content, Categories, created_at, likes, dislikes 
              FROM posts 
              ORDER BY created_at DESC 
              LIMIT ? OFFSET ? with limit 10 and offset 0
FORUM: 2025/01/30 12:35:20 getPosts.go:147: Starting to process rows...
FORUM: 2025/01/30 12:35:20 getPosts.go:152: Scanning row for post...
FORUM: 2025/01/30 12:35:20 getPosts.go:159: -3555 seconds ago
FORUM: 2025/01/30 12:35:20 getPosts.go:160: Successfully scanned post with ID: 6
FORUM: 2025/01/30 12:35:20 getPosts.go:163: Fetching comments for post ID: 6
FORUM: 2025/01/30 12:35:20 getPosts.go:170: Successfully fetched comments for post ID: 6, Comments: []
FORUM: 2025/01/30 12:35:20 getPosts.go:172: Appending post with ID: 6 to posts slice
FORUM: 2025/01/30 12:35:20 getPosts.go:152: Scanning row for post...
FORUM: 2025/01/30 12:35:20 getPosts.go:159: -3506 seconds ago
FORUM: 2025/01/30 12:35:20 getPosts.go:160: Successfully scanned post with ID: 5
FORUM: 2025/01/30 12:35:20 getPosts.go:163: Fetching comments for post ID: 5
FORUM: 2025/01/30 12:35:20 getPosts.go:170: Successfully fetched comments for post ID: 5, Comments: []
FORUM: 2025/01/30 12:35:20 getPosts.go:172: Appending post with ID: 5 to posts slice
FORUM: 2025/01/30 12:35:20 getPosts.go:152: Scanning row for post...
FORUM: 2025/01/30 12:35:20 getPosts.go:159: -2715 seconds ago
FORUM: 2025/01/30 12:35:20 getPosts.go:160: Successfully scanned post with ID: 4
FORUM: 2025/01/30 12:35:20 getPosts.go:163: Fetching comments for post ID: 4
FORUM: 2025/01/30 12:35:20 getPosts.go:170: Successfully fetched comments for post ID: 4, Comments: []
FORUM: 2025/01/30 12:35:20 getPosts.go:172: Appending post with ID: 4 to posts slice
FORUM: 2025/01/30 12:35:20 getPosts.go:152: Scanning row for post...
FORUM: 2025/01/30 12:35:20 getPosts.go:159: -996 seconds ago
FORUM: 2025/01/30 12:35:20 getPosts.go:160: Successfully scanned post with ID: 3
FORUM: 2025/01/30 12:35:20 getPosts.go:163: Fetching comments for post ID: 3
FORUM: 2025/01/30 12:35:20 getPosts.go:170: Successfully fetched comments for post ID: 3, Comments: []
FORUM: 2025/01/30 12:35:20 getPosts.go:172: Appending post with ID: 3 to posts slice
FORUM: 2025/01/30 12:35:20 getPosts.go:152: Scanning row for post...
FORUM: 2025/01/30 12:35:20 getPosts.go:159: -980 seconds ago
FORUM: 2025/01/30 12:35:20 getPosts.go:160: Successfully scanned post with ID: 2
FORUM: 2025/01/30 12:35:20 getPosts.go:163: Fetching comments for post ID: 2
FORUM: 2025/01/30 12:35:20 getPosts.go:170: Successfully fetched comments for post ID: 2, Comments: [{2 fgsdgsdfgsdgsdgdssssssssssssssssssssssssssssssssssssssssssssssssssssssssssssssssssssssssssssssss aaa 0 2025-01-30T12:07:03Z 0 0} {1 sdsdfsd aaa 0 2025-01-30T11:52:11Z 0 0}]
FORUM: 2025/01/30 12:35:20 getPosts.go:172: Appending post with ID: 2 to posts slice
FORUM: 2025/01/30 12:35:20 getPosts.go:182: Finished processing rows. Total posts fetched: 5
FORUM: 2025/01/30 12:35:20 getPosts.go:78: Number of posts returned: 5
FORUM: 2025/01/30 12:35:20 homeHandler.go:13: Handling request for Home page
FORUM: 2025/01/30 12:35:20 homeHandler.go:21: Checking for session token
FORUM: 2025/01/30 12:35:20 homeHandler.go:30: Session token found, verifying...
FORUM: 2025/01/30 12:35:20 session.go:38: SessionCheck: Session is valid for token: 0194b6d4-cb98-7218-b063-a472e6c7e9f5
FORUM: 2025/01/30 12:35:20 homeHandler.go:47: User is logged in: {true aaa false}
FORUM: 2025/01/30 12:35:20 homeHandler.go:48: User successfully logged in: aaa
FORUM: 2025/01/30 12:35:20 homeHandler.go:54: Setting cookie: session_token = 0194b6d4-cb98-7218-b063-a472e6c7e9f5
FORUM: 2025/01/30 12:35:20 rateLimiter.go:36: IP:  ::1  Exceed the request limit!!
FORUM: 2025/01/30 12:35:20 homeHandler.go:13: Handling request for Home page
FORUM: 2025/01/30 12:35:20 homeHandler.go:21: Checking for session token
FORUM: 2025/01/30 12:35:20 homeHandler.go:30: Session token found, verifying...
FORUM: 2025/01/30 12:35:20 session.go:38: SessionCheck: Session is valid for token: 0194b6d4-cb98-7218-b063-a472e6c7e9f5
FORUM: 2025/01/30 12:35:20 homeHandler.go:47: User is logged in: {true aaa false}
FORUM: 2025/01/30 12:35:20 homeHandler.go:48: User successfully logged in: aaa
FORUM: 2025/01/30 12:35:20 homeHandler.go:54: Setting cookie: session_token = 0194b6d4-cb98-7218-b063-a472e6c7e9f5
FORUM: 2025/01/30 12:35:21 rateLimiter.go:36: IP:  ::1  Exceed the request limit!!
