FORUM: 2025/01/30 13:50:18 logs.go:25: Logger created successfully
FORUM: 2025/01/30 13:50:18 parseTemplates.go:12: Attempting to parse templates with pattern:  ./templates/*.html
FORUM: 2025/01/30 13:50:18 parseTemplates.go:24: Templates loaded successfully
FORUM: 2025/01/30 13:50:37 homeHandler.go:13: Handling request for Home page
FORUM: 2025/01/30 13:50:37 homeHandler.go:21: Checking for session token
FORUM: 2025/01/30 13:50:37 homeHandler.go:30: Session token found, verifying...
FORUM: 2025/01/30 13:50:37 session.go:38: SessionCheck: Session is valid for token: 0194b701-8e70-70bb-9d9f-1d450f7e3b32
FORUM: 2025/01/30 13:50:37 homeHandler.go:47: User is logged in: {true aaa false}
FORUM: 2025/01/30 13:50:37 homeHandler.go:48: User successfully logged in: aaa
FORUM: 2025/01/30 13:50:37 homeHandler.go:54: Setting cookie: session_token = 0194b701-8e70-70bb-9d9f-1d450f7e3b32
FORUM: 2025/01/30 13:50:37 getPosts.go:23: Request URL Path: /api/posts
FORUM: 2025/01/30 13:50:37 getPosts.go:55: Fetching posts for page 1
FORUM: 2025/01/30 13:50:37 getPosts.go:133: Executing query: SELECT username, id, title, content, Categories, created_at, likes, dislikes 
              FROM posts 
              ORDER BY created_at DESC 
              LIMIT ? OFFSET ? with limit 10 and offset 0
FORUM: 2025/01/30 13:50:37 getPosts.go:146: Starting to process rows...
FORUM: 2025/01/30 13:50:37 getPosts.go:151: Scanning row for post...
FORUM: 2025/01/30 13:50:37 getPosts.go:158: Successfully scanned post with ID: 14
FORUM: 2025/01/30 13:50:37 getPosts.go:161: Fetching comments for post ID: 14
FORUM: 2025/01/30 13:50:37 getPosts.go:168: Successfully fetched comments for post ID: 14, Comments: []
FORUM: 2025/01/30 13:50:37 getPosts.go:170: Appending post with ID: 14 to posts slice
FORUM: 2025/01/30 13:50:37 getPosts.go:151: Scanning row for post...
FORUM: 2025/01/30 13:50:37 getPosts.go:158: Successfully scanned post with ID: 13
FORUM: 2025/01/30 13:50:37 getPosts.go:161: Fetching comments for post ID: 13
FORUM: 2025/01/30 13:50:37 getPosts.go:168: Successfully fetched comments for post ID: 13, Comments: []
FORUM: 2025/01/30 13:50:37 getPosts.go:170: Appending post with ID: 13 to posts slice
FORUM: 2025/01/30 13:50:37 getPosts.go:151: Scanning row for post...
FORUM: 2025/01/30 13:50:37 getPosts.go:158: Successfully scanned post with ID: 12
FORUM: 2025/01/30 13:50:37 getPosts.go:161: Fetching comments for post ID: 12
FORUM: 2025/01/30 13:50:37 getPosts.go:168: Successfully fetched comments for post ID: 12, Comments: []
FORUM: 2025/01/30 13:50:37 getPosts.go:170: Appending post with ID: 12 to posts slice
FORUM: 2025/01/30 13:50:37 getPosts.go:151: Scanning row for post...
FORUM: 2025/01/30 13:50:37 getPosts.go:158: Successfully scanned post with ID: 11
FORUM: 2025/01/30 13:50:37 getPosts.go:161: Fetching comments for post ID: 11
FORUM: 2025/01/30 13:50:37 getPosts.go:168: Successfully fetched comments for post ID: 11, Comments: []
FORUM: 2025/01/30 13:50:37 getPosts.go:170: Appending post with ID: 11 to posts slice
FORUM: 2025/01/30 13:50:37 getPosts.go:151: Scanning row for post...
FORUM: 2025/01/30 13:50:37 getPosts.go:158: Successfully scanned post with ID: 10
FORUM: 2025/01/30 13:50:37 getPosts.go:161: Fetching comments for post ID: 10
FORUM: 2025/01/30 13:50:37 getPosts.go:168: Successfully fetched comments for post ID: 10, Comments: []
FORUM: 2025/01/30 13:50:37 getPosts.go:170: Appending post with ID: 10 to posts slice
FORUM: 2025/01/30 13:50:37 getPosts.go:151: Scanning row for post...
FORUM: 2025/01/30 13:50:37 getPosts.go:158: Successfully scanned post with ID: 9
FORUM: 2025/01/30 13:50:37 getPosts.go:161: Fetching comments for post ID: 9
FORUM: 2025/01/30 13:50:37 getPosts.go:168: Successfully fetched comments for post ID: 9, Comments: []
FORUM: 2025/01/30 13:50:37 getPosts.go:170: Appending post with ID: 9 to posts slice
FORUM: 2025/01/30 13:50:37 getPosts.go:151: Scanning row for post...
FORUM: 2025/01/30 13:50:37 getPosts.go:158: Successfully scanned post with ID: 8
FORUM: 2025/01/30 13:50:37 getPosts.go:161: Fetching comments for post ID: 8
FORUM: 2025/01/30 13:50:37 getPosts.go:168: Successfully fetched comments for post ID: 8, Comments: []
FORUM: 2025/01/30 13:50:37 getPosts.go:170: Appending post with ID: 8 to posts slice
FORUM: 2025/01/30 13:50:37 getPosts.go:151: Scanning row for post...
FORUM: 2025/01/30 13:50:37 getPosts.go:158: Successfully scanned post with ID: 7
FORUM: 2025/01/30 13:50:37 getPosts.go:161: Fetching comments for post ID: 7
FORUM: 2025/01/30 13:50:37 getPosts.go:168: Successfully fetched comments for post ID: 7, Comments: []
FORUM: 2025/01/30 13:50:37 getPosts.go:170: Appending post with ID: 7 to posts slice
FORUM: 2025/01/30 13:50:37 getPosts.go:151: Scanning row for post...
FORUM: 2025/01/30 13:50:37 getPosts.go:158: Successfully scanned post with ID: 6
FORUM: 2025/01/30 13:50:37 getPosts.go:161: Fetching comments for post ID: 6
FORUM: 2025/01/30 13:50:37 getPosts.go:168: Successfully fetched comments for post ID: 6, Comments: []
FORUM: 2025/01/30 13:50:37 getPosts.go:170: Appending post with ID: 6 to posts slice
FORUM: 2025/01/30 13:50:37 getPosts.go:151: Scanning row for post...
FORUM: 2025/01/30 13:50:37 getPosts.go:158: Successfully scanned post with ID: 5
FORUM: 2025/01/30 13:50:37 getPosts.go:161: Fetching comments for post ID: 5
FORUM: 2025/01/30 13:50:37 getPosts.go:168: Successfully fetched comments for post ID: 5, Comments: []
FORUM: 2025/01/30 13:50:37 getPosts.go:170: Appending post with ID: 5 to posts slice
FORUM: 2025/01/30 13:50:37 getPosts.go:180: Finished processing rows. Total posts fetched: 10
FORUM: 2025/01/30 13:50:37 getPosts.go:77: Number of posts returned: 10
FORUM: 2025/01/30 13:51:07 homeHandler.go:13: Handling request for Home page
FORUM: 2025/01/30 13:51:07 homeHandler.go:21: Checking for session token
FORUM: 2025/01/30 13:51:07 homeHandler.go:30: Session token found, verifying...
FORUM: 2025/01/30 13:51:07 session.go:38: SessionCheck: Session is valid for token: 0194b701-8e70-70bb-9d9f-1d450f7e3b32
FORUM: 2025/01/30 13:51:07 homeHandler.go:47: User is logged in: {true aaa false}
FORUM: 2025/01/30 13:51:07 homeHandler.go:48: User successfully logged in: aaa
FORUM: 2025/01/30 13:51:07 homeHandler.go:54: Setting cookie: session_token = 0194b701-8e70-70bb-9d9f-1d450f7e3b32
FORUM: 2025/01/30 13:51:07 getPosts.go:23: Request URL Path: /api/posts
FORUM: 2025/01/30 13:51:07 getPosts.go:55: Fetching posts for page 1
FORUM: 2025/01/30 13:51:07 getPosts.go:133: Executing query: SELECT username, id, title, content, Categories, created_at, likes, dislikes 
              FROM posts 
              ORDER BY created_at DESC 
              LIMIT ? OFFSET ? with limit 10 and offset 0
FORUM: 2025/01/30 13:51:07 getPosts.go:146: Starting to process rows...
FORUM: 2025/01/30 13:51:07 getPosts.go:151: Scanning row for post...
FORUM: 2025/01/30 13:51:07 getPosts.go:158: Successfully scanned post with ID: 14
FORUM: 2025/01/30 13:51:07 getPosts.go:161: Fetching comments for post ID: 14
FORUM: 2025/01/30 13:51:07 getPosts.go:168: Successfully fetched comments for post ID: 14, Comments: []
FORUM: 2025/01/30 13:51:07 getPosts.go:170: Appending post with ID: 14 to posts slice
FORUM: 2025/01/30 13:51:07 getPosts.go:151: Scanning row for post...
FORUM: 2025/01/30 13:51:07 getPosts.go:158: Successfully scanned post with ID: 13
FORUM: 2025/01/30 13:51:07 getPosts.go:161: Fetching comments for post ID: 13
FORUM: 2025/01/30 13:51:07 getPosts.go:168: Successfully fetched comments for post ID: 13, Comments: []
FORUM: 2025/01/30 13:51:07 getPosts.go:170: Appending post with ID: 13 to posts slice
FORUM: 2025/01/30 13:51:07 getPosts.go:151: Scanning row for post...
FORUM: 2025/01/30 13:51:07 getPosts.go:158: Successfully scanned post with ID: 12
FORUM: 2025/01/30 13:51:07 getPosts.go:161: Fetching comments for post ID: 12
FORUM: 2025/01/30 13:51:07 getPosts.go:168: Successfully fetched comments for post ID: 12, Comments: []
FORUM: 2025/01/30 13:51:07 getPosts.go:170: Appending post with ID: 12 to posts slice
FORUM: 2025/01/30 13:51:07 getPosts.go:151: Scanning row for post...
FORUM: 2025/01/30 13:51:07 getPosts.go:158: Successfully scanned post with ID: 11
FORUM: 2025/01/30 13:51:07 getPosts.go:161: Fetching comments for post ID: 11
FORUM: 2025/01/30 13:51:07 getPosts.go:168: Successfully fetched comments for post ID: 11, Comments: []
FORUM: 2025/01/30 13:51:07 getPosts.go:170: Appending post with ID: 11 to posts slice
FORUM: 2025/01/30 13:51:07 getPosts.go:151: Scanning row for post...
FORUM: 2025/01/30 13:51:07 getPosts.go:158: Successfully scanned post with ID: 10
FORUM: 2025/01/30 13:51:07 getPosts.go:161: Fetching comments for post ID: 10
FORUM: 2025/01/30 13:51:07 getPosts.go:168: Successfully fetched comments for post ID: 10, Comments: []
FORUM: 2025/01/30 13:51:07 getPosts.go:170: Appending post with ID: 10 to posts slice
FORUM: 2025/01/30 13:51:07 getPosts.go:151: Scanning row for post...
FORUM: 2025/01/30 13:51:07 getPosts.go:158: Successfully scanned post with ID: 9
FORUM: 2025/01/30 13:51:07 getPosts.go:161: Fetching comments for post ID: 9
FORUM: 2025/01/30 13:51:07 getPosts.go:168: Successfully fetched comments for post ID: 9, Comments: []
FORUM: 2025/01/30 13:51:07 getPosts.go:170: Appending post with ID: 9 to posts slice
FORUM: 2025/01/30 13:51:07 getPosts.go:151: Scanning row for post...
FORUM: 2025/01/30 13:51:07 getPosts.go:158: Successfully scanned post with ID: 8
FORUM: 2025/01/30 13:51:07 getPosts.go:161: Fetching comments for post ID: 8
FORUM: 2025/01/30 13:51:07 getPosts.go:168: Successfully fetched comments for post ID: 8, Comments: []
FORUM: 2025/01/30 13:51:07 getPosts.go:170: Appending post with ID: 8 to posts slice
FORUM: 2025/01/30 13:51:07 getPosts.go:151: Scanning row for post...
FORUM: 2025/01/30 13:51:07 getPosts.go:158: Successfully scanned post with ID: 7
FORUM: 2025/01/30 13:51:07 getPosts.go:161: Fetching comments for post ID: 7
FORUM: 2025/01/30 13:51:07 getPosts.go:168: Successfully fetched comments for post ID: 7, Comments: []
FORUM: 2025/01/30 13:51:07 getPosts.go:170: Appending post with ID: 7 to posts slice
FORUM: 2025/01/30 13:51:07 getPosts.go:151: Scanning row for post...
FORUM: 2025/01/30 13:51:07 getPosts.go:158: Successfully scanned post with ID: 6
FORUM: 2025/01/30 13:51:07 getPosts.go:161: Fetching comments for post ID: 6
FORUM: 2025/01/30 13:51:07 getPosts.go:168: Successfully fetched comments for post ID: 6, Comments: []
FORUM: 2025/01/30 13:51:07 getPosts.go:170: Appending post with ID: 6 to posts slice
FORUM: 2025/01/30 13:51:07 getPosts.go:151: Scanning row for post...
FORUM: 2025/01/30 13:51:07 getPosts.go:158: Successfully scanned post with ID: 5
FORUM: 2025/01/30 13:51:07 getPosts.go:161: Fetching comments for post ID: 5
FORUM: 2025/01/30 13:51:07 getPosts.go:168: Successfully fetched comments for post ID: 5, Comments: []
FORUM: 2025/01/30 13:51:07 getPosts.go:170: Appending post with ID: 5 to posts slice
FORUM: 2025/01/30 13:51:07 getPosts.go:180: Finished processing rows. Total posts fetched: 10
FORUM: 2025/01/30 13:51:07 getPosts.go:77: Number of posts returned: 10
FORUM: 2025/01/30 13:51:15 getPosts.go:23: Request URL Path: /api/posts/created
FORUM: 2025/01/30 13:51:15 getPosts.go:27: Requested Page: created
FORUM: 2025/01/30 13:51:15 fetch_Created_Posts.go:18: Fetching posts created by user 'aaa'. Executing query: 
		SELECT username, id, title, content, Categories, created_at, likes, dislikes
		FROM posts
		WHERE username = ?
		ORDER BY created_at DESC
	
FORUM: 2025/01/30 13:51:15 getPosts.go:146: Starting to process rows...
FORUM: 2025/01/30 13:51:15 getPosts.go:151: Scanning row for post...
FORUM: 2025/01/30 13:51:15 getPosts.go:158: Successfully scanned post with ID: 14
FORUM: 2025/01/30 13:51:15 getPosts.go:161: Fetching comments for post ID: 14
FORUM: 2025/01/30 13:51:15 getPosts.go:168: Successfully fetched comments for post ID: 14, Comments: []
FORUM: 2025/01/30 13:51:15 getPosts.go:170: Appending post with ID: 14 to posts slice
FORUM: 2025/01/30 13:51:15 getPosts.go:151: Scanning row for post...
FORUM: 2025/01/30 13:51:15 getPosts.go:158: Successfully scanned post with ID: 13
FORUM: 2025/01/30 13:51:15 getPosts.go:161: Fetching comments for post ID: 13
FORUM: 2025/01/30 13:51:15 getPosts.go:168: Successfully fetched comments for post ID: 13, Comments: []
FORUM: 2025/01/30 13:51:15 getPosts.go:170: Appending post with ID: 13 to posts slice
FORUM: 2025/01/30 13:51:15 getPosts.go:151: Scanning row for post...
FORUM: 2025/01/30 13:51:15 getPosts.go:158: Successfully scanned post with ID: 12
FORUM: 2025/01/30 13:51:15 getPosts.go:161: Fetching comments for post ID: 12
FORUM: 2025/01/30 13:51:15 getPosts.go:168: Successfully fetched comments for post ID: 12, Comments: []
FORUM: 2025/01/30 13:51:15 getPosts.go:170: Appending post with ID: 12 to posts slice
FORUM: 2025/01/30 13:51:15 getPosts.go:151: Scanning row for post...
FORUM: 2025/01/30 13:51:15 getPosts.go:158: Successfully scanned post with ID: 11
FORUM: 2025/01/30 13:51:15 getPosts.go:161: Fetching comments for post ID: 11
FORUM: 2025/01/30 13:51:15 getPosts.go:168: Successfully fetched comments for post ID: 11, Comments: []
FORUM: 2025/01/30 13:51:15 getPosts.go:170: Appending post with ID: 11 to posts slice
FORUM: 2025/01/30 13:51:15 getPosts.go:151: Scanning row for post...
FORUM: 2025/01/30 13:51:15 getPosts.go:158: Successfully scanned post with ID: 10
FORUM: 2025/01/30 13:51:15 getPosts.go:161: Fetching comments for post ID: 10
FORUM: 2025/01/30 13:51:15 getPosts.go:168: Successfully fetched comments for post ID: 10, Comments: []
FORUM: 2025/01/30 13:51:15 getPosts.go:170: Appending post with ID: 10 to posts slice
FORUM: 2025/01/30 13:51:15 getPosts.go:151: Scanning row for post...
FORUM: 2025/01/30 13:51:15 getPosts.go:158: Successfully scanned post with ID: 9
FORUM: 2025/01/30 13:51:15 getPosts.go:161: Fetching comments for post ID: 9
FORUM: 2025/01/30 13:51:15 getPosts.go:168: Successfully fetched comments for post ID: 9, Comments: []
FORUM: 2025/01/30 13:51:15 getPosts.go:170: Appending post with ID: 9 to posts slice
FORUM: 2025/01/30 13:51:15 getPosts.go:151: Scanning row for post...
FORUM: 2025/01/30 13:51:15 getPosts.go:158: Successfully scanned post with ID: 8
FORUM: 2025/01/30 13:51:15 getPosts.go:161: Fetching comments for post ID: 8
FORUM: 2025/01/30 13:51:15 getPosts.go:168: Successfully fetched comments for post ID: 8, Comments: []
FORUM: 2025/01/30 13:51:15 getPosts.go:170: Appending post with ID: 8 to posts slice
FORUM: 2025/01/30 13:51:15 getPosts.go:151: Scanning row for post...
FORUM: 2025/01/30 13:51:15 getPosts.go:158: Successfully scanned post with ID: 7
FORUM: 2025/01/30 13:51:15 getPosts.go:161: Fetching comments for post ID: 7
FORUM: 2025/01/30 13:51:15 getPosts.go:168: Successfully fetched comments for post ID: 7, Comments: []
FORUM: 2025/01/30 13:51:15 getPosts.go:170: Appending post with ID: 7 to posts slice
FORUM: 2025/01/30 13:51:15 getPosts.go:151: Scanning row for post...
FORUM: 2025/01/30 13:51:15 getPosts.go:158: Successfully scanned post with ID: 6
FORUM: 2025/01/30 13:51:15 getPosts.go:161: Fetching comments for post ID: 6
FORUM: 2025/01/30 13:51:15 getPosts.go:168: Successfully fetched comments for post ID: 6, Comments: []
FORUM: 2025/01/30 13:51:15 getPosts.go:170: Appending post with ID: 6 to posts slice
FORUM: 2025/01/30 13:51:15 getPosts.go:151: Scanning row for post...
FORUM: 2025/01/30 13:51:15 getPosts.go:158: Successfully scanned post with ID: 5
FORUM: 2025/01/30 13:51:15 getPosts.go:161: Fetching comments for post ID: 5
FORUM: 2025/01/30 13:51:15 getPosts.go:168: Successfully fetched comments for post ID: 5, Comments: []
FORUM: 2025/01/30 13:51:15 getPosts.go:170: Appending post with ID: 5 to posts slice
FORUM: 2025/01/30 13:51:15 getPosts.go:151: Scanning row for post...
FORUM: 2025/01/30 13:51:15 getPosts.go:158: Successfully scanned post with ID: 4
FORUM: 2025/01/30 13:51:15 getPosts.go:161: Fetching comments for post ID: 4
FORUM: 2025/01/30 13:51:15 getPosts.go:168: Successfully fetched comments for post ID: 4, Comments: []
FORUM: 2025/01/30 13:51:15 getPosts.go:170: Appending post with ID: 4 to posts slice
FORUM: 2025/01/30 13:51:15 getPosts.go:151: Scanning row for post...
FORUM: 2025/01/30 13:51:15 getPosts.go:158: Successfully scanned post with ID: 3
FORUM: 2025/01/30 13:51:15 getPosts.go:161: Fetching comments for post ID: 3
FORUM: 2025/01/30 13:51:15 getPosts.go:168: Successfully fetched comments for post ID: 3, Comments: []
FORUM: 2025/01/30 13:51:15 getPosts.go:170: Appending post with ID: 3 to posts slice
FORUM: 2025/01/30 13:51:15 getPosts.go:151: Scanning row for post...
FORUM: 2025/01/30 13:51:15 getPosts.go:158: Successfully scanned post with ID: 2
FORUM: 2025/01/30 13:51:15 getPosts.go:161: Fetching comments for post ID: 2
FORUM: 2025/01/30 13:51:15 getPosts.go:168: Successfully fetched comments for post ID: 2, Comments: []
FORUM: 2025/01/30 13:51:15 getPosts.go:170: Appending post with ID: 2 to posts slice
FORUM: 2025/01/30 13:51:15 getPosts.go:151: Scanning row for post...
FORUM: 2025/01/30 13:51:15 getPosts.go:158: Successfully scanned post with ID: 1
FORUM: 2025/01/30 13:51:15 getPosts.go:161: Fetching comments for post ID: 1
FORUM: 2025/01/30 13:51:15 getPosts.go:168: Successfully fetched comments for post ID: 1, Comments: []
FORUM: 2025/01/30 13:51:15 getPosts.go:170: Appending post with ID: 1 to posts slice
FORUM: 2025/01/30 13:51:15 getPosts.go:180: Finished processing rows. Total posts fetched: 14
FORUM: 2025/01/30 13:51:15 fetch_Created_Posts.go:29: Successfully fetched posts created by user 'aaa'
FORUM: 2025/01/30 13:51:15 getPosts.go:77: Number of posts returned: 14
FORUM: 2025/01/30 13:51:19 getPosts.go:23: Request URL Path: /api/posts/2
FORUM: 2025/01/30 13:51:19 getPosts.go:27: Requested Page: 2
FORUM: 2025/01/30 13:51:24 getPosts.go:23: Request URL Path: /api/posts/liked
FORUM: 2025/01/30 13:51:24 getPosts.go:27: Requested Page: liked
FORUM: 2025/01/30 13:51:24 fetch_Created_Posts.go:48: Fetching posts liked by user 'aaa'. Executing query: 
		SELECT posts.username, 
    		posts.id AS post_id, 
    		posts.title, 
    		posts.content, 
    		posts.Categories, 
    		posts.created_at, 
    		posts.likes, 
    		posts.dislikes
		FROM posts
		JOIN user_interactions ON posts.id = user_interactions.item_id
		WHERE posts.username = ? AND user_interactions.item_type = "post" AND user_interactions.action = "like"
		ORDER BY posts.created_at DESC
	
FORUM: 2025/01/30 13:51:24 getPosts.go:146: Starting to process rows...
FORUM: 2025/01/30 13:51:24 getPosts.go:180: Finished processing rows. Total posts fetched: 0
FORUM: 2025/01/30 13:51:24 fetch_Created_Posts.go:59: Successfully fetched posts liked by user 'aaa'
FORUM: 2025/01/30 13:51:27 homeHandler.go:13: Handling request for Home page
FORUM: 2025/01/30 13:51:27 homeHandler.go:21: Checking for session token
FORUM: 2025/01/30 13:51:27 homeHandler.go:30: Session token found, verifying...
FORUM: 2025/01/30 13:51:27 session.go:38: SessionCheck: Session is valid for token: 0194b701-8e70-70bb-9d9f-1d450f7e3b32
FORUM: 2025/01/30 13:51:27 homeHandler.go:47: User is logged in: {true aaa false}
FORUM: 2025/01/30 13:51:27 homeHandler.go:48: User successfully logged in: aaa
FORUM: 2025/01/30 13:51:27 homeHandler.go:54: Setting cookie: session_token = 0194b701-8e70-70bb-9d9f-1d450f7e3b32
FORUM: 2025/01/30 13:51:27 getPosts.go:23: Request URL Path: /api/posts
FORUM: 2025/01/30 13:51:27 getPosts.go:55: Fetching posts for page 1
FORUM: 2025/01/30 13:51:27 getPosts.go:133: Executing query: SELECT username, id, title, content, Categories, created_at, likes, dislikes 
              FROM posts 
              ORDER BY created_at DESC 
              LIMIT ? OFFSET ? with limit 10 and offset 0
FORUM: 2025/01/30 13:51:27 getPosts.go:146: Starting to process rows...
FORUM: 2025/01/30 13:51:27 getPosts.go:151: Scanning row for post...
FORUM: 2025/01/30 13:51:27 getPosts.go:158: Successfully scanned post with ID: 14
FORUM: 2025/01/30 13:51:27 getPosts.go:161: Fetching comments for post ID: 14
FORUM: 2025/01/30 13:51:27 getPosts.go:168: Successfully fetched comments for post ID: 14, Comments: []
FORUM: 2025/01/30 13:51:27 getPosts.go:170: Appending post with ID: 14 to posts slice
FORUM: 2025/01/30 13:51:27 getPosts.go:151: Scanning row for post...
FORUM: 2025/01/30 13:51:27 getPosts.go:158: Successfully scanned post with ID: 13
FORUM: 2025/01/30 13:51:27 getPosts.go:161: Fetching comments for post ID: 13
FORUM: 2025/01/30 13:51:27 getPosts.go:168: Successfully fetched comments for post ID: 13, Comments: []
FORUM: 2025/01/30 13:51:27 getPosts.go:170: Appending post with ID: 13 to posts slice
FORUM: 2025/01/30 13:51:27 getPosts.go:151: Scanning row for post...
FORUM: 2025/01/30 13:51:27 getPosts.go:158: Successfully scanned post with ID: 12
FORUM: 2025/01/30 13:51:27 getPosts.go:161: Fetching comments for post ID: 12
FORUM: 2025/01/30 13:51:27 getPosts.go:168: Successfully fetched comments for post ID: 12, Comments: []
FORUM: 2025/01/30 13:51:27 getPosts.go:170: Appending post with ID: 12 to posts slice
FORUM: 2025/01/30 13:51:27 getPosts.go:151: Scanning row for post...
FORUM: 2025/01/30 13:51:27 getPosts.go:158: Successfully scanned post with ID: 11
FORUM: 2025/01/30 13:51:27 getPosts.go:161: Fetching comments for post ID: 11
FORUM: 2025/01/30 13:51:27 getPosts.go:168: Successfully fetched comments for post ID: 11, Comments: []
FORUM: 2025/01/30 13:51:27 getPosts.go:170: Appending post with ID: 11 to posts slice
FORUM: 2025/01/30 13:51:27 getPosts.go:151: Scanning row for post...
FORUM: 2025/01/30 13:51:27 getPosts.go:158: Successfully scanned post with ID: 10
FORUM: 2025/01/30 13:51:27 getPosts.go:161: Fetching comments for post ID: 10
FORUM: 2025/01/30 13:51:27 getPosts.go:168: Successfully fetched comments for post ID: 10, Comments: []
FORUM: 2025/01/30 13:51:27 getPosts.go:170: Appending post with ID: 10 to posts slice
FORUM: 2025/01/30 13:51:27 getPosts.go:151: Scanning row for post...
FORUM: 2025/01/30 13:51:27 getPosts.go:158: Successfully scanned post with ID: 9
FORUM: 2025/01/30 13:51:27 getPosts.go:161: Fetching comments for post ID: 9
FORUM: 2025/01/30 13:51:27 getPosts.go:168: Successfully fetched comments for post ID: 9, Comments: []
FORUM: 2025/01/30 13:51:27 getPosts.go:170: Appending post with ID: 9 to posts slice
FORUM: 2025/01/30 13:51:27 getPosts.go:151: Scanning row for post...
FORUM: 2025/01/30 13:51:27 getPosts.go:158: Successfully scanned post with ID: 8
FORUM: 2025/01/30 13:51:27 getPosts.go:161: Fetching comments for post ID: 8
FORUM: 2025/01/30 13:51:27 getPosts.go:168: Successfully fetched comments for post ID: 8, Comments: []
FORUM: 2025/01/30 13:51:27 getPosts.go:170: Appending post with ID: 8 to posts slice
FORUM: 2025/01/30 13:51:27 getPosts.go:151: Scanning row for post...
FORUM: 2025/01/30 13:51:27 getPosts.go:158: Successfully scanned post with ID: 7
FORUM: 2025/01/30 13:51:27 getPosts.go:161: Fetching comments for post ID: 7
FORUM: 2025/01/30 13:51:27 getPosts.go:168: Successfully fetched comments for post ID: 7, Comments: []
FORUM: 2025/01/30 13:51:27 getPosts.go:170: Appending post with ID: 7 to posts slice
FORUM: 2025/01/30 13:51:27 getPosts.go:151: Scanning row for post...
FORUM: 2025/01/30 13:51:27 getPosts.go:158: Successfully scanned post with ID: 6
FORUM: 2025/01/30 13:51:27 getPosts.go:161: Fetching comments for post ID: 6
FORUM: 2025/01/30 13:51:27 getPosts.go:168: Successfully fetched comments for post ID: 6, Comments: []
FORUM: 2025/01/30 13:51:27 getPosts.go:170: Appending post with ID: 6 to posts slice
FORUM: 2025/01/30 13:51:27 getPosts.go:151: Scanning row for post...
FORUM: 2025/01/30 13:51:27 getPosts.go:158: Successfully scanned post with ID: 5
FORUM: 2025/01/30 13:51:27 getPosts.go:161: Fetching comments for post ID: 5
FORUM: 2025/01/30 13:51:27 getPosts.go:168: Successfully fetched comments for post ID: 5, Comments: []
FORUM: 2025/01/30 13:51:27 getPosts.go:170: Appending post with ID: 5 to posts slice
FORUM: 2025/01/30 13:51:27 getPosts.go:180: Finished processing rows. Total posts fetched: 10
FORUM: 2025/01/30 13:51:27 getPosts.go:77: Number of posts returned: 10
FORUM: 2025/01/30 13:51:28 addReaction.go:15: Received request to add reaction
FORUM: 2025/01/30 13:51:28 session.go:38: SessionCheck: Session is valid for token: 0194b701-8e70-70bb-9d9f-1d450f7e3b32
FORUM: 2025/01/30 13:51:28 addReaction.go:32: Retrieved session token: 0194b701-8e70-70bb-9d9f-1d450f7e3b32
FORUM: 2025/01/30 13:51:28 addReaction.go:41: Authenticated user ID: 1
FORUM: 2025/01/30 13:51:28 addReaction.go:56: Processing reaction request: {ItemID:13 ItemType:post Action:like}
FORUM: 2025/01/30 13:51:28 addReaction.go:79: Target table: posts, Item ID: 13, Action: like
FORUM: 2025/01/30 13:51:28 addReaction.go:87: No existing interaction, adding new entry
FORUM: 2025/01/30 13:51:28 addReaction.go:104: Incrementing likes count for item ID: 13
FORUM: 2025/01/30 13:51:28 addReaction.go:148: Updated counts - Likes: 1, Dislikes: 0
FORUM: 2025/01/30 13:51:28 addReaction.go:157: Response sent successfully
FORUM: 2025/01/30 13:51:30 addReaction.go:15: Received request to add reaction
FORUM: 2025/01/30 13:51:30 session.go:38: SessionCheck: Session is valid for token: 0194b701-8e70-70bb-9d9f-1d450f7e3b32
FORUM: 2025/01/30 13:51:30 addReaction.go:32: Retrieved session token: 0194b701-8e70-70bb-9d9f-1d450f7e3b32
FORUM: 2025/01/30 13:51:30 addReaction.go:41: Authenticated user ID: 1
FORUM: 2025/01/30 13:51:30 addReaction.go:56: Processing reaction request: {ItemID:11 ItemType:post Action:like}
FORUM: 2025/01/30 13:51:30 addReaction.go:79: Target table: posts, Item ID: 11, Action: like
FORUM: 2025/01/30 13:51:30 addReaction.go:87: No existing interaction, adding new entry
FORUM: 2025/01/30 13:51:30 addReaction.go:104: Incrementing likes count for item ID: 11
FORUM: 2025/01/30 13:51:30 addReaction.go:148: Updated counts - Likes: 1, Dislikes: 0
FORUM: 2025/01/30 13:51:30 addReaction.go:157: Response sent successfully
FORUM: 2025/01/30 13:51:31 addReaction.go:15: Received request to add reaction
FORUM: 2025/01/30 13:51:31 session.go:38: SessionCheck: Session is valid for token: 0194b701-8e70-70bb-9d9f-1d450f7e3b32
FORUM: 2025/01/30 13:51:31 addReaction.go:32: Retrieved session token: 0194b701-8e70-70bb-9d9f-1d450f7e3b32
FORUM: 2025/01/30 13:51:31 addReaction.go:41: Authenticated user ID: 1
FORUM: 2025/01/30 13:51:31 addReaction.go:56: Processing reaction request: {ItemID:6 ItemType:post Action:like}
FORUM: 2025/01/30 13:51:31 addReaction.go:79: Target table: posts, Item ID: 6, Action: like
FORUM: 2025/01/30 13:51:31 addReaction.go:87: No existing interaction, adding new entry
FORUM: 2025/01/30 13:51:31 addReaction.go:104: Incrementing likes count for item ID: 6
FORUM: 2025/01/30 13:51:31 addReaction.go:148: Updated counts - Likes: 1, Dislikes: 0
FORUM: 2025/01/30 13:51:31 addReaction.go:157: Response sent successfully
FORUM: 2025/01/30 13:51:35 homeHandler.go:13: Handling request for Home page
FORUM: 2025/01/30 13:51:35 homeHandler.go:21: Checking for session token
FORUM: 2025/01/30 13:51:35 homeHandler.go:30: Session token found, verifying...
FORUM: 2025/01/30 13:51:35 session.go:38: SessionCheck: Session is valid for token: 0194b701-8e70-70bb-9d9f-1d450f7e3b32
FORUM: 2025/01/30 13:51:35 homeHandler.go:47: User is logged in: {true aaa false}
FORUM: 2025/01/30 13:51:35 homeHandler.go:48: User successfully logged in: aaa
FORUM: 2025/01/30 13:51:35 homeHandler.go:54: Setting cookie: session_token = 0194b701-8e70-70bb-9d9f-1d450f7e3b32
FORUM: 2025/01/30 13:51:35 getPosts.go:23: Request URL Path: /api/posts
FORUM: 2025/01/30 13:51:35 getPosts.go:55: Fetching posts for page 1
FORUM: 2025/01/30 13:51:35 getPosts.go:133: Executing query: SELECT username, id, title, content, Categories, created_at, likes, dislikes 
              FROM posts 
              ORDER BY created_at DESC 
              LIMIT ? OFFSET ? with limit 10 and offset 0
FORUM: 2025/01/30 13:51:35 getPosts.go:146: Starting to process rows...
FORUM: 2025/01/30 13:51:35 getPosts.go:151: Scanning row for post...
FORUM: 2025/01/30 13:51:35 getPosts.go:158: Successfully scanned post with ID: 14
FORUM: 2025/01/30 13:51:35 getPosts.go:161: Fetching comments for post ID: 14
FORUM: 2025/01/30 13:51:35 getPosts.go:168: Successfully fetched comments for post ID: 14, Comments: []
FORUM: 2025/01/30 13:51:35 getPosts.go:170: Appending post with ID: 14 to posts slice
FORUM: 2025/01/30 13:51:35 getPosts.go:151: Scanning row for post...
FORUM: 2025/01/30 13:51:35 getPosts.go:158: Successfully scanned post with ID: 13
FORUM: 2025/01/30 13:51:35 getPosts.go:161: Fetching comments for post ID: 13
FORUM: 2025/01/30 13:51:35 getPosts.go:168: Successfully fetched comments for post ID: 13, Comments: []
FORUM: 2025/01/30 13:51:35 getPosts.go:170: Appending post with ID: 13 to posts slice
FORUM: 2025/01/30 13:51:35 getPosts.go:151: Scanning row for post...
FORUM: 2025/01/30 13:51:35 getPosts.go:158: Successfully scanned post with ID: 12
FORUM: 2025/01/30 13:51:35 getPosts.go:161: Fetching comments for post ID: 12
FORUM: 2025/01/30 13:51:35 getPosts.go:168: Successfully fetched comments for post ID: 12, Comments: []
FORUM: 2025/01/30 13:51:35 getPosts.go:170: Appending post with ID: 12 to posts slice
FORUM: 2025/01/30 13:51:35 getPosts.go:151: Scanning row for post...
FORUM: 2025/01/30 13:51:35 getPosts.go:158: Successfully scanned post with ID: 11
FORUM: 2025/01/30 13:51:35 getPosts.go:161: Fetching comments for post ID: 11
FORUM: 2025/01/30 13:51:35 getPosts.go:168: Successfully fetched comments for post ID: 11, Comments: []
FORUM: 2025/01/30 13:51:35 getPosts.go:170: Appending post with ID: 11 to posts slice
FORUM: 2025/01/30 13:51:35 getPosts.go:151: Scanning row for post...
FORUM: 2025/01/30 13:51:35 getPosts.go:158: Successfully scanned post with ID: 10
FORUM: 2025/01/30 13:51:35 getPosts.go:161: Fetching comments for post ID: 10
FORUM: 2025/01/30 13:51:35 getPosts.go:168: Successfully fetched comments for post ID: 10, Comments: []
FORUM: 2025/01/30 13:51:35 getPosts.go:170: Appending post with ID: 10 to posts slice
FORUM: 2025/01/30 13:51:35 getPosts.go:151: Scanning row for post...
FORUM: 2025/01/30 13:51:35 getPosts.go:158: Successfully scanned post with ID: 9
FORUM: 2025/01/30 13:51:35 getPosts.go:161: Fetching comments for post ID: 9
FORUM: 2025/01/30 13:51:35 getPosts.go:168: Successfully fetched comments for post ID: 9, Comments: []
FORUM: 2025/01/30 13:51:35 getPosts.go:170: Appending post with ID: 9 to posts slice
FORUM: 2025/01/30 13:51:35 getPosts.go:151: Scanning row for post...
FORUM: 2025/01/30 13:51:35 getPosts.go:158: Successfully scanned post with ID: 8
FORUM: 2025/01/30 13:51:35 getPosts.go:161: Fetching comments for post ID: 8
FORUM: 2025/01/30 13:51:35 getPosts.go:168: Successfully fetched comments for post ID: 8, Comments: []
FORUM: 2025/01/30 13:51:35 getPosts.go:170: Appending post with ID: 8 to posts slice
FORUM: 2025/01/30 13:51:35 getPosts.go:151: Scanning row for post...
FORUM: 2025/01/30 13:51:35 getPosts.go:158: Successfully scanned post with ID: 7
FORUM: 2025/01/30 13:51:35 getPosts.go:161: Fetching comments for post ID: 7
FORUM: 2025/01/30 13:51:35 getPosts.go:168: Successfully fetched comments for post ID: 7, Comments: []
FORUM: 2025/01/30 13:51:35 getPosts.go:170: Appending post with ID: 7 to posts slice
FORUM: 2025/01/30 13:51:35 getPosts.go:151: Scanning row for post...
FORUM: 2025/01/30 13:51:35 getPosts.go:158: Successfully scanned post with ID: 6
FORUM: 2025/01/30 13:51:35 getPosts.go:161: Fetching comments for post ID: 6
FORUM: 2025/01/30 13:51:35 getPosts.go:168: Successfully fetched comments for post ID: 6, Comments: []
FORUM: 2025/01/30 13:51:35 getPosts.go:170: Appending post with ID: 6 to posts slice
FORUM: 2025/01/30 13:51:35 getPosts.go:151: Scanning row for post...
FORUM: 2025/01/30 13:51:35 getPosts.go:158: Successfully scanned post with ID: 5
FORUM: 2025/01/30 13:51:35 getPosts.go:161: Fetching comments for post ID: 5
FORUM: 2025/01/30 13:51:35 getPosts.go:168: Successfully fetched comments for post ID: 5, Comments: []
FORUM: 2025/01/30 13:51:35 getPosts.go:170: Appending post with ID: 5 to posts slice
FORUM: 2025/01/30 13:51:35 getPosts.go:180: Finished processing rows. Total posts fetched: 10
FORUM: 2025/01/30 13:51:35 getPosts.go:77: Number of posts returned: 10
FORUM: 2025/01/30 13:51:37 getPosts.go:23: Request URL Path: /api/posts/liked
FORUM: 2025/01/30 13:51:37 getPosts.go:27: Requested Page: liked
FORUM: 2025/01/30 13:51:37 fetch_Created_Posts.go:48: Fetching posts liked by user 'aaa'. Executing query: 
		SELECT posts.username, 
    		posts.id AS post_id, 
    		posts.title, 
    		posts.content, 
    		posts.Categories, 
    		posts.created_at, 
    		posts.likes, 
    		posts.dislikes
		FROM posts
		JOIN user_interactions ON posts.id = user_interactions.item_id
		WHERE posts.username = ? AND user_interactions.item_type = "post" AND user_interactions.action = "like"
		ORDER BY posts.created_at DESC
	
FORUM: 2025/01/30 13:51:37 getPosts.go:146: Starting to process rows...
FORUM: 2025/01/30 13:51:37 getPosts.go:151: Scanning row for post...
FORUM: 2025/01/30 13:51:37 getPosts.go:158: Successfully scanned post with ID: 13
FORUM: 2025/01/30 13:51:37 getPosts.go:161: Fetching comments for post ID: 13
FORUM: 2025/01/30 13:51:37 getPosts.go:168: Successfully fetched comments for post ID: 13, Comments: []
FORUM: 2025/01/30 13:51:37 getPosts.go:170: Appending post with ID: 13 to posts slice
FORUM: 2025/01/30 13:51:37 getPosts.go:151: Scanning row for post...
FORUM: 2025/01/30 13:51:37 getPosts.go:158: Successfully scanned post with ID: 11
FORUM: 2025/01/30 13:51:37 getPosts.go:161: Fetching comments for post ID: 11
FORUM: 2025/01/30 13:51:37 getPosts.go:168: Successfully fetched comments for post ID: 11, Comments: []
FORUM: 2025/01/30 13:51:37 getPosts.go:170: Appending post with ID: 11 to posts slice
FORUM: 2025/01/30 13:51:37 getPosts.go:151: Scanning row for post...
FORUM: 2025/01/30 13:51:37 getPosts.go:158: Successfully scanned post with ID: 6
FORUM: 2025/01/30 13:51:37 getPosts.go:161: Fetching comments for post ID: 6
FORUM: 2025/01/30 13:51:37 getPosts.go:168: Successfully fetched comments for post ID: 6, Comments: []
FORUM: 2025/01/30 13:51:37 getPosts.go:170: Appending post with ID: 6 to posts slice
FORUM: 2025/01/30 13:51:37 getPosts.go:180: Finished processing rows. Total posts fetched: 3
FORUM: 2025/01/30 13:51:37 fetch_Created_Posts.go:59: Successfully fetched posts liked by user 'aaa'
FORUM: 2025/01/30 13:51:37 getPosts.go:77: Number of posts returned: 3
FORUM: 2025/01/30 13:51:40 getPosts.go:23: Request URL Path: /api/posts/liked
FORUM: 2025/01/30 13:51:40 getPosts.go:27: Requested Page: liked
FORUM: 2025/01/30 13:51:40 fetch_Created_Posts.go:48: Fetching posts liked by user 'aaa'. Executing query: 
		SELECT posts.username, 
    		posts.id AS post_id, 
    		posts.title, 
    		posts.content, 
    		posts.Categories, 
    		posts.created_at, 
    		posts.likes, 
    		posts.dislikes
		FROM posts
		JOIN user_interactions ON posts.id = user_interactions.item_id
		WHERE posts.username = ? AND user_interactions.item_type = "post" AND user_interactions.action = "like"
		ORDER BY posts.created_at DESC
	
FORUM: 2025/01/30 13:51:40 getPosts.go:146: Starting to process rows...
FORUM: 2025/01/30 13:51:40 getPosts.go:151: Scanning row for post...
FORUM: 2025/01/30 13:51:40 getPosts.go:158: Successfully scanned post with ID: 13
FORUM: 2025/01/30 13:51:40 getPosts.go:161: Fetching comments for post ID: 13
FORUM: 2025/01/30 13:51:40 getPosts.go:168: Successfully fetched comments for post ID: 13, Comments: []
FORUM: 2025/01/30 13:51:40 getPosts.go:170: Appending post with ID: 13 to posts slice
FORUM: 2025/01/30 13:51:40 getPosts.go:151: Scanning row for post...
FORUM: 2025/01/30 13:51:40 getPosts.go:158: Successfully scanned post with ID: 11
FORUM: 2025/01/30 13:51:40 getPosts.go:161: Fetching comments for post ID: 11
FORUM: 2025/01/30 13:51:40 getPosts.go:168: Successfully fetched comments for post ID: 11, Comments: []
FORUM: 2025/01/30 13:51:40 getPosts.go:170: Appending post with ID: 11 to posts slice
FORUM: 2025/01/30 13:51:40 getPosts.go:151: Scanning row for post...
FORUM: 2025/01/30 13:51:40 getPosts.go:158: Successfully scanned post with ID: 6
FORUM: 2025/01/30 13:51:40 getPosts.go:161: Fetching comments for post ID: 6
FORUM: 2025/01/30 13:51:40 getPosts.go:168: Successfully fetched comments for post ID: 6, Comments: []
FORUM: 2025/01/30 13:51:40 getPosts.go:170: Appending post with ID: 6 to posts slice
FORUM: 2025/01/30 13:51:40 getPosts.go:180: Finished processing rows. Total posts fetched: 3
FORUM: 2025/01/30 13:51:40 fetch_Created_Posts.go:59: Successfully fetched posts liked by user 'aaa'
FORUM: 2025/01/30 13:51:40 getPosts.go:77: Number of posts returned: 3
FORUM: 2025/01/30 13:51:45 homeHandler.go:13: Handling request for Home page
FORUM: 2025/01/30 13:51:45 homeHandler.go:21: Checking for session token
FORUM: 2025/01/30 13:51:45 homeHandler.go:30: Session token found, verifying...
FORUM: 2025/01/30 13:51:45 session.go:38: SessionCheck: Session is valid for token: 0194b701-8e70-70bb-9d9f-1d450f7e3b32
FORUM: 2025/01/30 13:51:45 homeHandler.go:47: User is logged in: {true aaa false}
FORUM: 2025/01/30 13:51:45 homeHandler.go:48: User successfully logged in: aaa
FORUM: 2025/01/30 13:51:45 homeHandler.go:54: Setting cookie: session_token = 0194b701-8e70-70bb-9d9f-1d450f7e3b32
FORUM: 2025/01/30 13:51:45 getPosts.go:23: Request URL Path: /api/posts
FORUM: 2025/01/30 13:51:45 getPosts.go:55: Fetching posts for page 1
FORUM: 2025/01/30 13:51:45 getPosts.go:133: Executing query: SELECT username, id, title, content, Categories, created_at, likes, dislikes 
              FROM posts 
              ORDER BY created_at DESC 
              LIMIT ? OFFSET ? with limit 10 and offset 0
FORUM: 2025/01/30 13:51:45 getPosts.go:146: Starting to process rows...
FORUM: 2025/01/30 13:51:45 getPosts.go:151: Scanning row for post...
FORUM: 2025/01/30 13:51:45 getPosts.go:158: Successfully scanned post with ID: 14
FORUM: 2025/01/30 13:51:45 getPosts.go:161: Fetching comments for post ID: 14
FORUM: 2025/01/30 13:51:45 getPosts.go:168: Successfully fetched comments for post ID: 14, Comments: []
FORUM: 2025/01/30 13:51:45 getPosts.go:170: Appending post with ID: 14 to posts slice
FORUM: 2025/01/30 13:51:45 getPosts.go:151: Scanning row for post...
FORUM: 2025/01/30 13:51:45 getPosts.go:158: Successfully scanned post with ID: 13
FORUM: 2025/01/30 13:51:45 getPosts.go:161: Fetching comments for post ID: 13
FORUM: 2025/01/30 13:51:45 getPosts.go:168: Successfully fetched comments for post ID: 13, Comments: []
FORUM: 2025/01/30 13:51:45 getPosts.go:170: Appending post with ID: 13 to posts slice
FORUM: 2025/01/30 13:51:45 getPosts.go:151: Scanning row for post...
FORUM: 2025/01/30 13:51:45 getPosts.go:158: Successfully scanned post with ID: 12
FORUM: 2025/01/30 13:51:45 getPosts.go:161: Fetching comments for post ID: 12
FORUM: 2025/01/30 13:51:45 getPosts.go:168: Successfully fetched comments for post ID: 12, Comments: []
FORUM: 2025/01/30 13:51:45 getPosts.go:170: Appending post with ID: 12 to posts slice
FORUM: 2025/01/30 13:51:45 getPosts.go:151: Scanning row for post...
FORUM: 2025/01/30 13:51:45 getPosts.go:158: Successfully scanned post with ID: 11
FORUM: 2025/01/30 13:51:45 getPosts.go:161: Fetching comments for post ID: 11
FORUM: 2025/01/30 13:51:45 getPosts.go:168: Successfully fetched comments for post ID: 11, Comments: []
FORUM: 2025/01/30 13:51:45 getPosts.go:170: Appending post with ID: 11 to posts slice
FORUM: 2025/01/30 13:51:45 getPosts.go:151: Scanning row for post...
FORUM: 2025/01/30 13:51:45 getPosts.go:158: Successfully scanned post with ID: 10
FORUM: 2025/01/30 13:51:45 getPosts.go:161: Fetching comments for post ID: 10
FORUM: 2025/01/30 13:51:45 getPosts.go:168: Successfully fetched comments for post ID: 10, Comments: []
FORUM: 2025/01/30 13:51:45 getPosts.go:170: Appending post with ID: 10 to posts slice
FORUM: 2025/01/30 13:51:45 getPosts.go:151: Scanning row for post...
FORUM: 2025/01/30 13:51:45 getPosts.go:158: Successfully scanned post with ID: 9
FORUM: 2025/01/30 13:51:45 getPosts.go:161: Fetching comments for post ID: 9
FORUM: 2025/01/30 13:51:45 getPosts.go:168: Successfully fetched comments for post ID: 9, Comments: []
FORUM: 2025/01/30 13:51:45 getPosts.go:170: Appending post with ID: 9 to posts slice
FORUM: 2025/01/30 13:51:45 getPosts.go:151: Scanning row for post...
FORUM: 2025/01/30 13:51:45 getPosts.go:158: Successfully scanned post with ID: 8
FORUM: 2025/01/30 13:51:45 getPosts.go:161: Fetching comments for post ID: 8
FORUM: 2025/01/30 13:51:45 getPosts.go:168: Successfully fetched comments for post ID: 8, Comments: []
FORUM: 2025/01/30 13:51:45 getPosts.go:170: Appending post with ID: 8 to posts slice
FORUM: 2025/01/30 13:51:45 getPosts.go:151: Scanning row for post...
FORUM: 2025/01/30 13:51:45 getPosts.go:158: Successfully scanned post with ID: 7
FORUM: 2025/01/30 13:51:45 getPosts.go:161: Fetching comments for post ID: 7
FORUM: 2025/01/30 13:51:45 getPosts.go:168: Successfully fetched comments for post ID: 7, Comments: []
FORUM: 2025/01/30 13:51:45 getPosts.go:170: Appending post with ID: 7 to posts slice
FORUM: 2025/01/30 13:51:45 getPosts.go:151: Scanning row for post...
FORUM: 2025/01/30 13:51:45 getPosts.go:158: Successfully scanned post with ID: 6
FORUM: 2025/01/30 13:51:45 getPosts.go:161: Fetching comments for post ID: 6
FORUM: 2025/01/30 13:51:45 getPosts.go:168: Successfully fetched comments for post ID: 6, Comments: []
FORUM: 2025/01/30 13:51:45 getPosts.go:170: Appending post with ID: 6 to posts slice
FORUM: 2025/01/30 13:51:45 getPosts.go:151: Scanning row for post...
FORUM: 2025/01/30 13:51:45 getPosts.go:158: Successfully scanned post with ID: 5
FORUM: 2025/01/30 13:51:45 getPosts.go:161: Fetching comments for post ID: 5
FORUM: 2025/01/30 13:51:45 getPosts.go:168: Successfully fetched comments for post ID: 5, Comments: []
FORUM: 2025/01/30 13:51:45 getPosts.go:170: Appending post with ID: 5 to posts slice
FORUM: 2025/01/30 13:51:45 getPosts.go:180: Finished processing rows. Total posts fetched: 10
FORUM: 2025/01/30 13:51:45 getPosts.go:77: Number of posts returned: 10
