FORUM: 2025/01/30 10:56:57 logs.go:25: Logger created successfully
FORUM: 2025/01/30 10:56:57 parseTemplates.go:12: Attempting to parse templates with pattern:  ./templates/*.html
FORUM: 2025/01/30 10:56:57 parseTemplates.go:24: Templates loaded successfully
FORUM: 2025/01/30 10:56:58 homeHandler.go:13: Handling request for Home page
FORUM: 2025/01/30 10:56:58 homeHandler.go:21: Checking for session token
FORUM: 2025/01/30 10:56:58 homeHandler.go:24: No session token found, user not logged in
FORUM: 2025/01/30 10:56:58 homeHandler.go:54: Setting cookie: session_token = 
FORUM: 2025/01/30 10:56:58 getPosts.go:23: Request URL Path: /api/posts
FORUM: 2025/01/30 10:56:58 getPosts.go:55: Fetching posts for page 1
FORUM: 2025/01/30 10:56:58 getPosts.go:133: Executing query: SELECT username, id, title, content, Categories, created_at, likes, dislikes 
              FROM posts 
              ORDER BY created_at DESC 
              LIMIT ? OFFSET ? with limit 10 and offset 0
FORUM: 2025/01/30 10:56:58 getPosts.go:146: Starting to process rows...
FORUM: 2025/01/30 10:56:58 getPosts.go:180: Finished processing rows. Total posts fetched: 0
FORUM: 2025/01/30 10:57:21 register.go:85: Register: Successful registration for user: hello User ID: 1
FORUM: 2025/01/30 10:57:21 homeHandler.go:13: Handling request for Home page
FORUM: 2025/01/30 10:57:21 homeHandler.go:21: Checking for session token
FORUM: 2025/01/30 10:57:21 homeHandler.go:30: Session token found, verifying...
FORUM: 2025/01/30 10:57:21 session.go:38: SessionCheck: Session is valid for token: 0194b6a4-cf2a-796d-b926-225b802f23be
FORUM: 2025/01/30 10:57:21 homeHandler.go:47: User is logged in: {true hello false}
FORUM: 2025/01/30 10:57:21 homeHandler.go:48: User successfully logged in: hello
FORUM: 2025/01/30 10:57:21 homeHandler.go:54: Setting cookie: session_token = 0194b6a4-cf2a-796d-b926-225b802f23be
FORUM: 2025/01/30 10:57:21 getPosts.go:23: Request URL Path: /api/posts
FORUM: 2025/01/30 10:57:21 getPosts.go:55: Fetching posts for page 1
FORUM: 2025/01/30 10:57:21 getPosts.go:133: Executing query: SELECT username, id, title, content, Categories, created_at, likes, dislikes 
              FROM posts 
              ORDER BY created_at DESC 
              LIMIT ? OFFSET ? with limit 10 and offset 0
FORUM: 2025/01/30 10:57:21 getPosts.go:146: Starting to process rows...
FORUM: 2025/01/30 10:57:21 getPosts.go:180: Finished processing rows. Total posts fetched: 0
FORUM: 2025/01/30 10:58:00 session.go:38: SessionCheck: Session is valid for token: 0194b6a4-cf2a-796d-b926-225b802f23be
FORUM: 2025/01/30 10:58:00 validatePost.go:28: Validation successful for title and content
FORUM: 2025/01/30 10:58:00 session.go:38: SessionCheck: Session is valid for token: 0194b6a4-cf2a-796d-b926-225b802f23be
FORUM: 2025/01/30 10:58:00 addPosts.go:98: Post created successfully, postID: 1
FORUM: 2025/01/30 11:01:07 homeHandler.go:13: Handling request for Home page
FORUM: 2025/01/30 11:01:07 homeHandler.go:21: Checking for session token
FORUM: 2025/01/30 11:01:07 homeHandler.go:30: Session token found, verifying...
FORUM: 2025/01/30 11:01:07 session.go:38: SessionCheck: Session is valid for token: 0194b6a4-cf2a-796d-b926-225b802f23be
FORUM: 2025/01/30 11:01:07 homeHandler.go:47: User is logged in: {true hello false}
FORUM: 2025/01/30 11:01:07 homeHandler.go:48: User successfully logged in: hello
FORUM: 2025/01/30 11:01:07 homeHandler.go:54: Setting cookie: session_token = 0194b6a4-cf2a-796d-b926-225b802f23be
FORUM: 2025/01/30 11:01:07 getPosts.go:23: Request URL Path: /api/posts
FORUM: 2025/01/30 11:01:07 getPosts.go:55: Fetching posts for page 1
FORUM: 2025/01/30 11:01:07 getPosts.go:133: Executing query: SELECT username, id, title, content, Categories, created_at, likes, dislikes 
              FROM posts 
              ORDER BY created_at DESC 
              LIMIT ? OFFSET ? with limit 10 and offset 0
FORUM: 2025/01/30 11:01:07 getPosts.go:146: Starting to process rows...
FORUM: 2025/01/30 11:01:07 getPosts.go:151: Scanning row for post...
FORUM: 2025/01/30 11:01:07 getPosts.go:158: Successfully scanned post with ID: 1
FORUM: 2025/01/30 11:01:07 getPosts.go:161: Fetching comments for post ID: 1
FORUM: 2025/01/30 11:01:07 getPosts.go:168: Successfully fetched comments for post ID: 1, Comments: []
FORUM: 2025/01/30 11:01:07 getPosts.go:170: Appending post with ID: 1 to posts slice
FORUM: 2025/01/30 11:01:07 getPosts.go:180: Finished processing rows. Total posts fetched: 1
FORUM: 2025/01/30 11:01:07 getPosts.go:77: Number of posts returned: 1
FORUM: 2025/01/30 11:01:12 session.go:38: SessionCheck: Session is valid for token: 0194b6a4-cf2a-796d-b926-225b802f23be
FORUM: 2025/01/30 11:01:12 addComment.go:53: Username:  hello UserID:  1 Comment:  {dgdfgdfgd 1}
FORUM: 2025/01/30 11:01:12 addComment.go:76: Comment add:  {dgdfgdfgd 1}
FORUM: 2025/01/30 11:07:57 homeHandler.go:13: Handling request for Home page
FORUM: 2025/01/30 11:07:57 homeHandler.go:21: Checking for session token
FORUM: 2025/01/30 11:07:57 homeHandler.go:30: Session token found, verifying...
FORUM: 2025/01/30 11:07:57 session.go:38: SessionCheck: Session is valid for token: 0194b6a4-cf2a-796d-b926-225b802f23be
FORUM: 2025/01/30 11:07:57 homeHandler.go:47: User is logged in: {true hello false}
FORUM: 2025/01/30 11:07:57 homeHandler.go:48: User successfully logged in: hello
FORUM: 2025/01/30 11:07:57 homeHandler.go:54: Setting cookie: session_token = 0194b6a4-cf2a-796d-b926-225b802f23be
FORUM: 2025/01/30 11:07:58 getPosts.go:23: Request URL Path: /api/posts
FORUM: 2025/01/30 11:07:58 getPosts.go:55: Fetching posts for page 1
FORUM: 2025/01/30 11:07:58 getPosts.go:133: Executing query: SELECT username, id, title, content, Categories, created_at, likes, dislikes 
              FROM posts 
              ORDER BY created_at DESC 
              LIMIT ? OFFSET ? with limit 10 and offset 0
FORUM: 2025/01/30 11:07:58 getPosts.go:146: Starting to process rows...
FORUM: 2025/01/30 11:07:58 getPosts.go:151: Scanning row for post...
FORUM: 2025/01/30 11:07:58 getPosts.go:158: Successfully scanned post with ID: 1
FORUM: 2025/01/30 11:07:58 getPosts.go:161: Fetching comments for post ID: 1
FORUM: 2025/01/30 11:07:58 getPosts.go:168: Successfully fetched comments for post ID: 1, Comments: [{1 dgdfgdfgd hello 0 2025-01-30T11:01:12Z 0 0}]
FORUM: 2025/01/30 11:07:58 getPosts.go:170: Appending post with ID: 1 to posts slice
FORUM: 2025/01/30 11:07:58 getPosts.go:180: Finished processing rows. Total posts fetched: 1
FORUM: 2025/01/30 11:07:58 getPosts.go:77: Number of posts returned: 1
FORUM: 2025/01/30 11:08:56 homeHandler.go:13: Handling request for Home page
FORUM: 2025/01/30 11:08:56 homeHandler.go:21: Checking for session token
FORUM: 2025/01/30 11:08:56 homeHandler.go:30: Session token found, verifying...
FORUM: 2025/01/30 11:08:56 session.go:38: SessionCheck: Session is valid for token: 0194b6a4-cf2a-796d-b926-225b802f23be
FORUM: 2025/01/30 11:08:56 homeHandler.go:47: User is logged in: {true hello false}
FORUM: 2025/01/30 11:08:56 homeHandler.go:48: User successfully logged in: hello
FORUM: 2025/01/30 11:08:56 homeHandler.go:54: Setting cookie: session_token = 0194b6a4-cf2a-796d-b926-225b802f23be
FORUM: 2025/01/30 11:08:56 getPosts.go:23: Request URL Path: /api/posts
FORUM: 2025/01/30 11:08:56 getPosts.go:55: Fetching posts for page 1
FORUM: 2025/01/30 11:08:56 getPosts.go:133: Executing query: SELECT username, id, title, content, Categories, created_at, likes, dislikes 
              FROM posts 
              ORDER BY created_at DESC 
              LIMIT ? OFFSET ? with limit 10 and offset 0
FORUM: 2025/01/30 11:08:56 getPosts.go:146: Starting to process rows...
FORUM: 2025/01/30 11:08:56 getPosts.go:151: Scanning row for post...
FORUM: 2025/01/30 11:08:56 getPosts.go:158: Successfully scanned post with ID: 1
FORUM: 2025/01/30 11:08:56 getPosts.go:161: Fetching comments for post ID: 1
FORUM: 2025/01/30 11:08:56 getPosts.go:168: Successfully fetched comments for post ID: 1, Comments: [{1 dgdfgdfgd hello 0 2025-01-30T11:01:12Z 0 0}]
FORUM: 2025/01/30 11:08:56 getPosts.go:170: Appending post with ID: 1 to posts slice
FORUM: 2025/01/30 11:08:56 getPosts.go:180: Finished processing rows. Total posts fetched: 1
FORUM: 2025/01/30 11:08:56 getPosts.go:77: Number of posts returned: 1
