FORUM: 2025/01/29 12:14:10 logs.go:25: Logger created successfully
FORUM: 2025/01/29 12:14:10 parseTemplates.go:12: Attempting to parse templates with pattern:  ./templates/*.html
FORUM: 2025/01/29 12:14:10 parseTemplates.go:24: Templates loaded successfully
FORUM: 2025/01/29 12:14:15 session.go:38: SessionCheck: Session is valid for token: 0194b1b5-a2ca-7eee-81d0-5c9a33dca617
FORUM: 2025/01/29 12:14:15 validatePost.go:28: Validation successful for title and content
FORUM: 2025/01/29 12:14:15 session.go:38: SessionCheck: Session is valid for token: 0194b1b5-a2ca-7eee-81d0-5c9a33dca617
FORUM: 2025/01/29 12:14:15 addPosts.go:98: Post created successfully, postID: 3
FORUM: 2025/01/29 12:14:22 session.go:38: SessionCheck: Session is valid for token: 0194b1b5-a2ca-7eee-81d0-5c9a33dca617
FORUM: 2025/01/29 12:14:22 validatePost.go:28: Validation successful for title and content
FORUM: 2025/01/29 12:14:22 session.go:38: SessionCheck: Session is valid for token: 0194b1b5-a2ca-7eee-81d0-5c9a33dca617
FORUM: 2025/01/29 12:14:30 session.go:38: SessionCheck: Session is valid for token: 0194b1b5-a2ca-7eee-81d0-5c9a33dca617
FORUM: 2025/01/29 12:14:30 validatePost.go:28: Validation successful for title and content
FORUM: 2025/01/29 12:14:30 session.go:38: SessionCheck: Session is valid for token: 0194b1b5-a2ca-7eee-81d0-5c9a33dca617
FORUM: 2025/01/29 12:14:32 session.go:38: SessionCheck: Session is valid for token: 0194b1b5-a2ca-7eee-81d0-5c9a33dca617
FORUM: 2025/01/29 12:14:32 validatePost.go:28: Validation successful for title and content
FORUM: 2025/01/29 12:14:32 session.go:38: SessionCheck: Session is valid for token: 0194b1b5-a2ca-7eee-81d0-5c9a33dca617
FORUM: 2025/01/29 12:14:34 session.go:38: SessionCheck: Session is valid for token: 0194b1b5-a2ca-7eee-81d0-5c9a33dca617
FORUM: 2025/01/29 12:14:34 validatePost.go:28: Validation successful for title and content
FORUM: 2025/01/29 12:14:34 session.go:38: SessionCheck: Session is valid for token: 0194b1b5-a2ca-7eee-81d0-5c9a33dca617
FORUM: 2025/01/29 12:14:34 addPosts.go:98: Post created successfully, postID: 4
FORUM: 2025/01/29 12:14:41 session.go:38: SessionCheck: Session is valid for token: 0194b1b5-a2ca-7eee-81d0-5c9a33dca617
FORUM: 2025/01/29 12:14:41 validatePost.go:28: Validation successful for title and content
FORUM: 2025/01/29 12:14:41 session.go:38: SessionCheck: Session is valid for token: 0194b1b5-a2ca-7eee-81d0-5c9a33dca617
FORUM: 2025/01/29 12:14:43 session.go:38: SessionCheck: Session is valid for token: 0194b1b5-a2ca-7eee-81d0-5c9a33dca617
FORUM: 2025/01/29 12:14:43 validatePost.go:28: Validation successful for title and content
FORUM: 2025/01/29 12:14:43 session.go:38: SessionCheck: Session is valid for token: 0194b1b5-a2ca-7eee-81d0-5c9a33dca617
FORUM: 2025/01/29 12:14:43 addPosts.go:98: Post created successfully, postID: 5
FORUM: 2025/01/29 12:14:48 session.go:38: SessionCheck: Session is valid for token: 0194b1b5-a2ca-7eee-81d0-5c9a33dca617
FORUM: 2025/01/29 12:14:48 validatePost.go:28: Validation successful for title and content
FORUM: 2025/01/29 12:14:48 session.go:38: SessionCheck: Session is valid for token: 0194b1b5-a2ca-7eee-81d0-5c9a33dca617
FORUM: 2025/01/29 12:14:48 addPosts.go:98: Post created successfully, postID: 6
FORUM: 2025/01/29 12:14:53 session.go:38: SessionCheck: Session is valid for token: 0194b1b5-a2ca-7eee-81d0-5c9a33dca617
FORUM: 2025/01/29 12:14:53 validatePost.go:28: Validation successful for title and content
FORUM: 2025/01/29 12:14:53 session.go:38: SessionCheck: Session is valid for token: 0194b1b5-a2ca-7eee-81d0-5c9a33dca617
FORUM: 2025/01/29 12:14:53 addPosts.go:98: Post created successfully, postID: 7
FORUM: 2025/01/29 12:14:58 session.go:38: SessionCheck: Session is valid for token: 0194b1b5-a2ca-7eee-81d0-5c9a33dca617
FORUM: 2025/01/29 12:14:58 validatePost.go:28: Validation successful for title and content
FORUM: 2025/01/29 12:14:58 session.go:38: SessionCheck: Session is valid for token: 0194b1b5-a2ca-7eee-81d0-5c9a33dca617
FORUM: 2025/01/29 12:14:59 session.go:38: SessionCheck: Session is valid for token: 0194b1b5-a2ca-7eee-81d0-5c9a33dca617
FORUM: 2025/01/29 12:14:59 validatePost.go:28: Validation successful for title and content
FORUM: 2025/01/29 12:14:59 session.go:38: SessionCheck: Session is valid for token: 0194b1b5-a2ca-7eee-81d0-5c9a33dca617
FORUM: 2025/01/29 12:15:01 session.go:38: SessionCheck: Session is valid for token: 0194b1b5-a2ca-7eee-81d0-5c9a33dca617
FORUM: 2025/01/29 12:15:01 validatePost.go:28: Validation successful for title and content
FORUM: 2025/01/29 12:15:01 session.go:38: SessionCheck: Session is valid for token: 0194b1b5-a2ca-7eee-81d0-5c9a33dca617
FORUM: 2025/01/29 12:15:03 session.go:38: SessionCheck: Session is valid for token: 0194b1b5-a2ca-7eee-81d0-5c9a33dca617
FORUM: 2025/01/29 12:15:03 validatePost.go:28: Validation successful for title and content
FORUM: 2025/01/29 12:15:03 session.go:38: SessionCheck: Session is valid for token: 0194b1b5-a2ca-7eee-81d0-5c9a33dca617
FORUM: 2025/01/29 12:15:03 addPosts.go:98: Post created successfully, postID: 8
