FORUM: 2025/01/30 16:02:38 logs.go:25: Logger created successfully
FORUM: 2025/01/30 16:02:38 parseTemplates.go:12: Attempting to parse templates with pattern:  ./templates/*.html
FORUM: 2025/01/30 16:02:38 parseTemplates.go:24: Templates loaded successfully
FORUM: 2025/01/30 16:02:40 homeHandler.go:13: Handling request for Home page
FORUM: 2025/01/30 16:02:40 homeHandler.go:21: Checking for session token
FORUM: 2025/01/30 16:02:40 homeHandler.go:30: Session token found, verifying...
FORUM: 2025/01/30 16:02:40 session.go:38: SessionCheck: Session is valid for token: 0194b794-5274-7aae-b108-a6b0975424cd
FORUM: 2025/01/30 16:02:40 homeHandler.go:47: User is logged in: {true test false}
FORUM: 2025/01/30 16:02:40 homeHandler.go:48: User successfully logged in: test
FORUM: 2025/01/30 16:02:40 homeHandler.go:54: Setting cookie: session_token = 0194b794-5274-7aae-b108-a6b0975424cd
FORUM: 2025/01/30 16:02:40 getPosts.go:23: Request URL Path: /api/posts
FORUM: 2025/01/30 16:02:40 getPosts.go:55: Fetching posts for page 1
FORUM: 2025/01/30 16:02:40 getPosts.go:133: Executing query: SELECT username, id, title, content, Categories, created_at, likes, dislikes 
              FROM posts 
              ORDER BY created_at DESC 
              LIMIT ? OFFSET ? with limit 10 and offset 0
FORUM: 2025/01/30 16:02:40 getPosts.go:146: Starting to process rows...
FORUM: 2025/01/30 16:02:40 getPosts.go:151: Scanning row for post...
FORUM: 2025/01/30 16:02:40 getPosts.go:158: Successfully scanned post with ID: 27
FORUM: 2025/01/30 16:02:40 getPosts.go:161: Fetching comments for post ID: 27
FORUM: 2025/01/30 16:02:40 getPosts.go:168: Successfully fetched comments for post ID: 27, Comments: []
FORUM: 2025/01/30 16:02:40 getPosts.go:170: Appending post with ID: 27 to posts slice
FORUM: 2025/01/30 16:02:40 getPosts.go:151: Scanning row for post...
FORUM: 2025/01/30 16:02:40 getPosts.go:158: Successfully scanned post with ID: 26
FORUM: 2025/01/30 16:02:40 getPosts.go:161: Fetching comments for post ID: 26
FORUM: 2025/01/30 16:02:40 getPosts.go:168: Successfully fetched comments for post ID: 26, Comments: []
FORUM: 2025/01/30 16:02:40 getPosts.go:170: Appending post with ID: 26 to posts slice
FORUM: 2025/01/30 16:02:40 getPosts.go:151: Scanning row for post...
FORUM: 2025/01/30 16:02:40 getPosts.go:158: Successfully scanned post with ID: 25
FORUM: 2025/01/30 16:02:40 getPosts.go:161: Fetching comments for post ID: 25
FORUM: 2025/01/30 16:02:40 getPosts.go:168: Successfully fetched comments for post ID: 25, Comments: []
FORUM: 2025/01/30 16:02:40 getPosts.go:170: Appending post with ID: 25 to posts slice
FORUM: 2025/01/30 16:02:40 getPosts.go:151: Scanning row for post...
FORUM: 2025/01/30 16:02:40 getPosts.go:158: Successfully scanned post with ID: 24
FORUM: 2025/01/30 16:02:40 getPosts.go:161: Fetching comments for post ID: 24
FORUM: 2025/01/30 16:02:40 getPosts.go:168: Successfully fetched comments for post ID: 24, Comments: []
FORUM: 2025/01/30 16:02:40 getPosts.go:170: Appending post with ID: 24 to posts slice
FORUM: 2025/01/30 16:02:40 getPosts.go:151: Scanning row for post...
FORUM: 2025/01/30 16:02:40 getPosts.go:158: Successfully scanned post with ID: 23
FORUM: 2025/01/30 16:02:40 getPosts.go:161: Fetching comments for post ID: 23
FORUM: 2025/01/30 16:02:40 getPosts.go:168: Successfully fetched comments for post ID: 23, Comments: []
FORUM: 2025/01/30 16:02:40 getPosts.go:170: Appending post with ID: 23 to posts slice
FORUM: 2025/01/30 16:02:40 getPosts.go:151: Scanning row for post...
FORUM: 2025/01/30 16:02:40 getPosts.go:158: Successfully scanned post with ID: 22
FORUM: 2025/01/30 16:02:40 getPosts.go:161: Fetching comments for post ID: 22
FORUM: 2025/01/30 16:02:40 getPosts.go:168: Successfully fetched comments for post ID: 22, Comments: []
FORUM: 2025/01/30 16:02:40 getPosts.go:170: Appending post with ID: 22 to posts slice
FORUM: 2025/01/30 16:02:40 getPosts.go:151: Scanning row for post...
FORUM: 2025/01/30 16:02:40 getPosts.go:158: Successfully scanned post with ID: 21
FORUM: 2025/01/30 16:02:40 getPosts.go:161: Fetching comments for post ID: 21
FORUM: 2025/01/30 16:02:40 getPosts.go:168: Successfully fetched comments for post ID: 21, Comments: []
FORUM: 2025/01/30 16:02:40 getPosts.go:170: Appending post with ID: 21 to posts slice
FORUM: 2025/01/30 16:02:40 getPosts.go:151: Scanning row for post...
FORUM: 2025/01/30 16:02:40 getPosts.go:158: Successfully scanned post with ID: 20
FORUM: 2025/01/30 16:02:40 getPosts.go:161: Fetching comments for post ID: 20
FORUM: 2025/01/30 16:02:40 getPosts.go:168: Successfully fetched comments for post ID: 20, Comments: []
FORUM: 2025/01/30 16:02:40 getPosts.go:170: Appending post with ID: 20 to posts slice
FORUM: 2025/01/30 16:02:40 getPosts.go:151: Scanning row for post...
FORUM: 2025/01/30 16:02:40 getPosts.go:158: Successfully scanned post with ID: 19
FORUM: 2025/01/30 16:02:40 getPosts.go:161: Fetching comments for post ID: 19
FORUM: 2025/01/30 16:02:40 getPosts.go:168: Successfully fetched comments for post ID: 19, Comments: []
FORUM: 2025/01/30 16:02:40 getPosts.go:170: Appending post with ID: 19 to posts slice
FORUM: 2025/01/30 16:02:40 getPosts.go:151: Scanning row for post...
FORUM: 2025/01/30 16:02:40 getPosts.go:158: Successfully scanned post with ID: 18
FORUM: 2025/01/30 16:02:40 getPosts.go:161: Fetching comments for post ID: 18
FORUM: 2025/01/30 16:02:40 getPosts.go:168: Successfully fetched comments for post ID: 18, Comments: []
FORUM: 2025/01/30 16:02:40 getPosts.go:170: Appending post with ID: 18 to posts slice
FORUM: 2025/01/30 16:02:40 getPosts.go:179: Finished processing rows. Total posts fetched: 10
FORUM: 2025/01/30 16:02:40 getPosts.go:77: Number of posts returned: 10
FORUM: 2025/01/30 16:02:44 getPosts.go:23: Request URL Path: /api/posts/2
FORUM: 2025/01/30 16:02:44 getPosts.go:27: Requested Page: 2
FORUM: 2025/01/30 16:02:44 getPosts.go:55: Fetching posts for page 2
FORUM: 2025/01/30 16:02:44 getPosts.go:133: Executing query: SELECT username, id, title, content, Categories, created_at, likes, dislikes 
              FROM posts 
              ORDER BY created_at DESC 
              LIMIT ? OFFSET ? with limit 10 and offset 10
FORUM: 2025/01/30 16:02:44 getPosts.go:146: Starting to process rows...
FORUM: 2025/01/30 16:02:44 getPosts.go:151: Scanning row for post...
FORUM: 2025/01/30 16:02:44 getPosts.go:158: Successfully scanned post with ID: 17
FORUM: 2025/01/30 16:02:44 getPosts.go:161: Fetching comments for post ID: 17
FORUM: 2025/01/30 16:02:44 getPosts.go:168: Successfully fetched comments for post ID: 17, Comments: []
FORUM: 2025/01/30 16:02:44 getPosts.go:170: Appending post with ID: 17 to posts slice
FORUM: 2025/01/30 16:02:44 getPosts.go:151: Scanning row for post...
FORUM: 2025/01/30 16:02:44 getPosts.go:158: Successfully scanned post with ID: 16
FORUM: 2025/01/30 16:02:44 getPosts.go:161: Fetching comments for post ID: 16
FORUM: 2025/01/30 16:02:44 getPosts.go:168: Successfully fetched comments for post ID: 16, Comments: []
FORUM: 2025/01/30 16:02:44 getPosts.go:170: Appending post with ID: 16 to posts slice
FORUM: 2025/01/30 16:02:44 getPosts.go:151: Scanning row for post...
FORUM: 2025/01/30 16:02:44 getPosts.go:158: Successfully scanned post with ID: 15
FORUM: 2025/01/30 16:02:44 getPosts.go:161: Fetching comments for post ID: 15
FORUM: 2025/01/30 16:02:44 getPosts.go:168: Successfully fetched comments for post ID: 15, Comments: []
FORUM: 2025/01/30 16:02:44 getPosts.go:170: Appending post with ID: 15 to posts slice
FORUM: 2025/01/30 16:02:44 getPosts.go:151: Scanning row for post...
FORUM: 2025/01/30 16:02:44 getPosts.go:158: Successfully scanned post with ID: 14
FORUM: 2025/01/30 16:02:44 getPosts.go:161: Fetching comments for post ID: 14
FORUM: 2025/01/30 16:02:44 getPosts.go:168: Successfully fetched comments for post ID: 14, Comments: []
FORUM: 2025/01/30 16:02:44 getPosts.go:170: Appending post with ID: 14 to posts slice
FORUM: 2025/01/30 16:02:44 getPosts.go:151: Scanning row for post...
FORUM: 2025/01/30 16:02:44 getPosts.go:158: Successfully scanned post with ID: 13
FORUM: 2025/01/30 16:02:44 getPosts.go:161: Fetching comments for post ID: 13
FORUM: 2025/01/30 16:02:44 getPosts.go:168: Successfully fetched comments for post ID: 13, Comments: []
FORUM: 2025/01/30 16:02:44 getPosts.go:170: Appending post with ID: 13 to posts slice
FORUM: 2025/01/30 16:02:44 getPosts.go:151: Scanning row for post...
FORUM: 2025/01/30 16:02:44 getPosts.go:158: Successfully scanned post with ID: 12
FORUM: 2025/01/30 16:02:44 getPosts.go:161: Fetching comments for post ID: 12
FORUM: 2025/01/30 16:02:44 getPosts.go:168: Successfully fetched comments for post ID: 12, Comments: []
FORUM: 2025/01/30 16:02:44 getPosts.go:170: Appending post with ID: 12 to posts slice
FORUM: 2025/01/30 16:02:44 getPosts.go:151: Scanning row for post...
FORUM: 2025/01/30 16:02:44 getPosts.go:158: Successfully scanned post with ID: 11
FORUM: 2025/01/30 16:02:44 getPosts.go:161: Fetching comments for post ID: 11
FORUM: 2025/01/30 16:02:44 getPosts.go:168: Successfully fetched comments for post ID: 11, Comments: []
FORUM: 2025/01/30 16:02:44 getPosts.go:170: Appending post with ID: 11 to posts slice
FORUM: 2025/01/30 16:02:44 getPosts.go:151: Scanning row for post...
FORUM: 2025/01/30 16:02:44 getPosts.go:158: Successfully scanned post with ID: 10
FORUM: 2025/01/30 16:02:44 getPosts.go:161: Fetching comments for post ID: 10
FORUM: 2025/01/30 16:02:44 getPosts.go:168: Successfully fetched comments for post ID: 10, Comments: []
FORUM: 2025/01/30 16:02:44 getPosts.go:170: Appending post with ID: 10 to posts slice
FORUM: 2025/01/30 16:02:44 getPosts.go:151: Scanning row for post...
FORUM: 2025/01/30 16:02:44 getPosts.go:158: Successfully scanned post with ID: 9
FORUM: 2025/01/30 16:02:44 getPosts.go:161: Fetching comments for post ID: 9
FORUM: 2025/01/30 16:02:44 getPosts.go:168: Successfully fetched comments for post ID: 9, Comments: []
FORUM: 2025/01/30 16:02:44 getPosts.go:170: Appending post with ID: 9 to posts slice
FORUM: 2025/01/30 16:02:44 getPosts.go:151: Scanning row for post...
FORUM: 2025/01/30 16:02:44 getPosts.go:158: Successfully scanned post with ID: 8
FORUM: 2025/01/30 16:02:44 getPosts.go:161: Fetching comments for post ID: 8
FORUM: 2025/01/30 16:02:44 getPosts.go:168: Successfully fetched comments for post ID: 8, Comments: []
FORUM: 2025/01/30 16:02:44 getPosts.go:170: Appending post with ID: 8 to posts slice
FORUM: 2025/01/30 16:02:44 getPosts.go:179: Finished processing rows. Total posts fetched: 10
FORUM: 2025/01/30 16:02:44 getPosts.go:77: Number of posts returned: 10
FORUM: 2025/01/30 16:02:47 getPosts.go:23: Request URL Path: /api/posts/3
FORUM: 2025/01/30 16:02:47 getPosts.go:27: Requested Page: 3
FORUM: 2025/01/30 16:02:47 getPosts.go:55: Fetching posts for page 3
FORUM: 2025/01/30 16:02:47 getPosts.go:133: Executing query: SELECT username, id, title, content, Categories, created_at, likes, dislikes 
              FROM posts 
              ORDER BY created_at DESC 
              LIMIT ? OFFSET ? with limit 10 and offset 20
FORUM: 2025/01/30 16:02:47 getPosts.go:146: Starting to process rows...
FORUM: 2025/01/30 16:02:47 getPosts.go:151: Scanning row for post...
FORUM: 2025/01/30 16:02:47 getPosts.go:158: Successfully scanned post with ID: 7
FORUM: 2025/01/30 16:02:47 getPosts.go:161: Fetching comments for post ID: 7
FORUM: 2025/01/30 16:02:47 getPosts.go:168: Successfully fetched comments for post ID: 7, Comments: []
FORUM: 2025/01/30 16:02:47 getPosts.go:170: Appending post with ID: 7 to posts slice
FORUM: 2025/01/30 16:02:47 getPosts.go:151: Scanning row for post...
FORUM: 2025/01/30 16:02:47 getPosts.go:158: Successfully scanned post with ID: 6
FORUM: 2025/01/30 16:02:47 getPosts.go:161: Fetching comments for post ID: 6
FORUM: 2025/01/30 16:02:47 getPosts.go:168: Successfully fetched comments for post ID: 6, Comments: []
FORUM: 2025/01/30 16:02:47 getPosts.go:170: Appending post with ID: 6 to posts slice
FORUM: 2025/01/30 16:02:47 getPosts.go:151: Scanning row for post...
FORUM: 2025/01/30 16:02:47 getPosts.go:158: Successfully scanned post with ID: 5
FORUM: 2025/01/30 16:02:47 getPosts.go:161: Fetching comments for post ID: 5
FORUM: 2025/01/30 16:02:47 getPosts.go:168: Successfully fetched comments for post ID: 5, Comments: []
FORUM: 2025/01/30 16:02:47 getPosts.go:170: Appending post with ID: 5 to posts slice
FORUM: 2025/01/30 16:02:47 getPosts.go:151: Scanning row for post...
FORUM: 2025/01/30 16:02:47 getPosts.go:158: Successfully scanned post with ID: 4
FORUM: 2025/01/30 16:02:47 getPosts.go:161: Fetching comments for post ID: 4
FORUM: 2025/01/30 16:02:47 getPosts.go:168: Successfully fetched comments for post ID: 4, Comments: []
FORUM: 2025/01/30 16:02:47 getPosts.go:170: Appending post with ID: 4 to posts slice
FORUM: 2025/01/30 16:02:47 getPosts.go:151: Scanning row for post...
FORUM: 2025/01/30 16:02:47 getPosts.go:158: Successfully scanned post with ID: 3
FORUM: 2025/01/30 16:02:47 getPosts.go:161: Fetching comments for post ID: 3
FORUM: 2025/01/30 16:02:47 getPosts.go:168: Successfully fetched comments for post ID: 3, Comments: []
FORUM: 2025/01/30 16:02:47 getPosts.go:170: Appending post with ID: 3 to posts slice
FORUM: 2025/01/30 16:02:47 getPosts.go:151: Scanning row for post...
FORUM: 2025/01/30 16:02:47 getPosts.go:158: Successfully scanned post with ID: 2
FORUM: 2025/01/30 16:02:47 getPosts.go:161: Fetching comments for post ID: 2
FORUM: 2025/01/30 16:02:47 getPosts.go:168: Successfully fetched comments for post ID: 2, Comments: []
FORUM: 2025/01/30 16:02:47 getPosts.go:170: Appending post with ID: 2 to posts slice
FORUM: 2025/01/30 16:02:47 getPosts.go:151: Scanning row for post...
FORUM: 2025/01/30 16:02:47 getPosts.go:158: Successfully scanned post with ID: 1
FORUM: 2025/01/30 16:02:47 getPosts.go:161: Fetching comments for post ID: 1
FORUM: 2025/01/30 16:02:47 getPosts.go:168: Successfully fetched comments for post ID: 1, Comments: []
FORUM: 2025/01/30 16:02:47 getPosts.go:170: Appending post with ID: 1 to posts slice
FORUM: 2025/01/30 16:02:47 getPosts.go:179: Finished processing rows. Total posts fetched: 7
FORUM: 2025/01/30 16:02:47 getPosts.go:77: Number of posts returned: 7
FORUM: 2025/01/30 16:02:55 getPosts.go:23: Request URL Path: /api/posts/1/categories=General
FORUM: 2025/01/30 16:02:55 getPosts.go:27: Requested Page: 1
FORUM: 2025/01/30 16:02:55 getPosts.go:40: Categories found in URL: [General]
FORUM: 2025/01/30 16:02:55 getPosts.go:44: Fetching posts by categories: [General] for page 1
FORUM: 2025/01/30 16:02:55 getPosts.go:89: Category Found: General
FORUM: 2025/01/30 16:02:55 getPosts.go:110: Params:  [%General% 10 0]
FORUM: 2025/01/30 16:02:55 getPosts.go:112: Executing query: 
		SELECT username, id, title, content, Categories, created_at, likes, dislikes 
		FROM posts 
		WHERE Categories LIKE ?
		ORDER BY created_at DESC 
		LIMIT ? OFFSET ? with categories: [General], limit: 10, offset: 0
FORUM: 2025/01/30 16:02:55 getPosts.go:146: Starting to process rows...
FORUM: 2025/01/30 16:02:55 getPosts.go:151: Scanning row for post...
FORUM: 2025/01/30 16:02:55 getPosts.go:158: Successfully scanned post with ID: 27
FORUM: 2025/01/30 16:02:55 getPosts.go:161: Fetching comments for post ID: 27
FORUM: 2025/01/30 16:02:55 getPosts.go:168: Successfully fetched comments for post ID: 27, Comments: []
FORUM: 2025/01/30 16:02:55 getPosts.go:170: Appending post with ID: 27 to posts slice
FORUM: 2025/01/30 16:02:55 getPosts.go:151: Scanning row for post...
FORUM: 2025/01/30 16:02:55 getPosts.go:158: Successfully scanned post with ID: 7
FORUM: 2025/01/30 16:02:55 getPosts.go:161: Fetching comments for post ID: 7
FORUM: 2025/01/30 16:02:55 getPosts.go:168: Successfully fetched comments for post ID: 7, Comments: []
FORUM: 2025/01/30 16:02:55 getPosts.go:170: Appending post with ID: 7 to posts slice
FORUM: 2025/01/30 16:02:55 getPosts.go:151: Scanning row for post...
FORUM: 2025/01/30 16:02:55 getPosts.go:158: Successfully scanned post with ID: 2
FORUM: 2025/01/30 16:02:55 getPosts.go:161: Fetching comments for post ID: 2
FORUM: 2025/01/30 16:02:55 getPosts.go:168: Successfully fetched comments for post ID: 2, Comments: []
FORUM: 2025/01/30 16:02:55 getPosts.go:170: Appending post with ID: 2 to posts slice
FORUM: 2025/01/30 16:02:55 getPosts.go:179: Finished processing rows. Total posts fetched: 3
FORUM: 2025/01/30 16:02:55 getPosts.go:77: Number of posts returned: 3
FORUM: 2025/01/30 16:03:00 getPosts.go:23: Request URL Path: /api/posts/1
FORUM: 2025/01/30 16:03:00 getPosts.go:27: Requested Page: 1
FORUM: 2025/01/30 16:03:00 getPosts.go:55: Fetching posts for page 1
FORUM: 2025/01/30 16:03:00 getPosts.go:133: Executing query: SELECT username, id, title, content, Categories, created_at, likes, dislikes 
              FROM posts 
              ORDER BY created_at DESC 
              LIMIT ? OFFSET ? with limit 10 and offset 0
FORUM: 2025/01/30 16:03:00 getPosts.go:146: Starting to process rows...
FORUM: 2025/01/30 16:03:00 getPosts.go:151: Scanning row for post...
FORUM: 2025/01/30 16:03:00 getPosts.go:158: Successfully scanned post with ID: 27
FORUM: 2025/01/30 16:03:00 getPosts.go:161: Fetching comments for post ID: 27
FORUM: 2025/01/30 16:03:00 getPosts.go:168: Successfully fetched comments for post ID: 27, Comments: []
FORUM: 2025/01/30 16:03:00 getPosts.go:170: Appending post with ID: 27 to posts slice
FORUM: 2025/01/30 16:03:00 getPosts.go:151: Scanning row for post...
FORUM: 2025/01/30 16:03:00 getPosts.go:158: Successfully scanned post with ID: 26
FORUM: 2025/01/30 16:03:00 getPosts.go:161: Fetching comments for post ID: 26
FORUM: 2025/01/30 16:03:00 getPosts.go:168: Successfully fetched comments for post ID: 26, Comments: []
FORUM: 2025/01/30 16:03:00 getPosts.go:170: Appending post with ID: 26 to posts slice
FORUM: 2025/01/30 16:03:00 getPosts.go:151: Scanning row for post...
FORUM: 2025/01/30 16:03:00 getPosts.go:158: Successfully scanned post with ID: 25
FORUM: 2025/01/30 16:03:00 getPosts.go:161: Fetching comments for post ID: 25
FORUM: 2025/01/30 16:03:00 getPosts.go:168: Successfully fetched comments for post ID: 25, Comments: []
FORUM: 2025/01/30 16:03:00 getPosts.go:170: Appending post with ID: 25 to posts slice
FORUM: 2025/01/30 16:03:00 getPosts.go:151: Scanning row for post...
FORUM: 2025/01/30 16:03:00 getPosts.go:158: Successfully scanned post with ID: 24
FORUM: 2025/01/30 16:03:00 getPosts.go:161: Fetching comments for post ID: 24
FORUM: 2025/01/30 16:03:00 getPosts.go:168: Successfully fetched comments for post ID: 24, Comments: []
FORUM: 2025/01/30 16:03:00 getPosts.go:170: Appending post with ID: 24 to posts slice
FORUM: 2025/01/30 16:03:00 getPosts.go:151: Scanning row for post...
FORUM: 2025/01/30 16:03:00 getPosts.go:158: Successfully scanned post with ID: 23
FORUM: 2025/01/30 16:03:00 getPosts.go:161: Fetching comments for post ID: 23
FORUM: 2025/01/30 16:03:00 getPosts.go:168: Successfully fetched comments for post ID: 23, Comments: []
FORUM: 2025/01/30 16:03:00 getPosts.go:170: Appending post with ID: 23 to posts slice
FORUM: 2025/01/30 16:03:00 getPosts.go:151: Scanning row for post...
FORUM: 2025/01/30 16:03:00 getPosts.go:158: Successfully scanned post with ID: 22
FORUM: 2025/01/30 16:03:00 getPosts.go:161: Fetching comments for post ID: 22
FORUM: 2025/01/30 16:03:00 getPosts.go:168: Successfully fetched comments for post ID: 22, Comments: []
FORUM: 2025/01/30 16:03:00 getPosts.go:170: Appending post with ID: 22 to posts slice
FORUM: 2025/01/30 16:03:00 getPosts.go:151: Scanning row for post...
FORUM: 2025/01/30 16:03:00 getPosts.go:158: Successfully scanned post with ID: 21
FORUM: 2025/01/30 16:03:00 getPosts.go:161: Fetching comments for post ID: 21
FORUM: 2025/01/30 16:03:00 getPosts.go:168: Successfully fetched comments for post ID: 21, Comments: []
FORUM: 2025/01/30 16:03:00 getPosts.go:170: Appending post with ID: 21 to posts slice
FORUM: 2025/01/30 16:03:00 getPosts.go:151: Scanning row for post...
FORUM: 2025/01/30 16:03:00 getPosts.go:158: Successfully scanned post with ID: 20
FORUM: 2025/01/30 16:03:00 getPosts.go:161: Fetching comments for post ID: 20
FORUM: 2025/01/30 16:03:00 getPosts.go:168: Successfully fetched comments for post ID: 20, Comments: []
FORUM: 2025/01/30 16:03:00 getPosts.go:170: Appending post with ID: 20 to posts slice
FORUM: 2025/01/30 16:03:00 getPosts.go:151: Scanning row for post...
FORUM: 2025/01/30 16:03:00 getPosts.go:158: Successfully scanned post with ID: 19
FORUM: 2025/01/30 16:03:00 getPosts.go:161: Fetching comments for post ID: 19
FORUM: 2025/01/30 16:03:00 getPosts.go:168: Successfully fetched comments for post ID: 19, Comments: []
FORUM: 2025/01/30 16:03:00 getPosts.go:170: Appending post with ID: 19 to posts slice
FORUM: 2025/01/30 16:03:00 getPosts.go:151: Scanning row for post...
FORUM: 2025/01/30 16:03:00 getPosts.go:158: Successfully scanned post with ID: 18
FORUM: 2025/01/30 16:03:00 getPosts.go:161: Fetching comments for post ID: 18
FORUM: 2025/01/30 16:03:00 getPosts.go:168: Successfully fetched comments for post ID: 18, Comments: []
FORUM: 2025/01/30 16:03:00 getPosts.go:170: Appending post with ID: 18 to posts slice
FORUM: 2025/01/30 16:03:00 getPosts.go:179: Finished processing rows. Total posts fetched: 10
FORUM: 2025/01/30 16:03:00 getPosts.go:77: Number of posts returned: 10
FORUM: 2025/01/30 16:03:05 getPosts.go:23: Request URL Path: /api/posts/1/categories=Sports
FORUM: 2025/01/30 16:03:05 getPosts.go:27: Requested Page: 1
FORUM: 2025/01/30 16:03:05 getPosts.go:40: Categories found in URL: [Sports]
FORUM: 2025/01/30 16:03:05 getPosts.go:44: Fetching posts by categories: [Sports] for page 1
FORUM: 2025/01/30 16:03:05 getPosts.go:89: Category Found: Sports
FORUM: 2025/01/30 16:03:05 getPosts.go:110: Params:  [%Sports% 10 0]
FORUM: 2025/01/30 16:03:05 getPosts.go:112: Executing query: 
		SELECT username, id, title, content, Categories, created_at, likes, dislikes 
		FROM posts 
		WHERE Categories LIKE ?
		ORDER BY created_at DESC 
		LIMIT ? OFFSET ? with categories: [Sports], limit: 10, offset: 0
FORUM: 2025/01/30 16:03:05 getPosts.go:146: Starting to process rows...
FORUM: 2025/01/30 16:03:05 getPosts.go:151: Scanning row for post...
FORUM: 2025/01/30 16:03:05 getPosts.go:158: Successfully scanned post with ID: 26
FORUM: 2025/01/30 16:03:05 getPosts.go:161: Fetching comments for post ID: 26
FORUM: 2025/01/30 16:03:05 getPosts.go:168: Successfully fetched comments for post ID: 26, Comments: []
FORUM: 2025/01/30 16:03:05 getPosts.go:170: Appending post with ID: 26 to posts slice
FORUM: 2025/01/30 16:03:05 getPosts.go:151: Scanning row for post...
FORUM: 2025/01/30 16:03:05 getPosts.go:158: Successfully scanned post with ID: 25
FORUM: 2025/01/30 16:03:05 getPosts.go:161: Fetching comments for post ID: 25
FORUM: 2025/01/30 16:03:05 getPosts.go:168: Successfully fetched comments for post ID: 25, Comments: []
FORUM: 2025/01/30 16:03:05 getPosts.go:170: Appending post with ID: 25 to posts slice
FORUM: 2025/01/30 16:03:05 getPosts.go:151: Scanning row for post...
FORUM: 2025/01/30 16:03:05 getPosts.go:158: Successfully scanned post with ID: 24
FORUM: 2025/01/30 16:03:05 getPosts.go:161: Fetching comments for post ID: 24
FORUM: 2025/01/30 16:03:05 getPosts.go:168: Successfully fetched comments for post ID: 24, Comments: []
FORUM: 2025/01/30 16:03:05 getPosts.go:170: Appending post with ID: 24 to posts slice
FORUM: 2025/01/30 16:03:05 getPosts.go:151: Scanning row for post...
FORUM: 2025/01/30 16:03:05 getPosts.go:158: Successfully scanned post with ID: 23
FORUM: 2025/01/30 16:03:05 getPosts.go:161: Fetching comments for post ID: 23
FORUM: 2025/01/30 16:03:05 getPosts.go:168: Successfully fetched comments for post ID: 23, Comments: []
FORUM: 2025/01/30 16:03:05 getPosts.go:170: Appending post with ID: 23 to posts slice
FORUM: 2025/01/30 16:03:05 getPosts.go:151: Scanning row for post...
FORUM: 2025/01/30 16:03:05 getPosts.go:158: Successfully scanned post with ID: 22
FORUM: 2025/01/30 16:03:05 getPosts.go:161: Fetching comments for post ID: 22
FORUM: 2025/01/30 16:03:05 getPosts.go:168: Successfully fetched comments for post ID: 22, Comments: []
FORUM: 2025/01/30 16:03:05 getPosts.go:170: Appending post with ID: 22 to posts slice
FORUM: 2025/01/30 16:03:05 getPosts.go:151: Scanning row for post...
FORUM: 2025/01/30 16:03:05 getPosts.go:158: Successfully scanned post with ID: 21
FORUM: 2025/01/30 16:03:05 getPosts.go:161: Fetching comments for post ID: 21
FORUM: 2025/01/30 16:03:05 getPosts.go:168: Successfully fetched comments for post ID: 21, Comments: []
FORUM: 2025/01/30 16:03:05 getPosts.go:170: Appending post with ID: 21 to posts slice
FORUM: 2025/01/30 16:03:05 getPosts.go:151: Scanning row for post...
FORUM: 2025/01/30 16:03:05 getPosts.go:158: Successfully scanned post with ID: 20
FORUM: 2025/01/30 16:03:05 getPosts.go:161: Fetching comments for post ID: 20
FORUM: 2025/01/30 16:03:05 getPosts.go:168: Successfully fetched comments for post ID: 20, Comments: []
FORUM: 2025/01/30 16:03:05 getPosts.go:170: Appending post with ID: 20 to posts slice
FORUM: 2025/01/30 16:03:05 getPosts.go:151: Scanning row for post...
FORUM: 2025/01/30 16:03:05 getPosts.go:158: Successfully scanned post with ID: 19
FORUM: 2025/01/30 16:03:05 getPosts.go:161: Fetching comments for post ID: 19
FORUM: 2025/01/30 16:03:05 getPosts.go:168: Successfully fetched comments for post ID: 19, Comments: []
FORUM: 2025/01/30 16:03:05 getPosts.go:170: Appending post with ID: 19 to posts slice
FORUM: 2025/01/30 16:03:05 getPosts.go:151: Scanning row for post...
FORUM: 2025/01/30 16:03:05 getPosts.go:158: Successfully scanned post with ID: 18
FORUM: 2025/01/30 16:03:05 getPosts.go:161: Fetching comments for post ID: 18
FORUM: 2025/01/30 16:03:05 getPosts.go:168: Successfully fetched comments for post ID: 18, Comments: []
FORUM: 2025/01/30 16:03:05 getPosts.go:170: Appending post with ID: 18 to posts slice
FORUM: 2025/01/30 16:03:05 getPosts.go:151: Scanning row for post...
FORUM: 2025/01/30 16:03:05 getPosts.go:158: Successfully scanned post with ID: 17
FORUM: 2025/01/30 16:03:05 getPosts.go:161: Fetching comments for post ID: 17
FORUM: 2025/01/30 16:03:05 getPosts.go:168: Successfully fetched comments for post ID: 17, Comments: []
FORUM: 2025/01/30 16:03:05 getPosts.go:170: Appending post with ID: 17 to posts slice
FORUM: 2025/01/30 16:03:05 getPosts.go:179: Finished processing rows. Total posts fetched: 10
FORUM: 2025/01/30 16:03:05 getPosts.go:77: Number of posts returned: 10
FORUM: 2025/01/30 16:03:09 getPosts.go:23: Request URL Path: /api/posts/4/categories=Sports
FORUM: 2025/01/30 16:03:09 getPosts.go:27: Requested Page: 4
FORUM: 2025/01/30 16:03:09 getPosts.go:40: Categories found in URL: [Sports]
FORUM: 2025/01/30 16:03:09 getPosts.go:44: Fetching posts by categories: [Sports] for page 4
FORUM: 2025/01/30 16:03:09 getPosts.go:89: Category Found: Sports
FORUM: 2025/01/30 16:03:09 getPosts.go:110: Params:  [%Sports% 10 30]
FORUM: 2025/01/30 16:03:09 getPosts.go:112: Executing query: 
		SELECT username, id, title, content, Categories, created_at, likes, dislikes 
		FROM posts 
		WHERE Categories LIKE ?
		ORDER BY created_at DESC 
		LIMIT ? OFFSET ? with categories: [Sports], limit: 10, offset: 30
FORUM: 2025/01/30 16:03:09 getPosts.go:146: Starting to process rows...
FORUM: 2025/01/30 16:03:09 getPosts.go:179: Finished processing rows. Total posts fetched: 0
FORUM: 2025/01/30 16:03:48 getPosts.go:23: Request URL Path: /api/posts/1
FORUM: 2025/01/30 16:03:48 getPosts.go:27: Requested Page: 1
FORUM: 2025/01/30 16:03:48 getPosts.go:55: Fetching posts for page 1
FORUM: 2025/01/30 16:03:48 getPosts.go:133: Executing query: SELECT username, id, title, content, Categories, created_at, likes, dislikes 
              FROM posts 
              ORDER BY created_at DESC 
              LIMIT ? OFFSET ? with limit 10 and offset 0
FORUM: 2025/01/30 16:03:48 getPosts.go:146: Starting to process rows...
FORUM: 2025/01/30 16:03:48 getPosts.go:151: Scanning row for post...
FORUM: 2025/01/30 16:03:48 getPosts.go:158: Successfully scanned post with ID: 27
FORUM: 2025/01/30 16:03:48 getPosts.go:161: Fetching comments for post ID: 27
FORUM: 2025/01/30 16:03:48 getPosts.go:168: Successfully fetched comments for post ID: 27, Comments: []
FORUM: 2025/01/30 16:03:48 getPosts.go:170: Appending post with ID: 27 to posts slice
FORUM: 2025/01/30 16:03:48 getPosts.go:151: Scanning row for post...
FORUM: 2025/01/30 16:03:48 getPosts.go:158: Successfully scanned post with ID: 26
FORUM: 2025/01/30 16:03:48 getPosts.go:161: Fetching comments for post ID: 26
FORUM: 2025/01/30 16:03:48 getPosts.go:168: Successfully fetched comments for post ID: 26, Comments: []
FORUM: 2025/01/30 16:03:48 getPosts.go:170: Appending post with ID: 26 to posts slice
FORUM: 2025/01/30 16:03:48 getPosts.go:151: Scanning row for post...
FORUM: 2025/01/30 16:03:48 getPosts.go:158: Successfully scanned post with ID: 25
FORUM: 2025/01/30 16:03:48 getPosts.go:161: Fetching comments for post ID: 25
FORUM: 2025/01/30 16:03:48 getPosts.go:168: Successfully fetched comments for post ID: 25, Comments: []
FORUM: 2025/01/30 16:03:48 getPosts.go:170: Appending post with ID: 25 to posts slice
FORUM: 2025/01/30 16:03:48 getPosts.go:151: Scanning row for post...
FORUM: 2025/01/30 16:03:48 getPosts.go:158: Successfully scanned post with ID: 24
FORUM: 2025/01/30 16:03:48 getPosts.go:161: Fetching comments for post ID: 24
FORUM: 2025/01/30 16:03:48 getPosts.go:168: Successfully fetched comments for post ID: 24, Comments: []
FORUM: 2025/01/30 16:03:48 getPosts.go:170: Appending post with ID: 24 to posts slice
FORUM: 2025/01/30 16:03:48 getPosts.go:151: Scanning row for post...
FORUM: 2025/01/30 16:03:48 getPosts.go:158: Successfully scanned post with ID: 23
FORUM: 2025/01/30 16:03:48 getPosts.go:161: Fetching comments for post ID: 23
FORUM: 2025/01/30 16:03:48 getPosts.go:168: Successfully fetched comments for post ID: 23, Comments: []
FORUM: 2025/01/30 16:03:48 getPosts.go:170: Appending post with ID: 23 to posts slice
FORUM: 2025/01/30 16:03:48 getPosts.go:151: Scanning row for post...
FORUM: 2025/01/30 16:03:48 getPosts.go:158: Successfully scanned post with ID: 22
FORUM: 2025/01/30 16:03:48 getPosts.go:161: Fetching comments for post ID: 22
FORUM: 2025/01/30 16:03:48 getPosts.go:168: Successfully fetched comments for post ID: 22, Comments: []
FORUM: 2025/01/30 16:03:48 getPosts.go:170: Appending post with ID: 22 to posts slice
FORUM: 2025/01/30 16:03:48 getPosts.go:151: Scanning row for post...
FORUM: 2025/01/30 16:03:48 getPosts.go:158: Successfully scanned post with ID: 21
FORUM: 2025/01/30 16:03:48 getPosts.go:161: Fetching comments for post ID: 21
FORUM: 2025/01/30 16:03:48 getPosts.go:168: Successfully fetched comments for post ID: 21, Comments: []
FORUM: 2025/01/30 16:03:48 getPosts.go:170: Appending post with ID: 21 to posts slice
FORUM: 2025/01/30 16:03:48 getPosts.go:151: Scanning row for post...
FORUM: 2025/01/30 16:03:48 getPosts.go:158: Successfully scanned post with ID: 20
FORUM: 2025/01/30 16:03:48 getPosts.go:161: Fetching comments for post ID: 20
FORUM: 2025/01/30 16:03:48 getPosts.go:168: Successfully fetched comments for post ID: 20, Comments: []
FORUM: 2025/01/30 16:03:48 getPosts.go:170: Appending post with ID: 20 to posts slice
FORUM: 2025/01/30 16:03:48 getPosts.go:151: Scanning row for post...
FORUM: 2025/01/30 16:03:48 getPosts.go:158: Successfully scanned post with ID: 19
FORUM: 2025/01/30 16:03:48 getPosts.go:161: Fetching comments for post ID: 19
FORUM: 2025/01/30 16:03:48 getPosts.go:168: Successfully fetched comments for post ID: 19, Comments: []
FORUM: 2025/01/30 16:03:48 getPosts.go:170: Appending post with ID: 19 to posts slice
FORUM: 2025/01/30 16:03:48 getPosts.go:151: Scanning row for post...
FORUM: 2025/01/30 16:03:48 getPosts.go:158: Successfully scanned post with ID: 18
FORUM: 2025/01/30 16:03:48 getPosts.go:161: Fetching comments for post ID: 18
FORUM: 2025/01/30 16:03:48 getPosts.go:168: Successfully fetched comments for post ID: 18, Comments: []
FORUM: 2025/01/30 16:03:48 getPosts.go:170: Appending post with ID: 18 to posts slice
FORUM: 2025/01/30 16:03:48 getPosts.go:179: Finished processing rows. Total posts fetched: 10
FORUM: 2025/01/30 16:03:48 getPosts.go:77: Number of posts returned: 10
FORUM: 2025/01/30 16:03:49 getPosts.go:23: Request URL Path: /api/posts/1/categories=Sports
FORUM: 2025/01/30 16:03:49 getPosts.go:27: Requested Page: 1
FORUM: 2025/01/30 16:03:49 getPosts.go:40: Categories found in URL: [Sports]
FORUM: 2025/01/30 16:03:49 getPosts.go:44: Fetching posts by categories: [Sports] for page 1
FORUM: 2025/01/30 16:03:49 getPosts.go:89: Category Found: Sports
FORUM: 2025/01/30 16:03:49 getPosts.go:110: Params:  [%Sports% 10 0]
FORUM: 2025/01/30 16:03:49 getPosts.go:112: Executing query: 
		SELECT username, id, title, content, Categories, created_at, likes, dislikes 
		FROM posts 
		WHERE Categories LIKE ?
		ORDER BY created_at DESC 
		LIMIT ? OFFSET ? with categories: [Sports], limit: 10, offset: 0
FORUM: 2025/01/30 16:03:49 getPosts.go:146: Starting to process rows...
FORUM: 2025/01/30 16:03:49 getPosts.go:151: Scanning row for post...
FORUM: 2025/01/30 16:03:49 getPosts.go:158: Successfully scanned post with ID: 26
FORUM: 2025/01/30 16:03:49 getPosts.go:161: Fetching comments for post ID: 26
FORUM: 2025/01/30 16:03:49 getPosts.go:168: Successfully fetched comments for post ID: 26, Comments: []
FORUM: 2025/01/30 16:03:49 getPosts.go:170: Appending post with ID: 26 to posts slice
FORUM: 2025/01/30 16:03:49 getPosts.go:151: Scanning row for post...
FORUM: 2025/01/30 16:03:49 getPosts.go:158: Successfully scanned post with ID: 25
FORUM: 2025/01/30 16:03:49 getPosts.go:161: Fetching comments for post ID: 25
FORUM: 2025/01/30 16:03:49 getPosts.go:168: Successfully fetched comments for post ID: 25, Comments: []
FORUM: 2025/01/30 16:03:49 getPosts.go:170: Appending post with ID: 25 to posts slice
FORUM: 2025/01/30 16:03:49 getPosts.go:151: Scanning row for post...
FORUM: 2025/01/30 16:03:49 getPosts.go:158: Successfully scanned post with ID: 24
FORUM: 2025/01/30 16:03:49 getPosts.go:161: Fetching comments for post ID: 24
FORUM: 2025/01/30 16:03:49 getPosts.go:168: Successfully fetched comments for post ID: 24, Comments: []
FORUM: 2025/01/30 16:03:49 getPosts.go:170: Appending post with ID: 24 to posts slice
FORUM: 2025/01/30 16:03:49 getPosts.go:151: Scanning row for post...
FORUM: 2025/01/30 16:03:49 getPosts.go:158: Successfully scanned post with ID: 23
FORUM: 2025/01/30 16:03:49 getPosts.go:161: Fetching comments for post ID: 23
FORUM: 2025/01/30 16:03:49 getPosts.go:168: Successfully fetched comments for post ID: 23, Comments: []
FORUM: 2025/01/30 16:03:49 getPosts.go:170: Appending post with ID: 23 to posts slice
FORUM: 2025/01/30 16:03:49 getPosts.go:151: Scanning row for post...
FORUM: 2025/01/30 16:03:49 getPosts.go:158: Successfully scanned post with ID: 22
FORUM: 2025/01/30 16:03:49 getPosts.go:161: Fetching comments for post ID: 22
FORUM: 2025/01/30 16:03:49 getPosts.go:168: Successfully fetched comments for post ID: 22, Comments: []
FORUM: 2025/01/30 16:03:49 getPosts.go:170: Appending post with ID: 22 to posts slice
FORUM: 2025/01/30 16:03:49 getPosts.go:151: Scanning row for post...
FORUM: 2025/01/30 16:03:49 getPosts.go:158: Successfully scanned post with ID: 21
FORUM: 2025/01/30 16:03:49 getPosts.go:161: Fetching comments for post ID: 21
FORUM: 2025/01/30 16:03:49 getPosts.go:168: Successfully fetched comments for post ID: 21, Comments: []
FORUM: 2025/01/30 16:03:49 getPosts.go:170: Appending post with ID: 21 to posts slice
FORUM: 2025/01/30 16:03:49 getPosts.go:151: Scanning row for post...
FORUM: 2025/01/30 16:03:49 getPosts.go:158: Successfully scanned post with ID: 20
FORUM: 2025/01/30 16:03:49 getPosts.go:161: Fetching comments for post ID: 20
FORUM: 2025/01/30 16:03:49 getPosts.go:168: Successfully fetched comments for post ID: 20, Comments: []
FORUM: 2025/01/30 16:03:49 getPosts.go:170: Appending post with ID: 20 to posts slice
FORUM: 2025/01/30 16:03:49 getPosts.go:151: Scanning row for post...
FORUM: 2025/01/30 16:03:49 getPosts.go:158: Successfully scanned post with ID: 19
FORUM: 2025/01/30 16:03:49 getPosts.go:161: Fetching comments for post ID: 19
FORUM: 2025/01/30 16:03:49 getPosts.go:168: Successfully fetched comments for post ID: 19, Comments: []
FORUM: 2025/01/30 16:03:49 getPosts.go:170: Appending post with ID: 19 to posts slice
FORUM: 2025/01/30 16:03:49 getPosts.go:151: Scanning row for post...
FORUM: 2025/01/30 16:03:49 getPosts.go:158: Successfully scanned post with ID: 18
FORUM: 2025/01/30 16:03:49 getPosts.go:161: Fetching comments for post ID: 18
FORUM: 2025/01/30 16:03:49 getPosts.go:168: Successfully fetched comments for post ID: 18, Comments: []
FORUM: 2025/01/30 16:03:49 getPosts.go:170: Appending post with ID: 18 to posts slice
FORUM: 2025/01/30 16:03:49 getPosts.go:151: Scanning row for post...
FORUM: 2025/01/30 16:03:49 getPosts.go:158: Successfully scanned post with ID: 17
FORUM: 2025/01/30 16:03:49 getPosts.go:161: Fetching comments for post ID: 17
FORUM: 2025/01/30 16:03:49 getPosts.go:168: Successfully fetched comments for post ID: 17, Comments: []
FORUM: 2025/01/30 16:03:49 getPosts.go:170: Appending post with ID: 17 to posts slice
FORUM: 2025/01/30 16:03:49 getPosts.go:179: Finished processing rows. Total posts fetched: 10
FORUM: 2025/01/30 16:03:49 getPosts.go:77: Number of posts returned: 10
FORUM: 2025/01/30 16:08:45 getPosts.go:23: Request URL Path: /api/posts/5/categories=Sports
FORUM: 2025/01/30 16:08:45 getPosts.go:27: Requested Page: 5
FORUM: 2025/01/30 16:08:45 getPosts.go:40: Categories found in URL: [Sports]
FORUM: 2025/01/30 16:08:45 getPosts.go:44: Fetching posts by categories: [Sports] for page 5
FORUM: 2025/01/30 16:08:45 getPosts.go:89: Category Found: Sports
FORUM: 2025/01/30 16:08:45 getPosts.go:110: Params:  [%Sports% 10 40]
FORUM: 2025/01/30 16:08:45 getPosts.go:112: Executing query: 
		SELECT username, id, title, content, Categories, created_at, likes, dislikes 
		FROM posts 
		WHERE Categories LIKE ?
		ORDER BY created_at DESC 
		LIMIT ? OFFSET ? with categories: [Sports], limit: 10, offset: 40
FORUM: 2025/01/30 16:08:45 getPosts.go:146: Starting to process rows...
FORUM: 2025/01/30 16:08:45 getPosts.go:179: Finished processing rows. Total posts fetched: 0
