FORUM: 2025/01/29 12:10:13 logs.go:25: Logger created successfully
FORUM: 2025/01/29 12:10:13 parseTemplates.go:12: Attempting to parse templates with pattern:  ./templates/*.html
FORUM: 2025/01/29 12:10:13 parseTemplates.go:24: Templates loaded successfully
FORUM: 2025/01/29 12:10:37 homeHandler.go:13: Handling request for Home page
FORUM: 2025/01/29 12:10:37 homeHandler.go:21: Checking for session token
FORUM: 2025/01/29 12:10:37 homeHandler.go:30: Session token found, verifying...
FORUM: 2025/01/29 12:10:37 session.go:38: SessionCheck: Session is valid for token: 0194b1b5-a2ca-7eee-81d0-5c9a33dca617
FORUM: 2025/01/29 12:10:37 homeHandler.go:47: User is logged in: {true aaa false}
FORUM: 2025/01/29 12:10:37 homeHandler.go:48: User successfully logged in: aaa
FORUM: 2025/01/29 12:10:37 homeHandler.go:54: Setting cookie: session_token = 0194b1b5-a2ca-7eee-81d0-5c9a33dca617
FORUM: 2025/01/29 12:10:37 getPosts.go:23: Request URL Path: /api/posts
FORUM: 2025/01/29 12:10:37 getPosts.go:55: Fetching posts for page 1
FORUM: 2025/01/29 12:10:37 getPosts.go:133: Executing query: SELECT username, id, title, content, Categories, created_at, likes, dislikes 
              FROM posts 
              ORDER BY created_at DESC 
              LIMIT ? OFFSET ? with limit 10 and offset 0
FORUM: 2025/01/29 12:10:37 getPosts.go:146: Starting to process rows...
FORUM: 2025/01/29 12:10:37 getPosts.go:180: Finished processing rows. Total posts fetched: 0
FORUM: 2025/01/29 12:10:40 homeHandler.go:13: Handling request for Home page
FORUM: 2025/01/29 12:10:40 homeHandler.go:21: Checking for session token
FORUM: 2025/01/29 12:10:40 homeHandler.go:30: Session token found, verifying...
FORUM: 2025/01/29 12:10:40 session.go:38: SessionCheck: Session is valid for token: 0194b1b5-a2ca-7eee-81d0-5c9a33dca617
FORUM: 2025/01/29 12:10:40 homeHandler.go:47: User is logged in: {true aaa false}
FORUM: 2025/01/29 12:10:40 homeHandler.go:48: User successfully logged in: aaa
FORUM: 2025/01/29 12:10:40 homeHandler.go:54: Setting cookie: session_token = 0194b1b5-a2ca-7eee-81d0-5c9a33dca617
FORUM: 2025/01/29 12:10:41 getPosts.go:23: Request URL Path: /api/posts
FORUM: 2025/01/29 12:10:41 getPosts.go:55: Fetching posts for page 1
FORUM: 2025/01/29 12:10:41 getPosts.go:133: Executing query: SELECT username, id, title, content, Categories, created_at, likes, dislikes 
              FROM posts 
              ORDER BY created_at DESC 
              LIMIT ? OFFSET ? with limit 10 and offset 0
FORUM: 2025/01/29 12:10:41 getPosts.go:146: Starting to process rows...
FORUM: 2025/01/29 12:10:41 getPosts.go:180: Finished processing rows. Total posts fetched: 0
