FORUM: 2025/01/30 15:46:57 logs.go:25: Logger created successfully
FORUM: 2025/01/30 15:46:57 parseTemplates.go:12: Attempting to parse templates with pattern:  ./templates/*.html
FORUM: 2025/01/30 15:46:57 parseTemplates.go:24: Templates loaded successfully
FORUM: 2025/01/30 15:47:02 homeHandler.go:13: Handling request for Home page
FORUM: 2025/01/30 15:47:02 homeHandler.go:21: Checking for session token
FORUM: 2025/01/30 15:47:02 homeHandler.go:30: Session token found, verifying...
FORUM: 2025/01/30 15:47:02 session.go:38: SessionCheck: Session is valid for token: 0194b794-5274-7aae-b108-a6b0975424cd
FORUM: 2025/01/30 15:47:02 homeHandler.go:47: User is logged in: {true test false}
FORUM: 2025/01/30 15:47:02 homeHandler.go:48: User successfully logged in: test
FORUM: 2025/01/30 15:47:02 homeHandler.go:54: Setting cookie: session_token = 0194b794-5274-7aae-b108-a6b0975424cd
FORUM: 2025/01/30 15:47:03 getPosts.go:23: Request URL Path: /api/posts
FORUM: 2025/01/30 15:47:03 getPosts.go:55: Fetching posts for page 1
FORUM: 2025/01/30 15:47:03 getPosts.go:133: Executing query: SELECT username, id, title, content, Categories, created_at, likes, dislikes 
              FROM posts 
              ORDER BY created_at DESC 
              LIMIT ? OFFSET ? with limit 10 and offset 0
FORUM: 2025/01/30 15:47:03 getPosts.go:146: Starting to process rows...
FORUM: 2025/01/30 15:47:03 getPosts.go:151: Scanning row for post...
FORUM: 2025/01/30 15:47:03 getPosts.go:158: Successfully scanned post with ID: 27
FORUM: 2025/01/30 15:47:03 getPosts.go:161: Fetching comments for post ID: 27
FORUM: 2025/01/30 15:47:03 getPosts.go:168: Successfully fetched comments for post ID: 27, Comments: []
FORUM: 2025/01/30 15:47:03 getPosts.go:170: Appending post with ID: 27 to posts slice
FORUM: 2025/01/30 15:47:03 getPosts.go:151: Scanning row for post...
FORUM: 2025/01/30 15:47:03 getPosts.go:158: Successfully scanned post with ID: 26
FORUM: 2025/01/30 15:47:03 getPosts.go:161: Fetching comments for post ID: 26
FORUM: 2025/01/30 15:47:03 getPosts.go:168: Successfully fetched comments for post ID: 26, Comments: []
FORUM: 2025/01/30 15:47:03 getPosts.go:170: Appending post with ID: 26 to posts slice
FORUM: 2025/01/30 15:47:03 getPosts.go:151: Scanning row for post...
FORUM: 2025/01/30 15:47:03 getPosts.go:158: Successfully scanned post with ID: 25
FORUM: 2025/01/30 15:47:03 getPosts.go:161: Fetching comments for post ID: 25
FORUM: 2025/01/30 15:47:03 getPosts.go:168: Successfully fetched comments for post ID: 25, Comments: []
FORUM: 2025/01/30 15:47:03 getPosts.go:170: Appending post with ID: 25 to posts slice
FORUM: 2025/01/30 15:47:03 getPosts.go:151: Scanning row for post...
FORUM: 2025/01/30 15:47:03 getPosts.go:158: Successfully scanned post with ID: 24
FORUM: 2025/01/30 15:47:03 getPosts.go:161: Fetching comments for post ID: 24
FORUM: 2025/01/30 15:47:03 getPosts.go:168: Successfully fetched comments for post ID: 24, Comments: []
FORUM: 2025/01/30 15:47:03 getPosts.go:170: Appending post with ID: 24 to posts slice
FORUM: 2025/01/30 15:47:03 getPosts.go:151: Scanning row for post...
FORUM: 2025/01/30 15:47:03 getPosts.go:158: Successfully scanned post with ID: 23
FORUM: 2025/01/30 15:47:03 getPosts.go:161: Fetching comments for post ID: 23
FORUM: 2025/01/30 15:47:03 getPosts.go:168: Successfully fetched comments for post ID: 23, Comments: []
FORUM: 2025/01/30 15:47:03 getPosts.go:170: Appending post with ID: 23 to posts slice
FORUM: 2025/01/30 15:47:03 getPosts.go:151: Scanning row for post...
FORUM: 2025/01/30 15:47:03 getPosts.go:158: Successfully scanned post with ID: 22
FORUM: 2025/01/30 15:47:03 getPosts.go:161: Fetching comments for post ID: 22
FORUM: 2025/01/30 15:47:03 getPosts.go:168: Successfully fetched comments for post ID: 22, Comments: []
FORUM: 2025/01/30 15:47:03 getPosts.go:170: Appending post with ID: 22 to posts slice
FORUM: 2025/01/30 15:47:03 getPosts.go:151: Scanning row for post...
FORUM: 2025/01/30 15:47:03 getPosts.go:158: Successfully scanned post with ID: 21
FORUM: 2025/01/30 15:47:03 getPosts.go:161: Fetching comments for post ID: 21
FORUM: 2025/01/30 15:47:03 getPosts.go:168: Successfully fetched comments for post ID: 21, Comments: []
FORUM: 2025/01/30 15:47:03 getPosts.go:170: Appending post with ID: 21 to posts slice
FORUM: 2025/01/30 15:47:03 getPosts.go:151: Scanning row for post...
FORUM: 2025/01/30 15:47:03 getPosts.go:158: Successfully scanned post with ID: 20
FORUM: 2025/01/30 15:47:03 getPosts.go:161: Fetching comments for post ID: 20
FORUM: 2025/01/30 15:47:03 getPosts.go:168: Successfully fetched comments for post ID: 20, Comments: []
FORUM: 2025/01/30 15:47:03 getPosts.go:170: Appending post with ID: 20 to posts slice
FORUM: 2025/01/30 15:47:03 getPosts.go:151: Scanning row for post...
FORUM: 2025/01/30 15:47:03 getPosts.go:158: Successfully scanned post with ID: 19
FORUM: 2025/01/30 15:47:03 getPosts.go:161: Fetching comments for post ID: 19
FORUM: 2025/01/30 15:47:03 getPosts.go:168: Successfully fetched comments for post ID: 19, Comments: []
FORUM: 2025/01/30 15:47:03 getPosts.go:170: Appending post with ID: 19 to posts slice
FORUM: 2025/01/30 15:47:03 getPosts.go:151: Scanning row for post...
FORUM: 2025/01/30 15:47:03 getPosts.go:158: Successfully scanned post with ID: 18
FORUM: 2025/01/30 15:47:03 getPosts.go:161: Fetching comments for post ID: 18
FORUM: 2025/01/30 15:47:03 getPosts.go:168: Successfully fetched comments for post ID: 18, Comments: []
FORUM: 2025/01/30 15:47:03 getPosts.go:170: Appending post with ID: 18 to posts slice
FORUM: 2025/01/30 15:47:03 getPosts.go:180: Finished processing rows. Total posts fetched: 10
FORUM: 2025/01/30 15:47:03 getPosts.go:77: Number of posts returned: 10
FORUM: 2025/01/30 15:47:03 homeHandler.go:13: Handling request for Home page
FORUM: 2025/01/30 15:47:03 homeHandler.go:21: Checking for session token
FORUM: 2025/01/30 15:47:03 homeHandler.go:30: Session token found, verifying...
FORUM: 2025/01/30 15:47:03 session.go:38: SessionCheck: Session is valid for token: 0194b794-5274-7aae-b108-a6b0975424cd
FORUM: 2025/01/30 15:47:03 homeHandler.go:47: User is logged in: {true test false}
FORUM: 2025/01/30 15:47:03 homeHandler.go:48: User successfully logged in: test
FORUM: 2025/01/30 15:47:03 homeHandler.go:54: Setting cookie: session_token = 0194b794-5274-7aae-b108-a6b0975424cd
FORUM: 2025/01/30 15:47:03 getPosts.go:23: Request URL Path: /api/posts
FORUM: 2025/01/30 15:47:03 getPosts.go:55: Fetching posts for page 1
FORUM: 2025/01/30 15:47:03 getPosts.go:133: Executing query: SELECT username, id, title, content, Categories, created_at, likes, dislikes 
              FROM posts 
              ORDER BY created_at DESC 
              LIMIT ? OFFSET ? with limit 10 and offset 0
FORUM: 2025/01/30 15:47:03 getPosts.go:146: Starting to process rows...
FORUM: 2025/01/30 15:47:03 getPosts.go:151: Scanning row for post...
FORUM: 2025/01/30 15:47:03 getPosts.go:158: Successfully scanned post with ID: 27
FORUM: 2025/01/30 15:47:03 getPosts.go:161: Fetching comments for post ID: 27
FORUM: 2025/01/30 15:47:03 getPosts.go:168: Successfully fetched comments for post ID: 27, Comments: []
FORUM: 2025/01/30 15:47:03 getPosts.go:170: Appending post with ID: 27 to posts slice
FORUM: 2025/01/30 15:47:03 getPosts.go:151: Scanning row for post...
FORUM: 2025/01/30 15:47:03 getPosts.go:158: Successfully scanned post with ID: 26
FORUM: 2025/01/30 15:47:03 getPosts.go:161: Fetching comments for post ID: 26
FORUM: 2025/01/30 15:47:03 getPosts.go:168: Successfully fetched comments for post ID: 26, Comments: []
FORUM: 2025/01/30 15:47:03 getPosts.go:170: Appending post with ID: 26 to posts slice
FORUM: 2025/01/30 15:47:03 getPosts.go:151: Scanning row for post...
FORUM: 2025/01/30 15:47:03 getPosts.go:158: Successfully scanned post with ID: 25
FORUM: 2025/01/30 15:47:03 getPosts.go:161: Fetching comments for post ID: 25
FORUM: 2025/01/30 15:47:03 getPosts.go:168: Successfully fetched comments for post ID: 25, Comments: []
FORUM: 2025/01/30 15:47:03 getPosts.go:170: Appending post with ID: 25 to posts slice
FORUM: 2025/01/30 15:47:03 getPosts.go:151: Scanning row for post...
FORUM: 2025/01/30 15:47:03 getPosts.go:158: Successfully scanned post with ID: 24
FORUM: 2025/01/30 15:47:03 getPosts.go:161: Fetching comments for post ID: 24
FORUM: 2025/01/30 15:47:03 getPosts.go:168: Successfully fetched comments for post ID: 24, Comments: []
FORUM: 2025/01/30 15:47:03 getPosts.go:170: Appending post with ID: 24 to posts slice
FORUM: 2025/01/30 15:47:03 getPosts.go:151: Scanning row for post...
FORUM: 2025/01/30 15:47:03 getPosts.go:158: Successfully scanned post with ID: 23
FORUM: 2025/01/30 15:47:03 getPosts.go:161: Fetching comments for post ID: 23
FORUM: 2025/01/30 15:47:03 getPosts.go:168: Successfully fetched comments for post ID: 23, Comments: []
FORUM: 2025/01/30 15:47:03 getPosts.go:170: Appending post with ID: 23 to posts slice
FORUM: 2025/01/30 15:47:03 getPosts.go:151: Scanning row for post...
FORUM: 2025/01/30 15:47:03 getPosts.go:158: Successfully scanned post with ID: 22
FORUM: 2025/01/30 15:47:03 getPosts.go:161: Fetching comments for post ID: 22
FORUM: 2025/01/30 15:47:03 getPosts.go:168: Successfully fetched comments for post ID: 22, Comments: []
FORUM: 2025/01/30 15:47:03 getPosts.go:170: Appending post with ID: 22 to posts slice
FORUM: 2025/01/30 15:47:03 getPosts.go:151: Scanning row for post...
FORUM: 2025/01/30 15:47:03 getPosts.go:158: Successfully scanned post with ID: 21
FORUM: 2025/01/30 15:47:03 getPosts.go:161: Fetching comments for post ID: 21
FORUM: 2025/01/30 15:47:03 getPosts.go:168: Successfully fetched comments for post ID: 21, Comments: []
FORUM: 2025/01/30 15:47:03 getPosts.go:170: Appending post with ID: 21 to posts slice
FORUM: 2025/01/30 15:47:03 getPosts.go:151: Scanning row for post...
FORUM: 2025/01/30 15:47:03 getPosts.go:158: Successfully scanned post with ID: 20
FORUM: 2025/01/30 15:47:03 getPosts.go:161: Fetching comments for post ID: 20
FORUM: 2025/01/30 15:47:03 getPosts.go:168: Successfully fetched comments for post ID: 20, Comments: []
FORUM: 2025/01/30 15:47:03 getPosts.go:170: Appending post with ID: 20 to posts slice
FORUM: 2025/01/30 15:47:03 getPosts.go:151: Scanning row for post...
FORUM: 2025/01/30 15:47:03 getPosts.go:158: Successfully scanned post with ID: 19
FORUM: 2025/01/30 15:47:03 getPosts.go:161: Fetching comments for post ID: 19
FORUM: 2025/01/30 15:47:03 getPosts.go:168: Successfully fetched comments for post ID: 19, Comments: []
FORUM: 2025/01/30 15:47:03 getPosts.go:170: Appending post with ID: 19 to posts slice
FORUM: 2025/01/30 15:47:03 getPosts.go:151: Scanning row for post...
FORUM: 2025/01/30 15:47:03 getPosts.go:158: Successfully scanned post with ID: 18
FORUM: 2025/01/30 15:47:03 getPosts.go:161: Fetching comments for post ID: 18
FORUM: 2025/01/30 15:47:03 getPosts.go:168: Successfully fetched comments for post ID: 18, Comments: []
FORUM: 2025/01/30 15:47:03 getPosts.go:170: Appending post with ID: 18 to posts slice
FORUM: 2025/01/30 15:47:03 getPosts.go:180: Finished processing rows. Total posts fetched: 10
FORUM: 2025/01/30 15:47:03 getPosts.go:77: Number of posts returned: 10
FORUM: 2025/01/30 15:47:09 getPosts.go:23: Request URL Path: /api/posts/1/categories=General
FORUM: 2025/01/30 15:47:09 getPosts.go:27: Requested Page: 1
FORUM: 2025/01/30 15:47:09 getPosts.go:40: Categories found in URL: [General]
FORUM: 2025/01/30 15:47:09 getPosts.go:44: Fetching posts by categories: [General] for page 1
FORUM: 2025/01/30 15:47:09 getPosts.go:89: Category Found: General
FORUM: 2025/01/30 15:47:09 getPosts.go:110: Params:  [%General% 10 0]
FORUM: 2025/01/30 15:47:09 getPosts.go:112: Executing query: 
		SELECT username, id, title, content, Categories, created_at, likes, dislikes 
		FROM posts 
		WHERE Categories LIKE ?
		ORDER BY created_at DESC 
		LIMIT ? OFFSET ? with categories: [General], limit: 10, offset: 0
FORUM: 2025/01/30 15:47:09 getPosts.go:146: Starting to process rows...
FORUM: 2025/01/30 15:47:09 getPosts.go:151: Scanning row for post...
FORUM: 2025/01/30 15:47:09 getPosts.go:158: Successfully scanned post with ID: 27
FORUM: 2025/01/30 15:47:09 getPosts.go:161: Fetching comments for post ID: 27
FORUM: 2025/01/30 15:47:09 getPosts.go:168: Successfully fetched comments for post ID: 27, Comments: []
FORUM: 2025/01/30 15:47:09 getPosts.go:170: Appending post with ID: 27 to posts slice
FORUM: 2025/01/30 15:47:09 getPosts.go:151: Scanning row for post...
FORUM: 2025/01/30 15:47:09 getPosts.go:158: Successfully scanned post with ID: 7
FORUM: 2025/01/30 15:47:09 getPosts.go:161: Fetching comments for post ID: 7
FORUM: 2025/01/30 15:47:09 getPosts.go:168: Successfully fetched comments for post ID: 7, Comments: []
FORUM: 2025/01/30 15:47:09 getPosts.go:170: Appending post with ID: 7 to posts slice
FORUM: 2025/01/30 15:47:09 getPosts.go:151: Scanning row for post...
FORUM: 2025/01/30 15:47:09 getPosts.go:158: Successfully scanned post with ID: 2
FORUM: 2025/01/30 15:47:09 getPosts.go:161: Fetching comments for post ID: 2
FORUM: 2025/01/30 15:47:09 getPosts.go:168: Successfully fetched comments for post ID: 2, Comments: []
FORUM: 2025/01/30 15:47:09 getPosts.go:170: Appending post with ID: 2 to posts slice
FORUM: 2025/01/30 15:47:09 getPosts.go:180: Finished processing rows. Total posts fetched: 3
FORUM: 2025/01/30 15:47:09 getPosts.go:77: Number of posts returned: 3
FORUM: 2025/01/30 15:47:12 getPosts.go:23: Request URL Path: /api/posts/1
FORUM: 2025/01/30 15:47:12 getPosts.go:27: Requested Page: 1
FORUM: 2025/01/30 15:47:12 getPosts.go:55: Fetching posts for page 1
FORUM: 2025/01/30 15:47:12 getPosts.go:133: Executing query: SELECT username, id, title, content, Categories, created_at, likes, dislikes 
              FROM posts 
              ORDER BY created_at DESC 
              LIMIT ? OFFSET ? with limit 10 and offset 0
FORUM: 2025/01/30 15:47:12 getPosts.go:146: Starting to process rows...
FORUM: 2025/01/30 15:47:12 getPosts.go:151: Scanning row for post...
FORUM: 2025/01/30 15:47:12 getPosts.go:158: Successfully scanned post with ID: 27
FORUM: 2025/01/30 15:47:12 getPosts.go:161: Fetching comments for post ID: 27
FORUM: 2025/01/30 15:47:12 getPosts.go:168: Successfully fetched comments for post ID: 27, Comments: []
FORUM: 2025/01/30 15:47:12 getPosts.go:170: Appending post with ID: 27 to posts slice
FORUM: 2025/01/30 15:47:12 getPosts.go:151: Scanning row for post...
FORUM: 2025/01/30 15:47:12 getPosts.go:158: Successfully scanned post with ID: 26
FORUM: 2025/01/30 15:47:12 getPosts.go:161: Fetching comments for post ID: 26
FORUM: 2025/01/30 15:47:12 getPosts.go:168: Successfully fetched comments for post ID: 26, Comments: []
FORUM: 2025/01/30 15:47:12 getPosts.go:170: Appending post with ID: 26 to posts slice
FORUM: 2025/01/30 15:47:12 getPosts.go:151: Scanning row for post...
FORUM: 2025/01/30 15:47:12 getPosts.go:158: Successfully scanned post with ID: 25
FORUM: 2025/01/30 15:47:12 getPosts.go:161: Fetching comments for post ID: 25
FORUM: 2025/01/30 15:47:12 getPosts.go:168: Successfully fetched comments for post ID: 25, Comments: []
FORUM: 2025/01/30 15:47:12 getPosts.go:170: Appending post with ID: 25 to posts slice
FORUM: 2025/01/30 15:47:12 getPosts.go:151: Scanning row for post...
FORUM: 2025/01/30 15:47:12 getPosts.go:158: Successfully scanned post with ID: 24
FORUM: 2025/01/30 15:47:12 getPosts.go:161: Fetching comments for post ID: 24
FORUM: 2025/01/30 15:47:12 getPosts.go:168: Successfully fetched comments for post ID: 24, Comments: []
FORUM: 2025/01/30 15:47:12 getPosts.go:170: Appending post with ID: 24 to posts slice
FORUM: 2025/01/30 15:47:12 getPosts.go:151: Scanning row for post...
FORUM: 2025/01/30 15:47:12 getPosts.go:158: Successfully scanned post with ID: 23
FORUM: 2025/01/30 15:47:12 getPosts.go:161: Fetching comments for post ID: 23
FORUM: 2025/01/30 15:47:12 getPosts.go:168: Successfully fetched comments for post ID: 23, Comments: []
FORUM: 2025/01/30 15:47:12 getPosts.go:170: Appending post with ID: 23 to posts slice
FORUM: 2025/01/30 15:47:12 getPosts.go:151: Scanning row for post...
FORUM: 2025/01/30 15:47:12 getPosts.go:158: Successfully scanned post with ID: 22
FORUM: 2025/01/30 15:47:12 getPosts.go:161: Fetching comments for post ID: 22
FORUM: 2025/01/30 15:47:12 getPosts.go:168: Successfully fetched comments for post ID: 22, Comments: []
FORUM: 2025/01/30 15:47:12 getPosts.go:170: Appending post with ID: 22 to posts slice
FORUM: 2025/01/30 15:47:12 getPosts.go:151: Scanning row for post...
FORUM: 2025/01/30 15:47:12 getPosts.go:158: Successfully scanned post with ID: 21
FORUM: 2025/01/30 15:47:12 getPosts.go:161: Fetching comments for post ID: 21
FORUM: 2025/01/30 15:47:12 getPosts.go:168: Successfully fetched comments for post ID: 21, Comments: []
FORUM: 2025/01/30 15:47:12 getPosts.go:170: Appending post with ID: 21 to posts slice
FORUM: 2025/01/30 15:47:12 getPosts.go:151: Scanning row for post...
FORUM: 2025/01/30 15:47:12 getPosts.go:158: Successfully scanned post with ID: 20
FORUM: 2025/01/30 15:47:12 getPosts.go:161: Fetching comments for post ID: 20
FORUM: 2025/01/30 15:47:12 getPosts.go:168: Successfully fetched comments for post ID: 20, Comments: []
FORUM: 2025/01/30 15:47:12 getPosts.go:170: Appending post with ID: 20 to posts slice
FORUM: 2025/01/30 15:47:12 getPosts.go:151: Scanning row for post...
FORUM: 2025/01/30 15:47:12 getPosts.go:158: Successfully scanned post with ID: 19
FORUM: 2025/01/30 15:47:12 getPosts.go:161: Fetching comments for post ID: 19
FORUM: 2025/01/30 15:47:12 getPosts.go:168: Successfully fetched comments for post ID: 19, Comments: []
FORUM: 2025/01/30 15:47:12 getPosts.go:170: Appending post with ID: 19 to posts slice
FORUM: 2025/01/30 15:47:12 getPosts.go:151: Scanning row for post...
FORUM: 2025/01/30 15:47:12 getPosts.go:158: Successfully scanned post with ID: 18
FORUM: 2025/01/30 15:47:12 getPosts.go:161: Fetching comments for post ID: 18
FORUM: 2025/01/30 15:47:12 getPosts.go:168: Successfully fetched comments for post ID: 18, Comments: []
FORUM: 2025/01/30 15:47:12 getPosts.go:170: Appending post with ID: 18 to posts slice
FORUM: 2025/01/30 15:47:12 getPosts.go:180: Finished processing rows. Total posts fetched: 10
FORUM: 2025/01/30 15:47:12 getPosts.go:77: Number of posts returned: 10
FORUM: 2025/01/30 15:47:13 getPosts.go:23: Request URL Path: /api/posts/1/categories=Tech
FORUM: 2025/01/30 15:47:13 getPosts.go:27: Requested Page: 1
FORUM: 2025/01/30 15:47:13 getPosts.go:40: Categories found in URL: [Tech]
FORUM: 2025/01/30 15:47:13 getPosts.go:44: Fetching posts by categories: [Tech] for page 1
FORUM: 2025/01/30 15:47:13 getPosts.go:89: Category Found: Tech
FORUM: 2025/01/30 15:47:13 getPosts.go:110: Params:  [%Tech% 10 0]
FORUM: 2025/01/30 15:47:13 getPosts.go:112: Executing query: 
		SELECT username, id, title, content, Categories, created_at, likes, dislikes 
		FROM posts 
		WHERE Categories LIKE ?
		ORDER BY created_at DESC 
		LIMIT ? OFFSET ? with categories: [Tech], limit: 10, offset: 0
FORUM: 2025/01/30 15:47:13 getPosts.go:146: Starting to process rows...
FORUM: 2025/01/30 15:47:13 getPosts.go:151: Scanning row for post...
FORUM: 2025/01/30 15:47:13 getPosts.go:158: Successfully scanned post with ID: 7
FORUM: 2025/01/30 15:47:13 getPosts.go:161: Fetching comments for post ID: 7
FORUM: 2025/01/30 15:47:13 getPosts.go:168: Successfully fetched comments for post ID: 7, Comments: []
FORUM: 2025/01/30 15:47:13 getPosts.go:170: Appending post with ID: 7 to posts slice
FORUM: 2025/01/30 15:47:13 getPosts.go:151: Scanning row for post...
FORUM: 2025/01/30 15:47:13 getPosts.go:158: Successfully scanned post with ID: 3
FORUM: 2025/01/30 15:47:13 getPosts.go:161: Fetching comments for post ID: 3
FORUM: 2025/01/30 15:47:13 getPosts.go:168: Successfully fetched comments for post ID: 3, Comments: []
FORUM: 2025/01/30 15:47:13 getPosts.go:170: Appending post with ID: 3 to posts slice
FORUM: 2025/01/30 15:47:13 getPosts.go:180: Finished processing rows. Total posts fetched: 2
FORUM: 2025/01/30 15:47:13 getPosts.go:77: Number of posts returned: 2
FORUM: 2025/01/30 15:47:15 getPosts.go:23: Request URL Path: /api/posts/1
FORUM: 2025/01/30 15:47:15 getPosts.go:27: Requested Page: 1
FORUM: 2025/01/30 15:47:15 getPosts.go:55: Fetching posts for page 1
FORUM: 2025/01/30 15:47:15 getPosts.go:133: Executing query: SELECT username, id, title, content, Categories, created_at, likes, dislikes 
              FROM posts 
              ORDER BY created_at DESC 
              LIMIT ? OFFSET ? with limit 10 and offset 0
FORUM: 2025/01/30 15:47:15 getPosts.go:146: Starting to process rows...
FORUM: 2025/01/30 15:47:15 getPosts.go:151: Scanning row for post...
FORUM: 2025/01/30 15:47:15 getPosts.go:158: Successfully scanned post with ID: 27
FORUM: 2025/01/30 15:47:15 getPosts.go:161: Fetching comments for post ID: 27
FORUM: 2025/01/30 15:47:15 getPosts.go:168: Successfully fetched comments for post ID: 27, Comments: []
FORUM: 2025/01/30 15:47:15 getPosts.go:170: Appending post with ID: 27 to posts slice
FORUM: 2025/01/30 15:47:15 getPosts.go:151: Scanning row for post...
FORUM: 2025/01/30 15:47:15 getPosts.go:158: Successfully scanned post with ID: 26
FORUM: 2025/01/30 15:47:15 getPosts.go:161: Fetching comments for post ID: 26
FORUM: 2025/01/30 15:47:15 getPosts.go:168: Successfully fetched comments for post ID: 26, Comments: []
FORUM: 2025/01/30 15:47:15 getPosts.go:170: Appending post with ID: 26 to posts slice
FORUM: 2025/01/30 15:47:15 getPosts.go:151: Scanning row for post...
FORUM: 2025/01/30 15:47:15 getPosts.go:158: Successfully scanned post with ID: 25
FORUM: 2025/01/30 15:47:15 getPosts.go:161: Fetching comments for post ID: 25
FORUM: 2025/01/30 15:47:15 getPosts.go:168: Successfully fetched comments for post ID: 25, Comments: []
FORUM: 2025/01/30 15:47:15 getPosts.go:170: Appending post with ID: 25 to posts slice
FORUM: 2025/01/30 15:47:15 getPosts.go:151: Scanning row for post...
FORUM: 2025/01/30 15:47:15 getPosts.go:158: Successfully scanned post with ID: 24
FORUM: 2025/01/30 15:47:15 getPosts.go:161: Fetching comments for post ID: 24
FORUM: 2025/01/30 15:47:15 getPosts.go:168: Successfully fetched comments for post ID: 24, Comments: []
FORUM: 2025/01/30 15:47:15 getPosts.go:170: Appending post with ID: 24 to posts slice
FORUM: 2025/01/30 15:47:15 getPosts.go:151: Scanning row for post...
FORUM: 2025/01/30 15:47:15 getPosts.go:158: Successfully scanned post with ID: 23
FORUM: 2025/01/30 15:47:15 getPosts.go:161: Fetching comments for post ID: 23
FORUM: 2025/01/30 15:47:15 getPosts.go:168: Successfully fetched comments for post ID: 23, Comments: []
FORUM: 2025/01/30 15:47:15 getPosts.go:170: Appending post with ID: 23 to posts slice
FORUM: 2025/01/30 15:47:15 getPosts.go:151: Scanning row for post...
FORUM: 2025/01/30 15:47:15 getPosts.go:158: Successfully scanned post with ID: 22
FORUM: 2025/01/30 15:47:15 getPosts.go:161: Fetching comments for post ID: 22
FORUM: 2025/01/30 15:47:15 getPosts.go:168: Successfully fetched comments for post ID: 22, Comments: []
FORUM: 2025/01/30 15:47:15 getPosts.go:170: Appending post with ID: 22 to posts slice
FORUM: 2025/01/30 15:47:15 getPosts.go:151: Scanning row for post...
FORUM: 2025/01/30 15:47:15 getPosts.go:158: Successfully scanned post with ID: 21
FORUM: 2025/01/30 15:47:15 getPosts.go:161: Fetching comments for post ID: 21
FORUM: 2025/01/30 15:47:15 getPosts.go:168: Successfully fetched comments for post ID: 21, Comments: []
FORUM: 2025/01/30 15:47:15 getPosts.go:170: Appending post with ID: 21 to posts slice
FORUM: 2025/01/30 15:47:15 getPosts.go:151: Scanning row for post...
FORUM: 2025/01/30 15:47:15 getPosts.go:158: Successfully scanned post with ID: 20
FORUM: 2025/01/30 15:47:15 getPosts.go:161: Fetching comments for post ID: 20
FORUM: 2025/01/30 15:47:15 getPosts.go:168: Successfully fetched comments for post ID: 20, Comments: []
FORUM: 2025/01/30 15:47:15 getPosts.go:170: Appending post with ID: 20 to posts slice
FORUM: 2025/01/30 15:47:15 getPosts.go:151: Scanning row for post...
FORUM: 2025/01/30 15:47:15 getPosts.go:158: Successfully scanned post with ID: 19
FORUM: 2025/01/30 15:47:15 getPosts.go:161: Fetching comments for post ID: 19
FORUM: 2025/01/30 15:47:15 getPosts.go:168: Successfully fetched comments for post ID: 19, Comments: []
FORUM: 2025/01/30 15:47:15 getPosts.go:170: Appending post with ID: 19 to posts slice
FORUM: 2025/01/30 15:47:15 getPosts.go:151: Scanning row for post...
FORUM: 2025/01/30 15:47:15 getPosts.go:158: Successfully scanned post with ID: 18
FORUM: 2025/01/30 15:47:15 getPosts.go:161: Fetching comments for post ID: 18
FORUM: 2025/01/30 15:47:15 getPosts.go:168: Successfully fetched comments for post ID: 18, Comments: []
FORUM: 2025/01/30 15:47:15 getPosts.go:170: Appending post with ID: 18 to posts slice
FORUM: 2025/01/30 15:47:15 getPosts.go:180: Finished processing rows. Total posts fetched: 10
FORUM: 2025/01/30 15:47:15 getPosts.go:77: Number of posts returned: 10
FORUM: 2025/01/30 15:47:15 getPosts.go:23: Request URL Path: /api/posts/1/categories=Sports
FORUM: 2025/01/30 15:47:15 getPosts.go:27: Requested Page: 1
FORUM: 2025/01/30 15:47:15 getPosts.go:40: Categories found in URL: [Sports]
FORUM: 2025/01/30 15:47:15 getPosts.go:44: Fetching posts by categories: [Sports] for page 1
FORUM: 2025/01/30 15:47:15 getPosts.go:89: Category Found: Sports
FORUM: 2025/01/30 15:47:15 getPosts.go:110: Params:  [%Sports% 10 0]
FORUM: 2025/01/30 15:47:15 getPosts.go:112: Executing query: 
		SELECT username, id, title, content, Categories, created_at, likes, dislikes 
		FROM posts 
		WHERE Categories LIKE ?
		ORDER BY created_at DESC 
		LIMIT ? OFFSET ? with categories: [Sports], limit: 10, offset: 0
FORUM: 2025/01/30 15:47:15 getPosts.go:146: Starting to process rows...
FORUM: 2025/01/30 15:47:15 getPosts.go:151: Scanning row for post...
FORUM: 2025/01/30 15:47:15 getPosts.go:158: Successfully scanned post with ID: 26
FORUM: 2025/01/30 15:47:15 getPosts.go:161: Fetching comments for post ID: 26
FORUM: 2025/01/30 15:47:15 getPosts.go:168: Successfully fetched comments for post ID: 26, Comments: []
FORUM: 2025/01/30 15:47:15 getPosts.go:170: Appending post with ID: 26 to posts slice
FORUM: 2025/01/30 15:47:15 getPosts.go:151: Scanning row for post...
FORUM: 2025/01/30 15:47:15 getPosts.go:158: Successfully scanned post with ID: 25
FORUM: 2025/01/30 15:47:15 getPosts.go:161: Fetching comments for post ID: 25
FORUM: 2025/01/30 15:47:15 getPosts.go:168: Successfully fetched comments for post ID: 25, Comments: []
FORUM: 2025/01/30 15:47:15 getPosts.go:170: Appending post with ID: 25 to posts slice
FORUM: 2025/01/30 15:47:15 getPosts.go:151: Scanning row for post...
FORUM: 2025/01/30 15:47:15 getPosts.go:158: Successfully scanned post with ID: 24
FORUM: 2025/01/30 15:47:15 getPosts.go:161: Fetching comments for post ID: 24
FORUM: 2025/01/30 15:47:15 getPosts.go:168: Successfully fetched comments for post ID: 24, Comments: []
FORUM: 2025/01/30 15:47:15 getPosts.go:170: Appending post with ID: 24 to posts slice
FORUM: 2025/01/30 15:47:15 getPosts.go:151: Scanning row for post...
FORUM: 2025/01/30 15:47:15 getPosts.go:158: Successfully scanned post with ID: 23
FORUM: 2025/01/30 15:47:15 getPosts.go:161: Fetching comments for post ID: 23
FORUM: 2025/01/30 15:47:15 getPosts.go:168: Successfully fetched comments for post ID: 23, Comments: []
FORUM: 2025/01/30 15:47:15 getPosts.go:170: Appending post with ID: 23 to posts slice
FORUM: 2025/01/30 15:47:15 getPosts.go:151: Scanning row for post...
FORUM: 2025/01/30 15:47:15 getPosts.go:158: Successfully scanned post with ID: 22
FORUM: 2025/01/30 15:47:15 getPosts.go:161: Fetching comments for post ID: 22
FORUM: 2025/01/30 15:47:15 getPosts.go:168: Successfully fetched comments for post ID: 22, Comments: []
FORUM: 2025/01/30 15:47:15 getPosts.go:170: Appending post with ID: 22 to posts slice
FORUM: 2025/01/30 15:47:15 getPosts.go:151: Scanning row for post...
FORUM: 2025/01/30 15:47:15 getPosts.go:158: Successfully scanned post with ID: 21
FORUM: 2025/01/30 15:47:15 getPosts.go:161: Fetching comments for post ID: 21
FORUM: 2025/01/30 15:47:15 getPosts.go:168: Successfully fetched comments for post ID: 21, Comments: []
FORUM: 2025/01/30 15:47:15 getPosts.go:170: Appending post with ID: 21 to posts slice
FORUM: 2025/01/30 15:47:15 getPosts.go:151: Scanning row for post...
FORUM: 2025/01/30 15:47:15 getPosts.go:158: Successfully scanned post with ID: 20
FORUM: 2025/01/30 15:47:15 getPosts.go:161: Fetching comments for post ID: 20
FORUM: 2025/01/30 15:47:15 getPosts.go:168: Successfully fetched comments for post ID: 20, Comments: []
FORUM: 2025/01/30 15:47:15 getPosts.go:170: Appending post with ID: 20 to posts slice
FORUM: 2025/01/30 15:47:15 getPosts.go:151: Scanning row for post...
FORUM: 2025/01/30 15:47:15 getPosts.go:158: Successfully scanned post with ID: 19
FORUM: 2025/01/30 15:47:15 getPosts.go:161: Fetching comments for post ID: 19
FORUM: 2025/01/30 15:47:15 getPosts.go:168: Successfully fetched comments for post ID: 19, Comments: []
FORUM: 2025/01/30 15:47:15 getPosts.go:170: Appending post with ID: 19 to posts slice
FORUM: 2025/01/30 15:47:15 getPosts.go:151: Scanning row for post...
FORUM: 2025/01/30 15:47:15 getPosts.go:158: Successfully scanned post with ID: 18
FORUM: 2025/01/30 15:47:15 getPosts.go:161: Fetching comments for post ID: 18
FORUM: 2025/01/30 15:47:15 getPosts.go:168: Successfully fetched comments for post ID: 18, Comments: []
FORUM: 2025/01/30 15:47:15 getPosts.go:170: Appending post with ID: 18 to posts slice
FORUM: 2025/01/30 15:47:15 getPosts.go:151: Scanning row for post...
FORUM: 2025/01/30 15:47:15 getPosts.go:158: Successfully scanned post with ID: 17
FORUM: 2025/01/30 15:47:15 getPosts.go:161: Fetching comments for post ID: 17
FORUM: 2025/01/30 15:47:15 getPosts.go:168: Successfully fetched comments for post ID: 17, Comments: []
FORUM: 2025/01/30 15:47:15 getPosts.go:170: Appending post with ID: 17 to posts slice
FORUM: 2025/01/30 15:47:15 getPosts.go:180: Finished processing rows. Total posts fetched: 10
FORUM: 2025/01/30 15:47:15 getPosts.go:77: Number of posts returned: 10
FORUM: 2025/01/30 15:47:22 getPosts.go:23: Request URL Path: /api/posts/1
FORUM: 2025/01/30 15:47:22 getPosts.go:27: Requested Page: 1
FORUM: 2025/01/30 15:47:22 getPosts.go:55: Fetching posts for page 1
FORUM: 2025/01/30 15:47:22 getPosts.go:133: Executing query: SELECT username, id, title, content, Categories, created_at, likes, dislikes 
              FROM posts 
              ORDER BY created_at DESC 
              LIMIT ? OFFSET ? with limit 10 and offset 0
FORUM: 2025/01/30 15:47:22 getPosts.go:146: Starting to process rows...
FORUM: 2025/01/30 15:47:22 getPosts.go:151: Scanning row for post...
FORUM: 2025/01/30 15:47:22 getPosts.go:158: Successfully scanned post with ID: 27
FORUM: 2025/01/30 15:47:22 getPosts.go:161: Fetching comments for post ID: 27
FORUM: 2025/01/30 15:47:22 getPosts.go:168: Successfully fetched comments for post ID: 27, Comments: []
FORUM: 2025/01/30 15:47:22 getPosts.go:170: Appending post with ID: 27 to posts slice
FORUM: 2025/01/30 15:47:22 getPosts.go:151: Scanning row for post...
FORUM: 2025/01/30 15:47:22 getPosts.go:158: Successfully scanned post with ID: 26
FORUM: 2025/01/30 15:47:22 getPosts.go:161: Fetching comments for post ID: 26
FORUM: 2025/01/30 15:47:22 getPosts.go:168: Successfully fetched comments for post ID: 26, Comments: []
FORUM: 2025/01/30 15:47:22 getPosts.go:170: Appending post with ID: 26 to posts slice
FORUM: 2025/01/30 15:47:22 getPosts.go:151: Scanning row for post...
FORUM: 2025/01/30 15:47:22 getPosts.go:158: Successfully scanned post with ID: 25
FORUM: 2025/01/30 15:47:22 getPosts.go:161: Fetching comments for post ID: 25
FORUM: 2025/01/30 15:47:22 getPosts.go:168: Successfully fetched comments for post ID: 25, Comments: []
FORUM: 2025/01/30 15:47:22 getPosts.go:170: Appending post with ID: 25 to posts slice
FORUM: 2025/01/30 15:47:22 getPosts.go:151: Scanning row for post...
FORUM: 2025/01/30 15:47:22 getPosts.go:158: Successfully scanned post with ID: 24
FORUM: 2025/01/30 15:47:22 getPosts.go:161: Fetching comments for post ID: 24
FORUM: 2025/01/30 15:47:22 getPosts.go:168: Successfully fetched comments for post ID: 24, Comments: []
FORUM: 2025/01/30 15:47:22 getPosts.go:170: Appending post with ID: 24 to posts slice
FORUM: 2025/01/30 15:47:22 getPosts.go:151: Scanning row for post...
FORUM: 2025/01/30 15:47:22 getPosts.go:158: Successfully scanned post with ID: 23
FORUM: 2025/01/30 15:47:22 getPosts.go:161: Fetching comments for post ID: 23
FORUM: 2025/01/30 15:47:22 getPosts.go:168: Successfully fetched comments for post ID: 23, Comments: []
FORUM: 2025/01/30 15:47:22 getPosts.go:170: Appending post with ID: 23 to posts slice
FORUM: 2025/01/30 15:47:22 getPosts.go:151: Scanning row for post...
FORUM: 2025/01/30 15:47:22 getPosts.go:158: Successfully scanned post with ID: 22
FORUM: 2025/01/30 15:47:22 getPosts.go:161: Fetching comments for post ID: 22
FORUM: 2025/01/30 15:47:22 getPosts.go:168: Successfully fetched comments for post ID: 22, Comments: []
FORUM: 2025/01/30 15:47:22 getPosts.go:170: Appending post with ID: 22 to posts slice
FORUM: 2025/01/30 15:47:22 getPosts.go:151: Scanning row for post...
FORUM: 2025/01/30 15:47:22 getPosts.go:158: Successfully scanned post with ID: 21
FORUM: 2025/01/30 15:47:22 getPosts.go:161: Fetching comments for post ID: 21
FORUM: 2025/01/30 15:47:22 getPosts.go:168: Successfully fetched comments for post ID: 21, Comments: []
FORUM: 2025/01/30 15:47:22 getPosts.go:170: Appending post with ID: 21 to posts slice
FORUM: 2025/01/30 15:47:22 getPosts.go:151: Scanning row for post...
FORUM: 2025/01/30 15:47:22 getPosts.go:158: Successfully scanned post with ID: 20
FORUM: 2025/01/30 15:47:22 getPosts.go:161: Fetching comments for post ID: 20
FORUM: 2025/01/30 15:47:22 getPosts.go:168: Successfully fetched comments for post ID: 20, Comments: []
FORUM: 2025/01/30 15:47:22 getPosts.go:170: Appending post with ID: 20 to posts slice
FORUM: 2025/01/30 15:47:22 getPosts.go:151: Scanning row for post...
FORUM: 2025/01/30 15:47:22 getPosts.go:158: Successfully scanned post with ID: 19
FORUM: 2025/01/30 15:47:22 getPosts.go:161: Fetching comments for post ID: 19
FORUM: 2025/01/30 15:47:22 getPosts.go:168: Successfully fetched comments for post ID: 19, Comments: []
FORUM: 2025/01/30 15:47:22 getPosts.go:170: Appending post with ID: 19 to posts slice
FORUM: 2025/01/30 15:47:22 getPosts.go:151: Scanning row for post...
FORUM: 2025/01/30 15:47:22 getPosts.go:158: Successfully scanned post with ID: 18
FORUM: 2025/01/30 15:47:22 getPosts.go:161: Fetching comments for post ID: 18
FORUM: 2025/01/30 15:47:22 getPosts.go:168: Successfully fetched comments for post ID: 18, Comments: []
FORUM: 2025/01/30 15:47:22 getPosts.go:170: Appending post with ID: 18 to posts slice
FORUM: 2025/01/30 15:47:22 getPosts.go:180: Finished processing rows. Total posts fetched: 10
FORUM: 2025/01/30 15:47:22 getPosts.go:77: Number of posts returned: 10
FORUM: 2025/01/30 15:47:23 getPosts.go:23: Request URL Path: /api/posts/1/categories=Health
FORUM: 2025/01/30 15:47:23 getPosts.go:27: Requested Page: 1
FORUM: 2025/01/30 15:47:23 getPosts.go:40: Categories found in URL: [Health]
FORUM: 2025/01/30 15:47:23 getPosts.go:44: Fetching posts by categories: [Health] for page 1
FORUM: 2025/01/30 15:47:23 getPosts.go:89: Category Found: Health
FORUM: 2025/01/30 15:47:23 getPosts.go:110: Params:  [%Health% 10 0]
FORUM: 2025/01/30 15:47:23 getPosts.go:112: Executing query: 
		SELECT username, id, title, content, Categories, created_at, likes, dislikes 
		FROM posts 
		WHERE Categories LIKE ?
		ORDER BY created_at DESC 
		LIMIT ? OFFSET ? with categories: [Health], limit: 10, offset: 0
FORUM: 2025/01/30 15:47:23 getPosts.go:146: Starting to process rows...
FORUM: 2025/01/30 15:47:23 getPosts.go:151: Scanning row for post...
FORUM: 2025/01/30 15:47:23 getPosts.go:158: Successfully scanned post with ID: 4
FORUM: 2025/01/30 15:47:23 getPosts.go:161: Fetching comments for post ID: 4
FORUM: 2025/01/30 15:47:23 getPosts.go:168: Successfully fetched comments for post ID: 4, Comments: []
FORUM: 2025/01/30 15:47:23 getPosts.go:170: Appending post with ID: 4 to posts slice
FORUM: 2025/01/30 15:47:23 getPosts.go:180: Finished processing rows. Total posts fetched: 1
FORUM: 2025/01/30 15:47:23 getPosts.go:77: Number of posts returned: 1
FORUM: 2025/01/30 15:47:24 getPosts.go:23: Request URL Path: /api/posts/1
FORUM: 2025/01/30 15:47:24 getPosts.go:27: Requested Page: 1
FORUM: 2025/01/30 15:47:24 getPosts.go:55: Fetching posts for page 1
FORUM: 2025/01/30 15:47:24 getPosts.go:133: Executing query: SELECT username, id, title, content, Categories, created_at, likes, dislikes 
              FROM posts 
              ORDER BY created_at DESC 
              LIMIT ? OFFSET ? with limit 10 and offset 0
FORUM: 2025/01/30 15:47:24 getPosts.go:146: Starting to process rows...
FORUM: 2025/01/30 15:47:24 getPosts.go:151: Scanning row for post...
FORUM: 2025/01/30 15:47:24 getPosts.go:158: Successfully scanned post with ID: 27
FORUM: 2025/01/30 15:47:24 getPosts.go:161: Fetching comments for post ID: 27
FORUM: 2025/01/30 15:47:24 getPosts.go:168: Successfully fetched comments for post ID: 27, Comments: []
FORUM: 2025/01/30 15:47:24 getPosts.go:170: Appending post with ID: 27 to posts slice
FORUM: 2025/01/30 15:47:24 getPosts.go:151: Scanning row for post...
FORUM: 2025/01/30 15:47:24 getPosts.go:158: Successfully scanned post with ID: 26
FORUM: 2025/01/30 15:47:24 getPosts.go:161: Fetching comments for post ID: 26
FORUM: 2025/01/30 15:47:24 getPosts.go:168: Successfully fetched comments for post ID: 26, Comments: []
FORUM: 2025/01/30 15:47:24 getPosts.go:170: Appending post with ID: 26 to posts slice
FORUM: 2025/01/30 15:47:24 getPosts.go:151: Scanning row for post...
FORUM: 2025/01/30 15:47:24 getPosts.go:158: Successfully scanned post with ID: 25
FORUM: 2025/01/30 15:47:24 getPosts.go:161: Fetching comments for post ID: 25
FORUM: 2025/01/30 15:47:24 getPosts.go:168: Successfully fetched comments for post ID: 25, Comments: []
FORUM: 2025/01/30 15:47:24 getPosts.go:170: Appending post with ID: 25 to posts slice
FORUM: 2025/01/30 15:47:24 getPosts.go:151: Scanning row for post...
FORUM: 2025/01/30 15:47:24 getPosts.go:158: Successfully scanned post with ID: 24
FORUM: 2025/01/30 15:47:24 getPosts.go:161: Fetching comments for post ID: 24
FORUM: 2025/01/30 15:47:24 getPosts.go:168: Successfully fetched comments for post ID: 24, Comments: []
FORUM: 2025/01/30 15:47:24 getPosts.go:170: Appending post with ID: 24 to posts slice
FORUM: 2025/01/30 15:47:24 getPosts.go:151: Scanning row for post...
FORUM: 2025/01/30 15:47:24 getPosts.go:158: Successfully scanned post with ID: 23
FORUM: 2025/01/30 15:47:24 getPosts.go:161: Fetching comments for post ID: 23
FORUM: 2025/01/30 15:47:24 getPosts.go:168: Successfully fetched comments for post ID: 23, Comments: []
FORUM: 2025/01/30 15:47:24 getPosts.go:170: Appending post with ID: 23 to posts slice
FORUM: 2025/01/30 15:47:24 getPosts.go:151: Scanning row for post...
FORUM: 2025/01/30 15:47:24 getPosts.go:158: Successfully scanned post with ID: 22
FORUM: 2025/01/30 15:47:24 getPosts.go:161: Fetching comments for post ID: 22
FORUM: 2025/01/30 15:47:24 getPosts.go:168: Successfully fetched comments for post ID: 22, Comments: []
FORUM: 2025/01/30 15:47:24 getPosts.go:170: Appending post with ID: 22 to posts slice
FORUM: 2025/01/30 15:47:24 getPosts.go:151: Scanning row for post...
FORUM: 2025/01/30 15:47:24 getPosts.go:158: Successfully scanned post with ID: 21
FORUM: 2025/01/30 15:47:24 getPosts.go:161: Fetching comments for post ID: 21
FORUM: 2025/01/30 15:47:24 getPosts.go:168: Successfully fetched comments for post ID: 21, Comments: []
FORUM: 2025/01/30 15:47:24 getPosts.go:170: Appending post with ID: 21 to posts slice
FORUM: 2025/01/30 15:47:24 getPosts.go:151: Scanning row for post...
FORUM: 2025/01/30 15:47:24 getPosts.go:158: Successfully scanned post with ID: 20
FORUM: 2025/01/30 15:47:24 getPosts.go:161: Fetching comments for post ID: 20
FORUM: 2025/01/30 15:47:24 getPosts.go:168: Successfully fetched comments for post ID: 20, Comments: []
FORUM: 2025/01/30 15:47:24 getPosts.go:170: Appending post with ID: 20 to posts slice
FORUM: 2025/01/30 15:47:24 getPosts.go:151: Scanning row for post...
FORUM: 2025/01/30 15:47:24 getPosts.go:158: Successfully scanned post with ID: 19
FORUM: 2025/01/30 15:47:24 getPosts.go:161: Fetching comments for post ID: 19
FORUM: 2025/01/30 15:47:24 getPosts.go:168: Successfully fetched comments for post ID: 19, Comments: []
FORUM: 2025/01/30 15:47:24 getPosts.go:170: Appending post with ID: 19 to posts slice
FORUM: 2025/01/30 15:47:24 getPosts.go:151: Scanning row for post...
FORUM: 2025/01/30 15:47:24 getPosts.go:158: Successfully scanned post with ID: 18
FORUM: 2025/01/30 15:47:24 getPosts.go:161: Fetching comments for post ID: 18
FORUM: 2025/01/30 15:47:24 getPosts.go:168: Successfully fetched comments for post ID: 18, Comments: []
FORUM: 2025/01/30 15:47:24 getPosts.go:170: Appending post with ID: 18 to posts slice
FORUM: 2025/01/30 15:47:24 getPosts.go:180: Finished processing rows. Total posts fetched: 10
FORUM: 2025/01/30 15:47:24 getPosts.go:77: Number of posts returned: 10
FORUM: 2025/01/30 15:47:24 getPosts.go:23: Request URL Path: /api/posts/1/categories=Education
FORUM: 2025/01/30 15:47:24 getPosts.go:27: Requested Page: 1
FORUM: 2025/01/30 15:47:24 getPosts.go:40: Categories found in URL: [Education]
FORUM: 2025/01/30 15:47:24 getPosts.go:44: Fetching posts by categories: [Education] for page 1
FORUM: 2025/01/30 15:47:24 getPosts.go:89: Category Found: Education
FORUM: 2025/01/30 15:47:24 getPosts.go:110: Params:  [%Education% 10 0]
FORUM: 2025/01/30 15:47:24 getPosts.go:112: Executing query: 
		SELECT username, id, title, content, Categories, created_at, likes, dislikes 
		FROM posts 
		WHERE Categories LIKE ?
		ORDER BY created_at DESC 
		LIMIT ? OFFSET ? with categories: [Education], limit: 10, offset: 0
FORUM: 2025/01/30 15:47:24 getPosts.go:146: Starting to process rows...
FORUM: 2025/01/30 15:47:24 getPosts.go:151: Scanning row for post...
FORUM: 2025/01/30 15:47:24 getPosts.go:158: Successfully scanned post with ID: 6
FORUM: 2025/01/30 15:47:24 getPosts.go:161: Fetching comments for post ID: 6
FORUM: 2025/01/30 15:47:24 getPosts.go:168: Successfully fetched comments for post ID: 6, Comments: []
FORUM: 2025/01/30 15:47:24 getPosts.go:170: Appending post with ID: 6 to posts slice
FORUM: 2025/01/30 15:47:24 getPosts.go:180: Finished processing rows. Total posts fetched: 1
FORUM: 2025/01/30 15:47:24 getPosts.go:77: Number of posts returned: 1
FORUM: 2025/01/30 15:47:26 getPosts.go:23: Request URL Path: /api/posts/1
FORUM: 2025/01/30 15:47:26 getPosts.go:27: Requested Page: 1
FORUM: 2025/01/30 15:47:26 getPosts.go:55: Fetching posts for page 1
FORUM: 2025/01/30 15:47:26 getPosts.go:133: Executing query: SELECT username, id, title, content, Categories, created_at, likes, dislikes 
              FROM posts 
              ORDER BY created_at DESC 
              LIMIT ? OFFSET ? with limit 10 and offset 0
FORUM: 2025/01/30 15:47:26 getPosts.go:146: Starting to process rows...
FORUM: 2025/01/30 15:47:26 getPosts.go:151: Scanning row for post...
FORUM: 2025/01/30 15:47:26 getPosts.go:158: Successfully scanned post with ID: 27
FORUM: 2025/01/30 15:47:26 getPosts.go:161: Fetching comments for post ID: 27
FORUM: 2025/01/30 15:47:26 getPosts.go:168: Successfully fetched comments for post ID: 27, Comments: []
FORUM: 2025/01/30 15:47:26 getPosts.go:170: Appending post with ID: 27 to posts slice
FORUM: 2025/01/30 15:47:26 getPosts.go:151: Scanning row for post...
FORUM: 2025/01/30 15:47:26 getPosts.go:158: Successfully scanned post with ID: 26
FORUM: 2025/01/30 15:47:26 getPosts.go:161: Fetching comments for post ID: 26
FORUM: 2025/01/30 15:47:26 getPosts.go:168: Successfully fetched comments for post ID: 26, Comments: []
FORUM: 2025/01/30 15:47:26 getPosts.go:170: Appending post with ID: 26 to posts slice
FORUM: 2025/01/30 15:47:26 getPosts.go:151: Scanning row for post...
FORUM: 2025/01/30 15:47:26 getPosts.go:158: Successfully scanned post with ID: 25
FORUM: 2025/01/30 15:47:26 getPosts.go:161: Fetching comments for post ID: 25
FORUM: 2025/01/30 15:47:26 getPosts.go:168: Successfully fetched comments for post ID: 25, Comments: []
FORUM: 2025/01/30 15:47:26 getPosts.go:170: Appending post with ID: 25 to posts slice
FORUM: 2025/01/30 15:47:26 getPosts.go:151: Scanning row for post...
FORUM: 2025/01/30 15:47:26 getPosts.go:158: Successfully scanned post with ID: 24
FORUM: 2025/01/30 15:47:26 getPosts.go:161: Fetching comments for post ID: 24
FORUM: 2025/01/30 15:47:26 getPosts.go:168: Successfully fetched comments for post ID: 24, Comments: []
FORUM: 2025/01/30 15:47:26 getPosts.go:170: Appending post with ID: 24 to posts slice
FORUM: 2025/01/30 15:47:26 getPosts.go:151: Scanning row for post...
FORUM: 2025/01/30 15:47:26 getPosts.go:158: Successfully scanned post with ID: 23
FORUM: 2025/01/30 15:47:26 getPosts.go:161: Fetching comments for post ID: 23
FORUM: 2025/01/30 15:47:26 getPosts.go:168: Successfully fetched comments for post ID: 23, Comments: []
FORUM: 2025/01/30 15:47:26 getPosts.go:170: Appending post with ID: 23 to posts slice
FORUM: 2025/01/30 15:47:26 getPosts.go:151: Scanning row for post...
FORUM: 2025/01/30 15:47:26 getPosts.go:158: Successfully scanned post with ID: 22
FORUM: 2025/01/30 15:47:26 getPosts.go:161: Fetching comments for post ID: 22
FORUM: 2025/01/30 15:47:26 getPosts.go:168: Successfully fetched comments for post ID: 22, Comments: []
FORUM: 2025/01/30 15:47:26 getPosts.go:170: Appending post with ID: 22 to posts slice
FORUM: 2025/01/30 15:47:26 getPosts.go:151: Scanning row for post...
FORUM: 2025/01/30 15:47:26 getPosts.go:158: Successfully scanned post with ID: 21
FORUM: 2025/01/30 15:47:26 getPosts.go:161: Fetching comments for post ID: 21
FORUM: 2025/01/30 15:47:26 getPosts.go:168: Successfully fetched comments for post ID: 21, Comments: []
FORUM: 2025/01/30 15:47:26 getPosts.go:170: Appending post with ID: 21 to posts slice
FORUM: 2025/01/30 15:47:26 getPosts.go:151: Scanning row for post...
FORUM: 2025/01/30 15:47:26 getPosts.go:158: Successfully scanned post with ID: 20
FORUM: 2025/01/30 15:47:26 getPosts.go:161: Fetching comments for post ID: 20
FORUM: 2025/01/30 15:47:26 getPosts.go:168: Successfully fetched comments for post ID: 20, Comments: []
FORUM: 2025/01/30 15:47:26 getPosts.go:170: Appending post with ID: 20 to posts slice
FORUM: 2025/01/30 15:47:26 getPosts.go:151: Scanning row for post...
FORUM: 2025/01/30 15:47:26 getPosts.go:158: Successfully scanned post with ID: 19
FORUM: 2025/01/30 15:47:26 getPosts.go:161: Fetching comments for post ID: 19
FORUM: 2025/01/30 15:47:26 getPosts.go:168: Successfully fetched comments for post ID: 19, Comments: []
FORUM: 2025/01/30 15:47:26 getPosts.go:170: Appending post with ID: 19 to posts slice
FORUM: 2025/01/30 15:47:26 getPosts.go:151: Scanning row for post...
FORUM: 2025/01/30 15:47:26 getPosts.go:158: Successfully scanned post with ID: 18
FORUM: 2025/01/30 15:47:26 getPosts.go:161: Fetching comments for post ID: 18
FORUM: 2025/01/30 15:47:26 getPosts.go:168: Successfully fetched comments for post ID: 18, Comments: []
FORUM: 2025/01/30 15:47:26 getPosts.go:170: Appending post with ID: 18 to posts slice
FORUM: 2025/01/30 15:47:26 getPosts.go:180: Finished processing rows. Total posts fetched: 10
FORUM: 2025/01/30 15:47:26 getPosts.go:77: Number of posts returned: 10
FORUM: 2025/01/30 15:47:26 rateLimiter.go:36: IP:  127.0.0.1  Exceed the request limit!!
FORUM: 2025/01/30 15:47:30 getPosts.go:23: Request URL Path: /api/posts/created
FORUM: 2025/01/30 15:47:30 getPosts.go:27: Requested Page: created
FORUM: 2025/01/30 15:47:30 fetch_Created_Posts.go:18: Fetching posts created by user 'test'. Executing query: 
		SELECT username, id, title, content, Categories, created_at, likes, dislikes
		FROM posts
		WHERE username = ?
		ORDER BY created_at DESC
	
FORUM: 2025/01/30 15:47:30 getPosts.go:146: Starting to process rows...
FORUM: 2025/01/30 15:47:30 getPosts.go:151: Scanning row for post...
FORUM: 2025/01/30 15:47:30 getPosts.go:158: Successfully scanned post with ID: 27
FORUM: 2025/01/30 15:47:30 getPosts.go:161: Fetching comments for post ID: 27
FORUM: 2025/01/30 15:47:30 getPosts.go:168: Successfully fetched comments for post ID: 27, Comments: []
FORUM: 2025/01/30 15:47:30 getPosts.go:170: Appending post with ID: 27 to posts slice
FORUM: 2025/01/30 15:47:30 getPosts.go:180: Finished processing rows. Total posts fetched: 1
FORUM: 2025/01/30 15:47:30 fetch_Created_Posts.go:29: Successfully fetched posts created by user 'test'
FORUM: 2025/01/30 15:47:30 getPosts.go:77: Number of posts returned: 1
FORUM: 2025/01/30 15:47:32 getPosts.go:23: Request URL Path: /api/posts/created
FORUM: 2025/01/30 15:47:32 getPosts.go:27: Requested Page: created
FORUM: 2025/01/30 15:47:32 fetch_Created_Posts.go:18: Fetching posts created by user 'test'. Executing query: 
		SELECT username, id, title, content, Categories, created_at, likes, dislikes
		FROM posts
		WHERE username = ?
		ORDER BY created_at DESC
	
FORUM: 2025/01/30 15:47:32 getPosts.go:146: Starting to process rows...
FORUM: 2025/01/30 15:47:32 getPosts.go:151: Scanning row for post...
FORUM: 2025/01/30 15:47:32 getPosts.go:158: Successfully scanned post with ID: 27
FORUM: 2025/01/30 15:47:32 getPosts.go:161: Fetching comments for post ID: 27
FORUM: 2025/01/30 15:47:32 getPosts.go:168: Successfully fetched comments for post ID: 27, Comments: []
FORUM: 2025/01/30 15:47:32 getPosts.go:170: Appending post with ID: 27 to posts slice
FORUM: 2025/01/30 15:47:32 getPosts.go:180: Finished processing rows. Total posts fetched: 1
FORUM: 2025/01/30 15:47:32 fetch_Created_Posts.go:29: Successfully fetched posts created by user 'test'
FORUM: 2025/01/30 15:47:32 getPosts.go:77: Number of posts returned: 1
FORUM: 2025/01/30 15:47:33 getPosts.go:23: Request URL Path: /api/posts/liked
FORUM: 2025/01/30 15:47:33 getPosts.go:27: Requested Page: liked
FORUM: 2025/01/30 15:47:33 fetch_Created_Posts.go:48: Fetching posts liked by user 'test'. Executing query: 
		SELECT posts.username, 
    		posts.id AS post_id, 
    		posts.title, 
    		posts.content, 
    		posts.Categories, 
    		posts.created_at, 
    		posts.likes, 
    		posts.dislikes
		FROM posts
		JOIN user_interactions ON posts.id = user_interactions.item_id
		WHERE posts.username = ? AND user_interactions.item_type = "post" AND user_interactions.action = "like"
		ORDER BY posts.created_at DESC
	
FORUM: 2025/01/30 15:47:33 getPosts.go:146: Starting to process rows...
FORUM: 2025/01/30 15:47:33 getPosts.go:180: Finished processing rows. Total posts fetched: 0
FORUM: 2025/01/30 15:47:33 fetch_Created_Posts.go:59: Successfully fetched posts liked by user 'test'
FORUM: 2025/01/30 15:47:34 getPosts.go:23: Request URL Path: /api/posts/liked
FORUM: 2025/01/30 15:47:34 getPosts.go:27: Requested Page: liked
FORUM: 2025/01/30 15:47:34 fetch_Created_Posts.go:48: Fetching posts liked by user 'test'. Executing query: 
		SELECT posts.username, 
    		posts.id AS post_id, 
    		posts.title, 
    		posts.content, 
    		posts.Categories, 
    		posts.created_at, 
    		posts.likes, 
    		posts.dislikes
		FROM posts
		JOIN user_interactions ON posts.id = user_interactions.item_id
		WHERE posts.username = ? AND user_interactions.item_type = "post" AND user_interactions.action = "like"
		ORDER BY posts.created_at DESC
	
FORUM: 2025/01/30 15:47:34 getPosts.go:146: Starting to process rows...
FORUM: 2025/01/30 15:47:34 getPosts.go:180: Finished processing rows. Total posts fetched: 0
FORUM: 2025/01/30 15:47:34 fetch_Created_Posts.go:59: Successfully fetched posts liked by user 'test'
FORUM: 2025/01/30 15:47:35 getPosts.go:23: Request URL Path: /api/posts/1/categories=General
FORUM: 2025/01/30 15:47:35 getPosts.go:27: Requested Page: 1
FORUM: 2025/01/30 15:47:35 getPosts.go:40: Categories found in URL: [General]
FORUM: 2025/01/30 15:47:35 getPosts.go:44: Fetching posts by categories: [General] for page 1
FORUM: 2025/01/30 15:47:35 getPosts.go:89: Category Found: General
FORUM: 2025/01/30 15:47:35 getPosts.go:110: Params:  [%General% 10 0]
FORUM: 2025/01/30 15:47:35 getPosts.go:112: Executing query: 
		SELECT username, id, title, content, Categories, created_at, likes, dislikes 
		FROM posts 
		WHERE Categories LIKE ?
		ORDER BY created_at DESC 
		LIMIT ? OFFSET ? with categories: [General], limit: 10, offset: 0
FORUM: 2025/01/30 15:47:35 getPosts.go:146: Starting to process rows...
FORUM: 2025/01/30 15:47:35 getPosts.go:151: Scanning row for post...
FORUM: 2025/01/30 15:47:35 getPosts.go:158: Successfully scanned post with ID: 27
FORUM: 2025/01/30 15:47:35 getPosts.go:161: Fetching comments for post ID: 27
FORUM: 2025/01/30 15:47:35 getPosts.go:168: Successfully fetched comments for post ID: 27, Comments: []
FORUM: 2025/01/30 15:47:35 getPosts.go:170: Appending post with ID: 27 to posts slice
FORUM: 2025/01/30 15:47:35 getPosts.go:151: Scanning row for post...
FORUM: 2025/01/30 15:47:35 getPosts.go:158: Successfully scanned post with ID: 7
FORUM: 2025/01/30 15:47:35 getPosts.go:161: Fetching comments for post ID: 7
FORUM: 2025/01/30 15:47:35 getPosts.go:168: Successfully fetched comments for post ID: 7, Comments: []
FORUM: 2025/01/30 15:47:35 getPosts.go:170: Appending post with ID: 7 to posts slice
FORUM: 2025/01/30 15:47:35 getPosts.go:151: Scanning row for post...
FORUM: 2025/01/30 15:47:35 getPosts.go:158: Successfully scanned post with ID: 2
FORUM: 2025/01/30 15:47:35 getPosts.go:161: Fetching comments for post ID: 2
FORUM: 2025/01/30 15:47:35 getPosts.go:168: Successfully fetched comments for post ID: 2, Comments: []
FORUM: 2025/01/30 15:47:35 getPosts.go:170: Appending post with ID: 2 to posts slice
FORUM: 2025/01/30 15:47:35 getPosts.go:180: Finished processing rows. Total posts fetched: 3
FORUM: 2025/01/30 15:47:35 getPosts.go:77: Number of posts returned: 3
FORUM: 2025/01/30 15:47:40 getPosts.go:23: Request URL Path: /api/posts/1
FORUM: 2025/01/30 15:47:40 getPosts.go:27: Requested Page: 1
FORUM: 2025/01/30 15:47:40 getPosts.go:55: Fetching posts for page 1
FORUM: 2025/01/30 15:47:40 getPosts.go:133: Executing query: SELECT username, id, title, content, Categories, created_at, likes, dislikes 
              FROM posts 
              ORDER BY created_at DESC 
              LIMIT ? OFFSET ? with limit 10 and offset 0
FORUM: 2025/01/30 15:47:40 getPosts.go:146: Starting to process rows...
FORUM: 2025/01/30 15:47:40 getPosts.go:151: Scanning row for post...
FORUM: 2025/01/30 15:47:40 getPosts.go:158: Successfully scanned post with ID: 27
FORUM: 2025/01/30 15:47:40 getPosts.go:161: Fetching comments for post ID: 27
FORUM: 2025/01/30 15:47:40 getPosts.go:168: Successfully fetched comments for post ID: 27, Comments: []
FORUM: 2025/01/30 15:47:40 getPosts.go:170: Appending post with ID: 27 to posts slice
FORUM: 2025/01/30 15:47:40 getPosts.go:151: Scanning row for post...
FORUM: 2025/01/30 15:47:40 getPosts.go:158: Successfully scanned post with ID: 26
FORUM: 2025/01/30 15:47:40 getPosts.go:161: Fetching comments for post ID: 26
FORUM: 2025/01/30 15:47:40 getPosts.go:168: Successfully fetched comments for post ID: 26, Comments: []
FORUM: 2025/01/30 15:47:40 getPosts.go:170: Appending post with ID: 26 to posts slice
FORUM: 2025/01/30 15:47:40 getPosts.go:151: Scanning row for post...
FORUM: 2025/01/30 15:47:40 getPosts.go:158: Successfully scanned post with ID: 25
FORUM: 2025/01/30 15:47:40 getPosts.go:161: Fetching comments for post ID: 25
FORUM: 2025/01/30 15:47:40 getPosts.go:168: Successfully fetched comments for post ID: 25, Comments: []
FORUM: 2025/01/30 15:47:40 getPosts.go:170: Appending post with ID: 25 to posts slice
FORUM: 2025/01/30 15:47:40 getPosts.go:151: Scanning row for post...
FORUM: 2025/01/30 15:47:40 getPosts.go:158: Successfully scanned post with ID: 24
FORUM: 2025/01/30 15:47:40 getPosts.go:161: Fetching comments for post ID: 24
FORUM: 2025/01/30 15:47:40 getPosts.go:168: Successfully fetched comments for post ID: 24, Comments: []
FORUM: 2025/01/30 15:47:40 getPosts.go:170: Appending post with ID: 24 to posts slice
FORUM: 2025/01/30 15:47:40 getPosts.go:151: Scanning row for post...
FORUM: 2025/01/30 15:47:40 getPosts.go:158: Successfully scanned post with ID: 23
FORUM: 2025/01/30 15:47:40 getPosts.go:161: Fetching comments for post ID: 23
FORUM: 2025/01/30 15:47:40 getPosts.go:168: Successfully fetched comments for post ID: 23, Comments: []
FORUM: 2025/01/30 15:47:40 getPosts.go:170: Appending post with ID: 23 to posts slice
FORUM: 2025/01/30 15:47:40 getPosts.go:151: Scanning row for post...
FORUM: 2025/01/30 15:47:40 getPosts.go:158: Successfully scanned post with ID: 22
FORUM: 2025/01/30 15:47:40 getPosts.go:161: Fetching comments for post ID: 22
FORUM: 2025/01/30 15:47:40 getPosts.go:168: Successfully fetched comments for post ID: 22, Comments: []
FORUM: 2025/01/30 15:47:40 getPosts.go:170: Appending post with ID: 22 to posts slice
FORUM: 2025/01/30 15:47:40 getPosts.go:151: Scanning row for post...
FORUM: 2025/01/30 15:47:40 getPosts.go:158: Successfully scanned post with ID: 21
FORUM: 2025/01/30 15:47:40 getPosts.go:161: Fetching comments for post ID: 21
FORUM: 2025/01/30 15:47:40 getPosts.go:168: Successfully fetched comments for post ID: 21, Comments: []
FORUM: 2025/01/30 15:47:40 getPosts.go:170: Appending post with ID: 21 to posts slice
FORUM: 2025/01/30 15:47:40 getPosts.go:151: Scanning row for post...
FORUM: 2025/01/30 15:47:40 getPosts.go:158: Successfully scanned post with ID: 20
FORUM: 2025/01/30 15:47:40 getPosts.go:161: Fetching comments for post ID: 20
FORUM: 2025/01/30 15:47:40 getPosts.go:168: Successfully fetched comments for post ID: 20, Comments: []
FORUM: 2025/01/30 15:47:40 getPosts.go:170: Appending post with ID: 20 to posts slice
FORUM: 2025/01/30 15:47:40 getPosts.go:151: Scanning row for post...
FORUM: 2025/01/30 15:47:40 getPosts.go:158: Successfully scanned post with ID: 19
FORUM: 2025/01/30 15:47:40 getPosts.go:161: Fetching comments for post ID: 19
FORUM: 2025/01/30 15:47:40 getPosts.go:168: Successfully fetched comments for post ID: 19, Comments: []
FORUM: 2025/01/30 15:47:40 getPosts.go:170: Appending post with ID: 19 to posts slice
FORUM: 2025/01/30 15:47:40 getPosts.go:151: Scanning row for post...
FORUM: 2025/01/30 15:47:40 getPosts.go:158: Successfully scanned post with ID: 18
FORUM: 2025/01/30 15:47:40 getPosts.go:161: Fetching comments for post ID: 18
FORUM: 2025/01/30 15:47:40 getPosts.go:168: Successfully fetched comments for post ID: 18, Comments: []
FORUM: 2025/01/30 15:47:40 getPosts.go:170: Appending post with ID: 18 to posts slice
FORUM: 2025/01/30 15:47:40 getPosts.go:180: Finished processing rows. Total posts fetched: 10
FORUM: 2025/01/30 15:47:40 getPosts.go:77: Number of posts returned: 10
