FORUM: 2025/01/30 13:13:57 logs.go:25: Logger created successfully
FORUM: 2025/01/30 13:13:57 parseTemplates.go:12: Attempting to parse templates with pattern:  ./templates/*.html
FORUM: 2025/01/30 13:13:57 parseTemplates.go:24: Templates loaded successfully
FORUM: 2025/01/30 13:14:50 homeHandler.go:13: Handling request for Home page
FORUM: 2025/01/30 13:14:50 homeHandler.go:21: Checking for session token
FORUM: 2025/01/30 13:14:50 homeHandler.go:30: Session token found, verifying...
FORUM: 2025/01/30 13:14:50 session.go:38: SessionCheck: Session is valid for token: 0194b701-8e70-70bb-9d9f-1d450f7e3b32
FORUM: 2025/01/30 13:14:50 homeHandler.go:47: User is logged in: {true aaa false}
FORUM: 2025/01/30 13:14:50 homeHandler.go:48: User successfully logged in: aaa
FORUM: 2025/01/30 13:14:50 homeHandler.go:54: Setting cookie: session_token = 0194b701-8e70-70bb-9d9f-1d450f7e3b32
FORUM: 2025/01/30 13:14:50 getPosts.go:23: Request URL Path: /api/posts
FORUM: 2025/01/30 13:14:50 getPosts.go:55: Fetching posts for page 1
FORUM: 2025/01/30 13:14:50 getPosts.go:135: Executing query: SELECT username, id, title, content, Categories, created_at, likes, dislikes 
              FROM posts 
              ORDER BY created_at DESC 
              LIMIT ? OFFSET ? with limit 10 and offset 0
FORUM: 2025/01/30 13:14:50 getPosts.go:148: Starting to process rows...
FORUM: 2025/01/30 13:14:50 getPosts.go:153: Scanning row for post...
FORUM: 2025/01/30 13:14:50 getPosts.go:160: Successfully scanned post with ID: 14
FORUM: 2025/01/30 13:14:50 getPosts.go:163: Fetching comments for post ID: 14
FORUM: 2025/01/30 13:14:50 getPosts.go:170: Successfully fetched comments for post ID: 14, Comments: []
FORUM: 2025/01/30 13:14:50 getPosts.go:172: Appending post with ID: 14 to posts slice
FORUM: 2025/01/30 13:14:50 getPosts.go:153: Scanning row for post...
FORUM: 2025/01/30 13:14:50 getPosts.go:160: Successfully scanned post with ID: 13
FORUM: 2025/01/30 13:14:50 getPosts.go:163: Fetching comments for post ID: 13
FORUM: 2025/01/30 13:14:50 getPosts.go:170: Successfully fetched comments for post ID: 13, Comments: []
FORUM: 2025/01/30 13:14:50 getPosts.go:172: Appending post with ID: 13 to posts slice
FORUM: 2025/01/30 13:14:50 getPosts.go:153: Scanning row for post...
FORUM: 2025/01/30 13:14:50 getPosts.go:160: Successfully scanned post with ID: 12
FORUM: 2025/01/30 13:14:50 getPosts.go:163: Fetching comments for post ID: 12
FORUM: 2025/01/30 13:14:50 getPosts.go:170: Successfully fetched comments for post ID: 12, Comments: []
FORUM: 2025/01/30 13:14:50 getPosts.go:172: Appending post with ID: 12 to posts slice
FORUM: 2025/01/30 13:14:50 getPosts.go:153: Scanning row for post...
FORUM: 2025/01/30 13:14:50 getPosts.go:160: Successfully scanned post with ID: 11
FORUM: 2025/01/30 13:14:50 getPosts.go:163: Fetching comments for post ID: 11
FORUM: 2025/01/30 13:14:50 getPosts.go:170: Successfully fetched comments for post ID: 11, Comments: []
FORUM: 2025/01/30 13:14:50 getPosts.go:172: Appending post with ID: 11 to posts slice
FORUM: 2025/01/30 13:14:50 getPosts.go:153: Scanning row for post...
FORUM: 2025/01/30 13:14:50 getPosts.go:160: Successfully scanned post with ID: 10
FORUM: 2025/01/30 13:14:50 getPosts.go:163: Fetching comments for post ID: 10
FORUM: 2025/01/30 13:14:50 getPosts.go:170: Successfully fetched comments for post ID: 10, Comments: []
FORUM: 2025/01/30 13:14:50 getPosts.go:172: Appending post with ID: 10 to posts slice
FORUM: 2025/01/30 13:14:50 getPosts.go:153: Scanning row for post...
FORUM: 2025/01/30 13:14:50 getPosts.go:160: Successfully scanned post with ID: 9
FORUM: 2025/01/30 13:14:50 getPosts.go:163: Fetching comments for post ID: 9
FORUM: 2025/01/30 13:14:50 getPosts.go:170: Successfully fetched comments for post ID: 9, Comments: []
FORUM: 2025/01/30 13:14:50 getPosts.go:172: Appending post with ID: 9 to posts slice
FORUM: 2025/01/30 13:14:50 getPosts.go:153: Scanning row for post...
FORUM: 2025/01/30 13:14:50 getPosts.go:160: Successfully scanned post with ID: 8
FORUM: 2025/01/30 13:14:50 getPosts.go:163: Fetching comments for post ID: 8
FORUM: 2025/01/30 13:14:50 getPosts.go:170: Successfully fetched comments for post ID: 8, Comments: []
FORUM: 2025/01/30 13:14:50 getPosts.go:172: Appending post with ID: 8 to posts slice
FORUM: 2025/01/30 13:14:50 getPosts.go:153: Scanning row for post...
FORUM: 2025/01/30 13:14:50 getPosts.go:160: Successfully scanned post with ID: 7
FORUM: 2025/01/30 13:14:50 getPosts.go:163: Fetching comments for post ID: 7
FORUM: 2025/01/30 13:14:50 getPosts.go:170: Successfully fetched comments for post ID: 7, Comments: []
FORUM: 2025/01/30 13:14:50 getPosts.go:172: Appending post with ID: 7 to posts slice
FORUM: 2025/01/30 13:14:50 getPosts.go:153: Scanning row for post...
FORUM: 2025/01/30 13:14:50 getPosts.go:160: Successfully scanned post with ID: 6
FORUM: 2025/01/30 13:14:50 getPosts.go:163: Fetching comments for post ID: 6
FORUM: 2025/01/30 13:14:50 getPosts.go:170: Successfully fetched comments for post ID: 6, Comments: []
FORUM: 2025/01/30 13:14:50 getPosts.go:172: Appending post with ID: 6 to posts slice
FORUM: 2025/01/30 13:14:50 getPosts.go:153: Scanning row for post...
FORUM: 2025/01/30 13:14:50 getPosts.go:160: Successfully scanned post with ID: 5
FORUM: 2025/01/30 13:14:50 getPosts.go:163: Fetching comments for post ID: 5
FORUM: 2025/01/30 13:14:50 getPosts.go:170: Successfully fetched comments for post ID: 5, Comments: []
FORUM: 2025/01/30 13:14:50 getPosts.go:172: Appending post with ID: 5 to posts slice
FORUM: 2025/01/30 13:14:50 getPosts.go:182: Finished processing rows. Total posts fetched: 10
FORUM: 2025/01/30 13:14:50 getPosts.go:79: Number of posts returned: 10
FORUM: 2025/01/30 13:14:55 getPosts.go:23: Request URL Path: /api/posts/1/categories=General
FORUM: 2025/01/30 13:14:55 getPosts.go:27: Requested Page: 1
FORUM: 2025/01/30 13:14:55 getPosts.go:40: Categories found in URL: [General]
FORUM: 2025/01/30 13:14:55 getPosts.go:44: Fetching posts by categories: [General] for page 1
FORUM: 2025/01/30 13:14:55 getPosts.go:91: Category Found: General
FORUM: 2025/01/30 13:14:55 getPosts.go:112: Params:  [%General% 10 0]
FORUM: 2025/01/30 13:14:55 getPosts.go:114: Executing query: 
		SELECT username, id, title, content, Categories, created_at, likes, dislikes 
		FROM posts 
		WHERE Categories LIKE ?
		ORDER BY created_at DESC 
		LIMIT ? OFFSET ? with categories: [General], limit: 10, offset: 0
FORUM: 2025/01/30 13:14:55 getPosts.go:148: Starting to process rows...
FORUM: 2025/01/30 13:14:55 getPosts.go:153: Scanning row for post...
FORUM: 2025/01/30 13:14:55 getPosts.go:160: Successfully scanned post with ID: 7
FORUM: 2025/01/30 13:14:55 getPosts.go:163: Fetching comments for post ID: 7
FORUM: 2025/01/30 13:14:55 getPosts.go:170: Successfully fetched comments for post ID: 7, Comments: []
FORUM: 2025/01/30 13:14:55 getPosts.go:172: Appending post with ID: 7 to posts slice
FORUM: 2025/01/30 13:14:55 getPosts.go:153: Scanning row for post...
FORUM: 2025/01/30 13:14:55 getPosts.go:160: Successfully scanned post with ID: 2
FORUM: 2025/01/30 13:14:55 getPosts.go:163: Fetching comments for post ID: 2
FORUM: 2025/01/30 13:14:55 getPosts.go:170: Successfully fetched comments for post ID: 2, Comments: []
FORUM: 2025/01/30 13:14:55 getPosts.go:172: Appending post with ID: 2 to posts slice
FORUM: 2025/01/30 13:14:55 getPosts.go:182: Finished processing rows. Total posts fetched: 2
FORUM: 2025/01/30 13:14:55 getPosts.go:79: Number of posts returned: 2
FORUM: 2025/01/30 13:14:58 getPosts.go:23: Request URL Path: /api/posts/1
FORUM: 2025/01/30 13:14:58 getPosts.go:27: Requested Page: 1
FORUM: 2025/01/30 13:15:00 homeHandler.go:13: Handling request for Home page
FORUM: 2025/01/30 13:15:00 homeHandler.go:21: Checking for session token
FORUM: 2025/01/30 13:15:00 homeHandler.go:30: Session token found, verifying...
FORUM: 2025/01/30 13:15:00 session.go:38: SessionCheck: Session is valid for token: 0194b701-8e70-70bb-9d9f-1d450f7e3b32
FORUM: 2025/01/30 13:15:00 homeHandler.go:47: User is logged in: {true aaa false}
FORUM: 2025/01/30 13:15:00 homeHandler.go:48: User successfully logged in: aaa
FORUM: 2025/01/30 13:15:00 homeHandler.go:54: Setting cookie: session_token = 0194b701-8e70-70bb-9d9f-1d450f7e3b32
FORUM: 2025/01/30 13:15:00 getPosts.go:23: Request URL Path: /api/posts
FORUM: 2025/01/30 13:15:00 getPosts.go:55: Fetching posts for page 1
FORUM: 2025/01/30 13:15:00 getPosts.go:135: Executing query: SELECT username, id, title, content, Categories, created_at, likes, dislikes 
              FROM posts 
              ORDER BY created_at DESC 
              LIMIT ? OFFSET ? with limit 10 and offset 0
FORUM: 2025/01/30 13:15:00 getPosts.go:148: Starting to process rows...
FORUM: 2025/01/30 13:15:00 getPosts.go:153: Scanning row for post...
FORUM: 2025/01/30 13:15:00 getPosts.go:160: Successfully scanned post with ID: 14
FORUM: 2025/01/30 13:15:00 getPosts.go:163: Fetching comments for post ID: 14
FORUM: 2025/01/30 13:15:00 getPosts.go:170: Successfully fetched comments for post ID: 14, Comments: []
FORUM: 2025/01/30 13:15:00 getPosts.go:172: Appending post with ID: 14 to posts slice
FORUM: 2025/01/30 13:15:00 getPosts.go:153: Scanning row for post...
FORUM: 2025/01/30 13:15:00 getPosts.go:160: Successfully scanned post with ID: 13
FORUM: 2025/01/30 13:15:00 getPosts.go:163: Fetching comments for post ID: 13
FORUM: 2025/01/30 13:15:00 getPosts.go:170: Successfully fetched comments for post ID: 13, Comments: []
FORUM: 2025/01/30 13:15:00 getPosts.go:172: Appending post with ID: 13 to posts slice
FORUM: 2025/01/30 13:15:00 getPosts.go:153: Scanning row for post...
FORUM: 2025/01/30 13:15:00 getPosts.go:160: Successfully scanned post with ID: 12
FORUM: 2025/01/30 13:15:00 getPosts.go:163: Fetching comments for post ID: 12
FORUM: 2025/01/30 13:15:00 getPosts.go:170: Successfully fetched comments for post ID: 12, Comments: []
FORUM: 2025/01/30 13:15:00 getPosts.go:172: Appending post with ID: 12 to posts slice
FORUM: 2025/01/30 13:15:00 getPosts.go:153: Scanning row for post...
FORUM: 2025/01/30 13:15:00 getPosts.go:160: Successfully scanned post with ID: 11
FORUM: 2025/01/30 13:15:00 getPosts.go:163: Fetching comments for post ID: 11
FORUM: 2025/01/30 13:15:00 getPosts.go:170: Successfully fetched comments for post ID: 11, Comments: []
FORUM: 2025/01/30 13:15:00 getPosts.go:172: Appending post with ID: 11 to posts slice
FORUM: 2025/01/30 13:15:00 getPosts.go:153: Scanning row for post...
FORUM: 2025/01/30 13:15:00 getPosts.go:160: Successfully scanned post with ID: 10
FORUM: 2025/01/30 13:15:00 getPosts.go:163: Fetching comments for post ID: 10
FORUM: 2025/01/30 13:15:00 getPosts.go:170: Successfully fetched comments for post ID: 10, Comments: []
FORUM: 2025/01/30 13:15:00 getPosts.go:172: Appending post with ID: 10 to posts slice
FORUM: 2025/01/30 13:15:00 getPosts.go:153: Scanning row for post...
FORUM: 2025/01/30 13:15:00 getPosts.go:160: Successfully scanned post with ID: 9
FORUM: 2025/01/30 13:15:00 getPosts.go:163: Fetching comments for post ID: 9
FORUM: 2025/01/30 13:15:00 getPosts.go:170: Successfully fetched comments for post ID: 9, Comments: []
FORUM: 2025/01/30 13:15:00 getPosts.go:172: Appending post with ID: 9 to posts slice
FORUM: 2025/01/30 13:15:00 getPosts.go:153: Scanning row for post...
FORUM: 2025/01/30 13:15:00 getPosts.go:160: Successfully scanned post with ID: 8
FORUM: 2025/01/30 13:15:00 getPosts.go:163: Fetching comments for post ID: 8
FORUM: 2025/01/30 13:15:00 getPosts.go:170: Successfully fetched comments for post ID: 8, Comments: []
FORUM: 2025/01/30 13:15:00 getPosts.go:172: Appending post with ID: 8 to posts slice
FORUM: 2025/01/30 13:15:00 getPosts.go:153: Scanning row for post...
FORUM: 2025/01/30 13:15:00 getPosts.go:160: Successfully scanned post with ID: 7
FORUM: 2025/01/30 13:15:00 getPosts.go:163: Fetching comments for post ID: 7
FORUM: 2025/01/30 13:15:00 getPosts.go:170: Successfully fetched comments for post ID: 7, Comments: []
FORUM: 2025/01/30 13:15:00 getPosts.go:172: Appending post with ID: 7 to posts slice
FORUM: 2025/01/30 13:15:00 getPosts.go:153: Scanning row for post...
FORUM: 2025/01/30 13:15:00 getPosts.go:160: Successfully scanned post with ID: 6
FORUM: 2025/01/30 13:15:00 getPosts.go:163: Fetching comments for post ID: 6
FORUM: 2025/01/30 13:15:00 getPosts.go:170: Successfully fetched comments for post ID: 6, Comments: []
FORUM: 2025/01/30 13:15:00 getPosts.go:172: Appending post with ID: 6 to posts slice
FORUM: 2025/01/30 13:15:00 getPosts.go:153: Scanning row for post...
FORUM: 2025/01/30 13:15:00 getPosts.go:160: Successfully scanned post with ID: 5
FORUM: 2025/01/30 13:15:00 getPosts.go:163: Fetching comments for post ID: 5
FORUM: 2025/01/30 13:15:00 getPosts.go:170: Successfully fetched comments for post ID: 5, Comments: []
FORUM: 2025/01/30 13:15:00 getPosts.go:172: Appending post with ID: 5 to posts slice
FORUM: 2025/01/30 13:15:00 getPosts.go:182: Finished processing rows. Total posts fetched: 10
FORUM: 2025/01/30 13:15:00 getPosts.go:79: Number of posts returned: 10
FORUM: 2025/01/30 13:15:03 getPosts.go:23: Request URL Path: /api/posts/2
FORUM: 2025/01/30 13:15:03 getPosts.go:27: Requested Page: 2
FORUM: 2025/01/30 13:15:15 getPosts.go:23: Request URL Path: /api/posts/3
FORUM: 2025/01/30 13:15:15 getPosts.go:27: Requested Page: 3
FORUM: 2025/01/30 13:15:16 getPosts.go:23: Request URL Path: /api/posts/4
FORUM: 2025/01/30 13:15:16 getPosts.go:27: Requested Page: 4
FORUM: 2025/01/30 13:15:17 getPosts.go:23: Request URL Path: /api/posts/5
FORUM: 2025/01/30 13:15:17 getPosts.go:27: Requested Page: 5
FORUM: 2025/01/30 13:15:17 getPosts.go:23: Request URL Path: /api/posts/6
FORUM: 2025/01/30 13:15:17 getPosts.go:27: Requested Page: 6
FORUM: 2025/01/30 13:15:20 getPosts.go:23: Request URL Path: /api/posts/7
FORUM: 2025/01/30 13:15:20 getPosts.go:27: Requested Page: 7
FORUM: 2025/01/30 13:15:21 getPosts.go:23: Request URL Path: /api/posts/8
FORUM: 2025/01/30 13:15:21 getPosts.go:27: Requested Page: 8
