FORUM: 2025/01/29 12:32:17 logs.go:25: Logger created successfully
FORUM: 2025/01/29 12:32:17 parseTemplates.go:12: Attempting to parse templates with pattern:  ./templates/*.html
FORUM: 2025/01/29 12:32:17 parseTemplates.go:24: Templates loaded successfully
FORUM: 2025/01/29 12:32:18 homeHandler.go:13: Handling request for Home page
FORUM: 2025/01/29 12:32:18 homeHandler.go:21: Checking for session token
FORUM: 2025/01/29 12:32:18 homeHandler.go:30: Session token found, verifying...
FORUM: 2025/01/29 12:32:18 session.go:38: SessionCheck: Session is valid for token: 0194b1b5-a2ca-7eee-81d0-5c9a33dca617
FORUM: 2025/01/29 12:32:18 homeHandler.go:47: User is logged in: {true aaa false}
FORUM: 2025/01/29 12:32:18 homeHandler.go:48: User successfully logged in: aaa
FORUM: 2025/01/29 12:32:18 homeHandler.go:54: Setting cookie: session_token = 0194b1b5-a2ca-7eee-81d0-5c9a33dca617
FORUM: 2025/01/29 12:32:18 getPosts.go:23: Request URL Path: /api/posts
FORUM: 2025/01/29 12:32:18 getPosts.go:55: Fetching posts for page 1
FORUM: 2025/01/29 12:32:18 getPosts.go:133: Executing query: SELECT username, id, title, content, Categories, created_at, likes, dislikes 
              FROM posts 
              ORDER BY created_at DESC 
              LIMIT ? OFFSET ? with limit 10 and offset 0
FORUM: 2025/01/29 12:32:18 getPosts.go:146: Starting to process rows...
FORUM: 2025/01/29 12:32:18 getPosts.go:151: Scanning row for post...
FORUM: 2025/01/29 12:32:18 getPosts.go:158: Successfully scanned post with ID: 9
FORUM: 2025/01/29 12:32:18 getPosts.go:161: Fetching comments for post ID: 9
FORUM: 2025/01/29 12:32:18 getPosts.go:168: Successfully fetched comments for post ID: 9, Comments: [{1 gjtj aaa 0 2025-01-29T12:17:02Z 0 0}]
FORUM: 2025/01/29 12:32:18 getPosts.go:170: Appending post with ID: 9 to posts slice
FORUM: 2025/01/29 12:32:18 getPosts.go:151: Scanning row for post...
FORUM: 2025/01/29 12:32:18 getPosts.go:158: Successfully scanned post with ID: 8
FORUM: 2025/01/29 12:32:18 getPosts.go:161: Fetching comments for post ID: 8
FORUM: 2025/01/29 12:32:18 getPosts.go:168: Successfully fetched comments for post ID: 8, Comments: [{2 eerrr aaa 0 2025-01-29T12:24:56Z 0 0}]
FORUM: 2025/01/29 12:32:18 getPosts.go:170: Appending post with ID: 8 to posts slice
FORUM: 2025/01/29 12:32:18 getPosts.go:151: Scanning row for post...
FORUM: 2025/01/29 12:32:18 getPosts.go:158: Successfully scanned post with ID: 7
FORUM: 2025/01/29 12:32:18 getPosts.go:161: Fetching comments for post ID: 7
FORUM: 2025/01/29 12:32:18 getPosts.go:168: Successfully fetched comments for post ID: 7, Comments: []
FORUM: 2025/01/29 12:32:18 getPosts.go:170: Appending post with ID: 7 to posts slice
FORUM: 2025/01/29 12:32:18 getPosts.go:151: Scanning row for post...
FORUM: 2025/01/29 12:32:18 getPosts.go:158: Successfully scanned post with ID: 6
FORUM: 2025/01/29 12:32:18 getPosts.go:161: Fetching comments for post ID: 6
FORUM: 2025/01/29 12:32:18 getPosts.go:168: Successfully fetched comments for post ID: 6, Comments: []
FORUM: 2025/01/29 12:32:18 getPosts.go:170: Appending post with ID: 6 to posts slice
FORUM: 2025/01/29 12:32:18 getPosts.go:151: Scanning row for post...
FORUM: 2025/01/29 12:32:18 getPosts.go:158: Successfully scanned post with ID: 5
FORUM: 2025/01/29 12:32:18 getPosts.go:161: Fetching comments for post ID: 5
FORUM: 2025/01/29 12:32:18 getPosts.go:168: Successfully fetched comments for post ID: 5, Comments: []
FORUM: 2025/01/29 12:32:18 getPosts.go:170: Appending post with ID: 5 to posts slice
FORUM: 2025/01/29 12:32:18 getPosts.go:151: Scanning row for post...
FORUM: 2025/01/29 12:32:18 getPosts.go:158: Successfully scanned post with ID: 4
FORUM: 2025/01/29 12:32:18 getPosts.go:161: Fetching comments for post ID: 4
FORUM: 2025/01/29 12:32:18 getPosts.go:168: Successfully fetched comments for post ID: 4, Comments: []
FORUM: 2025/01/29 12:32:18 getPosts.go:170: Appending post with ID: 4 to posts slice
FORUM: 2025/01/29 12:32:18 getPosts.go:151: Scanning row for post...
FORUM: 2025/01/29 12:32:18 getPosts.go:158: Successfully scanned post with ID: 3
FORUM: 2025/01/29 12:32:18 getPosts.go:161: Fetching comments for post ID: 3
FORUM: 2025/01/29 12:32:18 getPosts.go:168: Successfully fetched comments for post ID: 3, Comments: []
FORUM: 2025/01/29 12:32:18 getPosts.go:170: Appending post with ID: 3 to posts slice
FORUM: 2025/01/29 12:32:18 getPosts.go:151: Scanning row for post...
FORUM: 2025/01/29 12:32:18 getPosts.go:158: Successfully scanned post with ID: 2
FORUM: 2025/01/29 12:32:18 getPosts.go:161: Fetching comments for post ID: 2
FORUM: 2025/01/29 12:32:18 getPosts.go:168: Successfully fetched comments for post ID: 2, Comments: []
FORUM: 2025/01/29 12:32:18 getPosts.go:170: Appending post with ID: 2 to posts slice
FORUM: 2025/01/29 12:32:18 getPosts.go:180: Finished processing rows. Total posts fetched: 8
FORUM: 2025/01/29 12:32:18 getPosts.go:77: Number of posts returned: 8
FORUM: 2025/01/29 12:32:22 addReaction.go:15: Received request to add reaction
FORUM: 2025/01/29 12:32:22 session.go:38: SessionCheck: Session is valid for token: 0194b1b5-a2ca-7eee-81d0-5c9a33dca617
FORUM: 2025/01/29 12:32:22 addReaction.go:32: Retrieved session token: 0194b1b5-a2ca-7eee-81d0-5c9a33dca617
FORUM: 2025/01/29 12:32:22 addReaction.go:41: Authenticated user ID: 1
FORUM: 2025/01/29 12:32:22 addReaction.go:56: Processing reaction request: {ItemID:1 ItemType:comment Action:like}
FORUM: 2025/01/29 12:32:22 addReaction.go:79: Target table: comments, Item ID: 1, Action: like
FORUM: 2025/01/29 12:32:22 addReaction.go:87: No existing interaction, adding new entry
FORUM: 2025/01/29 12:32:22 addReaction.go:104: Incrementing likes count for item ID: 1
FORUM: 2025/01/29 12:32:22 addReaction.go:148: Updated counts - Likes: 1, Dislikes: 0
FORUM: 2025/01/29 12:32:22 addReaction.go:157: Response sent successfully
FORUM: 2025/01/29 12:32:23 addReaction.go:15: Received request to add reaction
FORUM: 2025/01/29 12:32:23 session.go:38: SessionCheck: Session is valid for token: 0194b1b5-a2ca-7eee-81d0-5c9a33dca617
FORUM: 2025/01/29 12:32:23 addReaction.go:32: Retrieved session token: 0194b1b5-a2ca-7eee-81d0-5c9a33dca617
FORUM: 2025/01/29 12:32:23 addReaction.go:41: Authenticated user ID: 1
FORUM: 2025/01/29 12:32:23 addReaction.go:56: Processing reaction request: {ItemID:1 ItemType:comment Action:dislike}
FORUM: 2025/01/29 12:32:23 addReaction.go:79: Target table: comments, Item ID: 1, Action: dislike
FORUM: 2025/01/29 12:32:23 addReaction.go:108: Existing interaction found (ID: 3), current action: like
FORUM: 2025/01/29 12:32:23 addReaction.go:120: User is changing their reaction
FORUM: 2025/01/29 12:32:23 addReaction.go:148: Updated counts - Likes: 0, Dislikes: 1
FORUM: 2025/01/29 12:32:23 addReaction.go:157: Response sent successfully
FORUM: 2025/01/29 12:32:26 addReaction.go:15: Received request to add reaction
FORUM: 2025/01/29 12:32:26 session.go:38: SessionCheck: Session is valid for token: 0194b1b5-a2ca-7eee-81d0-5c9a33dca617
FORUM: 2025/01/29 12:32:26 addReaction.go:32: Retrieved session token: 0194b1b5-a2ca-7eee-81d0-5c9a33dca617
FORUM: 2025/01/29 12:32:26 addReaction.go:41: Authenticated user ID: 1
FORUM: 2025/01/29 12:32:26 addReaction.go:56: Processing reaction request: {ItemID:1 ItemType:comment Action:like}
FORUM: 2025/01/29 12:32:26 addReaction.go:79: Target table: comments, Item ID: 1, Action: like
FORUM: 2025/01/29 12:32:26 addReaction.go:108: Existing interaction found (ID: 4), current action: dislike
FORUM: 2025/01/29 12:32:26 addReaction.go:120: User is changing their reaction
FORUM: 2025/01/29 12:32:26 addReaction.go:148: Updated counts - Likes: 1, Dislikes: 0
FORUM: 2025/01/29 12:32:26 addReaction.go:157: Response sent successfully
FORUM: 2025/01/29 12:32:27 addReaction.go:15: Received request to add reaction
FORUM: 2025/01/29 12:32:27 session.go:38: SessionCheck: Session is valid for token: 0194b1b5-a2ca-7eee-81d0-5c9a33dca617
FORUM: 2025/01/29 12:32:27 addReaction.go:32: Retrieved session token: 0194b1b5-a2ca-7eee-81d0-5c9a33dca617
FORUM: 2025/01/29 12:32:27 addReaction.go:41: Authenticated user ID: 1
FORUM: 2025/01/29 12:32:27 addReaction.go:56: Processing reaction request: {ItemID:1 ItemType:comment Action:like}
FORUM: 2025/01/29 12:32:27 addReaction.go:79: Target table: comments, Item ID: 1, Action: like
FORUM: 2025/01/29 12:32:27 addReaction.go:108: Existing interaction found (ID: 5), current action: like
FORUM: 2025/01/29 12:32:27 addReaction.go:111: User is removing their existing reaction
FORUM: 2025/01/29 12:32:27 addReaction.go:148: Updated counts - Likes: 0, Dislikes: 0
FORUM: 2025/01/29 12:32:27 addReaction.go:157: Response sent successfully
FORUM: 2025/01/29 12:32:29 addReaction.go:15: Received request to add reaction
FORUM: 2025/01/29 12:32:29 session.go:38: SessionCheck: Session is valid for token: 0194b1b5-a2ca-7eee-81d0-5c9a33dca617
FORUM: 2025/01/29 12:32:29 addReaction.go:32: Retrieved session token: 0194b1b5-a2ca-7eee-81d0-5c9a33dca617
FORUM: 2025/01/29 12:32:29 addReaction.go:41: Authenticated user ID: 1
FORUM: 2025/01/29 12:32:29 addReaction.go:56: Processing reaction request: {ItemID:1 ItemType:comment Action:like}
FORUM: 2025/01/29 12:32:29 addReaction.go:79: Target table: comments, Item ID: 1, Action: like
FORUM: 2025/01/29 12:32:29 addReaction.go:87: No existing interaction, adding new entry
FORUM: 2025/01/29 12:32:29 addReaction.go:104: Incrementing likes count for item ID: 1
FORUM: 2025/01/29 12:32:29 addReaction.go:148: Updated counts - Likes: 1, Dislikes: 0
FORUM: 2025/01/29 12:32:29 addReaction.go:157: Response sent successfully
FORUM: 2025/01/29 12:32:30 addReaction.go:15: Received request to add reaction
FORUM: 2025/01/29 12:32:30 session.go:38: SessionCheck: Session is valid for token: 0194b1b5-a2ca-7eee-81d0-5c9a33dca617
FORUM: 2025/01/29 12:32:30 addReaction.go:32: Retrieved session token: 0194b1b5-a2ca-7eee-81d0-5c9a33dca617
FORUM: 2025/01/29 12:32:30 addReaction.go:41: Authenticated user ID: 1
FORUM: 2025/01/29 12:32:30 addReaction.go:56: Processing reaction request: {ItemID:1 ItemType:comment Action:like}
FORUM: 2025/01/29 12:32:30 addReaction.go:79: Target table: comments, Item ID: 1, Action: like
FORUM: 2025/01/29 12:32:30 addReaction.go:108: Existing interaction found (ID: 6), current action: like
FORUM: 2025/01/29 12:32:30 addReaction.go:111: User is removing their existing reaction
FORUM: 2025/01/29 12:32:30 addReaction.go:148: Updated counts - Likes: 0, Dislikes: 0
FORUM: 2025/01/29 12:32:30 addReaction.go:157: Response sent successfully
FORUM: 2025/01/29 12:32:31 addReaction.go:15: Received request to add reaction
FORUM: 2025/01/29 12:32:31 session.go:38: SessionCheck: Session is valid for token: 0194b1b5-a2ca-7eee-81d0-5c9a33dca617
FORUM: 2025/01/29 12:32:31 addReaction.go:32: Retrieved session token: 0194b1b5-a2ca-7eee-81d0-5c9a33dca617
FORUM: 2025/01/29 12:32:31 addReaction.go:41: Authenticated user ID: 1
FORUM: 2025/01/29 12:32:31 addReaction.go:56: Processing reaction request: {ItemID:1 ItemType:comment Action:like}
FORUM: 2025/01/29 12:32:31 addReaction.go:79: Target table: comments, Item ID: 1, Action: like
FORUM: 2025/01/29 12:32:31 addReaction.go:87: No existing interaction, adding new entry
FORUM: 2025/01/29 12:32:31 addReaction.go:104: Incrementing likes count for item ID: 1
FORUM: 2025/01/29 12:32:31 addReaction.go:148: Updated counts - Likes: 1, Dislikes: 0
FORUM: 2025/01/29 12:32:31 addReaction.go:157: Response sent successfully
FORUM: 2025/01/29 12:32:33 addReaction.go:15: Received request to add reaction
FORUM: 2025/01/29 12:32:33 session.go:38: SessionCheck: Session is valid for token: 0194b1b5-a2ca-7eee-81d0-5c9a33dca617
FORUM: 2025/01/29 12:32:33 addReaction.go:32: Retrieved session token: 0194b1b5-a2ca-7eee-81d0-5c9a33dca617
FORUM: 2025/01/29 12:32:33 addReaction.go:41: Authenticated user ID: 1
FORUM: 2025/01/29 12:32:33 addReaction.go:56: Processing reaction request: {ItemID:1 ItemType:comment Action:like}
FORUM: 2025/01/29 12:32:33 addReaction.go:79: Target table: comments, Item ID: 1, Action: like
FORUM: 2025/01/29 12:32:33 addReaction.go:108: Existing interaction found (ID: 7), current action: like
FORUM: 2025/01/29 12:32:33 addReaction.go:111: User is removing their existing reaction
FORUM: 2025/01/29 12:32:33 addReaction.go:148: Updated counts - Likes: 0, Dislikes: 0
FORUM: 2025/01/29 12:32:33 addReaction.go:157: Response sent successfully
FORUM: 2025/01/29 12:32:34 addReaction.go:15: Received request to add reaction
FORUM: 2025/01/29 12:32:34 session.go:38: SessionCheck: Session is valid for token: 0194b1b5-a2ca-7eee-81d0-5c9a33dca617
FORUM: 2025/01/29 12:32:34 addReaction.go:32: Retrieved session token: 0194b1b5-a2ca-7eee-81d0-5c9a33dca617
FORUM: 2025/01/29 12:32:34 addReaction.go:41: Authenticated user ID: 1
FORUM: 2025/01/29 12:32:34 addReaction.go:56: Processing reaction request: {ItemID:1 ItemType:comment Action:dislike}
FORUM: 2025/01/29 12:32:34 addReaction.go:79: Target table: comments, Item ID: 1, Action: dislike
FORUM: 2025/01/29 12:32:34 addReaction.go:87: No existing interaction, adding new entry
FORUM: 2025/01/29 12:32:34 addReaction.go:104: Incrementing dislikes count for item ID: 1
FORUM: 2025/01/29 12:32:34 addReaction.go:148: Updated counts - Likes: 0, Dislikes: 1
FORUM: 2025/01/29 12:32:34 addReaction.go:157: Response sent successfully
FORUM: 2025/01/29 12:32:35 rateLimiter.go:36: IP:  ::1  Exceed the request limit!!
FORUM: 2025/01/29 12:32:37 homeHandler.go:13: Handling request for Home page
FORUM: 2025/01/29 12:32:37 homeHandler.go:21: Checking for session token
FORUM: 2025/01/29 12:32:37 homeHandler.go:30: Session token found, verifying...
FORUM: 2025/01/29 12:32:37 session.go:38: SessionCheck: Session is valid for token: 0194b1b5-a2ca-7eee-81d0-5c9a33dca617
FORUM: 2025/01/29 12:32:37 homeHandler.go:47: User is logged in: {true aaa false}
FORUM: 2025/01/29 12:32:37 homeHandler.go:48: User successfully logged in: aaa
FORUM: 2025/01/29 12:32:37 homeHandler.go:54: Setting cookie: session_token = 0194b1b5-a2ca-7eee-81d0-5c9a33dca617
FORUM: 2025/01/29 12:32:38 getPosts.go:23: Request URL Path: /api/posts
FORUM: 2025/01/29 12:32:38 getPosts.go:55: Fetching posts for page 1
FORUM: 2025/01/29 12:32:38 getPosts.go:133: Executing query: SELECT username, id, title, content, Categories, created_at, likes, dislikes 
              FROM posts 
              ORDER BY created_at DESC 
              LIMIT ? OFFSET ? with limit 10 and offset 0
FORUM: 2025/01/29 12:32:38 getPosts.go:146: Starting to process rows...
FORUM: 2025/01/29 12:32:38 getPosts.go:151: Scanning row for post...
FORUM: 2025/01/29 12:32:38 getPosts.go:158: Successfully scanned post with ID: 9
FORUM: 2025/01/29 12:32:38 getPosts.go:161: Fetching comments for post ID: 9
FORUM: 2025/01/29 12:32:38 getPosts.go:168: Successfully fetched comments for post ID: 9, Comments: [{1 gjtj aaa 0 2025-01-29T12:17:02Z 0 1}]
FORUM: 2025/01/29 12:32:38 getPosts.go:170: Appending post with ID: 9 to posts slice
FORUM: 2025/01/29 12:32:38 getPosts.go:151: Scanning row for post...
FORUM: 2025/01/29 12:32:38 getPosts.go:158: Successfully scanned post with ID: 8
FORUM: 2025/01/29 12:32:38 getPosts.go:161: Fetching comments for post ID: 8
FORUM: 2025/01/29 12:32:38 getPosts.go:168: Successfully fetched comments for post ID: 8, Comments: [{2 eerrr aaa 0 2025-01-29T12:24:56Z 0 0}]
FORUM: 2025/01/29 12:32:38 getPosts.go:170: Appending post with ID: 8 to posts slice
FORUM: 2025/01/29 12:32:38 getPosts.go:151: Scanning row for post...
FORUM: 2025/01/29 12:32:38 getPosts.go:158: Successfully scanned post with ID: 7
FORUM: 2025/01/29 12:32:38 getPosts.go:161: Fetching comments for post ID: 7
FORUM: 2025/01/29 12:32:38 getPosts.go:168: Successfully fetched comments for post ID: 7, Comments: []
FORUM: 2025/01/29 12:32:38 getPosts.go:170: Appending post with ID: 7 to posts slice
FORUM: 2025/01/29 12:32:38 getPosts.go:151: Scanning row for post...
FORUM: 2025/01/29 12:32:38 getPosts.go:158: Successfully scanned post with ID: 6
FORUM: 2025/01/29 12:32:38 getPosts.go:161: Fetching comments for post ID: 6
FORUM: 2025/01/29 12:32:38 getPosts.go:168: Successfully fetched comments for post ID: 6, Comments: []
FORUM: 2025/01/29 12:32:38 getPosts.go:170: Appending post with ID: 6 to posts slice
FORUM: 2025/01/29 12:32:38 getPosts.go:151: Scanning row for post...
FORUM: 2025/01/29 12:32:38 getPosts.go:158: Successfully scanned post with ID: 5
FORUM: 2025/01/29 12:32:38 getPosts.go:161: Fetching comments for post ID: 5
FORUM: 2025/01/29 12:32:38 getPosts.go:168: Successfully fetched comments for post ID: 5, Comments: []
FORUM: 2025/01/29 12:32:38 getPosts.go:170: Appending post with ID: 5 to posts slice
FORUM: 2025/01/29 12:32:38 getPosts.go:151: Scanning row for post...
FORUM: 2025/01/29 12:32:38 getPosts.go:158: Successfully scanned post with ID: 4
FORUM: 2025/01/29 12:32:38 getPosts.go:161: Fetching comments for post ID: 4
FORUM: 2025/01/29 12:32:38 getPosts.go:168: Successfully fetched comments for post ID: 4, Comments: []
FORUM: 2025/01/29 12:32:38 getPosts.go:170: Appending post with ID: 4 to posts slice
FORUM: 2025/01/29 12:32:38 getPosts.go:151: Scanning row for post...
FORUM: 2025/01/29 12:32:38 getPosts.go:158: Successfully scanned post with ID: 3
FORUM: 2025/01/29 12:32:38 getPosts.go:161: Fetching comments for post ID: 3
FORUM: 2025/01/29 12:32:38 getPosts.go:168: Successfully fetched comments for post ID: 3, Comments: []
FORUM: 2025/01/29 12:32:38 getPosts.go:170: Appending post with ID: 3 to posts slice
FORUM: 2025/01/29 12:32:38 getPosts.go:151: Scanning row for post...
FORUM: 2025/01/29 12:32:38 getPosts.go:158: Successfully scanned post with ID: 2
FORUM: 2025/01/29 12:32:38 getPosts.go:161: Fetching comments for post ID: 2
FORUM: 2025/01/29 12:32:38 getPosts.go:168: Successfully fetched comments for post ID: 2, Comments: []
FORUM: 2025/01/29 12:32:38 getPosts.go:170: Appending post with ID: 2 to posts slice
FORUM: 2025/01/29 12:32:38 getPosts.go:180: Finished processing rows. Total posts fetched: 8
FORUM: 2025/01/29 12:32:38 getPosts.go:77: Number of posts returned: 8
FORUM: 2025/01/29 12:32:43 session.go:38: SessionCheck: Session is valid for token: 0194b1b5-a2ca-7eee-81d0-5c9a33dca617
FORUM: 2025/01/29 12:32:43 addComment.go:53: Username:  aaa UserID:  1 Comment:  {gdfgfggf 6}
FORUM: 2025/01/29 12:32:43 addComment.go:76: Comment add:  {gdfgfggf 6}
FORUM: 2025/01/29 12:32:46 addReaction.go:15: Received request to add reaction
FORUM: 2025/01/29 12:32:46 session.go:38: SessionCheck: Session is valid for token: 0194b1b5-a2ca-7eee-81d0-5c9a33dca617
FORUM: 2025/01/29 12:32:46 addReaction.go:32: Retrieved session token: 0194b1b5-a2ca-7eee-81d0-5c9a33dca617
FORUM: 2025/01/29 12:32:46 addReaction.go:41: Authenticated user ID: 1
FORUM: 2025/01/29 12:32:46 addReaction.go:56: Processing reaction request: {ItemID:3 ItemType:comment Action:like}
FORUM: 2025/01/29 12:32:46 addReaction.go:79: Target table: comments, Item ID: 3, Action: like
FORUM: 2025/01/29 12:32:46 addReaction.go:87: No existing interaction, adding new entry
FORUM: 2025/01/29 12:32:46 addReaction.go:104: Incrementing likes count for item ID: 3
FORUM: 2025/01/29 12:32:46 addReaction.go:148: Updated counts - Likes: 1, Dislikes: 0
FORUM: 2025/01/29 12:32:46 addReaction.go:157: Response sent successfully
FORUM: 2025/01/29 12:32:47 addReaction.go:15: Received request to add reaction
FORUM: 2025/01/29 12:32:47 session.go:38: SessionCheck: Session is valid for token: 0194b1b5-a2ca-7eee-81d0-5c9a33dca617
FORUM: 2025/01/29 12:32:47 addReaction.go:32: Retrieved session token: 0194b1b5-a2ca-7eee-81d0-5c9a33dca617
FORUM: 2025/01/29 12:32:47 addReaction.go:41: Authenticated user ID: 1
FORUM: 2025/01/29 12:32:47 addReaction.go:56: Processing reaction request: {ItemID:3 ItemType:comment Action:like}
FORUM: 2025/01/29 12:32:47 addReaction.go:79: Target table: comments, Item ID: 3, Action: like
FORUM: 2025/01/29 12:32:47 addReaction.go:108: Existing interaction found (ID: 9), current action: like
FORUM: 2025/01/29 12:32:47 addReaction.go:111: User is removing their existing reaction
FORUM: 2025/01/29 12:32:47 addReaction.go:148: Updated counts - Likes: 0, Dislikes: 0
FORUM: 2025/01/29 12:32:47 addReaction.go:157: Response sent successfully
FORUM: 2025/01/29 12:32:48 addReaction.go:15: Received request to add reaction
FORUM: 2025/01/29 12:32:48 session.go:38: SessionCheck: Session is valid for token: 0194b1b5-a2ca-7eee-81d0-5c9a33dca617
FORUM: 2025/01/29 12:32:48 addReaction.go:32: Retrieved session token: 0194b1b5-a2ca-7eee-81d0-5c9a33dca617
FORUM: 2025/01/29 12:32:48 addReaction.go:41: Authenticated user ID: 1
FORUM: 2025/01/29 12:32:48 addReaction.go:56: Processing reaction request: {ItemID:3 ItemType:comment Action:like}
FORUM: 2025/01/29 12:32:48 addReaction.go:79: Target table: comments, Item ID: 3, Action: like
FORUM: 2025/01/29 12:32:48 addReaction.go:87: No existing interaction, adding new entry
FORUM: 2025/01/29 12:32:48 addReaction.go:104: Incrementing likes count for item ID: 3
FORUM: 2025/01/29 12:32:48 addReaction.go:148: Updated counts - Likes: 1, Dislikes: 0
FORUM: 2025/01/29 12:32:48 addReaction.go:157: Response sent successfully
FORUM: 2025/01/29 12:32:50 addReaction.go:15: Received request to add reaction
FORUM: 2025/01/29 12:32:50 session.go:38: SessionCheck: Session is valid for token: 0194b1b5-a2ca-7eee-81d0-5c9a33dca617
FORUM: 2025/01/29 12:32:50 addReaction.go:32: Retrieved session token: 0194b1b5-a2ca-7eee-81d0-5c9a33dca617
FORUM: 2025/01/29 12:32:50 addReaction.go:41: Authenticated user ID: 1
FORUM: 2025/01/29 12:32:50 addReaction.go:56: Processing reaction request: {ItemID:3 ItemType:comment Action:like}
FORUM: 2025/01/29 12:32:50 addReaction.go:79: Target table: comments, Item ID: 3, Action: like
FORUM: 2025/01/29 12:32:50 addReaction.go:108: Existing interaction found (ID: 10), current action: like
FORUM: 2025/01/29 12:32:50 addReaction.go:111: User is removing their existing reaction
FORUM: 2025/01/29 12:32:50 addReaction.go:148: Updated counts - Likes: 0, Dislikes: 0
FORUM: 2025/01/29 12:32:50 addReaction.go:157: Response sent successfully
FORUM: 2025/01/29 12:32:51 addReaction.go:15: Received request to add reaction
FORUM: 2025/01/29 12:32:51 session.go:38: SessionCheck: Session is valid for token: 0194b1b5-a2ca-7eee-81d0-5c9a33dca617
FORUM: 2025/01/29 12:32:51 addReaction.go:32: Retrieved session token: 0194b1b5-a2ca-7eee-81d0-5c9a33dca617
FORUM: 2025/01/29 12:32:51 addReaction.go:41: Authenticated user ID: 1
FORUM: 2025/01/29 12:32:51 addReaction.go:56: Processing reaction request: {ItemID:3 ItemType:comment Action:like}
FORUM: 2025/01/29 12:32:51 addReaction.go:79: Target table: comments, Item ID: 3, Action: like
FORUM: 2025/01/29 12:32:51 addReaction.go:87: No existing interaction, adding new entry
FORUM: 2025/01/29 12:32:51 addReaction.go:104: Incrementing likes count for item ID: 3
FORUM: 2025/01/29 12:32:51 addReaction.go:148: Updated counts - Likes: 1, Dislikes: 0
FORUM: 2025/01/29 12:32:51 addReaction.go:157: Response sent successfully
FORUM: 2025/01/29 12:32:53 addReaction.go:15: Received request to add reaction
FORUM: 2025/01/29 12:32:53 session.go:38: SessionCheck: Session is valid for token: 0194b1b5-a2ca-7eee-81d0-5c9a33dca617
FORUM: 2025/01/29 12:32:53 addReaction.go:32: Retrieved session token: 0194b1b5-a2ca-7eee-81d0-5c9a33dca617
FORUM: 2025/01/29 12:32:53 addReaction.go:41: Authenticated user ID: 1
FORUM: 2025/01/29 12:32:53 addReaction.go:56: Processing reaction request: {ItemID:3 ItemType:comment Action:like}
FORUM: 2025/01/29 12:32:53 addReaction.go:79: Target table: comments, Item ID: 3, Action: like
FORUM: 2025/01/29 12:32:53 addReaction.go:108: Existing interaction found (ID: 11), current action: like
FORUM: 2025/01/29 12:32:53 addReaction.go:111: User is removing their existing reaction
FORUM: 2025/01/29 12:32:53 addReaction.go:148: Updated counts - Likes: 0, Dislikes: 0
FORUM: 2025/01/29 12:32:53 addReaction.go:157: Response sent successfully
FORUM: 2025/01/29 12:32:55 rateLimiter.go:36: IP:  ::1  Exceed the request limit!!
FORUM: 2025/01/29 12:32:56 rateLimiter.go:36: IP:  ::1  Exceed the request limit!!
FORUM: 2025/01/29 12:32:58 addReaction.go:15: Received request to add reaction
FORUM: 2025/01/29 12:32:58 session.go:38: SessionCheck: Session is valid for token: 0194b1b5-a2ca-7eee-81d0-5c9a33dca617
FORUM: 2025/01/29 12:32:58 addReaction.go:32: Retrieved session token: 0194b1b5-a2ca-7eee-81d0-5c9a33dca617
FORUM: 2025/01/29 12:32:58 addReaction.go:41: Authenticated user ID: 1
FORUM: 2025/01/29 12:32:58 addReaction.go:56: Processing reaction request: {ItemID:3 ItemType:comment Action:dislike}
FORUM: 2025/01/29 12:32:58 addReaction.go:79: Target table: comments, Item ID: 3, Action: dislike
FORUM: 2025/01/29 12:32:58 addReaction.go:87: No existing interaction, adding new entry
FORUM: 2025/01/29 12:32:58 addReaction.go:104: Incrementing dislikes count for item ID: 3
FORUM: 2025/01/29 12:32:58 addReaction.go:148: Updated counts - Likes: 0, Dislikes: 1
FORUM: 2025/01/29 12:32:58 addReaction.go:157: Response sent successfully
FORUM: 2025/01/29 12:32:59 addReaction.go:15: Received request to add reaction
FORUM: 2025/01/29 12:32:59 session.go:38: SessionCheck: Session is valid for token: 0194b1b5-a2ca-7eee-81d0-5c9a33dca617
FORUM: 2025/01/29 12:32:59 addReaction.go:32: Retrieved session token: 0194b1b5-a2ca-7eee-81d0-5c9a33dca617
FORUM: 2025/01/29 12:32:59 addReaction.go:41: Authenticated user ID: 1
FORUM: 2025/01/29 12:32:59 addReaction.go:56: Processing reaction request: {ItemID:3 ItemType:comment Action:dislike}
FORUM: 2025/01/29 12:32:59 addReaction.go:79: Target table: comments, Item ID: 3, Action: dislike
FORUM: 2025/01/29 12:32:59 addReaction.go:108: Existing interaction found (ID: 12), current action: dislike
FORUM: 2025/01/29 12:32:59 addReaction.go:111: User is removing their existing reaction
FORUM: 2025/01/29 12:32:59 addReaction.go:148: Updated counts - Likes: 0, Dislikes: 0
FORUM: 2025/01/29 12:32:59 addReaction.go:157: Response sent successfully
