FORUM: 2025/01/30 12:36:42 logs.go:25: Logger created successfully
FORUM: 2025/01/30 12:36:42 parseTemplates.go:12: Attempting to parse templates with pattern:  ./templates/*.html
FORUM: 2025/01/30 12:36:42 parseTemplates.go:24: Templates loaded successfully
FORUM: 2025/01/30 12:36:47 homeHandler.go:13: Handling request for Home page
FORUM: 2025/01/30 12:36:47 homeHandler.go:21: Checking for session token
FORUM: 2025/01/30 12:36:47 homeHandler.go:30: Session token found, verifying...
FORUM: 2025/01/30 12:36:47 session.go:38: SessionCheck: Session is valid for token: 0194b6d4-cb98-7218-b063-a472e6c7e9f5
FORUM: 2025/01/30 12:36:47 homeHandler.go:47: User is logged in: {true aaa false}
FORUM: 2025/01/30 12:36:47 homeHandler.go:48: User successfully logged in: aaa
FORUM: 2025/01/30 12:36:47 homeHandler.go:54: Setting cookie: session_token = 0194b6d4-cb98-7218-b063-a472e6c7e9f5
FORUM: 2025/01/30 12:36:47 getPosts.go:24: Request URL Path: /api/posts
FORUM: 2025/01/30 12:36:47 getPosts.go:56: Fetching posts for page 1
FORUM: 2025/01/30 12:36:47 getPosts.go:134: Executing query: SELECT username, id, title, content, Categories, created_at, likes, dislikes 
              FROM posts 
              ORDER BY created_at DESC 
              LIMIT ? OFFSET ? with limit 10 and offset 0
FORUM: 2025/01/30 12:36:47 getPosts.go:147: Starting to process rows...
FORUM: 2025/01/30 12:36:47 getPosts.go:152: Scanning row for post...
FORUM: 2025/01/30 12:36:47 getPosts.go:159: -3468 seconds ago
FORUM: 2025/01/30 12:36:47 getPosts.go:160: Successfully scanned post with ID: 6
FORUM: 2025/01/30 12:36:47 getPosts.go:163: Fetching comments for post ID: 6
FORUM: 2025/01/30 12:36:47 getPosts.go:170: Successfully fetched comments for post ID: 6, Comments: []
FORUM: 2025/01/30 12:36:47 getPosts.go:172: Appending post with ID: 6 to posts slice
FORUM: 2025/01/30 12:36:47 getPosts.go:152: Scanning row for post...
FORUM: 2025/01/30 12:36:47 getPosts.go:159: -3419 seconds ago
FORUM: 2025/01/30 12:36:47 getPosts.go:160: Successfully scanned post with ID: 5
FORUM: 2025/01/30 12:36:47 getPosts.go:163: Fetching comments for post ID: 5
FORUM: 2025/01/30 12:36:47 getPosts.go:170: Successfully fetched comments for post ID: 5, Comments: []
FORUM: 2025/01/30 12:36:47 getPosts.go:172: Appending post with ID: 5 to posts slice
FORUM: 2025/01/30 12:36:47 getPosts.go:152: Scanning row for post...
FORUM: 2025/01/30 12:36:47 getPosts.go:159: -2628 seconds ago
FORUM: 2025/01/30 12:36:47 getPosts.go:160: Successfully scanned post with ID: 4
FORUM: 2025/01/30 12:36:47 getPosts.go:163: Fetching comments for post ID: 4
FORUM: 2025/01/30 12:36:47 getPosts.go:170: Successfully fetched comments for post ID: 4, Comments: []
FORUM: 2025/01/30 12:36:47 getPosts.go:172: Appending post with ID: 4 to posts slice
FORUM: 2025/01/30 12:36:47 getPosts.go:152: Scanning row for post...
FORUM: 2025/01/30 12:36:47 getPosts.go:159: -909 seconds ago
FORUM: 2025/01/30 12:36:47 getPosts.go:160: Successfully scanned post with ID: 3
FORUM: 2025/01/30 12:36:47 getPosts.go:163: Fetching comments for post ID: 3
FORUM: 2025/01/30 12:36:47 getPosts.go:170: Successfully fetched comments for post ID: 3, Comments: []
FORUM: 2025/01/30 12:36:47 getPosts.go:172: Appending post with ID: 3 to posts slice
FORUM: 2025/01/30 12:36:47 getPosts.go:152: Scanning row for post...
FORUM: 2025/01/30 12:36:47 getPosts.go:159: -893 seconds ago
FORUM: 2025/01/30 12:36:47 getPosts.go:160: Successfully scanned post with ID: 2
FORUM: 2025/01/30 12:36:47 getPosts.go:163: Fetching comments for post ID: 2
FORUM: 2025/01/30 12:36:47 getPosts.go:170: Successfully fetched comments for post ID: 2, Comments: [{2 fgsdgsdfgsdgsdgdssssssssssssssssssssssssssssssssssssssssssssssssssssssssssssssssssssssssssssssss aaa 0 2025-01-30T12:07:03Z 0 0} {1 sdsdfsd aaa 0 2025-01-30T11:52:11Z 0 0}]
FORUM: 2025/01/30 12:36:47 getPosts.go:172: Appending post with ID: 2 to posts slice
FORUM: 2025/01/30 12:36:47 getPosts.go:182: Finished processing rows. Total posts fetched: 5
FORUM: 2025/01/30 12:36:47 getPosts.go:78: Number of posts returned: 5
FORUM: 2025/01/30 12:36:49 homeHandler.go:13: Handling request for Home page
FORUM: 2025/01/30 12:36:49 homeHandler.go:21: Checking for session token
FORUM: 2025/01/30 12:36:49 homeHandler.go:30: Session token found, verifying...
FORUM: 2025/01/30 12:36:49 session.go:38: SessionCheck: Session is valid for token: 0194b6d4-cb98-7218-b063-a472e6c7e9f5
FORUM: 2025/01/30 12:36:49 homeHandler.go:47: User is logged in: {true aaa false}
FORUM: 2025/01/30 12:36:49 homeHandler.go:48: User successfully logged in: aaa
FORUM: 2025/01/30 12:36:49 homeHandler.go:54: Setting cookie: session_token = 0194b6d4-cb98-7218-b063-a472e6c7e9f5
FORUM: 2025/01/30 12:36:49 getPosts.go:24: Request URL Path: /api/posts
FORUM: 2025/01/30 12:36:49 getPosts.go:56: Fetching posts for page 1
FORUM: 2025/01/30 12:36:49 getPosts.go:134: Executing query: SELECT username, id, title, content, Categories, created_at, likes, dislikes 
              FROM posts 
              ORDER BY created_at DESC 
              LIMIT ? OFFSET ? with limit 10 and offset 0
FORUM: 2025/01/30 12:36:49 getPosts.go:147: Starting to process rows...
FORUM: 2025/01/30 12:36:49 getPosts.go:152: Scanning row for post...
FORUM: 2025/01/30 12:36:49 getPosts.go:159: -3466 seconds ago
FORUM: 2025/01/30 12:36:49 getPosts.go:160: Successfully scanned post with ID: 6
FORUM: 2025/01/30 12:36:49 getPosts.go:163: Fetching comments for post ID: 6
FORUM: 2025/01/30 12:36:49 getPosts.go:170: Successfully fetched comments for post ID: 6, Comments: []
FORUM: 2025/01/30 12:36:49 getPosts.go:172: Appending post with ID: 6 to posts slice
FORUM: 2025/01/30 12:36:49 getPosts.go:152: Scanning row for post...
FORUM: 2025/01/30 12:36:49 getPosts.go:159: -3417 seconds ago
FORUM: 2025/01/30 12:36:49 getPosts.go:160: Successfully scanned post with ID: 5
FORUM: 2025/01/30 12:36:49 getPosts.go:163: Fetching comments for post ID: 5
FORUM: 2025/01/30 12:36:49 getPosts.go:170: Successfully fetched comments for post ID: 5, Comments: []
FORUM: 2025/01/30 12:36:49 getPosts.go:172: Appending post with ID: 5 to posts slice
FORUM: 2025/01/30 12:36:49 getPosts.go:152: Scanning row for post...
FORUM: 2025/01/30 12:36:49 getPosts.go:159: -2626 seconds ago
FORUM: 2025/01/30 12:36:49 getPosts.go:160: Successfully scanned post with ID: 4
FORUM: 2025/01/30 12:36:49 getPosts.go:163: Fetching comments for post ID: 4
FORUM: 2025/01/30 12:36:49 getPosts.go:170: Successfully fetched comments for post ID: 4, Comments: []
FORUM: 2025/01/30 12:36:49 getPosts.go:172: Appending post with ID: 4 to posts slice
FORUM: 2025/01/30 12:36:49 getPosts.go:152: Scanning row for post...
FORUM: 2025/01/30 12:36:49 getPosts.go:159: -907 seconds ago
FORUM: 2025/01/30 12:36:49 getPosts.go:160: Successfully scanned post with ID: 3
FORUM: 2025/01/30 12:36:49 getPosts.go:163: Fetching comments for post ID: 3
FORUM: 2025/01/30 12:36:49 getPosts.go:170: Successfully fetched comments for post ID: 3, Comments: []
FORUM: 2025/01/30 12:36:49 getPosts.go:172: Appending post with ID: 3 to posts slice
FORUM: 2025/01/30 12:36:49 getPosts.go:152: Scanning row for post...
FORUM: 2025/01/30 12:36:49 getPosts.go:159: -891 seconds ago
FORUM: 2025/01/30 12:36:49 getPosts.go:160: Successfully scanned post with ID: 2
FORUM: 2025/01/30 12:36:49 getPosts.go:163: Fetching comments for post ID: 2
FORUM: 2025/01/30 12:36:49 getPosts.go:170: Successfully fetched comments for post ID: 2, Comments: [{2 fgsdgsdfgsdgsdgdssssssssssssssssssssssssssssssssssssssssssssssssssssssssssssssssssssssssssssssss aaa 0 2025-01-30T12:07:03Z 0 0} {1 sdsdfsd aaa 0 2025-01-30T11:52:11Z 0 0}]
FORUM: 2025/01/30 12:36:49 getPosts.go:172: Appending post with ID: 2 to posts slice
FORUM: 2025/01/30 12:36:49 getPosts.go:182: Finished processing rows. Total posts fetched: 5
FORUM: 2025/01/30 12:36:49 getPosts.go:78: Number of posts returned: 5
FORUM: 2025/01/30 12:36:51 homeHandler.go:13: Handling request for Home page
FORUM: 2025/01/30 12:36:51 homeHandler.go:21: Checking for session token
FORUM: 2025/01/30 12:36:51 homeHandler.go:30: Session token found, verifying...
FORUM: 2025/01/30 12:36:51 session.go:38: SessionCheck: Session is valid for token: 0194b6d4-cb98-7218-b063-a472e6c7e9f5
FORUM: 2025/01/30 12:36:51 homeHandler.go:47: User is logged in: {true aaa false}
FORUM: 2025/01/30 12:36:51 homeHandler.go:48: User successfully logged in: aaa
FORUM: 2025/01/30 12:36:51 homeHandler.go:54: Setting cookie: session_token = 0194b6d4-cb98-7218-b063-a472e6c7e9f5
FORUM: 2025/01/30 12:36:51 getPosts.go:24: Request URL Path: /api/posts
FORUM: 2025/01/30 12:36:51 getPosts.go:56: Fetching posts for page 1
FORUM: 2025/01/30 12:36:51 getPosts.go:134: Executing query: SELECT username, id, title, content, Categories, created_at, likes, dislikes 
              FROM posts 
              ORDER BY created_at DESC 
              LIMIT ? OFFSET ? with limit 10 and offset 0
FORUM: 2025/01/30 12:36:51 getPosts.go:147: Starting to process rows...
FORUM: 2025/01/30 12:36:51 getPosts.go:152: Scanning row for post...
FORUM: 2025/01/30 12:36:51 getPosts.go:159: -3464 seconds ago
FORUM: 2025/01/30 12:36:51 getPosts.go:160: Successfully scanned post with ID: 6
FORUM: 2025/01/30 12:36:51 getPosts.go:163: Fetching comments for post ID: 6
FORUM: 2025/01/30 12:36:51 getPosts.go:170: Successfully fetched comments for post ID: 6, Comments: []
FORUM: 2025/01/30 12:36:51 getPosts.go:172: Appending post with ID: 6 to posts slice
FORUM: 2025/01/30 12:36:51 getPosts.go:152: Scanning row for post...
FORUM: 2025/01/30 12:36:51 getPosts.go:159: -3415 seconds ago
FORUM: 2025/01/30 12:36:51 getPosts.go:160: Successfully scanned post with ID: 5
FORUM: 2025/01/30 12:36:51 getPosts.go:163: Fetching comments for post ID: 5
FORUM: 2025/01/30 12:36:51 getPosts.go:170: Successfully fetched comments for post ID: 5, Comments: []
FORUM: 2025/01/30 12:36:51 getPosts.go:172: Appending post with ID: 5 to posts slice
FORUM: 2025/01/30 12:36:51 getPosts.go:152: Scanning row for post...
FORUM: 2025/01/30 12:36:51 getPosts.go:159: -2624 seconds ago
FORUM: 2025/01/30 12:36:51 getPosts.go:160: Successfully scanned post with ID: 4
FORUM: 2025/01/30 12:36:51 getPosts.go:163: Fetching comments for post ID: 4
FORUM: 2025/01/30 12:36:51 getPosts.go:170: Successfully fetched comments for post ID: 4, Comments: []
FORUM: 2025/01/30 12:36:51 getPosts.go:172: Appending post with ID: 4 to posts slice
FORUM: 2025/01/30 12:36:51 getPosts.go:152: Scanning row for post...
FORUM: 2025/01/30 12:36:51 getPosts.go:159: -905 seconds ago
FORUM: 2025/01/30 12:36:51 getPosts.go:160: Successfully scanned post with ID: 3
FORUM: 2025/01/30 12:36:51 getPosts.go:163: Fetching comments for post ID: 3
FORUM: 2025/01/30 12:36:51 getPosts.go:170: Successfully fetched comments for post ID: 3, Comments: []
FORUM: 2025/01/30 12:36:51 getPosts.go:172: Appending post with ID: 3 to posts slice
FORUM: 2025/01/30 12:36:51 getPosts.go:152: Scanning row for post...
FORUM: 2025/01/30 12:36:51 getPosts.go:159: -889 seconds ago
FORUM: 2025/01/30 12:36:51 getPosts.go:160: Successfully scanned post with ID: 2
FORUM: 2025/01/30 12:36:51 getPosts.go:163: Fetching comments for post ID: 2
FORUM: 2025/01/30 12:36:51 getPosts.go:170: Successfully fetched comments for post ID: 2, Comments: [{2 fgsdgsdfgsdgsdgdssssssssssssssssssssssssssssssssssssssssssssssssssssssssssssssssssssssssssssssss aaa 0 2025-01-30T12:07:03Z 0 0} {1 sdsdfsd aaa 0 2025-01-30T11:52:11Z 0 0}]
FORUM: 2025/01/30 12:36:51 getPosts.go:172: Appending post with ID: 2 to posts slice
FORUM: 2025/01/30 12:36:51 getPosts.go:182: Finished processing rows. Total posts fetched: 5
FORUM: 2025/01/30 12:36:51 getPosts.go:78: Number of posts returned: 5
