FORUM: 2025/01/30 14:58:27 logs.go:25: Logger created successfully
FORUM: 2025/01/30 14:58:27 parseTemplates.go:12: Attempting to parse templates with pattern:  ./templates/*.html
FORUM: 2025/01/30 14:58:27 parseTemplates.go:24: Templates loaded successfully
FORUM: 2025/01/30 14:58:29 homeHandler.go:13: Handling request for Home page
FORUM: 2025/01/30 14:58:29 homeHandler.go:21: Checking for session token
FORUM: 2025/01/30 14:58:29 homeHandler.go:30: Session token found, verifying...
FORUM: 2025/01/30 14:58:29 session.go:38: SessionCheck: Session is valid for token: 0194b776-a8ed-702b-a2b5-6cb25afbcc53
FORUM: 2025/01/30 14:58:29 homeHandler.go:47: User is logged in: {true aaa false}
FORUM: 2025/01/30 14:58:29 homeHandler.go:48: User successfully logged in: aaa
FORUM: 2025/01/30 14:58:29 homeHandler.go:54: Setting cookie: session_token = 0194b776-a8ed-702b-a2b5-6cb25afbcc53
FORUM: 2025/01/30 14:58:29 getPosts.go:23: Request URL Path: /api/posts
FORUM: 2025/01/30 14:58:29 getPosts.go:55: Fetching posts for page 1
FORUM: 2025/01/30 14:58:29 getPosts.go:133: Executing query: SELECT username, id, title, content, Categories, created_at, likes, dislikes 
              FROM posts 
              ORDER BY created_at DESC 
              LIMIT ? OFFSET ? with limit 10 and offset 0
FORUM: 2025/01/30 14:58:29 getPosts.go:146: Starting to process rows...
FORUM: 2025/01/30 14:58:29 getPosts.go:151: Scanning row for post...
FORUM: 2025/01/30 14:58:29 getPosts.go:158: Successfully scanned post with ID: 26
FORUM: 2025/01/30 14:58:29 getPosts.go:161: Fetching comments for post ID: 26
FORUM: 2025/01/30 14:58:29 getPosts.go:168: Successfully fetched comments for post ID: 26, Comments: []
FORUM: 2025/01/30 14:58:29 getPosts.go:170: Appending post with ID: 26 to posts slice
FORUM: 2025/01/30 14:58:29 getPosts.go:151: Scanning row for post...
FORUM: 2025/01/30 14:58:29 getPosts.go:158: Successfully scanned post with ID: 25
FORUM: 2025/01/30 14:58:29 getPosts.go:161: Fetching comments for post ID: 25
FORUM: 2025/01/30 14:58:29 getPosts.go:168: Successfully fetched comments for post ID: 25, Comments: []
FORUM: 2025/01/30 14:58:29 getPosts.go:170: Appending post with ID: 25 to posts slice
FORUM: 2025/01/30 14:58:29 getPosts.go:151: Scanning row for post...
FORUM: 2025/01/30 14:58:29 getPosts.go:158: Successfully scanned post with ID: 24
FORUM: 2025/01/30 14:58:29 getPosts.go:161: Fetching comments for post ID: 24
FORUM: 2025/01/30 14:58:29 getPosts.go:168: Successfully fetched comments for post ID: 24, Comments: []
FORUM: 2025/01/30 14:58:29 getPosts.go:170: Appending post with ID: 24 to posts slice
FORUM: 2025/01/30 14:58:29 getPosts.go:151: Scanning row for post...
FORUM: 2025/01/30 14:58:29 getPosts.go:158: Successfully scanned post with ID: 23
FORUM: 2025/01/30 14:58:29 getPosts.go:161: Fetching comments for post ID: 23
FORUM: 2025/01/30 14:58:29 getPosts.go:168: Successfully fetched comments for post ID: 23, Comments: []
FORUM: 2025/01/30 14:58:29 getPosts.go:170: Appending post with ID: 23 to posts slice
FORUM: 2025/01/30 14:58:29 getPosts.go:151: Scanning row for post...
FORUM: 2025/01/30 14:58:29 getPosts.go:158: Successfully scanned post with ID: 22
FORUM: 2025/01/30 14:58:29 getPosts.go:161: Fetching comments for post ID: 22
FORUM: 2025/01/30 14:58:29 getPosts.go:168: Successfully fetched comments for post ID: 22, Comments: []
FORUM: 2025/01/30 14:58:29 getPosts.go:170: Appending post with ID: 22 to posts slice
FORUM: 2025/01/30 14:58:29 getPosts.go:151: Scanning row for post...
FORUM: 2025/01/30 14:58:29 getPosts.go:158: Successfully scanned post with ID: 21
FORUM: 2025/01/30 14:58:29 getPosts.go:161: Fetching comments for post ID: 21
FORUM: 2025/01/30 14:58:29 getPosts.go:168: Successfully fetched comments for post ID: 21, Comments: []
FORUM: 2025/01/30 14:58:29 getPosts.go:170: Appending post with ID: 21 to posts slice
FORUM: 2025/01/30 14:58:29 getPosts.go:151: Scanning row for post...
FORUM: 2025/01/30 14:58:29 getPosts.go:158: Successfully scanned post with ID: 20
FORUM: 2025/01/30 14:58:29 getPosts.go:161: Fetching comments for post ID: 20
FORUM: 2025/01/30 14:58:29 getPosts.go:168: Successfully fetched comments for post ID: 20, Comments: []
FORUM: 2025/01/30 14:58:29 getPosts.go:170: Appending post with ID: 20 to posts slice
FORUM: 2025/01/30 14:58:29 getPosts.go:151: Scanning row for post...
FORUM: 2025/01/30 14:58:29 getPosts.go:158: Successfully scanned post with ID: 19
FORUM: 2025/01/30 14:58:29 getPosts.go:161: Fetching comments for post ID: 19
FORUM: 2025/01/30 14:58:29 getPosts.go:168: Successfully fetched comments for post ID: 19, Comments: []
FORUM: 2025/01/30 14:58:29 getPosts.go:170: Appending post with ID: 19 to posts slice
FORUM: 2025/01/30 14:58:29 getPosts.go:151: Scanning row for post...
FORUM: 2025/01/30 14:58:29 getPosts.go:158: Successfully scanned post with ID: 18
FORUM: 2025/01/30 14:58:29 getPosts.go:161: Fetching comments for post ID: 18
FORUM: 2025/01/30 14:58:29 getPosts.go:168: Successfully fetched comments for post ID: 18, Comments: []
FORUM: 2025/01/30 14:58:29 getPosts.go:170: Appending post with ID: 18 to posts slice
FORUM: 2025/01/30 14:58:29 getPosts.go:151: Scanning row for post...
FORUM: 2025/01/30 14:58:29 getPosts.go:158: Successfully scanned post with ID: 17
FORUM: 2025/01/30 14:58:29 getPosts.go:161: Fetching comments for post ID: 17
FORUM: 2025/01/30 14:58:29 getPosts.go:168: Successfully fetched comments for post ID: 17, Comments: []
FORUM: 2025/01/30 14:58:29 getPosts.go:170: Appending post with ID: 17 to posts slice
FORUM: 2025/01/30 14:58:29 getPosts.go:180: Finished processing rows. Total posts fetched: 10
FORUM: 2025/01/30 14:58:29 getPosts.go:77: Number of posts returned: 10
FORUM: 2025/01/30 14:58:33 getPosts.go:23: Request URL Path: /api/posts/1/categories=General
FORUM: 2025/01/30 14:58:33 getPosts.go:27: Requested Page: 1
FORUM: 2025/01/30 14:58:33 getPosts.go:40: Categories found in URL: [General]
FORUM: 2025/01/30 14:58:33 getPosts.go:44: Fetching posts by categories: [General] for page 1
FORUM: 2025/01/30 14:58:33 getPosts.go:89: Category Found: General
FORUM: 2025/01/30 14:58:33 getPosts.go:110: Params:  [%General% 10 0]
FORUM: 2025/01/30 14:58:33 getPosts.go:112: Executing query: 
		SELECT username, id, title, content, Categories, created_at, likes, dislikes 
		FROM posts 
		WHERE Categories LIKE ?
		ORDER BY created_at DESC 
		LIMIT ? OFFSET ? with categories: [General], limit: 10, offset: 0
FORUM: 2025/01/30 14:58:33 getPosts.go:146: Starting to process rows...
FORUM: 2025/01/30 14:58:33 getPosts.go:151: Scanning row for post...
FORUM: 2025/01/30 14:58:33 getPosts.go:158: Successfully scanned post with ID: 7
FORUM: 2025/01/30 14:58:33 getPosts.go:161: Fetching comments for post ID: 7
FORUM: 2025/01/30 14:58:33 getPosts.go:168: Successfully fetched comments for post ID: 7, Comments: []
FORUM: 2025/01/30 14:58:33 getPosts.go:170: Appending post with ID: 7 to posts slice
FORUM: 2025/01/30 14:58:33 getPosts.go:151: Scanning row for post...
FORUM: 2025/01/30 14:58:33 getPosts.go:158: Successfully scanned post with ID: 2
FORUM: 2025/01/30 14:58:33 getPosts.go:161: Fetching comments for post ID: 2
FORUM: 2025/01/30 14:58:33 getPosts.go:168: Successfully fetched comments for post ID: 2, Comments: []
FORUM: 2025/01/30 14:58:33 getPosts.go:170: Appending post with ID: 2 to posts slice
FORUM: 2025/01/30 14:58:33 getPosts.go:180: Finished processing rows. Total posts fetched: 2
FORUM: 2025/01/30 14:58:33 getPosts.go:77: Number of posts returned: 2
FORUM: 2025/01/30 14:58:37 getPosts.go:23: Request URL Path: /api/posts/1
FORUM: 2025/01/30 14:58:37 getPosts.go:27: Requested Page: 1
FORUM: 2025/01/30 14:58:37 getPosts.go:55: Fetching posts for page 1
FORUM: 2025/01/30 14:58:37 getPosts.go:133: Executing query: SELECT username, id, title, content, Categories, created_at, likes, dislikes 
              FROM posts 
              ORDER BY created_at DESC 
              LIMIT ? OFFSET ? with limit 10 and offset 0
FORUM: 2025/01/30 14:58:37 getPosts.go:146: Starting to process rows...
FORUM: 2025/01/30 14:58:37 getPosts.go:151: Scanning row for post...
FORUM: 2025/01/30 14:58:37 getPosts.go:158: Successfully scanned post with ID: 26
FORUM: 2025/01/30 14:58:37 getPosts.go:161: Fetching comments for post ID: 26
FORUM: 2025/01/30 14:58:37 getPosts.go:168: Successfully fetched comments for post ID: 26, Comments: []
FORUM: 2025/01/30 14:58:37 getPosts.go:170: Appending post with ID: 26 to posts slice
FORUM: 2025/01/30 14:58:37 getPosts.go:151: Scanning row for post...
FORUM: 2025/01/30 14:58:37 getPosts.go:158: Successfully scanned post with ID: 25
FORUM: 2025/01/30 14:58:37 getPosts.go:161: Fetching comments for post ID: 25
FORUM: 2025/01/30 14:58:37 getPosts.go:168: Successfully fetched comments for post ID: 25, Comments: []
FORUM: 2025/01/30 14:58:37 getPosts.go:170: Appending post with ID: 25 to posts slice
FORUM: 2025/01/30 14:58:37 getPosts.go:151: Scanning row for post...
FORUM: 2025/01/30 14:58:37 getPosts.go:158: Successfully scanned post with ID: 24
FORUM: 2025/01/30 14:58:37 getPosts.go:161: Fetching comments for post ID: 24
FORUM: 2025/01/30 14:58:37 getPosts.go:168: Successfully fetched comments for post ID: 24, Comments: []
FORUM: 2025/01/30 14:58:37 getPosts.go:170: Appending post with ID: 24 to posts slice
FORUM: 2025/01/30 14:58:37 getPosts.go:151: Scanning row for post...
FORUM: 2025/01/30 14:58:37 getPosts.go:158: Successfully scanned post with ID: 23
FORUM: 2025/01/30 14:58:37 getPosts.go:161: Fetching comments for post ID: 23
FORUM: 2025/01/30 14:58:37 getPosts.go:168: Successfully fetched comments for post ID: 23, Comments: []
FORUM: 2025/01/30 14:58:37 getPosts.go:170: Appending post with ID: 23 to posts slice
FORUM: 2025/01/30 14:58:37 getPosts.go:151: Scanning row for post...
FORUM: 2025/01/30 14:58:37 getPosts.go:158: Successfully scanned post with ID: 22
FORUM: 2025/01/30 14:58:37 getPosts.go:161: Fetching comments for post ID: 22
FORUM: 2025/01/30 14:58:37 getPosts.go:168: Successfully fetched comments for post ID: 22, Comments: []
FORUM: 2025/01/30 14:58:37 getPosts.go:170: Appending post with ID: 22 to posts slice
FORUM: 2025/01/30 14:58:37 getPosts.go:151: Scanning row for post...
FORUM: 2025/01/30 14:58:37 getPosts.go:158: Successfully scanned post with ID: 21
FORUM: 2025/01/30 14:58:37 getPosts.go:161: Fetching comments for post ID: 21
FORUM: 2025/01/30 14:58:37 getPosts.go:168: Successfully fetched comments for post ID: 21, Comments: []
FORUM: 2025/01/30 14:58:37 getPosts.go:170: Appending post with ID: 21 to posts slice
FORUM: 2025/01/30 14:58:37 getPosts.go:151: Scanning row for post...
FORUM: 2025/01/30 14:58:37 getPosts.go:158: Successfully scanned post with ID: 20
FORUM: 2025/01/30 14:58:37 getPosts.go:161: Fetching comments for post ID: 20
FORUM: 2025/01/30 14:58:37 getPosts.go:168: Successfully fetched comments for post ID: 20, Comments: []
FORUM: 2025/01/30 14:58:37 getPosts.go:170: Appending post with ID: 20 to posts slice
FORUM: 2025/01/30 14:58:37 getPosts.go:151: Scanning row for post...
FORUM: 2025/01/30 14:58:37 getPosts.go:158: Successfully scanned post with ID: 19
FORUM: 2025/01/30 14:58:37 getPosts.go:161: Fetching comments for post ID: 19
FORUM: 2025/01/30 14:58:37 getPosts.go:168: Successfully fetched comments for post ID: 19, Comments: []
FORUM: 2025/01/30 14:58:37 getPosts.go:170: Appending post with ID: 19 to posts slice
FORUM: 2025/01/30 14:58:37 getPosts.go:151: Scanning row for post...
FORUM: 2025/01/30 14:58:37 getPosts.go:158: Successfully scanned post with ID: 18
FORUM: 2025/01/30 14:58:37 getPosts.go:161: Fetching comments for post ID: 18
FORUM: 2025/01/30 14:58:37 getPosts.go:168: Successfully fetched comments for post ID: 18, Comments: []
FORUM: 2025/01/30 14:58:37 getPosts.go:170: Appending post with ID: 18 to posts slice
FORUM: 2025/01/30 14:58:37 getPosts.go:151: Scanning row for post...
FORUM: 2025/01/30 14:58:37 getPosts.go:158: Successfully scanned post with ID: 17
FORUM: 2025/01/30 14:58:37 getPosts.go:161: Fetching comments for post ID: 17
FORUM: 2025/01/30 14:58:37 getPosts.go:168: Successfully fetched comments for post ID: 17, Comments: []
FORUM: 2025/01/30 14:58:37 getPosts.go:170: Appending post with ID: 17 to posts slice
FORUM: 2025/01/30 14:58:37 getPosts.go:180: Finished processing rows. Total posts fetched: 10
FORUM: 2025/01/30 14:58:37 getPosts.go:77: Number of posts returned: 10
FORUM: 2025/01/30 14:58:43 getPosts.go:23: Request URL Path: /api/posts/1/categories=Tech
FORUM: 2025/01/30 14:58:43 getPosts.go:27: Requested Page: 1
FORUM: 2025/01/30 14:58:43 getPosts.go:40: Categories found in URL: [Tech]
FORUM: 2025/01/30 14:58:43 getPosts.go:44: Fetching posts by categories: [Tech] for page 1
FORUM: 2025/01/30 14:58:43 getPosts.go:89: Category Found: Tech
FORUM: 2025/01/30 14:58:43 getPosts.go:110: Params:  [%Tech% 10 0]
FORUM: 2025/01/30 14:58:43 getPosts.go:112: Executing query: 
		SELECT username, id, title, content, Categories, created_at, likes, dislikes 
		FROM posts 
		WHERE Categories LIKE ?
		ORDER BY created_at DESC 
		LIMIT ? OFFSET ? with categories: [Tech], limit: 10, offset: 0
FORUM: 2025/01/30 14:58:43 getPosts.go:146: Starting to process rows...
FORUM: 2025/01/30 14:58:43 getPosts.go:151: Scanning row for post...
FORUM: 2025/01/30 14:58:43 getPosts.go:158: Successfully scanned post with ID: 7
FORUM: 2025/01/30 14:58:43 getPosts.go:161: Fetching comments for post ID: 7
FORUM: 2025/01/30 14:58:43 getPosts.go:168: Successfully fetched comments for post ID: 7, Comments: []
FORUM: 2025/01/30 14:58:43 getPosts.go:170: Appending post with ID: 7 to posts slice
FORUM: 2025/01/30 14:58:43 getPosts.go:151: Scanning row for post...
FORUM: 2025/01/30 14:58:43 getPosts.go:158: Successfully scanned post with ID: 3
FORUM: 2025/01/30 14:58:43 getPosts.go:161: Fetching comments for post ID: 3
FORUM: 2025/01/30 14:58:43 getPosts.go:168: Successfully fetched comments for post ID: 3, Comments: []
FORUM: 2025/01/30 14:58:43 getPosts.go:170: Appending post with ID: 3 to posts slice
FORUM: 2025/01/30 14:58:43 getPosts.go:180: Finished processing rows. Total posts fetched: 2
FORUM: 2025/01/30 14:58:43 getPosts.go:77: Number of posts returned: 2
FORUM: 2025/01/30 14:58:46 getPosts.go:23: Request URL Path: /api/posts/1
FORUM: 2025/01/30 14:58:46 getPosts.go:27: Requested Page: 1
FORUM: 2025/01/30 14:58:46 getPosts.go:55: Fetching posts for page 1
FORUM: 2025/01/30 14:58:46 getPosts.go:133: Executing query: SELECT username, id, title, content, Categories, created_at, likes, dislikes 
              FROM posts 
              ORDER BY created_at DESC 
              LIMIT ? OFFSET ? with limit 10 and offset 0
FORUM: 2025/01/30 14:58:46 getPosts.go:146: Starting to process rows...
FORUM: 2025/01/30 14:58:46 getPosts.go:151: Scanning row for post...
FORUM: 2025/01/30 14:58:46 getPosts.go:158: Successfully scanned post with ID: 26
FORUM: 2025/01/30 14:58:46 getPosts.go:161: Fetching comments for post ID: 26
FORUM: 2025/01/30 14:58:46 getPosts.go:168: Successfully fetched comments for post ID: 26, Comments: []
FORUM: 2025/01/30 14:58:46 getPosts.go:170: Appending post with ID: 26 to posts slice
FORUM: 2025/01/30 14:58:46 getPosts.go:151: Scanning row for post...
FORUM: 2025/01/30 14:58:46 getPosts.go:158: Successfully scanned post with ID: 25
FORUM: 2025/01/30 14:58:46 getPosts.go:161: Fetching comments for post ID: 25
FORUM: 2025/01/30 14:58:46 getPosts.go:168: Successfully fetched comments for post ID: 25, Comments: []
FORUM: 2025/01/30 14:58:46 getPosts.go:170: Appending post with ID: 25 to posts slice
FORUM: 2025/01/30 14:58:46 getPosts.go:151: Scanning row for post...
FORUM: 2025/01/30 14:58:46 getPosts.go:158: Successfully scanned post with ID: 24
FORUM: 2025/01/30 14:58:46 getPosts.go:161: Fetching comments for post ID: 24
FORUM: 2025/01/30 14:58:46 getPosts.go:168: Successfully fetched comments for post ID: 24, Comments: []
FORUM: 2025/01/30 14:58:46 getPosts.go:170: Appending post with ID: 24 to posts slice
FORUM: 2025/01/30 14:58:46 getPosts.go:151: Scanning row for post...
FORUM: 2025/01/30 14:58:46 getPosts.go:158: Successfully scanned post with ID: 23
FORUM: 2025/01/30 14:58:46 getPosts.go:161: Fetching comments for post ID: 23
FORUM: 2025/01/30 14:58:46 getPosts.go:168: Successfully fetched comments for post ID: 23, Comments: []
FORUM: 2025/01/30 14:58:46 getPosts.go:170: Appending post with ID: 23 to posts slice
FORUM: 2025/01/30 14:58:46 getPosts.go:151: Scanning row for post...
FORUM: 2025/01/30 14:58:46 getPosts.go:158: Successfully scanned post with ID: 22
FORUM: 2025/01/30 14:58:46 getPosts.go:161: Fetching comments for post ID: 22
FORUM: 2025/01/30 14:58:46 getPosts.go:168: Successfully fetched comments for post ID: 22, Comments: []
FORUM: 2025/01/30 14:58:46 getPosts.go:170: Appending post with ID: 22 to posts slice
FORUM: 2025/01/30 14:58:46 getPosts.go:151: Scanning row for post...
FORUM: 2025/01/30 14:58:46 getPosts.go:158: Successfully scanned post with ID: 21
FORUM: 2025/01/30 14:58:46 getPosts.go:161: Fetching comments for post ID: 21
FORUM: 2025/01/30 14:58:46 getPosts.go:168: Successfully fetched comments for post ID: 21, Comments: []
FORUM: 2025/01/30 14:58:46 getPosts.go:170: Appending post with ID: 21 to posts slice
FORUM: 2025/01/30 14:58:46 getPosts.go:151: Scanning row for post...
FORUM: 2025/01/30 14:58:46 getPosts.go:158: Successfully scanned post with ID: 20
FORUM: 2025/01/30 14:58:46 getPosts.go:161: Fetching comments for post ID: 20
FORUM: 2025/01/30 14:58:46 getPosts.go:168: Successfully fetched comments for post ID: 20, Comments: []
FORUM: 2025/01/30 14:58:46 getPosts.go:170: Appending post with ID: 20 to posts slice
FORUM: 2025/01/30 14:58:46 getPosts.go:151: Scanning row for post...
FORUM: 2025/01/30 14:58:46 getPosts.go:158: Successfully scanned post with ID: 19
FORUM: 2025/01/30 14:58:46 getPosts.go:161: Fetching comments for post ID: 19
FORUM: 2025/01/30 14:58:46 getPosts.go:168: Successfully fetched comments for post ID: 19, Comments: []
FORUM: 2025/01/30 14:58:46 getPosts.go:170: Appending post with ID: 19 to posts slice
FORUM: 2025/01/30 14:58:46 getPosts.go:151: Scanning row for post...
FORUM: 2025/01/30 14:58:46 getPosts.go:158: Successfully scanned post with ID: 18
FORUM: 2025/01/30 14:58:46 getPosts.go:161: Fetching comments for post ID: 18
FORUM: 2025/01/30 14:58:46 getPosts.go:168: Successfully fetched comments for post ID: 18, Comments: []
FORUM: 2025/01/30 14:58:46 getPosts.go:170: Appending post with ID: 18 to posts slice
FORUM: 2025/01/30 14:58:46 getPosts.go:151: Scanning row for post...
FORUM: 2025/01/30 14:58:46 getPosts.go:158: Successfully scanned post with ID: 17
FORUM: 2025/01/30 14:58:46 getPosts.go:161: Fetching comments for post ID: 17
FORUM: 2025/01/30 14:58:46 getPosts.go:168: Successfully fetched comments for post ID: 17, Comments: []
FORUM: 2025/01/30 14:58:46 getPosts.go:170: Appending post with ID: 17 to posts slice
FORUM: 2025/01/30 14:58:46 getPosts.go:180: Finished processing rows. Total posts fetched: 10
FORUM: 2025/01/30 14:58:46 getPosts.go:77: Number of posts returned: 10
FORUM: 2025/01/30 14:58:51 getPosts.go:23: Request URL Path: /api/posts/2
FORUM: 2025/01/30 14:58:51 getPosts.go:27: Requested Page: 2
FORUM: 2025/01/30 14:58:51 getPosts.go:55: Fetching posts for page 2
FORUM: 2025/01/30 14:58:51 getPosts.go:133: Executing query: SELECT username, id, title, content, Categories, created_at, likes, dislikes 
              FROM posts 
              ORDER BY created_at DESC 
              LIMIT ? OFFSET ? with limit 10 and offset 10
FORUM: 2025/01/30 14:58:51 getPosts.go:146: Starting to process rows...
FORUM: 2025/01/30 14:58:51 getPosts.go:151: Scanning row for post...
FORUM: 2025/01/30 14:58:51 getPosts.go:158: Successfully scanned post with ID: 16
FORUM: 2025/01/30 14:58:51 getPosts.go:161: Fetching comments for post ID: 16
FORUM: 2025/01/30 14:58:51 getPosts.go:168: Successfully fetched comments for post ID: 16, Comments: []
FORUM: 2025/01/30 14:58:51 getPosts.go:170: Appending post with ID: 16 to posts slice
FORUM: 2025/01/30 14:58:51 getPosts.go:151: Scanning row for post...
FORUM: 2025/01/30 14:58:51 getPosts.go:158: Successfully scanned post with ID: 15
FORUM: 2025/01/30 14:58:51 getPosts.go:161: Fetching comments for post ID: 15
FORUM: 2025/01/30 14:58:51 getPosts.go:168: Successfully fetched comments for post ID: 15, Comments: []
FORUM: 2025/01/30 14:58:51 getPosts.go:170: Appending post with ID: 15 to posts slice
FORUM: 2025/01/30 14:58:51 getPosts.go:151: Scanning row for post...
FORUM: 2025/01/30 14:58:51 getPosts.go:158: Successfully scanned post with ID: 14
FORUM: 2025/01/30 14:58:51 getPosts.go:161: Fetching comments for post ID: 14
FORUM: 2025/01/30 14:58:51 getPosts.go:168: Successfully fetched comments for post ID: 14, Comments: []
FORUM: 2025/01/30 14:58:51 getPosts.go:170: Appending post with ID: 14 to posts slice
FORUM: 2025/01/30 14:58:51 getPosts.go:151: Scanning row for post...
FORUM: 2025/01/30 14:58:51 getPosts.go:158: Successfully scanned post with ID: 13
FORUM: 2025/01/30 14:58:51 getPosts.go:161: Fetching comments for post ID: 13
FORUM: 2025/01/30 14:58:51 getPosts.go:168: Successfully fetched comments for post ID: 13, Comments: []
FORUM: 2025/01/30 14:58:51 getPosts.go:170: Appending post with ID: 13 to posts slice
FORUM: 2025/01/30 14:58:51 getPosts.go:151: Scanning row for post...
FORUM: 2025/01/30 14:58:51 getPosts.go:158: Successfully scanned post with ID: 12
FORUM: 2025/01/30 14:58:51 getPosts.go:161: Fetching comments for post ID: 12
FORUM: 2025/01/30 14:58:51 getPosts.go:168: Successfully fetched comments for post ID: 12, Comments: []
FORUM: 2025/01/30 14:58:51 getPosts.go:170: Appending post with ID: 12 to posts slice
FORUM: 2025/01/30 14:58:51 getPosts.go:151: Scanning row for post...
FORUM: 2025/01/30 14:58:51 getPosts.go:158: Successfully scanned post with ID: 11
FORUM: 2025/01/30 14:58:51 getPosts.go:161: Fetching comments for post ID: 11
FORUM: 2025/01/30 14:58:51 getPosts.go:168: Successfully fetched comments for post ID: 11, Comments: []
FORUM: 2025/01/30 14:58:51 getPosts.go:170: Appending post with ID: 11 to posts slice
FORUM: 2025/01/30 14:58:51 getPosts.go:151: Scanning row for post...
FORUM: 2025/01/30 14:58:51 getPosts.go:158: Successfully scanned post with ID: 10
FORUM: 2025/01/30 14:58:51 getPosts.go:161: Fetching comments for post ID: 10
FORUM: 2025/01/30 14:58:51 getPosts.go:168: Successfully fetched comments for post ID: 10, Comments: []
FORUM: 2025/01/30 14:58:51 getPosts.go:170: Appending post with ID: 10 to posts slice
FORUM: 2025/01/30 14:58:51 getPosts.go:151: Scanning row for post...
FORUM: 2025/01/30 14:58:51 getPosts.go:158: Successfully scanned post with ID: 9
FORUM: 2025/01/30 14:58:51 getPosts.go:161: Fetching comments for post ID: 9
FORUM: 2025/01/30 14:58:51 getPosts.go:168: Successfully fetched comments for post ID: 9, Comments: []
FORUM: 2025/01/30 14:58:51 getPosts.go:170: Appending post with ID: 9 to posts slice
FORUM: 2025/01/30 14:58:51 getPosts.go:151: Scanning row for post...
FORUM: 2025/01/30 14:58:51 getPosts.go:158: Successfully scanned post with ID: 8
FORUM: 2025/01/30 14:58:51 getPosts.go:161: Fetching comments for post ID: 8
FORUM: 2025/01/30 14:58:51 getPosts.go:168: Successfully fetched comments for post ID: 8, Comments: []
FORUM: 2025/01/30 14:58:51 getPosts.go:170: Appending post with ID: 8 to posts slice
FORUM: 2025/01/30 14:58:51 getPosts.go:151: Scanning row for post...
FORUM: 2025/01/30 14:58:51 getPosts.go:158: Successfully scanned post with ID: 7
FORUM: 2025/01/30 14:58:51 getPosts.go:161: Fetching comments for post ID: 7
FORUM: 2025/01/30 14:58:51 getPosts.go:168: Successfully fetched comments for post ID: 7, Comments: []
FORUM: 2025/01/30 14:58:51 getPosts.go:170: Appending post with ID: 7 to posts slice
FORUM: 2025/01/30 14:58:51 getPosts.go:180: Finished processing rows. Total posts fetched: 10
FORUM: 2025/01/30 14:58:51 getPosts.go:77: Number of posts returned: 10
