FORUM: 2025/01/30 14:46:20 logs.go:25: Logger created successfully
FORUM: 2025/01/30 14:46:20 parseTemplates.go:12: Attempting to parse templates with pattern:  ./templates/*.html
FORUM: 2025/01/30 14:46:20 parseTemplates.go:24: Templates loaded successfully
FORUM: 2025/01/30 14:46:22 homeHandler.go:13: Handling request for Home page
FORUM: 2025/01/30 14:46:22 homeHandler.go:21: Checking for session token
FORUM: 2025/01/30 14:46:22 homeHandler.go:24: No session token found, user not logged in
FORUM: 2025/01/30 14:46:22 homeHandler.go:54: Setting cookie: session_token = 
FORUM: 2025/01/30 14:46:22 getPosts.go:23: Request URL Path: /api/posts
FORUM: 2025/01/30 14:46:22 getPosts.go:55: Fetching posts for page 1
FORUM: 2025/01/30 14:46:22 getPosts.go:133: Executing query: SELECT username, id, title, content, Categories, created_at, likes, dislikes 
              FROM posts 
              ORDER BY created_at DESC 
              LIMIT ? OFFSET ? with limit 10 and offset 0
FORUM: 2025/01/30 14:46:22 getPosts.go:146: Starting to process rows...
FORUM: 2025/01/30 14:46:22 getPosts.go:151: Scanning row for post...
FORUM: 2025/01/30 14:46:22 getPosts.go:158: Successfully scanned post with ID: 14
FORUM: 2025/01/30 14:46:22 getPosts.go:161: Fetching comments for post ID: 14
FORUM: 2025/01/30 14:46:22 getPosts.go:168: Successfully fetched comments for post ID: 14, Comments: []
FORUM: 2025/01/30 14:46:22 getPosts.go:170: Appending post with ID: 14 to posts slice
FORUM: 2025/01/30 14:46:22 getPosts.go:151: Scanning row for post...
FORUM: 2025/01/30 14:46:22 getPosts.go:158: Successfully scanned post with ID: 13
FORUM: 2025/01/30 14:46:22 getPosts.go:161: Fetching comments for post ID: 13
FORUM: 2025/01/30 14:46:22 getPosts.go:168: Successfully fetched comments for post ID: 13, Comments: []
FORUM: 2025/01/30 14:46:22 getPosts.go:170: Appending post with ID: 13 to posts slice
FORUM: 2025/01/30 14:46:22 getPosts.go:151: Scanning row for post...
FORUM: 2025/01/30 14:46:22 getPosts.go:158: Successfully scanned post with ID: 12
FORUM: 2025/01/30 14:46:22 getPosts.go:161: Fetching comments for post ID: 12
FORUM: 2025/01/30 14:46:22 getPosts.go:168: Successfully fetched comments for post ID: 12, Comments: []
FORUM: 2025/01/30 14:46:22 getPosts.go:170: Appending post with ID: 12 to posts slice
FORUM: 2025/01/30 14:46:22 getPosts.go:151: Scanning row for post...
FORUM: 2025/01/30 14:46:22 getPosts.go:158: Successfully scanned post with ID: 11
FORUM: 2025/01/30 14:46:22 getPosts.go:161: Fetching comments for post ID: 11
FORUM: 2025/01/30 14:46:22 getPosts.go:168: Successfully fetched comments for post ID: 11, Comments: []
FORUM: 2025/01/30 14:46:22 getPosts.go:170: Appending post with ID: 11 to posts slice
FORUM: 2025/01/30 14:46:22 getPosts.go:151: Scanning row for post...
FORUM: 2025/01/30 14:46:22 getPosts.go:158: Successfully scanned post with ID: 10
FORUM: 2025/01/30 14:46:22 getPosts.go:161: Fetching comments for post ID: 10
FORUM: 2025/01/30 14:46:22 getPosts.go:168: Successfully fetched comments for post ID: 10, Comments: []
FORUM: 2025/01/30 14:46:22 getPosts.go:170: Appending post with ID: 10 to posts slice
FORUM: 2025/01/30 14:46:22 getPosts.go:151: Scanning row for post...
FORUM: 2025/01/30 14:46:22 getPosts.go:158: Successfully scanned post with ID: 9
FORUM: 2025/01/30 14:46:22 getPosts.go:161: Fetching comments for post ID: 9
FORUM: 2025/01/30 14:46:22 getPosts.go:168: Successfully fetched comments for post ID: 9, Comments: []
FORUM: 2025/01/30 14:46:22 getPosts.go:170: Appending post with ID: 9 to posts slice
FORUM: 2025/01/30 14:46:22 getPosts.go:151: Scanning row for post...
FORUM: 2025/01/30 14:46:22 getPosts.go:158: Successfully scanned post with ID: 8
FORUM: 2025/01/30 14:46:22 getPosts.go:161: Fetching comments for post ID: 8
FORUM: 2025/01/30 14:46:22 getPosts.go:168: Successfully fetched comments for post ID: 8, Comments: []
FORUM: 2025/01/30 14:46:22 getPosts.go:170: Appending post with ID: 8 to posts slice
FORUM: 2025/01/30 14:46:22 getPosts.go:151: Scanning row for post...
FORUM: 2025/01/30 14:46:22 getPosts.go:158: Successfully scanned post with ID: 7
FORUM: 2025/01/30 14:46:22 getPosts.go:161: Fetching comments for post ID: 7
FORUM: 2025/01/30 14:46:22 getPosts.go:168: Successfully fetched comments for post ID: 7, Comments: []
FORUM: 2025/01/30 14:46:22 getPosts.go:170: Appending post with ID: 7 to posts slice
FORUM: 2025/01/30 14:46:22 getPosts.go:151: Scanning row for post...
FORUM: 2025/01/30 14:46:22 getPosts.go:158: Successfully scanned post with ID: 6
FORUM: 2025/01/30 14:46:22 getPosts.go:161: Fetching comments for post ID: 6
FORUM: 2025/01/30 14:46:22 getPosts.go:168: Successfully fetched comments for post ID: 6, Comments: []
FORUM: 2025/01/30 14:46:22 getPosts.go:170: Appending post with ID: 6 to posts slice
FORUM: 2025/01/30 14:46:22 getPosts.go:151: Scanning row for post...
FORUM: 2025/01/30 14:46:22 getPosts.go:158: Successfully scanned post with ID: 5
FORUM: 2025/01/30 14:46:22 getPosts.go:161: Fetching comments for post ID: 5
FORUM: 2025/01/30 14:46:22 getPosts.go:168: Successfully fetched comments for post ID: 5, Comments: []
FORUM: 2025/01/30 14:46:22 getPosts.go:170: Appending post with ID: 5 to posts slice
FORUM: 2025/01/30 14:46:22 getPosts.go:180: Finished processing rows. Total posts fetched: 10
FORUM: 2025/01/30 14:46:22 getPosts.go:77: Number of posts returned: 10
FORUM: 2025/01/30 14:46:34 sessions.go:90: Setting cookie: IsLoggedIn = true
FORUM: 2025/01/30 14:46:34 login.go:73: Login successful: User: aaa  User ID: 1
FORUM: 2025/01/30 14:46:34 homeHandler.go:13: Handling request for Home page
FORUM: 2025/01/30 14:46:34 homeHandler.go:21: Checking for session token
FORUM: 2025/01/30 14:46:34 homeHandler.go:30: Session token found, verifying...
FORUM: 2025/01/30 14:46:34 session.go:38: SessionCheck: Session is valid for token: 0194b776-a8ed-702b-a2b5-6cb25afbcc53
FORUM: 2025/01/30 14:46:34 homeHandler.go:47: User is logged in: {true aaa false}
FORUM: 2025/01/30 14:46:34 homeHandler.go:48: User successfully logged in: aaa
FORUM: 2025/01/30 14:46:34 homeHandler.go:54: Setting cookie: session_token = 0194b776-a8ed-702b-a2b5-6cb25afbcc53
FORUM: 2025/01/30 14:46:34 getPosts.go:23: Request URL Path: /api/posts
FORUM: 2025/01/30 14:46:34 getPosts.go:55: Fetching posts for page 1
FORUM: 2025/01/30 14:46:34 getPosts.go:133: Executing query: SELECT username, id, title, content, Categories, created_at, likes, dislikes 
              FROM posts 
              ORDER BY created_at DESC 
              LIMIT ? OFFSET ? with limit 10 and offset 0
FORUM: 2025/01/30 14:46:34 getPosts.go:146: Starting to process rows...
FORUM: 2025/01/30 14:46:34 getPosts.go:151: Scanning row for post...
FORUM: 2025/01/30 14:46:34 getPosts.go:158: Successfully scanned post with ID: 14
FORUM: 2025/01/30 14:46:34 getPosts.go:161: Fetching comments for post ID: 14
FORUM: 2025/01/30 14:46:34 getPosts.go:168: Successfully fetched comments for post ID: 14, Comments: []
FORUM: 2025/01/30 14:46:34 getPosts.go:170: Appending post with ID: 14 to posts slice
FORUM: 2025/01/30 14:46:34 getPosts.go:151: Scanning row for post...
FORUM: 2025/01/30 14:46:34 getPosts.go:158: Successfully scanned post with ID: 13
FORUM: 2025/01/30 14:46:34 getPosts.go:161: Fetching comments for post ID: 13
FORUM: 2025/01/30 14:46:34 getPosts.go:168: Successfully fetched comments for post ID: 13, Comments: []
FORUM: 2025/01/30 14:46:34 getPosts.go:170: Appending post with ID: 13 to posts slice
FORUM: 2025/01/30 14:46:34 getPosts.go:151: Scanning row for post...
FORUM: 2025/01/30 14:46:34 getPosts.go:158: Successfully scanned post with ID: 12
FORUM: 2025/01/30 14:46:34 getPosts.go:161: Fetching comments for post ID: 12
FORUM: 2025/01/30 14:46:34 getPosts.go:168: Successfully fetched comments for post ID: 12, Comments: []
FORUM: 2025/01/30 14:46:34 getPosts.go:170: Appending post with ID: 12 to posts slice
FORUM: 2025/01/30 14:46:34 getPosts.go:151: Scanning row for post...
FORUM: 2025/01/30 14:46:34 getPosts.go:158: Successfully scanned post with ID: 11
FORUM: 2025/01/30 14:46:34 getPosts.go:161: Fetching comments for post ID: 11
FORUM: 2025/01/30 14:46:34 getPosts.go:168: Successfully fetched comments for post ID: 11, Comments: []
FORUM: 2025/01/30 14:46:34 getPosts.go:170: Appending post with ID: 11 to posts slice
FORUM: 2025/01/30 14:46:34 getPosts.go:151: Scanning row for post...
FORUM: 2025/01/30 14:46:34 getPosts.go:158: Successfully scanned post with ID: 10
FORUM: 2025/01/30 14:46:34 getPosts.go:161: Fetching comments for post ID: 10
FORUM: 2025/01/30 14:46:34 getPosts.go:168: Successfully fetched comments for post ID: 10, Comments: []
FORUM: 2025/01/30 14:46:34 getPosts.go:170: Appending post with ID: 10 to posts slice
FORUM: 2025/01/30 14:46:34 getPosts.go:151: Scanning row for post...
FORUM: 2025/01/30 14:46:34 getPosts.go:158: Successfully scanned post with ID: 9
FORUM: 2025/01/30 14:46:34 getPosts.go:161: Fetching comments for post ID: 9
FORUM: 2025/01/30 14:46:34 getPosts.go:168: Successfully fetched comments for post ID: 9, Comments: []
FORUM: 2025/01/30 14:46:34 getPosts.go:170: Appending post with ID: 9 to posts slice
FORUM: 2025/01/30 14:46:34 getPosts.go:151: Scanning row for post...
FORUM: 2025/01/30 14:46:34 getPosts.go:158: Successfully scanned post with ID: 8
FORUM: 2025/01/30 14:46:34 getPosts.go:161: Fetching comments for post ID: 8
FORUM: 2025/01/30 14:46:34 getPosts.go:168: Successfully fetched comments for post ID: 8, Comments: []
FORUM: 2025/01/30 14:46:34 getPosts.go:170: Appending post with ID: 8 to posts slice
FORUM: 2025/01/30 14:46:34 getPosts.go:151: Scanning row for post...
FORUM: 2025/01/30 14:46:34 getPosts.go:158: Successfully scanned post with ID: 7
FORUM: 2025/01/30 14:46:34 getPosts.go:161: Fetching comments for post ID: 7
FORUM: 2025/01/30 14:46:34 getPosts.go:168: Successfully fetched comments for post ID: 7, Comments: []
FORUM: 2025/01/30 14:46:34 getPosts.go:170: Appending post with ID: 7 to posts slice
FORUM: 2025/01/30 14:46:34 getPosts.go:151: Scanning row for post...
FORUM: 2025/01/30 14:46:34 getPosts.go:158: Successfully scanned post with ID: 6
FORUM: 2025/01/30 14:46:34 getPosts.go:161: Fetching comments for post ID: 6
FORUM: 2025/01/30 14:46:34 getPosts.go:168: Successfully fetched comments for post ID: 6, Comments: []
FORUM: 2025/01/30 14:46:34 getPosts.go:170: Appending post with ID: 6 to posts slice
FORUM: 2025/01/30 14:46:34 getPosts.go:151: Scanning row for post...
FORUM: 2025/01/30 14:46:34 getPosts.go:158: Successfully scanned post with ID: 5
FORUM: 2025/01/30 14:46:34 getPosts.go:161: Fetching comments for post ID: 5
FORUM: 2025/01/30 14:46:34 getPosts.go:168: Successfully fetched comments for post ID: 5, Comments: []
FORUM: 2025/01/30 14:46:34 getPosts.go:170: Appending post with ID: 5 to posts slice
FORUM: 2025/01/30 14:46:34 getPosts.go:180: Finished processing rows. Total posts fetched: 10
FORUM: 2025/01/30 14:46:34 getPosts.go:77: Number of posts returned: 10
FORUM: 2025/01/30 14:46:43 getPosts.go:23: Request URL Path: /api/posts/created
FORUM: 2025/01/30 14:46:43 getPosts.go:27: Requested Page: created
FORUM: 2025/01/30 14:46:43 fetch_Created_Posts.go:18: Fetching posts created by user 'aaa'. Executing query: 
		SELECT username, id, title, content, Categories, created_at, likes, dislikes
		FROM posts
		WHERE username = ?
		ORDER BY created_at DESC
	
FORUM: 2025/01/30 14:46:43 getPosts.go:146: Starting to process rows...
FORUM: 2025/01/30 14:46:43 getPosts.go:151: Scanning row for post...
FORUM: 2025/01/30 14:46:43 getPosts.go:158: Successfully scanned post with ID: 14
FORUM: 2025/01/30 14:46:43 getPosts.go:161: Fetching comments for post ID: 14
FORUM: 2025/01/30 14:46:43 getPosts.go:168: Successfully fetched comments for post ID: 14, Comments: []
FORUM: 2025/01/30 14:46:43 getPosts.go:170: Appending post with ID: 14 to posts slice
FORUM: 2025/01/30 14:46:43 getPosts.go:151: Scanning row for post...
FORUM: 2025/01/30 14:46:43 getPosts.go:158: Successfully scanned post with ID: 13
FORUM: 2025/01/30 14:46:43 getPosts.go:161: Fetching comments for post ID: 13
FORUM: 2025/01/30 14:46:43 getPosts.go:168: Successfully fetched comments for post ID: 13, Comments: []
FORUM: 2025/01/30 14:46:43 getPosts.go:170: Appending post with ID: 13 to posts slice
FORUM: 2025/01/30 14:46:43 getPosts.go:151: Scanning row for post...
FORUM: 2025/01/30 14:46:43 getPosts.go:158: Successfully scanned post with ID: 12
FORUM: 2025/01/30 14:46:43 getPosts.go:161: Fetching comments for post ID: 12
FORUM: 2025/01/30 14:46:43 getPosts.go:168: Successfully fetched comments for post ID: 12, Comments: []
FORUM: 2025/01/30 14:46:43 getPosts.go:170: Appending post with ID: 12 to posts slice
FORUM: 2025/01/30 14:46:43 getPosts.go:151: Scanning row for post...
FORUM: 2025/01/30 14:46:43 getPosts.go:158: Successfully scanned post with ID: 11
FORUM: 2025/01/30 14:46:43 getPosts.go:161: Fetching comments for post ID: 11
FORUM: 2025/01/30 14:46:43 getPosts.go:168: Successfully fetched comments for post ID: 11, Comments: []
FORUM: 2025/01/30 14:46:43 getPosts.go:170: Appending post with ID: 11 to posts slice
FORUM: 2025/01/30 14:46:43 getPosts.go:151: Scanning row for post...
FORUM: 2025/01/30 14:46:43 getPosts.go:158: Successfully scanned post with ID: 10
FORUM: 2025/01/30 14:46:43 getPosts.go:161: Fetching comments for post ID: 10
FORUM: 2025/01/30 14:46:43 getPosts.go:168: Successfully fetched comments for post ID: 10, Comments: []
FORUM: 2025/01/30 14:46:43 getPosts.go:170: Appending post with ID: 10 to posts slice
FORUM: 2025/01/30 14:46:43 getPosts.go:151: Scanning row for post...
FORUM: 2025/01/30 14:46:43 getPosts.go:158: Successfully scanned post with ID: 9
FORUM: 2025/01/30 14:46:43 getPosts.go:161: Fetching comments for post ID: 9
FORUM: 2025/01/30 14:46:43 getPosts.go:168: Successfully fetched comments for post ID: 9, Comments: []
FORUM: 2025/01/30 14:46:43 getPosts.go:170: Appending post with ID: 9 to posts slice
FORUM: 2025/01/30 14:46:43 getPosts.go:151: Scanning row for post...
FORUM: 2025/01/30 14:46:43 getPosts.go:158: Successfully scanned post with ID: 8
FORUM: 2025/01/30 14:46:43 getPosts.go:161: Fetching comments for post ID: 8
FORUM: 2025/01/30 14:46:43 getPosts.go:168: Successfully fetched comments for post ID: 8, Comments: []
FORUM: 2025/01/30 14:46:43 getPosts.go:170: Appending post with ID: 8 to posts slice
FORUM: 2025/01/30 14:46:43 getPosts.go:151: Scanning row for post...
FORUM: 2025/01/30 14:46:43 getPosts.go:158: Successfully scanned post with ID: 7
FORUM: 2025/01/30 14:46:43 getPosts.go:161: Fetching comments for post ID: 7
FORUM: 2025/01/30 14:46:43 getPosts.go:168: Successfully fetched comments for post ID: 7, Comments: []
FORUM: 2025/01/30 14:46:43 getPosts.go:170: Appending post with ID: 7 to posts slice
FORUM: 2025/01/30 14:46:43 getPosts.go:151: Scanning row for post...
FORUM: 2025/01/30 14:46:43 getPosts.go:158: Successfully scanned post with ID: 6
FORUM: 2025/01/30 14:46:43 getPosts.go:161: Fetching comments for post ID: 6
FORUM: 2025/01/30 14:46:43 getPosts.go:168: Successfully fetched comments for post ID: 6, Comments: []
FORUM: 2025/01/30 14:46:43 getPosts.go:170: Appending post with ID: 6 to posts slice
FORUM: 2025/01/30 14:46:43 getPosts.go:151: Scanning row for post...
FORUM: 2025/01/30 14:46:43 getPosts.go:158: Successfully scanned post with ID: 5
FORUM: 2025/01/30 14:46:43 getPosts.go:161: Fetching comments for post ID: 5
FORUM: 2025/01/30 14:46:43 getPosts.go:168: Successfully fetched comments for post ID: 5, Comments: []
FORUM: 2025/01/30 14:46:43 getPosts.go:170: Appending post with ID: 5 to posts slice
FORUM: 2025/01/30 14:46:43 getPosts.go:151: Scanning row for post...
FORUM: 2025/01/30 14:46:43 getPosts.go:158: Successfully scanned post with ID: 4
FORUM: 2025/01/30 14:46:43 getPosts.go:161: Fetching comments for post ID: 4
FORUM: 2025/01/30 14:46:43 getPosts.go:168: Successfully fetched comments for post ID: 4, Comments: []
FORUM: 2025/01/30 14:46:43 getPosts.go:170: Appending post with ID: 4 to posts slice
FORUM: 2025/01/30 14:46:43 getPosts.go:151: Scanning row for post...
FORUM: 2025/01/30 14:46:43 getPosts.go:158: Successfully scanned post with ID: 3
FORUM: 2025/01/30 14:46:43 getPosts.go:161: Fetching comments for post ID: 3
FORUM: 2025/01/30 14:46:43 getPosts.go:168: Successfully fetched comments for post ID: 3, Comments: []
FORUM: 2025/01/30 14:46:43 getPosts.go:170: Appending post with ID: 3 to posts slice
FORUM: 2025/01/30 14:46:43 getPosts.go:151: Scanning row for post...
FORUM: 2025/01/30 14:46:43 getPosts.go:158: Successfully scanned post with ID: 2
FORUM: 2025/01/30 14:46:43 getPosts.go:161: Fetching comments for post ID: 2
FORUM: 2025/01/30 14:46:43 getPosts.go:168: Successfully fetched comments for post ID: 2, Comments: []
FORUM: 2025/01/30 14:46:43 getPosts.go:170: Appending post with ID: 2 to posts slice
FORUM: 2025/01/30 14:46:43 getPosts.go:151: Scanning row for post...
FORUM: 2025/01/30 14:46:43 getPosts.go:158: Successfully scanned post with ID: 1
FORUM: 2025/01/30 14:46:43 getPosts.go:161: Fetching comments for post ID: 1
FORUM: 2025/01/30 14:46:43 getPosts.go:168: Successfully fetched comments for post ID: 1, Comments: []
FORUM: 2025/01/30 14:46:43 getPosts.go:170: Appending post with ID: 1 to posts slice
FORUM: 2025/01/30 14:46:43 getPosts.go:180: Finished processing rows. Total posts fetched: 14
FORUM: 2025/01/30 14:46:43 fetch_Created_Posts.go:29: Successfully fetched posts created by user 'aaa'
FORUM: 2025/01/30 14:46:43 getPosts.go:77: Number of posts returned: 14
FORUM: 2025/01/30 14:46:46 getPosts.go:23: Request URL Path: /api/posts/created
FORUM: 2025/01/30 14:46:46 getPosts.go:27: Requested Page: created
FORUM: 2025/01/30 14:46:46 fetch_Created_Posts.go:18: Fetching posts created by user 'aaa'. Executing query: 
		SELECT username, id, title, content, Categories, created_at, likes, dislikes
		FROM posts
		WHERE username = ?
		ORDER BY created_at DESC
	
FORUM: 2025/01/30 14:46:46 getPosts.go:146: Starting to process rows...
FORUM: 2025/01/30 14:46:46 getPosts.go:151: Scanning row for post...
FORUM: 2025/01/30 14:46:46 getPosts.go:158: Successfully scanned post with ID: 14
FORUM: 2025/01/30 14:46:46 getPosts.go:161: Fetching comments for post ID: 14
FORUM: 2025/01/30 14:46:46 getPosts.go:168: Successfully fetched comments for post ID: 14, Comments: []
FORUM: 2025/01/30 14:46:46 getPosts.go:170: Appending post with ID: 14 to posts slice
FORUM: 2025/01/30 14:46:46 getPosts.go:151: Scanning row for post...
FORUM: 2025/01/30 14:46:46 getPosts.go:158: Successfully scanned post with ID: 13
FORUM: 2025/01/30 14:46:46 getPosts.go:161: Fetching comments for post ID: 13
FORUM: 2025/01/30 14:46:46 getPosts.go:168: Successfully fetched comments for post ID: 13, Comments: []
FORUM: 2025/01/30 14:46:46 getPosts.go:170: Appending post with ID: 13 to posts slice
FORUM: 2025/01/30 14:46:46 getPosts.go:151: Scanning row for post...
FORUM: 2025/01/30 14:46:46 getPosts.go:158: Successfully scanned post with ID: 12
FORUM: 2025/01/30 14:46:46 getPosts.go:161: Fetching comments for post ID: 12
FORUM: 2025/01/30 14:46:46 getPosts.go:168: Successfully fetched comments for post ID: 12, Comments: []
FORUM: 2025/01/30 14:46:46 getPosts.go:170: Appending post with ID: 12 to posts slice
FORUM: 2025/01/30 14:46:46 getPosts.go:151: Scanning row for post...
FORUM: 2025/01/30 14:46:46 getPosts.go:158: Successfully scanned post with ID: 11
FORUM: 2025/01/30 14:46:46 getPosts.go:161: Fetching comments for post ID: 11
FORUM: 2025/01/30 14:46:46 getPosts.go:168: Successfully fetched comments for post ID: 11, Comments: []
FORUM: 2025/01/30 14:46:46 getPosts.go:170: Appending post with ID: 11 to posts slice
FORUM: 2025/01/30 14:46:46 getPosts.go:151: Scanning row for post...
FORUM: 2025/01/30 14:46:46 getPosts.go:158: Successfully scanned post with ID: 10
FORUM: 2025/01/30 14:46:46 getPosts.go:161: Fetching comments for post ID: 10
FORUM: 2025/01/30 14:46:46 getPosts.go:168: Successfully fetched comments for post ID: 10, Comments: []
FORUM: 2025/01/30 14:46:46 getPosts.go:170: Appending post with ID: 10 to posts slice
FORUM: 2025/01/30 14:46:46 getPosts.go:151: Scanning row for post...
FORUM: 2025/01/30 14:46:46 getPosts.go:158: Successfully scanned post with ID: 9
FORUM: 2025/01/30 14:46:46 getPosts.go:161: Fetching comments for post ID: 9
FORUM: 2025/01/30 14:46:46 getPosts.go:168: Successfully fetched comments for post ID: 9, Comments: []
FORUM: 2025/01/30 14:46:46 getPosts.go:170: Appending post with ID: 9 to posts slice
FORUM: 2025/01/30 14:46:46 getPosts.go:151: Scanning row for post...
FORUM: 2025/01/30 14:46:46 getPosts.go:158: Successfully scanned post with ID: 8
FORUM: 2025/01/30 14:46:46 getPosts.go:161: Fetching comments for post ID: 8
FORUM: 2025/01/30 14:46:46 getPosts.go:168: Successfully fetched comments for post ID: 8, Comments: []
FORUM: 2025/01/30 14:46:46 getPosts.go:170: Appending post with ID: 8 to posts slice
FORUM: 2025/01/30 14:46:46 getPosts.go:151: Scanning row for post...
FORUM: 2025/01/30 14:46:46 getPosts.go:158: Successfully scanned post with ID: 7
FORUM: 2025/01/30 14:46:46 getPosts.go:161: Fetching comments for post ID: 7
FORUM: 2025/01/30 14:46:46 getPosts.go:168: Successfully fetched comments for post ID: 7, Comments: []
FORUM: 2025/01/30 14:46:46 getPosts.go:170: Appending post with ID: 7 to posts slice
FORUM: 2025/01/30 14:46:46 getPosts.go:151: Scanning row for post...
FORUM: 2025/01/30 14:46:46 getPosts.go:158: Successfully scanned post with ID: 6
FORUM: 2025/01/30 14:46:46 getPosts.go:161: Fetching comments for post ID: 6
FORUM: 2025/01/30 14:46:46 getPosts.go:168: Successfully fetched comments for post ID: 6, Comments: []
FORUM: 2025/01/30 14:46:46 getPosts.go:170: Appending post with ID: 6 to posts slice
FORUM: 2025/01/30 14:46:46 getPosts.go:151: Scanning row for post...
FORUM: 2025/01/30 14:46:46 getPosts.go:158: Successfully scanned post with ID: 5
FORUM: 2025/01/30 14:46:46 getPosts.go:161: Fetching comments for post ID: 5
FORUM: 2025/01/30 14:46:46 getPosts.go:168: Successfully fetched comments for post ID: 5, Comments: []
FORUM: 2025/01/30 14:46:46 getPosts.go:170: Appending post with ID: 5 to posts slice
FORUM: 2025/01/30 14:46:46 getPosts.go:151: Scanning row for post...
FORUM: 2025/01/30 14:46:46 getPosts.go:158: Successfully scanned post with ID: 4
FORUM: 2025/01/30 14:46:46 getPosts.go:161: Fetching comments for post ID: 4
FORUM: 2025/01/30 14:46:46 getPosts.go:168: Successfully fetched comments for post ID: 4, Comments: []
FORUM: 2025/01/30 14:46:46 getPosts.go:170: Appending post with ID: 4 to posts slice
FORUM: 2025/01/30 14:46:46 getPosts.go:151: Scanning row for post...
FORUM: 2025/01/30 14:46:46 getPosts.go:158: Successfully scanned post with ID: 3
FORUM: 2025/01/30 14:46:46 getPosts.go:161: Fetching comments for post ID: 3
FORUM: 2025/01/30 14:46:46 getPosts.go:168: Successfully fetched comments for post ID: 3, Comments: []
FORUM: 2025/01/30 14:46:46 getPosts.go:170: Appending post with ID: 3 to posts slice
FORUM: 2025/01/30 14:46:46 getPosts.go:151: Scanning row for post...
FORUM: 2025/01/30 14:46:46 getPosts.go:158: Successfully scanned post with ID: 2
FORUM: 2025/01/30 14:46:46 getPosts.go:161: Fetching comments for post ID: 2
FORUM: 2025/01/30 14:46:46 getPosts.go:168: Successfully fetched comments for post ID: 2, Comments: []
FORUM: 2025/01/30 14:46:46 getPosts.go:170: Appending post with ID: 2 to posts slice
FORUM: 2025/01/30 14:46:46 getPosts.go:151: Scanning row for post...
FORUM: 2025/01/30 14:46:46 getPosts.go:158: Successfully scanned post with ID: 1
FORUM: 2025/01/30 14:46:46 getPosts.go:161: Fetching comments for post ID: 1
FORUM: 2025/01/30 14:46:46 getPosts.go:168: Successfully fetched comments for post ID: 1, Comments: []
FORUM: 2025/01/30 14:46:46 getPosts.go:170: Appending post with ID: 1 to posts slice
FORUM: 2025/01/30 14:46:46 getPosts.go:180: Finished processing rows. Total posts fetched: 14
FORUM: 2025/01/30 14:46:46 fetch_Created_Posts.go:29: Successfully fetched posts created by user 'aaa'
FORUM: 2025/01/30 14:46:46 getPosts.go:77: Number of posts returned: 14
FORUM: 2025/01/30 14:46:59 homeHandler.go:13: Handling request for Home page
FORUM: 2025/01/30 14:46:59 homeHandler.go:21: Checking for session token
FORUM: 2025/01/30 14:46:59 homeHandler.go:30: Session token found, verifying...
FORUM: 2025/01/30 14:46:59 session.go:38: SessionCheck: Session is valid for token: 0194b776-a8ed-702b-a2b5-6cb25afbcc53
FORUM: 2025/01/30 14:46:59 homeHandler.go:47: User is logged in: {true aaa false}
FORUM: 2025/01/30 14:46:59 homeHandler.go:48: User successfully logged in: aaa
FORUM: 2025/01/30 14:46:59 homeHandler.go:54: Setting cookie: session_token = 0194b776-a8ed-702b-a2b5-6cb25afbcc53
FORUM: 2025/01/30 14:46:59 getPosts.go:23: Request URL Path: /api/posts
FORUM: 2025/01/30 14:46:59 getPosts.go:55: Fetching posts for page 1
FORUM: 2025/01/30 14:46:59 getPosts.go:133: Executing query: SELECT username, id, title, content, Categories, created_at, likes, dislikes 
              FROM posts 
              ORDER BY created_at DESC 
              LIMIT ? OFFSET ? with limit 10 and offset 0
FORUM: 2025/01/30 14:46:59 getPosts.go:146: Starting to process rows...
FORUM: 2025/01/30 14:46:59 getPosts.go:151: Scanning row for post...
FORUM: 2025/01/30 14:46:59 getPosts.go:158: Successfully scanned post with ID: 14
FORUM: 2025/01/30 14:46:59 getPosts.go:161: Fetching comments for post ID: 14
FORUM: 2025/01/30 14:46:59 getPosts.go:168: Successfully fetched comments for post ID: 14, Comments: []
FORUM: 2025/01/30 14:46:59 getPosts.go:170: Appending post with ID: 14 to posts slice
FORUM: 2025/01/30 14:46:59 getPosts.go:151: Scanning row for post...
FORUM: 2025/01/30 14:46:59 getPosts.go:158: Successfully scanned post with ID: 13
FORUM: 2025/01/30 14:46:59 getPosts.go:161: Fetching comments for post ID: 13
FORUM: 2025/01/30 14:46:59 getPosts.go:168: Successfully fetched comments for post ID: 13, Comments: []
FORUM: 2025/01/30 14:46:59 getPosts.go:170: Appending post with ID: 13 to posts slice
FORUM: 2025/01/30 14:46:59 getPosts.go:151: Scanning row for post...
FORUM: 2025/01/30 14:46:59 getPosts.go:158: Successfully scanned post with ID: 12
FORUM: 2025/01/30 14:46:59 getPosts.go:161: Fetching comments for post ID: 12
FORUM: 2025/01/30 14:46:59 getPosts.go:168: Successfully fetched comments for post ID: 12, Comments: []
FORUM: 2025/01/30 14:46:59 getPosts.go:170: Appending post with ID: 12 to posts slice
FORUM: 2025/01/30 14:46:59 getPosts.go:151: Scanning row for post...
FORUM: 2025/01/30 14:46:59 getPosts.go:158: Successfully scanned post with ID: 11
FORUM: 2025/01/30 14:46:59 getPosts.go:161: Fetching comments for post ID: 11
FORUM: 2025/01/30 14:46:59 getPosts.go:168: Successfully fetched comments for post ID: 11, Comments: []
FORUM: 2025/01/30 14:46:59 getPosts.go:170: Appending post with ID: 11 to posts slice
FORUM: 2025/01/30 14:46:59 getPosts.go:151: Scanning row for post...
FORUM: 2025/01/30 14:46:59 getPosts.go:158: Successfully scanned post with ID: 10
FORUM: 2025/01/30 14:46:59 getPosts.go:161: Fetching comments for post ID: 10
FORUM: 2025/01/30 14:46:59 getPosts.go:168: Successfully fetched comments for post ID: 10, Comments: []
FORUM: 2025/01/30 14:46:59 getPosts.go:170: Appending post with ID: 10 to posts slice
FORUM: 2025/01/30 14:46:59 getPosts.go:151: Scanning row for post...
FORUM: 2025/01/30 14:46:59 getPosts.go:158: Successfully scanned post with ID: 9
FORUM: 2025/01/30 14:46:59 getPosts.go:161: Fetching comments for post ID: 9
FORUM: 2025/01/30 14:46:59 getPosts.go:168: Successfully fetched comments for post ID: 9, Comments: []
FORUM: 2025/01/30 14:46:59 getPosts.go:170: Appending post with ID: 9 to posts slice
FORUM: 2025/01/30 14:46:59 getPosts.go:151: Scanning row for post...
FORUM: 2025/01/30 14:46:59 getPosts.go:158: Successfully scanned post with ID: 8
FORUM: 2025/01/30 14:46:59 getPosts.go:161: Fetching comments for post ID: 8
FORUM: 2025/01/30 14:46:59 getPosts.go:168: Successfully fetched comments for post ID: 8, Comments: []
FORUM: 2025/01/30 14:46:59 getPosts.go:170: Appending post with ID: 8 to posts slice
FORUM: 2025/01/30 14:46:59 getPosts.go:151: Scanning row for post...
FORUM: 2025/01/30 14:46:59 getPosts.go:158: Successfully scanned post with ID: 7
FORUM: 2025/01/30 14:46:59 getPosts.go:161: Fetching comments for post ID: 7
FORUM: 2025/01/30 14:46:59 getPosts.go:168: Successfully fetched comments for post ID: 7, Comments: []
FORUM: 2025/01/30 14:46:59 getPosts.go:170: Appending post with ID: 7 to posts slice
FORUM: 2025/01/30 14:46:59 getPosts.go:151: Scanning row for post...
FORUM: 2025/01/30 14:46:59 getPosts.go:158: Successfully scanned post with ID: 6
FORUM: 2025/01/30 14:46:59 getPosts.go:161: Fetching comments for post ID: 6
FORUM: 2025/01/30 14:46:59 getPosts.go:168: Successfully fetched comments for post ID: 6, Comments: []
FORUM: 2025/01/30 14:46:59 getPosts.go:170: Appending post with ID: 6 to posts slice
FORUM: 2025/01/30 14:46:59 getPosts.go:151: Scanning row for post...
FORUM: 2025/01/30 14:46:59 getPosts.go:158: Successfully scanned post with ID: 5
FORUM: 2025/01/30 14:46:59 getPosts.go:161: Fetching comments for post ID: 5
FORUM: 2025/01/30 14:46:59 getPosts.go:168: Successfully fetched comments for post ID: 5, Comments: []
FORUM: 2025/01/30 14:46:59 getPosts.go:170: Appending post with ID: 5 to posts slice
FORUM: 2025/01/30 14:46:59 getPosts.go:180: Finished processing rows. Total posts fetched: 10
FORUM: 2025/01/30 14:46:59 getPosts.go:77: Number of posts returned: 10
FORUM: 2025/01/30 14:47:07 getPosts.go:23: Request URL Path: /api/posts/2
FORUM: 2025/01/30 14:47:07 getPosts.go:27: Requested Page: 2
FORUM: 2025/01/30 14:47:07 getPosts.go:55: Fetching posts for page 2
FORUM: 2025/01/30 14:47:07 getPosts.go:133: Executing query: SELECT username, id, title, content, Categories, created_at, likes, dislikes 
              FROM posts 
              ORDER BY created_at DESC 
              LIMIT ? OFFSET ? with limit 10 and offset 10
FORUM: 2025/01/30 14:47:07 getPosts.go:146: Starting to process rows...
FORUM: 2025/01/30 14:47:07 getPosts.go:151: Scanning row for post...
FORUM: 2025/01/30 14:47:07 getPosts.go:158: Successfully scanned post with ID: 4
FORUM: 2025/01/30 14:47:07 getPosts.go:161: Fetching comments for post ID: 4
FORUM: 2025/01/30 14:47:07 getPosts.go:168: Successfully fetched comments for post ID: 4, Comments: []
FORUM: 2025/01/30 14:47:07 getPosts.go:170: Appending post with ID: 4 to posts slice
FORUM: 2025/01/30 14:47:07 getPosts.go:151: Scanning row for post...
FORUM: 2025/01/30 14:47:07 getPosts.go:158: Successfully scanned post with ID: 3
FORUM: 2025/01/30 14:47:07 getPosts.go:161: Fetching comments for post ID: 3
FORUM: 2025/01/30 14:47:07 getPosts.go:168: Successfully fetched comments for post ID: 3, Comments: []
FORUM: 2025/01/30 14:47:07 getPosts.go:170: Appending post with ID: 3 to posts slice
FORUM: 2025/01/30 14:47:07 getPosts.go:151: Scanning row for post...
FORUM: 2025/01/30 14:47:07 getPosts.go:158: Successfully scanned post with ID: 2
FORUM: 2025/01/30 14:47:07 getPosts.go:161: Fetching comments for post ID: 2
FORUM: 2025/01/30 14:47:07 getPosts.go:168: Successfully fetched comments for post ID: 2, Comments: []
FORUM: 2025/01/30 14:47:07 getPosts.go:170: Appending post with ID: 2 to posts slice
FORUM: 2025/01/30 14:47:07 getPosts.go:151: Scanning row for post...
FORUM: 2025/01/30 14:47:07 getPosts.go:158: Successfully scanned post with ID: 1
FORUM: 2025/01/30 14:47:07 getPosts.go:161: Fetching comments for post ID: 1
FORUM: 2025/01/30 14:47:07 getPosts.go:168: Successfully fetched comments for post ID: 1, Comments: []
FORUM: 2025/01/30 14:47:07 getPosts.go:170: Appending post with ID: 1 to posts slice
FORUM: 2025/01/30 14:47:07 getPosts.go:180: Finished processing rows. Total posts fetched: 4
FORUM: 2025/01/30 14:47:07 getPosts.go:77: Number of posts returned: 4
FORUM: 2025/01/30 14:47:14 homeHandler.go:13: Handling request for Home page
FORUM: 2025/01/30 14:47:14 homeHandler.go:21: Checking for session token
FORUM: 2025/01/30 14:47:14 homeHandler.go:30: Session token found, verifying...
FORUM: 2025/01/30 14:47:14 session.go:38: SessionCheck: Session is valid for token: 0194b776-a8ed-702b-a2b5-6cb25afbcc53
FORUM: 2025/01/30 14:47:14 homeHandler.go:47: User is logged in: {true aaa false}
FORUM: 2025/01/30 14:47:14 homeHandler.go:48: User successfully logged in: aaa
FORUM: 2025/01/30 14:47:14 homeHandler.go:54: Setting cookie: session_token = 0194b776-a8ed-702b-a2b5-6cb25afbcc53
FORUM: 2025/01/30 14:47:14 getPosts.go:23: Request URL Path: /api/posts
FORUM: 2025/01/30 14:47:14 getPosts.go:55: Fetching posts for page 1
FORUM: 2025/01/30 14:47:14 getPosts.go:133: Executing query: SELECT username, id, title, content, Categories, created_at, likes, dislikes 
              FROM posts 
              ORDER BY created_at DESC 
              LIMIT ? OFFSET ? with limit 10 and offset 0
FORUM: 2025/01/30 14:47:14 getPosts.go:146: Starting to process rows...
FORUM: 2025/01/30 14:47:14 getPosts.go:151: Scanning row for post...
FORUM: 2025/01/30 14:47:14 getPosts.go:158: Successfully scanned post with ID: 14
FORUM: 2025/01/30 14:47:14 getPosts.go:161: Fetching comments for post ID: 14
FORUM: 2025/01/30 14:47:14 getPosts.go:168: Successfully fetched comments for post ID: 14, Comments: []
FORUM: 2025/01/30 14:47:14 getPosts.go:170: Appending post with ID: 14 to posts slice
FORUM: 2025/01/30 14:47:14 getPosts.go:151: Scanning row for post...
FORUM: 2025/01/30 14:47:14 getPosts.go:158: Successfully scanned post with ID: 13
FORUM: 2025/01/30 14:47:14 getPosts.go:161: Fetching comments for post ID: 13
FORUM: 2025/01/30 14:47:14 getPosts.go:168: Successfully fetched comments for post ID: 13, Comments: []
FORUM: 2025/01/30 14:47:14 getPosts.go:170: Appending post with ID: 13 to posts slice
FORUM: 2025/01/30 14:47:14 getPosts.go:151: Scanning row for post...
FORUM: 2025/01/30 14:47:14 getPosts.go:158: Successfully scanned post with ID: 12
FORUM: 2025/01/30 14:47:14 getPosts.go:161: Fetching comments for post ID: 12
FORUM: 2025/01/30 14:47:14 getPosts.go:168: Successfully fetched comments for post ID: 12, Comments: []
FORUM: 2025/01/30 14:47:14 getPosts.go:170: Appending post with ID: 12 to posts slice
FORUM: 2025/01/30 14:47:14 getPosts.go:151: Scanning row for post...
FORUM: 2025/01/30 14:47:14 getPosts.go:158: Successfully scanned post with ID: 11
FORUM: 2025/01/30 14:47:14 getPosts.go:161: Fetching comments for post ID: 11
FORUM: 2025/01/30 14:47:14 getPosts.go:168: Successfully fetched comments for post ID: 11, Comments: []
FORUM: 2025/01/30 14:47:14 getPosts.go:170: Appending post with ID: 11 to posts slice
FORUM: 2025/01/30 14:47:14 getPosts.go:151: Scanning row for post...
FORUM: 2025/01/30 14:47:14 getPosts.go:158: Successfully scanned post with ID: 10
FORUM: 2025/01/30 14:47:14 getPosts.go:161: Fetching comments for post ID: 10
FORUM: 2025/01/30 14:47:14 getPosts.go:168: Successfully fetched comments for post ID: 10, Comments: []
FORUM: 2025/01/30 14:47:14 getPosts.go:170: Appending post with ID: 10 to posts slice
FORUM: 2025/01/30 14:47:14 getPosts.go:151: Scanning row for post...
FORUM: 2025/01/30 14:47:14 getPosts.go:158: Successfully scanned post with ID: 9
FORUM: 2025/01/30 14:47:14 getPosts.go:161: Fetching comments for post ID: 9
FORUM: 2025/01/30 14:47:14 getPosts.go:168: Successfully fetched comments for post ID: 9, Comments: []
FORUM: 2025/01/30 14:47:14 getPosts.go:170: Appending post with ID: 9 to posts slice
FORUM: 2025/01/30 14:47:14 getPosts.go:151: Scanning row for post...
FORUM: 2025/01/30 14:47:14 getPosts.go:158: Successfully scanned post with ID: 8
FORUM: 2025/01/30 14:47:14 getPosts.go:161: Fetching comments for post ID: 8
FORUM: 2025/01/30 14:47:14 getPosts.go:168: Successfully fetched comments for post ID: 8, Comments: []
FORUM: 2025/01/30 14:47:14 getPosts.go:170: Appending post with ID: 8 to posts slice
FORUM: 2025/01/30 14:47:14 getPosts.go:151: Scanning row for post...
FORUM: 2025/01/30 14:47:14 getPosts.go:158: Successfully scanned post with ID: 7
FORUM: 2025/01/30 14:47:14 getPosts.go:161: Fetching comments for post ID: 7
FORUM: 2025/01/30 14:47:14 getPosts.go:168: Successfully fetched comments for post ID: 7, Comments: []
FORUM: 2025/01/30 14:47:14 getPosts.go:170: Appending post with ID: 7 to posts slice
FORUM: 2025/01/30 14:47:14 getPosts.go:151: Scanning row for post...
FORUM: 2025/01/30 14:47:14 getPosts.go:158: Successfully scanned post with ID: 6
FORUM: 2025/01/30 14:47:14 getPosts.go:161: Fetching comments for post ID: 6
FORUM: 2025/01/30 14:47:14 getPosts.go:168: Successfully fetched comments for post ID: 6, Comments: []
FORUM: 2025/01/30 14:47:14 getPosts.go:170: Appending post with ID: 6 to posts slice
FORUM: 2025/01/30 14:47:14 getPosts.go:151: Scanning row for post...
FORUM: 2025/01/30 14:47:14 getPosts.go:158: Successfully scanned post with ID: 5
FORUM: 2025/01/30 14:47:14 getPosts.go:161: Fetching comments for post ID: 5
FORUM: 2025/01/30 14:47:14 getPosts.go:168: Successfully fetched comments for post ID: 5, Comments: []
FORUM: 2025/01/30 14:47:14 getPosts.go:170: Appending post with ID: 5 to posts slice
FORUM: 2025/01/30 14:47:14 getPosts.go:180: Finished processing rows. Total posts fetched: 10
FORUM: 2025/01/30 14:47:14 getPosts.go:77: Number of posts returned: 10
FORUM: 2025/01/30 14:47:16 getPosts.go:23: Request URL Path: /api/posts/1/categories=General
FORUM: 2025/01/30 14:47:16 getPosts.go:27: Requested Page: 1
FORUM: 2025/01/30 14:47:16 getPosts.go:40: Categories found in URL: [General]
FORUM: 2025/01/30 14:47:16 getPosts.go:44: Fetching posts by categories: [General] for page 1
FORUM: 2025/01/30 14:47:16 getPosts.go:89: Category Found: General
FORUM: 2025/01/30 14:47:16 getPosts.go:110: Params:  [%General% 10 0]
FORUM: 2025/01/30 14:47:16 getPosts.go:112: Executing query: 
		SELECT username, id, title, content, Categories, created_at, likes, dislikes 
		FROM posts 
		WHERE Categories LIKE ?
		ORDER BY created_at DESC 
		LIMIT ? OFFSET ? with categories: [General], limit: 10, offset: 0
FORUM: 2025/01/30 14:47:16 getPosts.go:146: Starting to process rows...
FORUM: 2025/01/30 14:47:16 getPosts.go:151: Scanning row for post...
FORUM: 2025/01/30 14:47:16 getPosts.go:158: Successfully scanned post with ID: 7
FORUM: 2025/01/30 14:47:16 getPosts.go:161: Fetching comments for post ID: 7
FORUM: 2025/01/30 14:47:16 getPosts.go:168: Successfully fetched comments for post ID: 7, Comments: []
FORUM: 2025/01/30 14:47:16 getPosts.go:170: Appending post with ID: 7 to posts slice
FORUM: 2025/01/30 14:47:16 getPosts.go:151: Scanning row for post...
FORUM: 2025/01/30 14:47:16 getPosts.go:158: Successfully scanned post with ID: 2
FORUM: 2025/01/30 14:47:16 getPosts.go:161: Fetching comments for post ID: 2
FORUM: 2025/01/30 14:47:16 getPosts.go:168: Successfully fetched comments for post ID: 2, Comments: []
FORUM: 2025/01/30 14:47:16 getPosts.go:170: Appending post with ID: 2 to posts slice
FORUM: 2025/01/30 14:47:16 getPosts.go:180: Finished processing rows. Total posts fetched: 2
FORUM: 2025/01/30 14:47:16 getPosts.go:77: Number of posts returned: 2
FORUM: 2025/01/30 14:47:28 getPosts.go:23: Request URL Path: /api/posts/1
FORUM: 2025/01/30 14:47:28 getPosts.go:27: Requested Page: 1
FORUM: 2025/01/30 14:47:28 getPosts.go:55: Fetching posts for page 1
FORUM: 2025/01/30 14:47:28 getPosts.go:133: Executing query: SELECT username, id, title, content, Categories, created_at, likes, dislikes 
              FROM posts 
              ORDER BY created_at DESC 
              LIMIT ? OFFSET ? with limit 10 and offset 0
FORUM: 2025/01/30 14:47:28 getPosts.go:146: Starting to process rows...
FORUM: 2025/01/30 14:47:28 getPosts.go:151: Scanning row for post...
FORUM: 2025/01/30 14:47:28 getPosts.go:158: Successfully scanned post with ID: 14
FORUM: 2025/01/30 14:47:28 getPosts.go:161: Fetching comments for post ID: 14
FORUM: 2025/01/30 14:47:28 getPosts.go:168: Successfully fetched comments for post ID: 14, Comments: []
FORUM: 2025/01/30 14:47:28 getPosts.go:170: Appending post with ID: 14 to posts slice
FORUM: 2025/01/30 14:47:28 getPosts.go:151: Scanning row for post...
FORUM: 2025/01/30 14:47:28 getPosts.go:158: Successfully scanned post with ID: 13
FORUM: 2025/01/30 14:47:28 getPosts.go:161: Fetching comments for post ID: 13
FORUM: 2025/01/30 14:47:28 getPosts.go:168: Successfully fetched comments for post ID: 13, Comments: []
FORUM: 2025/01/30 14:47:28 getPosts.go:170: Appending post with ID: 13 to posts slice
FORUM: 2025/01/30 14:47:28 getPosts.go:151: Scanning row for post...
FORUM: 2025/01/30 14:47:28 getPosts.go:158: Successfully scanned post with ID: 12
FORUM: 2025/01/30 14:47:28 getPosts.go:161: Fetching comments for post ID: 12
FORUM: 2025/01/30 14:47:28 getPosts.go:168: Successfully fetched comments for post ID: 12, Comments: []
FORUM: 2025/01/30 14:47:28 getPosts.go:170: Appending post with ID: 12 to posts slice
FORUM: 2025/01/30 14:47:28 getPosts.go:151: Scanning row for post...
FORUM: 2025/01/30 14:47:28 getPosts.go:158: Successfully scanned post with ID: 11
FORUM: 2025/01/30 14:47:28 getPosts.go:161: Fetching comments for post ID: 11
FORUM: 2025/01/30 14:47:28 getPosts.go:168: Successfully fetched comments for post ID: 11, Comments: []
FORUM: 2025/01/30 14:47:28 getPosts.go:170: Appending post with ID: 11 to posts slice
FORUM: 2025/01/30 14:47:28 getPosts.go:151: Scanning row for post...
FORUM: 2025/01/30 14:47:28 getPosts.go:158: Successfully scanned post with ID: 10
FORUM: 2025/01/30 14:47:28 getPosts.go:161: Fetching comments for post ID: 10
FORUM: 2025/01/30 14:47:28 getPosts.go:168: Successfully fetched comments for post ID: 10, Comments: []
FORUM: 2025/01/30 14:47:28 getPosts.go:170: Appending post with ID: 10 to posts slice
FORUM: 2025/01/30 14:47:28 getPosts.go:151: Scanning row for post...
FORUM: 2025/01/30 14:47:28 getPosts.go:158: Successfully scanned post with ID: 9
FORUM: 2025/01/30 14:47:28 getPosts.go:161: Fetching comments for post ID: 9
FORUM: 2025/01/30 14:47:28 getPosts.go:168: Successfully fetched comments for post ID: 9, Comments: []
FORUM: 2025/01/30 14:47:28 getPosts.go:170: Appending post with ID: 9 to posts slice
FORUM: 2025/01/30 14:47:28 getPosts.go:151: Scanning row for post...
FORUM: 2025/01/30 14:47:28 getPosts.go:158: Successfully scanned post with ID: 8
FORUM: 2025/01/30 14:47:28 getPosts.go:161: Fetching comments for post ID: 8
FORUM: 2025/01/30 14:47:28 getPosts.go:168: Successfully fetched comments for post ID: 8, Comments: []
FORUM: 2025/01/30 14:47:28 getPosts.go:170: Appending post with ID: 8 to posts slice
FORUM: 2025/01/30 14:47:28 getPosts.go:151: Scanning row for post...
FORUM: 2025/01/30 14:47:28 getPosts.go:158: Successfully scanned post with ID: 7
FORUM: 2025/01/30 14:47:28 getPosts.go:161: Fetching comments for post ID: 7
FORUM: 2025/01/30 14:47:28 getPosts.go:168: Successfully fetched comments for post ID: 7, Comments: []
FORUM: 2025/01/30 14:47:28 getPosts.go:170: Appending post with ID: 7 to posts slice
FORUM: 2025/01/30 14:47:28 getPosts.go:151: Scanning row for post...
FORUM: 2025/01/30 14:47:28 getPosts.go:158: Successfully scanned post with ID: 6
FORUM: 2025/01/30 14:47:28 getPosts.go:161: Fetching comments for post ID: 6
FORUM: 2025/01/30 14:47:28 getPosts.go:168: Successfully fetched comments for post ID: 6, Comments: []
FORUM: 2025/01/30 14:47:28 getPosts.go:170: Appending post with ID: 6 to posts slice
FORUM: 2025/01/30 14:47:28 getPosts.go:151: Scanning row for post...
FORUM: 2025/01/30 14:47:28 getPosts.go:158: Successfully scanned post with ID: 5
FORUM: 2025/01/30 14:47:28 getPosts.go:161: Fetching comments for post ID: 5
FORUM: 2025/01/30 14:47:28 getPosts.go:168: Successfully fetched comments for post ID: 5, Comments: []
FORUM: 2025/01/30 14:47:28 getPosts.go:170: Appending post with ID: 5 to posts slice
FORUM: 2025/01/30 14:47:28 getPosts.go:180: Finished processing rows. Total posts fetched: 10
FORUM: 2025/01/30 14:47:28 getPosts.go:77: Number of posts returned: 10
